[0.227s] Invoking command in '/home/precag/Documents/ros2-ws/build/urg_c': CMAKE_PREFIX_PATH=/opt/ros/humble CONDA_PROMPT_MODIFIER=(base) /usr/bin/cmake /home/precag/Documents/ros2-ws/src/urg_c -DAMENT_CMAKE_SYMLINK_INSTALL=1 -DCMAKE_INSTALL_PREFIX=/home/precag/Documents/ros2-ws/install/urg_c
[0.251s] -- Found ament_cmake: 1.3.7 (/opt/ros/humble/share/ament_cmake/cmake)
[0.427s] -- Override CMake install command with custom implementation using symlinks instead of copying resources
[0.532s] -- Configuring done
[0.570s] -- Generating done
[0.577s] -- Build files have been written to: /home/precag/Documents/ros2-ws/build/urg_c
[0.581s] Invoked command in '/home/precag/Documents/ros2-ws/build/urg_c' returned '0': CMAKE_PREFIX_PATH=/opt/ros/humble CONDA_PROMPT_MODIFIER=(base) /usr/bin/cmake /home/precag/Documents/ros2-ws/src/urg_c -DAMENT_CMAKE_SYMLINK_INSTALL=1 -DCMAKE_INSTALL_PREFIX=/home/precag/Documents/ros2-ws/install/urg_c
[0.585s] Invoking command in '/home/precag/Documents/ros2-ws/build/urg_c': CMAKE_PREFIX_PATH=/opt/ros/humble CONDA_PROMPT_MODIFIER=(base) /usr/bin/cmake --build /home/precag/Documents/ros2-ws/build/urg_c -- -j8 -l8
[0.640s] [35m[1mConsolidate compiler generated dependencies of target urg_c[0m
[0.665s] [ 29%] Built target urg_c
[0.690s] [35m[1mConsolidate compiler generated dependencies of target open_urg_sensor[0m
[0.737s] [ 35%] Built target open_urg_sensor
[0.760s] [35m[1mConsolidate compiler generated dependencies of target calculate_xy[0m
[0.762s] [35m[1mConsolidate compiler generated dependencies of target get_distance[0m
[0.762s] [35m[1mConsolidate compiler generated dependencies of target get_distance_intensity[0m
[0.768s] [35m[1mConsolidate compiler generated dependencies of target find_port[0m
[0.776s] [35m[1mConsolidate compiler generated dependencies of target get_multiecho[0m
[0.777s] [35m[1mConsolidate compiler generated dependencies of target get_multiecho_intensity[0m
[0.783s] [35m[1mConsolidate compiler generated dependencies of target reboot_test[0m
[0.790s] [35m[1mConsolidate compiler generated dependencies of target angle_convert_test[0m
[0.817s] [ 41%] Built target find_port
[0.818s] [ 47%] Built target calculate_xy
[0.821s] [ 52%] Built target get_distance
[0.822s] [ 58%] Built target get_distance_intensity
[0.829s] [ 64%] Built target get_multiecho
[0.833s] [ 76%] Built target angle_convert_test
[0.833s] [ 76%] Built target get_multiecho_intensity
[0.840s] [ 82%] Built target reboot_test
[0.845s] [35m[1mConsolidate compiler generated dependencies of target sensor_parameter[0m
[0.845s] [35m[1mConsolidate compiler generated dependencies of target sync_time_stamp[0m
[0.850s] [35m[1mConsolidate compiler generated dependencies of target timeout_test[0m
[0.859s] [ 88%] Built target sensor_parameter
[0.859s] [ 94%] Built target sync_time_stamp
[0.864s] [100%] Built target timeout_test
[0.924s] Invoked command in '/home/precag/Documents/ros2-ws/build/urg_c' returned '0': CMAKE_PREFIX_PATH=/opt/ros/humble CONDA_PROMPT_MODIFIER=(base) /usr/bin/cmake --build /home/precag/Documents/ros2-ws/build/urg_c -- -j8 -l8
[1.097s] Invoking command in '/home/precag/Documents/ros2-ws/build/urg_c': CMAKE_PREFIX_PATH=/opt/ros/humble CONDA_PROMPT_MODIFIER=(base) /usr/bin/cmake --install /home/precag/Documents/ros2-ws/build/urg_c
[1.108s] -- Install configuration: ""
[1.108s] -- Execute custom install script
[1.109s] -- Up-to-date symlink: /home/precag/Documents/ros2-ws/install/urg_c/lib/liburg_c.so
[1.109s] -- Up-to-date symlink: /home/precag/Documents/ros2-ws/install/urg_c/lib/libopen_urg_sensor.a
[1.110s] -- Up-to-date symlink: /home/precag/Documents/ros2-ws/install/urg_c/bin/angle_convert_test
[1.110s] -- Up-to-date symlink: /home/precag/Documents/ros2-ws/install/urg_c/bin/calculate_xy
[1.110s] -- Up-to-date symlink: /home/precag/Documents/ros2-ws/install/urg_c/bin/find_port
[1.111s] -- Up-to-date symlink: /home/precag/Documents/ros2-ws/install/urg_c/bin/get_distance
[1.111s] -- Up-to-date symlink: /home/precag/Documents/ros2-ws/install/urg_c/bin/get_distance_intensity
[1.111s] -- Up-to-date symlink: /home/precag/Documents/ros2-ws/install/urg_c/bin/get_multiecho
[1.113s] -- Up-to-date symlink: /home/precag/Documents/ros2-ws/install/urg_c/bin/get_multiecho_intensity
[1.113s] -- Up-to-date symlink: /home/precag/Documents/ros2-ws/install/urg_c/bin/reboot_test
[1.113s] -- Up-to-date symlink: /home/precag/Documents/ros2-ws/install/urg_c/bin/sensor_parameter
[1.114s] -- Up-to-date symlink: /home/precag/Documents/ros2-ws/install/urg_c/bin/sync_time_stamp
[1.114s] -- Up-to-date symlink: /home/precag/Documents/ros2-ws/install/urg_c/bin/timeout_test
[1.116s] -- Up-to-date symlink: /home/precag/Documents/ros2-ws/install/urg_c/include/urg_c/urg_connection.h
[1.116s] -- Up-to-date symlink: /home/precag/Documents/ros2-ws/install/urg_c/include/urg_c/urg_debug.h
[1.116s] -- Up-to-date symlink: /home/precag/Documents/ros2-ws/install/urg_c/include/urg_c/urg_detect_os.h
[1.117s] -- Up-to-date symlink: /home/precag/Documents/ros2-ws/install/urg_c/include/urg_c/urg_errno.h
[1.117s] -- Up-to-date symlink: /home/precag/Documents/ros2-ws/install/urg_c/include/urg_c/urg_ring_buffer.h
[1.117s] -- Up-to-date symlink: /home/precag/Documents/ros2-ws/install/urg_c/include/urg_c/urg_sensor.h
[1.120s] -- Up-to-date symlink: /home/precag/Documents/ros2-ws/install/urg_c/include/urg_c/urg_serial.h
[1.120s] -- Up-to-date symlink: /home/precag/Documents/ros2-ws/install/urg_c/include/urg_c/urg_serial_utils.h
[1.121s] -- Up-to-date symlink: /home/precag/Documents/ros2-ws/install/urg_c/include/urg_c/urg_tcpclient.h
[1.121s] -- Up-to-date symlink: /home/precag/Documents/ros2-ws/install/urg_c/include/urg_c/urg_time.h
[1.122s] -- Up-to-date symlink: /home/precag/Documents/ros2-ws/install/urg_c/include/urg_c/urg_utils.h
[1.122s] -- Up-to-date symlink: /home/precag/Documents/ros2-ws/install/urg_c/share/urg_c/environment/library_path.sh
[1.123s] -- Up-to-date symlink: /home/precag/Documents/ros2-ws/install/urg_c/share/urg_c/environment/library_path.dsv
[1.123s] -- Up-to-date symlink: /home/precag/Documents/ros2-ws/install/urg_c/share/ament_index/resource_index/package_run_dependencies/urg_c
[1.124s] -- Up-to-date symlink: /home/precag/Documents/ros2-ws/install/urg_c/share/ament_index/resource_index/parent_prefix_path/urg_c
[1.124s] -- Up-to-date symlink: /home/precag/Documents/ros2-ws/install/urg_c/share/urg_c/environment/ament_prefix_path.sh
[1.124s] -- Up-to-date symlink: /home/precag/Documents/ros2-ws/install/urg_c/share/urg_c/environment/ament_prefix_path.dsv
[1.125s] -- Up-to-date symlink: /home/precag/Documents/ros2-ws/install/urg_c/share/urg_c/environment/path.sh
[1.126s] -- Up-to-date symlink: /home/precag/Documents/ros2-ws/install/urg_c/share/urg_c/environment/path.dsv
[1.126s] -- Up-to-date symlink: /home/precag/Documents/ros2-ws/install/urg_c/share/urg_c/local_setup.bash
[1.127s] -- Up-to-date symlink: /home/precag/Documents/ros2-ws/install/urg_c/share/urg_c/local_setup.sh
[1.128s] -- Up-to-date symlink: /home/precag/Documents/ros2-ws/install/urg_c/share/urg_c/local_setup.zsh
[1.128s] -- Up-to-date symlink: /home/precag/Documents/ros2-ws/install/urg_c/share/urg_c/local_setup.dsv
[1.128s] -- Symlinking: /home/precag/Documents/ros2-ws/install/urg_c/share/urg_c/package.dsv
[1.142s] -- Up-to-date symlink: /home/precag/Documents/ros2-ws/install/urg_c/share/ament_index/resource_index/packages/urg_c
[1.143s] -- Up-to-date symlink: /home/precag/Documents/ros2-ws/install/urg_c/share/urg_c/cmake/ament_cmake_export_include_directories-extras.cmake
[1.143s] -- Up-to-date symlink: /home/precag/Documents/ros2-ws/install/urg_c/share/urg_c/cmake/ament_cmake_export_libraries-extras.cmake
[1.144s] -- Up-to-date symlink: /home/precag/Documents/ros2-ws/install/urg_c/share/urg_c/cmake/urg_cConfig.cmake
[1.144s] -- Up-to-date symlink: /home/precag/Documents/ros2-ws/install/urg_c/share/urg_c/cmake/urg_cConfig-version.cmake
[1.144s] -- Up-to-date symlink: /home/precag/Documents/ros2-ws/install/urg_c/share/urg_c/package.xml
[1.148s] Invoked command in '/home/precag/Documents/ros2-ws/build/urg_c' returned '0': CMAKE_PREFIX_PATH=/opt/ros/humble CONDA_PROMPT_MODIFIER=(base) /usr/bin/cmake --install /home/precag/Documents/ros2-ws/build/urg_c
