-- The C compiler identification is GNU 11.4.0
-- The CXX compiler identification is GNU 11.4.0
-- Detecting C compiler ABI info
-- Detecting C compiler ABI info - done
-- Check for working C compiler: /usr/bin/cc - skipped
-- Detecting C compile features
-- Detecting C compile features - done
-- Detecting CXX compiler ABI info
-- Detecting CXX compiler ABI info - done
-- Check for working CXX compiler: /usr/bin/c++ - skipped
-- Detecting CXX compile features
-- Detecting CXX compile features - done
-- Found ament_cmake: 1.3.7 (/opt/ros/humble/share/ament_cmake/cmake)
-- Found Python3: /usr/bin/python3.10 (found version "3.10.12") found components: Interpreter 
-- Override CMake install command with custom implementation using symlinks instead of copying resources
-- Found class_loader: 2.2.0 (/opt/ros/humble/share/class_loader/cmake)
-- Found rclcpp: 16.0.8 (/opt/ros/humble/share/rclcpp/cmake)
-- Found rosidl_generator_c: 3.1.5 (/opt/ros/humble/share/rosidl_generator_c/cmake)
-- Found rosidl_adapter: 3.1.5 (/opt/ros/humble/share/rosidl_adapter/cmake)
-- Found rosidl_generator_cpp: 3.1.5 (/opt/ros/humble/share/rosidl_generator_cpp/cmake)
-- Using all available rosidl_typesupport_c: rosidl_typesupport_fastrtps_c;rosidl_typesupport_introspection_c
-- Using all available rosidl_typesupport_cpp: rosidl_typesupport_fastrtps_cpp;rosidl_typesupport_introspection_cpp
-- Found rmw_implementation_cmake: 6.1.1 (/opt/ros/humble/share/rmw_implementation_cmake/cmake)
-- Found rmw_fastrtps_cpp: 6.2.6 (/opt/ros/humble/share/rmw_fastrtps_cpp/cmake)
-- Found OpenSSL: /usr/lib/x86_64-linux-gnu/libcrypto.so (found version "3.0.2")  
-- Found FastRTPS: /opt/ros/humble/include  
-- Using RMW implementation 'rmw_fastrtps_cpp' as default
-- Looking for pthread.h
-- Looking for pthread.h - found
-- Performing Test CMAKE_HAVE_LIBC_PTHREAD
-- Performing Test CMAKE_HAVE_LIBC_PTHREAD - Success
-- Found Threads: TRUE  
-- Found rclcpp_components: 16.0.8 (/opt/ros/humble/share/rclcpp_components/cmake)
-- Found sensor_msgs: 4.2.3 (/opt/ros/humble/share/sensor_msgs/cmake)
-- Found ament_lint_auto: 0.12.10 (/opt/ros/humble/share/ament_lint_auto/cmake)
-- Added test 'cppcheck' to perform static code analysis on C / C++ code
-- Configured cppcheck include dirs: $<BUILD_INTERFACE:/home/precag/Documents/ros2-ws/src/laser_proc/include>
-- Configured cppcheck exclude dirs and/or files: 
-- Added test 'cpplint' to check C / C++ code against the Google style
-- Configured cpplint exclude dirs and/or files: 
-- Added test 'lint_cmake' to check CMake code style
-- Added test 'uncrustify' to check C / C++ code style
-- Configured uncrustify additional arguments: 
-- Added test 'xmllint' to check XML markup files
-- Configuring done
-- Generating done
-- Build files have been written to: /home/precag/Documents/ros2-ws/build/laser_proc
[ 14%] [32mBuilding CXX object CMakeFiles/laser_proc_node.dir/rclcpp_components/node_main_laser_proc_node.cpp.o[0m
[ 28%] [32mBuilding CXX object CMakeFiles/laser_proc.dir/src/laser_proc.cpp.o[0m
[ 42%] [32mBuilding CXX object CMakeFiles/laser_proc.dir/src/laser_publisher.cpp.o[0m
[ 57%] [32m[1mLinking CXX executable laser_proc_node[0m
[ 57%] Built target laser_proc_node
[ 71%] [32m[1mLinking CXX shared library liblaser_proc.so[0m
[ 71%] Built target laser_proc
[ 85%] [32mBuilding CXX object CMakeFiles/laser_proc_component.dir/src/laser_proc_component.cpp.o[0m
[100%] [32m[1mLinking CXX shared library liblaser_proc_component.so[0m
[100%] Built target laser_proc_component
-- Install configuration: ""
-- Execute custom install script
-- Symlinking: /home/precag/Documents/ros2-ws/install/laser_proc/lib/laser_proc/laser_proc_node
-- Symlinking: /home/precag/Documents/ros2-ws/install/laser_proc/lib/liblaser_proc.so
-- Symlinking: /home/precag/Documents/ros2-ws/install/laser_proc/lib/liblaser_proc_component.so
-- Symlinking: /home/precag/Documents/ros2-ws/install/laser_proc/include/laser_proc/laser_proc.hpp
-- Symlinking: /home/precag/Documents/ros2-ws/install/laser_proc/include/laser_proc/laser_proc_component.hpp
-- Symlinking: /home/precag/Documents/ros2-ws/install/laser_proc/include/laser_proc/laser_publisher.hpp
-- Symlinking: /home/precag/Documents/ros2-ws/install/laser_proc/include/laser_proc/visibility_control.hpp
-- Symlinking: /home/precag/Documents/ros2-ws/install/laser_proc/share/laser_proc/environment/library_path.sh
-- Symlinking: /home/precag/Documents/ros2-ws/install/laser_proc/share/laser_proc/environment/library_path.dsv
-- Symlinking: /home/precag/Documents/ros2-ws/install/laser_proc/share/ament_index/resource_index/package_run_dependencies/laser_proc
-- Symlinking: /home/precag/Documents/ros2-ws/install/laser_proc/share/ament_index/resource_index/parent_prefix_path/laser_proc
-- Symlinking: /home/precag/Documents/ros2-ws/install/laser_proc/share/laser_proc/environment/ament_prefix_path.sh
-- Symlinking: /home/precag/Documents/ros2-ws/install/laser_proc/share/laser_proc/environment/ament_prefix_path.dsv
-- Symlinking: /home/precag/Documents/ros2-ws/install/laser_proc/share/laser_proc/environment/path.sh
-- Symlinking: /home/precag/Documents/ros2-ws/install/laser_proc/share/laser_proc/environment/path.dsv
-- Symlinking: /home/precag/Documents/ros2-ws/install/laser_proc/share/laser_proc/local_setup.bash
-- Symlinking: /home/precag/Documents/ros2-ws/install/laser_proc/share/laser_proc/local_setup.sh
-- Symlinking: /home/precag/Documents/ros2-ws/install/laser_proc/share/laser_proc/local_setup.zsh
-- Symlinking: /home/precag/Documents/ros2-ws/install/laser_proc/share/laser_proc/local_setup.dsv
-- Symlinking: /home/precag/Documents/ros2-ws/install/laser_proc/share/laser_proc/package.dsv
-- Symlinking: /home/precag/Documents/ros2-ws/install/laser_proc/share/ament_index/resource_index/packages/laser_proc
-- Symlinking: /home/precag/Documents/ros2-ws/install/laser_proc/share/ament_index/resource_index/rclcpp_components/laser_proc
-- Symlinking: /home/precag/Documents/ros2-ws/install/laser_proc/share/laser_proc/cmake/ament_cmake_export_dependencies-extras.cmake
-- Symlinking: /home/precag/Documents/ros2-ws/install/laser_proc/share/laser_proc/cmake/ament_cmake_export_include_directories-extras.cmake
-- Symlinking: /home/precag/Documents/ros2-ws/install/laser_proc/share/laser_proc/cmake/ament_cmake_export_libraries-extras.cmake
-- Symlinking: /home/precag/Documents/ros2-ws/install/laser_proc/share/laser_proc/cmake/laser_procConfig.cmake
-- Symlinking: /home/precag/Documents/ros2-ws/install/laser_proc/share/laser_proc/cmake/laser_procConfig-version.cmake
-- Symlinking: /home/precag/Documents/ros2-ws/install/laser_proc/share/laser_proc/package.xml
