[0.159s] Invoking command in '/home/precag/Documents/ros2-ws/build/urg_node_msgs': CMAKE_PREFIX_PATH=${CMAKE_PREFIX_PATH}:/opt/ros/humble CONDA_PROMPT_MODIFIER=(base) /usr/bin/cmake --build /home/precag/Documents/ros2-ws/build/urg_node_msgs -- -j8 -l8
[0.231s] [  3%] Built target urg_node_msgs__cpp
[0.231s] [ 12%] Built target urg_node_msgs__rosidl_generator_c
[0.247s] [ 12%] Built target ament_cmake_python_symlink_urg_node_msgs
[0.272s] [ 22%] Built target urg_node_msgs__rosidl_typesupport_introspection_c
[0.274s] [ 32%] Built target urg_node_msgs__rosidl_typesupport_fastrtps_cpp
[0.275s] [ 41%] Built target urg_node_msgs__rosidl_typesupport_cpp
[0.284s] [ 51%] Built target urg_node_msgs__rosidl_typesupport_fastrtps_c
[0.284s] [ 61%] Built target urg_node_msgs__rosidl_typesupport_c
[0.288s] [ 70%] Built target urg_node_msgs__rosidl_typesupport_introspection_cpp
[0.341s] [ 70%] Built target urg_node_msgs
[0.389s] [ 74%] Built target urg_node_msgs__py
[0.422s] [ 80%] Built target urg_node_msgs__rosidl_generator_py
[0.457s] [ 87%] Built target urg_node_msgs__rosidl_typesupport_fastrtps_c__pyext
[0.464s] [ 93%] Built target urg_node_msgs__rosidl_typesupport_c__pyext
[0.467s] [100%] Built target urg_node_msgs__rosidl_typesupport_introspection_c__pyext
[0.629s] running egg_info
[0.631s] writing urg_node_msgs.egg-info/PKG-INFO
[0.631s] writing dependency_links to urg_node_msgs.egg-info/dependency_links.txt
[0.631s] writing top-level names to urg_node_msgs.egg-info/top_level.txt
[0.636s] reading manifest file 'urg_node_msgs.egg-info/SOURCES.txt'
[0.638s] writing manifest file 'urg_node_msgs.egg-info/SOURCES.txt'
[0.709s] [100%] Built target ament_cmake_python_build_urg_node_msgs_egg
[0.937s] Invoked command in '/home/precag/Documents/ros2-ws/build/urg_node_msgs' returned '0': CMAKE_PREFIX_PATH=${CMAKE_PREFIX_PATH}:/opt/ros/humble CONDA_PROMPT_MODIFIER=(base) /usr/bin/cmake --build /home/precag/Documents/ros2-ws/build/urg_node_msgs -- -j8 -l8
[1.104s] Invoking command in '/home/precag/Documents/ros2-ws/build/urg_node_msgs': CMAKE_PREFIX_PATH=${CMAKE_PREFIX_PATH}:/opt/ros/humble CONDA_PROMPT_MODIFIER=(base) /usr/bin/cmake --install /home/precag/Documents/ros2-ws/build/urg_node_msgs
[1.112s] -- Install configuration: ""
[1.112s] -- Execute custom install script
[1.112s] -- Up-to-date symlink: /home/precag/Documents/ros2-ws/install/urg_node_msgs/share/ament_index/resource_index/rosidl_interfaces/urg_node_msgs
[1.113s] -- Up-to-date symlink: /home/precag/Documents/ros2-ws/install/urg_node_msgs/include/urg_node_msgs/urg_node_msgs/msg/detail/status__functions.h
[1.113s] -- Up-to-date symlink: /home/precag/Documents/ros2-ws/install/urg_node_msgs/include/urg_node_msgs/urg_node_msgs/msg/detail/status__struct.h
[1.113s] -- Up-to-date symlink: /home/precag/Documents/ros2-ws/install/urg_node_msgs/include/urg_node_msgs/urg_node_msgs/msg/detail/status__type_support.h
[1.113s] -- Up-to-date symlink: /home/precag/Documents/ros2-ws/install/urg_node_msgs/include/urg_node_msgs/urg_node_msgs/msg/rosidl_generator_c__visibility_control.h
[1.113s] -- Up-to-date symlink: /home/precag/Documents/ros2-ws/install/urg_node_msgs/include/urg_node_msgs/urg_node_msgs/msg/status.h
[1.113s] -- Up-to-date symlink: /home/precag/Documents/ros2-ws/install/urg_node_msgs/share/urg_node_msgs/environment/library_path.sh
[1.114s] -- Up-to-date symlink: /home/precag/Documents/ros2-ws/install/urg_node_msgs/share/urg_node_msgs/environment/library_path.dsv
[1.114s] -- Up-to-date symlink: /home/precag/Documents/ros2-ws/install/urg_node_msgs/include/urg_node_msgs/urg_node_msgs/msg/detail/status__rosidl_typesupport_fastrtps_c.h
[1.114s] -- Up-to-date symlink: /home/precag/Documents/ros2-ws/install/urg_node_msgs/include/urg_node_msgs/urg_node_msgs/msg/rosidl_typesupport_fastrtps_c__visibility_control.h
[1.114s] -- Up-to-date symlink: /home/precag/Documents/ros2-ws/install/urg_node_msgs/include/urg_node_msgs/urg_node_msgs/msg/detail/status__builder.hpp
[1.115s] -- Up-to-date symlink: /home/precag/Documents/ros2-ws/install/urg_node_msgs/include/urg_node_msgs/urg_node_msgs/msg/detail/status__struct.hpp
[1.115s] -- Up-to-date symlink: /home/precag/Documents/ros2-ws/install/urg_node_msgs/include/urg_node_msgs/urg_node_msgs/msg/detail/status__traits.hpp
[1.115s] -- Up-to-date symlink: /home/precag/Documents/ros2-ws/install/urg_node_msgs/include/urg_node_msgs/urg_node_msgs/msg/status.hpp
[1.115s] -- Up-to-date symlink: /home/precag/Documents/ros2-ws/install/urg_node_msgs/include/urg_node_msgs/urg_node_msgs/msg/detail/status__rosidl_typesupport_fastrtps_cpp.hpp
[1.115s] -- Up-to-date symlink: /home/precag/Documents/ros2-ws/install/urg_node_msgs/include/urg_node_msgs/urg_node_msgs/msg/rosidl_typesupport_fastrtps_cpp__visibility_control.h
[1.116s] -- Up-to-date symlink: /home/precag/Documents/ros2-ws/install/urg_node_msgs/include/urg_node_msgs/urg_node_msgs/msg/detail/status__rosidl_typesupport_introspection_c.h
[1.116s] -- Up-to-date symlink: /home/precag/Documents/ros2-ws/install/urg_node_msgs/include/urg_node_msgs/urg_node_msgs/msg/rosidl_typesupport_introspection_c__visibility_control.h
[1.116s] -- Up-to-date symlink: /home/precag/Documents/ros2-ws/install/urg_node_msgs/include/urg_node_msgs/urg_node_msgs/msg/detail/status__rosidl_typesupport_introspection_cpp.hpp
[1.116s] -- Up-to-date symlink: /home/precag/Documents/ros2-ws/install/urg_node_msgs/share/urg_node_msgs/environment/pythonpath.sh
[1.116s] -- Up-to-date symlink: /home/precag/Documents/ros2-ws/install/urg_node_msgs/share/urg_node_msgs/environment/pythonpath.dsv
[1.117s] -- Up-to-date symlink: /home/precag/Documents/ros2-ws/install/urg_node_msgs/local/lib/python3.10/dist-packages/urg_node_msgs-1.0.1-py3.10.egg-info/PKG-INFO
[1.117s] -- Up-to-date symlink: /home/precag/Documents/ros2-ws/install/urg_node_msgs/local/lib/python3.10/dist-packages/urg_node_msgs-1.0.1-py3.10.egg-info/SOURCES.txt
[1.117s] -- Up-to-date symlink: /home/precag/Documents/ros2-ws/install/urg_node_msgs/local/lib/python3.10/dist-packages/urg_node_msgs-1.0.1-py3.10.egg-info/dependency_links.txt
[1.117s] -- Up-to-date symlink: /home/precag/Documents/ros2-ws/install/urg_node_msgs/local/lib/python3.10/dist-packages/urg_node_msgs-1.0.1-py3.10.egg-info/top_level.txt
[1.118s] -- Up-to-date symlink: /home/precag/Documents/ros2-ws/install/urg_node_msgs/local/lib/python3.10/dist-packages/urg_node_msgs/__init__.py
[1.118s] -- Up-to-date symlink: /home/precag/Documents/ros2-ws/install/urg_node_msgs/local/lib/python3.10/dist-packages/urg_node_msgs/_urg_node_msgs_s.ep.rosidl_typesupport_c.c
[1.118s] -- Up-to-date symlink: /home/precag/Documents/ros2-ws/install/urg_node_msgs/local/lib/python3.10/dist-packages/urg_node_msgs/_urg_node_msgs_s.ep.rosidl_typesupport_fastrtps_c.c
[1.118s] -- Up-to-date symlink: /home/precag/Documents/ros2-ws/install/urg_node_msgs/local/lib/python3.10/dist-packages/urg_node_msgs/_urg_node_msgs_s.ep.rosidl_typesupport_introspection_c.c
[1.118s] -- Up-to-date symlink: /home/precag/Documents/ros2-ws/install/urg_node_msgs/local/lib/python3.10/dist-packages/urg_node_msgs/liburg_node_msgs__rosidl_generator_py.so
[1.118s] -- Up-to-date symlink: /home/precag/Documents/ros2-ws/install/urg_node_msgs/local/lib/python3.10/dist-packages/urg_node_msgs/msg/__init__.py
[1.118s] -- Up-to-date symlink: /home/precag/Documents/ros2-ws/install/urg_node_msgs/local/lib/python3.10/dist-packages/urg_node_msgs/msg/_status.py
[1.118s] -- Up-to-date symlink: /home/precag/Documents/ros2-ws/install/urg_node_msgs/local/lib/python3.10/dist-packages/urg_node_msgs/msg/_status_s.c
[1.119s] -- Up-to-date symlink: /home/precag/Documents/ros2-ws/install/urg_node_msgs/local/lib/python3.10/dist-packages/urg_node_msgs/urg_node_msgs_s__rosidl_typesupport_c.cpython-39-x86_64-linux-gnu.so
[1.119s] -- Up-to-date symlink: /home/precag/Documents/ros2-ws/install/urg_node_msgs/local/lib/python3.10/dist-packages/urg_node_msgs/urg_node_msgs_s__rosidl_typesupport_fastrtps_c.cpython-39-x86_64-linux-gnu.so
[1.119s] -- Up-to-date symlink: /home/precag/Documents/ros2-ws/install/urg_node_msgs/local/lib/python3.10/dist-packages/urg_node_msgs/urg_node_msgs_s__rosidl_typesupport_introspection_c.cpython-39-x86_64-linux-gnu.so
[1.119s] -- Up-to-date symlink: /home/precag/Documents/ros2-ws/install/urg_node_msgs/local/lib/python3.10/dist-packages/urg_node_msgs/urg_node_msgs_s__rosidl_typesupport_fastrtps_c.cpython-39-x86_64-linux-gnu.so
[1.119s] -- Up-to-date symlink: /home/precag/Documents/ros2-ws/install/urg_node_msgs/local/lib/python3.10/dist-packages/urg_node_msgs/urg_node_msgs_s__rosidl_typesupport_introspection_c.cpython-39-x86_64-linux-gnu.so
[1.119s] -- Up-to-date symlink: /home/precag/Documents/ros2-ws/install/urg_node_msgs/local/lib/python3.10/dist-packages/urg_node_msgs/urg_node_msgs_s__rosidl_typesupport_c.cpython-39-x86_64-linux-gnu.so
[1.120s] -- Up-to-date symlink: /home/precag/Documents/ros2-ws/install/urg_node_msgs/share/urg_node_msgs/msg/Status.idl
[1.120s] -- Up-to-date symlink: /home/precag/Documents/ros2-ws/install/urg_node_msgs/share/urg_node_msgs/msg/Status.msg
[1.120s] -- Up-to-date symlink: /home/precag/Documents/ros2-ws/install/urg_node_msgs/share/urg_node_msgs/mapping_rules.yaml
[1.120s] -- Up-to-date symlink: /home/precag/Documents/ros2-ws/install/urg_node_msgs/share/ament_index/resource_index/package_run_dependencies/urg_node_msgs
[1.120s] -- Up-to-date symlink: /home/precag/Documents/ros2-ws/install/urg_node_msgs/share/ament_index/resource_index/parent_prefix_path/urg_node_msgs
[1.120s] -- Up-to-date symlink: /home/precag/Documents/ros2-ws/install/urg_node_msgs/share/urg_node_msgs/environment/ament_prefix_path.sh
[1.121s] -- Up-to-date symlink: /home/precag/Documents/ros2-ws/install/urg_node_msgs/share/urg_node_msgs/environment/ament_prefix_path.dsv
[1.121s] -- Up-to-date symlink: /home/precag/Documents/ros2-ws/install/urg_node_msgs/share/urg_node_msgs/environment/path.sh
[1.121s] -- Up-to-date symlink: /home/precag/Documents/ros2-ws/install/urg_node_msgs/share/urg_node_msgs/environment/path.dsv
[1.121s] -- Up-to-date symlink: /home/precag/Documents/ros2-ws/install/urg_node_msgs/share/urg_node_msgs/local_setup.bash
[1.121s] -- Up-to-date symlink: /home/precag/Documents/ros2-ws/install/urg_node_msgs/share/urg_node_msgs/local_setup.sh
[1.121s] -- Up-to-date symlink: /home/precag/Documents/ros2-ws/install/urg_node_msgs/share/urg_node_msgs/local_setup.zsh
[1.122s] -- Up-to-date symlink: /home/precag/Documents/ros2-ws/install/urg_node_msgs/share/urg_node_msgs/local_setup.dsv
[1.122s] -- Symlinking: /home/precag/Documents/ros2-ws/install/urg_node_msgs/share/urg_node_msgs/package.dsv
[1.132s] -- Up-to-date symlink: /home/precag/Documents/ros2-ws/install/urg_node_msgs/share/ament_index/resource_index/packages/urg_node_msgs
[1.132s] -- Up-to-date symlink: /home/precag/Documents/ros2-ws/install/urg_node_msgs/share/urg_node_msgs/cmake/rosidl_cmake-extras.cmake
[1.132s] -- Up-to-date symlink: /home/precag/Documents/ros2-ws/install/urg_node_msgs/share/urg_node_msgs/cmake/ament_cmake_export_dependencies-extras.cmake
[1.133s] -- Up-to-date symlink: /home/precag/Documents/ros2-ws/install/urg_node_msgs/share/urg_node_msgs/cmake/ament_cmake_export_include_directories-extras.cmake
[1.133s] -- Up-to-date symlink: /home/precag/Documents/ros2-ws/install/urg_node_msgs/share/urg_node_msgs/cmake/ament_cmake_export_libraries-extras.cmake
[1.133s] -- Up-to-date symlink: /home/precag/Documents/ros2-ws/install/urg_node_msgs/share/urg_node_msgs/cmake/ament_cmake_export_targets-extras.cmake
[1.133s] -- Up-to-date symlink: /home/precag/Documents/ros2-ws/install/urg_node_msgs/share/urg_node_msgs/cmake/rosidl_cmake_export_typesupport_targets-extras.cmake
[1.134s] -- Up-to-date symlink: /home/precag/Documents/ros2-ws/install/urg_node_msgs/share/urg_node_msgs/cmake/rosidl_cmake_export_typesupport_libraries-extras.cmake
[1.134s] -- Up-to-date symlink: /home/precag/Documents/ros2-ws/install/urg_node_msgs/share/urg_node_msgs/cmake/urg_node_msgsConfig.cmake
[1.134s] -- Up-to-date symlink: /home/precag/Documents/ros2-ws/install/urg_node_msgs/share/urg_node_msgs/cmake/urg_node_msgsConfig-version.cmake
[1.135s] -- Up-to-date symlink: /home/precag/Documents/ros2-ws/install/urg_node_msgs/share/urg_node_msgs/package.xml
[1.135s] -- Up-to-date: /home/precag/Documents/ros2-ws/install/urg_node_msgs/lib/liburg_node_msgs__rosidl_generator_c.so
[1.135s] -- Up-to-date: /home/precag/Documents/ros2-ws/install/urg_node_msgs/lib/liburg_node_msgs__rosidl_typesupport_fastrtps_c.so
[1.136s] -- Up-to-date: /home/precag/Documents/ros2-ws/install/urg_node_msgs/lib/liburg_node_msgs__rosidl_typesupport_fastrtps_cpp.so
[1.136s] -- Up-to-date: /home/precag/Documents/ros2-ws/install/urg_node_msgs/lib/liburg_node_msgs__rosidl_typesupport_introspection_c.so
[1.137s] -- Up-to-date: /home/precag/Documents/ros2-ws/install/urg_node_msgs/lib/liburg_node_msgs__rosidl_typesupport_c.so
[1.137s] -- Up-to-date: /home/precag/Documents/ros2-ws/install/urg_node_msgs/lib/liburg_node_msgs__rosidl_typesupport_introspection_cpp.so
[1.138s] -- Up-to-date: /home/precag/Documents/ros2-ws/install/urg_node_msgs/lib/liburg_node_msgs__rosidl_typesupport_cpp.so
[1.171s] Listing '/home/precag/Documents/ros2-ws/install/urg_node_msgs/local/lib/python3.10/dist-packages/urg_node_msgs'...
[1.171s] Listing '/home/precag/Documents/ros2-ws/install/urg_node_msgs/local/lib/python3.10/dist-packages/urg_node_msgs/msg'...
[1.182s] -- Up-to-date: /home/precag/Documents/ros2-ws/install/urg_node_msgs/lib/liburg_node_msgs__rosidl_generator_py.so
[1.182s] -- Up-to-date: /home/precag/Documents/ros2-ws/install/urg_node_msgs/share/urg_node_msgs/cmake/export_urg_node_msgs__rosidl_generator_cExport.cmake
[1.183s] -- Up-to-date: /home/precag/Documents/ros2-ws/install/urg_node_msgs/share/urg_node_msgs/cmake/export_urg_node_msgs__rosidl_generator_cExport-noconfig.cmake
[1.183s] -- Up-to-date: /home/precag/Documents/ros2-ws/install/urg_node_msgs/share/urg_node_msgs/cmake/export_urg_node_msgs__rosidl_typesupport_fastrtps_cExport.cmake
[1.183s] -- Up-to-date: /home/precag/Documents/ros2-ws/install/urg_node_msgs/share/urg_node_msgs/cmake/export_urg_node_msgs__rosidl_typesupport_fastrtps_cExport-noconfig.cmake
[1.184s] -- Up-to-date: /home/precag/Documents/ros2-ws/install/urg_node_msgs/share/urg_node_msgs/cmake/export_urg_node_msgs__rosidl_generator_cppExport.cmake
[1.184s] -- Up-to-date: /home/precag/Documents/ros2-ws/install/urg_node_msgs/share/urg_node_msgs/cmake/export_urg_node_msgs__rosidl_typesupport_fastrtps_cppExport.cmake
[1.185s] -- Up-to-date: /home/precag/Documents/ros2-ws/install/urg_node_msgs/share/urg_node_msgs/cmake/export_urg_node_msgs__rosidl_typesupport_fastrtps_cppExport-noconfig.cmake
[1.185s] -- Up-to-date: /home/precag/Documents/ros2-ws/install/urg_node_msgs/share/urg_node_msgs/cmake/urg_node_msgs__rosidl_typesupport_introspection_cExport.cmake
[1.188s] -- Up-to-date: /home/precag/Documents/ros2-ws/install/urg_node_msgs/share/urg_node_msgs/cmake/urg_node_msgs__rosidl_typesupport_introspection_cExport-noconfig.cmake
[1.189s] -- Up-to-date: /home/precag/Documents/ros2-ws/install/urg_node_msgs/share/urg_node_msgs/cmake/urg_node_msgs__rosidl_typesupport_cExport.cmake
[1.190s] -- Up-to-date: /home/precag/Documents/ros2-ws/install/urg_node_msgs/share/urg_node_msgs/cmake/urg_node_msgs__rosidl_typesupport_cExport-noconfig.cmake
[1.191s] -- Up-to-date: /home/precag/Documents/ros2-ws/install/urg_node_msgs/share/urg_node_msgs/cmake/urg_node_msgs__rosidl_typesupport_introspection_cppExport.cmake
[1.192s] -- Up-to-date: /home/precag/Documents/ros2-ws/install/urg_node_msgs/share/urg_node_msgs/cmake/urg_node_msgs__rosidl_typesupport_introspection_cppExport-noconfig.cmake
[1.193s] -- Up-to-date: /home/precag/Documents/ros2-ws/install/urg_node_msgs/share/urg_node_msgs/cmake/urg_node_msgs__rosidl_typesupport_cppExport.cmake
[1.193s] -- Up-to-date: /home/precag/Documents/ros2-ws/install/urg_node_msgs/share/urg_node_msgs/cmake/urg_node_msgs__rosidl_typesupport_cppExport-noconfig.cmake
[1.194s] -- Up-to-date: /home/precag/Documents/ros2-ws/install/urg_node_msgs/share/urg_node_msgs/cmake/export_urg_node_msgs__rosidl_generator_pyExport.cmake
[1.195s] -- Up-to-date: /home/precag/Documents/ros2-ws/install/urg_node_msgs/share/urg_node_msgs/cmake/export_urg_node_msgs__rosidl_generator_pyExport-noconfig.cmake
[1.219s] Invoked command in '/home/precag/Documents/ros2-ws/build/urg_node_msgs' returned '0': CMAKE_PREFIX_PATH=${CMAKE_PREFIX_PATH}:/opt/ros/humble CONDA_PROMPT_MODIFIER=(base) /usr/bin/cmake --install /home/precag/Documents/ros2-ws/build/urg_node_msgs
