[3.593s] DEBUG:colcon:Command line arguments: ['/home/precag/anaconda3/bin/colcon', 'build', '--symlink-install']
[3.593s] DEBUG:colcon:Parsed command line arguments: Namespace(log_base=None, log_level=None, verb_name='build', build_base='build', install_base='install', merge_install=False, symlink_install=True, test_result_base=None, continue_on_error=False, executor='parallel', parallel_workers=8, event_handlers=None, ignore_user_meta=False, metas=['./colcon.meta'], base_paths=['.'], packages_ignore=None, packages_ignore_regex=None, paths=None, packages_up_to=None, packages_up_to_regex=None, packages_above=None, packages_above_and_dependencies=None, packages_above_depth=None, packages_select_by_dep=None, packages_skip_by_dep=None, packages_skip_up_to=None, packages_select_build_failed=False, packages_skip_build_finished=False, packages_select_test_failures=False, packages_skip_test_passed=False, packages_select=None, packages_skip=None, packages_select_regex=None, packages_skip_regex=None, packages_start=None, packages_end=None, cmake_args=None, cmake_target=None, cmake_target_skip_unavailable=False, cmake_clean_cache=False, cmake_clean_first=False, cmake_force_configure=False, ament_cmake_args=None, catkin_cmake_args=None, catkin_skip_building_tests=False, verb_parser=<colcon_defaults.argument_parser.defaults.DefaultArgumentsDecorator object at 0x7f8c8b20e0a0>, verb_extension=<colcon_core.verb.build.BuildVerb object at 0x7f8c8bfee0d0>, main=<bound method BuildVerb.main of <colcon_core.verb.build.BuildVerb object at 0x7f8c8bfee0d0>>)
[3.720s] Level 1:colcon.colcon_core.package_discovery:discover_packages(colcon_meta) check parameters
[3.720s] Level 1:colcon.colcon_core.package_discovery:discover_packages(recursive) check parameters
[3.720s] Level 1:colcon.colcon_core.package_discovery:discover_packages(ignore) check parameters
[3.720s] Level 1:colcon.colcon_core.package_discovery:discover_packages(path) check parameters
[3.720s] Level 1:colcon.colcon_core.package_discovery:discover_packages(colcon_meta) discover
[3.720s] Level 1:colcon.colcon_core.package_discovery:discover_packages(recursive) discover
[3.720s] INFO:colcon.colcon_core.package_discovery:Crawling recursively for packages in '/home/precag/Documents/ros2-ws'
[3.720s] Level 1:colcon.colcon_core.package_identification:_identify(.) by extensions ['ignore', 'ignore_ament_install']
[3.721s] Level 1:colcon.colcon_core.package_identification:_identify(.) by extension 'ignore'
[3.721s] Level 1:colcon.colcon_core.package_identification:_identify(.) by extension 'ignore_ament_install'
[3.721s] Level 1:colcon.colcon_core.package_identification:_identify(.) by extensions ['colcon_pkg']
[3.721s] Level 1:colcon.colcon_core.package_identification:_identify(.) by extension 'colcon_pkg'
[3.721s] Level 1:colcon.colcon_core.package_identification:_identify(.) by extensions ['colcon_meta']
[3.721s] Level 1:colcon.colcon_core.package_identification:_identify(.) by extension 'colcon_meta'
[3.721s] Level 1:colcon.colcon_core.package_identification:_identify(.) by extensions ['ros']
[3.721s] Level 1:colcon.colcon_core.package_identification:_identify(.) by extension 'ros'
[3.747s] Level 1:colcon.colcon_core.package_identification:_identify(.) by extensions ['cmake', 'python']
[3.747s] Level 1:colcon.colcon_core.package_identification:_identify(.) by extension 'cmake'
[3.747s] Level 1:colcon.colcon_core.package_identification:_identify(.) by extension 'python'
[3.747s] Level 1:colcon.colcon_core.package_identification:_identify(.) by extensions ['python_setup_py']
[3.747s] Level 1:colcon.colcon_core.package_identification:_identify(.) by extension 'python_setup_py'
[3.747s] Level 1:colcon.colcon_core.package_identification:_identify(build) by extensions ['ignore', 'ignore_ament_install']
[3.747s] Level 1:colcon.colcon_core.package_identification:_identify(build) by extension 'ignore'
[3.747s] Level 1:colcon.colcon_core.package_identification:_identify(build) ignored
[3.748s] Level 1:colcon.colcon_core.package_identification:_identify(install) by extensions ['ignore', 'ignore_ament_install']
[3.748s] Level 1:colcon.colcon_core.package_identification:_identify(install) by extension 'ignore'
[3.748s] Level 1:colcon.colcon_core.package_identification:_identify(install) ignored
[3.748s] Level 1:colcon.colcon_core.package_identification:_identify(log) by extensions ['ignore', 'ignore_ament_install']
[3.748s] Level 1:colcon.colcon_core.package_identification:_identify(log) by extension 'ignore'
[3.748s] Level 1:colcon.colcon_core.package_identification:_identify(log) ignored
[3.748s] Level 1:colcon.colcon_core.package_identification:_identify(src) by extensions ['ignore', 'ignore_ament_install']
[3.748s] Level 1:colcon.colcon_core.package_identification:_identify(src) by extension 'ignore'
[3.748s] Level 1:colcon.colcon_core.package_identification:_identify(src) by extension 'ignore_ament_install'
[3.748s] Level 1:colcon.colcon_core.package_identification:_identify(src) by extensions ['colcon_pkg']
[3.749s] Level 1:colcon.colcon_core.package_identification:_identify(src) by extension 'colcon_pkg'
[3.749s] Level 1:colcon.colcon_core.package_identification:_identify(src) by extensions ['colcon_meta']
[3.749s] Level 1:colcon.colcon_core.package_identification:_identify(src) by extension 'colcon_meta'
[3.749s] Level 1:colcon.colcon_core.package_identification:_identify(src) by extensions ['ros']
[3.749s] Level 1:colcon.colcon_core.package_identification:_identify(src) by extension 'ros'
[3.749s] Level 1:colcon.colcon_core.package_identification:_identify(src) by extensions ['cmake', 'python']
[3.749s] Level 1:colcon.colcon_core.package_identification:_identify(src) by extension 'cmake'
[3.749s] Level 1:colcon.colcon_core.package_identification:_identify(src) by extension 'python'
[3.749s] Level 1:colcon.colcon_core.package_identification:_identify(src) by extensions ['python_setup_py']
[3.749s] Level 1:colcon.colcon_core.package_identification:_identify(src) by extension 'python_setup_py'
[3.750s] Level 1:colcon.colcon_core.package_identification:_identify(src/laser_proc) by extensions ['ignore', 'ignore_ament_install']
[3.750s] Level 1:colcon.colcon_core.package_identification:_identify(src/laser_proc) by extension 'ignore'
[3.750s] Level 1:colcon.colcon_core.package_identification:_identify(src/laser_proc) by extension 'ignore_ament_install'
[3.750s] Level 1:colcon.colcon_core.package_identification:_identify(src/laser_proc) by extensions ['colcon_pkg']
[3.750s] Level 1:colcon.colcon_core.package_identification:_identify(src/laser_proc) by extension 'colcon_pkg'
[3.750s] Level 1:colcon.colcon_core.package_identification:_identify(src/laser_proc) by extensions ['colcon_meta']
[3.750s] Level 1:colcon.colcon_core.package_identification:_identify(src/laser_proc) by extension 'colcon_meta'
[3.750s] Level 1:colcon.colcon_core.package_identification:_identify(src/laser_proc) by extensions ['ros']
[3.750s] Level 1:colcon.colcon_core.package_identification:_identify(src/laser_proc) by extension 'ros'
[3.756s] DEBUG:colcon.colcon_core.package_identification:Package 'src/laser_proc' with type 'ros.ament_cmake' and name 'laser_proc'
[3.756s] Level 1:colcon.colcon_core.package_identification:_identify(src/rtabmap) by extensions ['ignore', 'ignore_ament_install']
[3.756s] Level 1:colcon.colcon_core.package_identification:_identify(src/rtabmap) by extension 'ignore'
[3.757s] Level 1:colcon.colcon_core.package_identification:_identify(src/rtabmap) by extension 'ignore_ament_install'
[3.757s] Level 1:colcon.colcon_core.package_identification:_identify(src/rtabmap) by extensions ['colcon_pkg']
[3.757s] Level 1:colcon.colcon_core.package_identification:_identify(src/rtabmap) by extension 'colcon_pkg'
[3.757s] Level 1:colcon.colcon_core.package_identification:_identify(src/rtabmap) by extensions ['colcon_meta']
[3.757s] Level 1:colcon.colcon_core.package_identification:_identify(src/rtabmap) by extension 'colcon_meta'
[3.757s] Level 1:colcon.colcon_core.package_identification:_identify(src/rtabmap) by extensions ['ros']
[3.757s] Level 1:colcon.colcon_core.package_identification:_identify(src/rtabmap) by extension 'ros'
[3.759s] DEBUG:colcon.colcon_core.package_identification:Package 'src/rtabmap' with type 'ros.cmake' and name 'rtabmap'
[3.760s] Level 1:colcon.colcon_core.package_identification:_identify(src/urg_c) by extensions ['ignore', 'ignore_ament_install']
[3.760s] Level 1:colcon.colcon_core.package_identification:_identify(src/urg_c) by extension 'ignore'
[3.760s] Level 1:colcon.colcon_core.package_identification:_identify(src/urg_c) by extension 'ignore_ament_install'
[3.760s] Level 1:colcon.colcon_core.package_identification:_identify(src/urg_c) by extensions ['colcon_pkg']
[3.760s] Level 1:colcon.colcon_core.package_identification:_identify(src/urg_c) by extension 'colcon_pkg'
[3.760s] Level 1:colcon.colcon_core.package_identification:_identify(src/urg_c) by extensions ['colcon_meta']
[3.760s] Level 1:colcon.colcon_core.package_identification:_identify(src/urg_c) by extension 'colcon_meta'
[3.760s] Level 1:colcon.colcon_core.package_identification:_identify(src/urg_c) by extensions ['ros']
[3.760s] Level 1:colcon.colcon_core.package_identification:_identify(src/urg_c) by extension 'ros'
[3.761s] DEBUG:colcon.colcon_core.package_identification:Package 'src/urg_c' with type 'ros.ament_cmake' and name 'urg_c'
[3.762s] Level 1:colcon.colcon_core.package_identification:_identify(src/urg_node) by extensions ['ignore', 'ignore_ament_install']
[3.762s] Level 1:colcon.colcon_core.package_identification:_identify(src/urg_node) by extension 'ignore'
[3.762s] Level 1:colcon.colcon_core.package_identification:_identify(src/urg_node) by extension 'ignore_ament_install'
[3.762s] Level 1:colcon.colcon_core.package_identification:_identify(src/urg_node) by extensions ['colcon_pkg']
[3.762s] Level 1:colcon.colcon_core.package_identification:_identify(src/urg_node) by extension 'colcon_pkg'
[3.762s] Level 1:colcon.colcon_core.package_identification:_identify(src/urg_node) by extensions ['colcon_meta']
[3.762s] Level 1:colcon.colcon_core.package_identification:_identify(src/urg_node) by extension 'colcon_meta'
[3.762s] Level 1:colcon.colcon_core.package_identification:_identify(src/urg_node) by extensions ['ros']
[3.762s] Level 1:colcon.colcon_core.package_identification:_identify(src/urg_node) by extension 'ros'
[3.765s] DEBUG:colcon.colcon_core.package_identification:Package 'src/urg_node' with type 'ros.ament_cmake' and name 'urg_node'
[3.765s] Level 1:colcon.colcon_core.package_identification:_identify(src/urg_node_msgs) by extensions ['ignore', 'ignore_ament_install']
[3.765s] Level 1:colcon.colcon_core.package_identification:_identify(src/urg_node_msgs) by extension 'ignore'
[3.765s] Level 1:colcon.colcon_core.package_identification:_identify(src/urg_node_msgs) by extension 'ignore_ament_install'
[3.765s] Level 1:colcon.colcon_core.package_identification:_identify(src/urg_node_msgs) by extensions ['colcon_pkg']
[3.765s] Level 1:colcon.colcon_core.package_identification:_identify(src/urg_node_msgs) by extension 'colcon_pkg'
[3.765s] Level 1:colcon.colcon_core.package_identification:_identify(src/urg_node_msgs) by extensions ['colcon_meta']
[3.765s] Level 1:colcon.colcon_core.package_identification:_identify(src/urg_node_msgs) by extension 'colcon_meta'
[3.765s] Level 1:colcon.colcon_core.package_identification:_identify(src/urg_node_msgs) by extensions ['ros']
[3.765s] Level 1:colcon.colcon_core.package_identification:_identify(src/urg_node_msgs) by extension 'ros'
[3.767s] DEBUG:colcon.colcon_core.package_identification:Package 'src/urg_node_msgs' with type 'ros.ament_cmake' and name 'urg_node_msgs'
[3.767s] Level 1:colcon.colcon_core.package_discovery:discover_packages(recursive) using defaults
[3.767s] Level 1:colcon.colcon_core.package_discovery:discover_packages(ignore) discover
[3.767s] Level 1:colcon.colcon_core.package_discovery:discover_packages(ignore) using defaults
[3.767s] Level 1:colcon.colcon_core.package_discovery:discover_packages(path) discover
[3.767s] Level 1:colcon.colcon_core.package_discovery:discover_packages(path) using defaults
[3.867s] Level 5:colcon.colcon_core.verb:set package 'laser_proc' build argument 'cmake_args' from command line to 'None'
[3.867s] Level 5:colcon.colcon_core.verb:set package 'laser_proc' build argument 'cmake_target' from command line to 'None'
[3.867s] Level 5:colcon.colcon_core.verb:set package 'laser_proc' build argument 'cmake_target_skip_unavailable' from command line to 'False'
[3.867s] Level 5:colcon.colcon_core.verb:set package 'laser_proc' build argument 'cmake_clean_cache' from command line to 'False'
[3.867s] Level 5:colcon.colcon_core.verb:set package 'laser_proc' build argument 'cmake_clean_first' from command line to 'False'
[3.867s] Level 5:colcon.colcon_core.verb:set package 'laser_proc' build argument 'cmake_force_configure' from command line to 'False'
[3.867s] Level 5:colcon.colcon_core.verb:set package 'laser_proc' build argument 'ament_cmake_args' from command line to 'None'
[3.867s] Level 5:colcon.colcon_core.verb:set package 'laser_proc' build argument 'catkin_cmake_args' from command line to 'None'
[3.867s] Level 5:colcon.colcon_core.verb:set package 'laser_proc' build argument 'catkin_skip_building_tests' from command line to 'False'
[3.867s] DEBUG:colcon.colcon_core.verb:Building package 'laser_proc' with the following arguments: {'ament_cmake_args': None, 'build_base': '/home/precag/Documents/ros2-ws/build/laser_proc', 'catkin_cmake_args': None, 'catkin_skip_building_tests': False, 'cmake_args': None, 'cmake_clean_cache': False, 'cmake_clean_first': False, 'cmake_force_configure': False, 'cmake_target': None, 'cmake_target_skip_unavailable': False, 'install_base': '/home/precag/Documents/ros2-ws/install/laser_proc', 'merge_install': False, 'path': '/home/precag/Documents/ros2-ws/src/laser_proc', 'symlink_install': True, 'test_result_base': None}
[3.881s] Level 5:colcon.colcon_core.verb:set package 'rtabmap' build argument 'cmake_args' from command line to 'None'
[3.881s] Level 5:colcon.colcon_core.verb:set package 'rtabmap' build argument 'cmake_target' from command line to 'None'
[3.881s] Level 5:colcon.colcon_core.verb:set package 'rtabmap' build argument 'cmake_target_skip_unavailable' from command line to 'False'
[3.882s] Level 5:colcon.colcon_core.verb:set package 'rtabmap' build argument 'cmake_clean_cache' from command line to 'False'
[3.882s] Level 5:colcon.colcon_core.verb:set package 'rtabmap' build argument 'cmake_clean_first' from command line to 'False'
[3.882s] Level 5:colcon.colcon_core.verb:set package 'rtabmap' build argument 'cmake_force_configure' from command line to 'False'
[3.882s] Level 5:colcon.colcon_core.verb:set package 'rtabmap' build argument 'ament_cmake_args' from command line to 'None'
[3.882s] Level 5:colcon.colcon_core.verb:set package 'rtabmap' build argument 'catkin_cmake_args' from command line to 'None'
[3.882s] Level 5:colcon.colcon_core.verb:set package 'rtabmap' build argument 'catkin_skip_building_tests' from command line to 'False'
[3.882s] DEBUG:colcon.colcon_core.verb:Building package 'rtabmap' with the following arguments: {'ament_cmake_args': None, 'build_base': '/home/precag/Documents/ros2-ws/build/rtabmap', 'catkin_cmake_args': None, 'catkin_skip_building_tests': False, 'cmake_args': None, 'cmake_clean_cache': False, 'cmake_clean_first': False, 'cmake_force_configure': False, 'cmake_target': None, 'cmake_target_skip_unavailable': False, 'install_base': '/home/precag/Documents/ros2-ws/install/rtabmap', 'merge_install': False, 'path': '/home/precag/Documents/ros2-ws/src/rtabmap', 'symlink_install': True, 'test_result_base': None}
[3.896s] Level 5:colcon.colcon_core.verb:set package 'urg_c' build argument 'cmake_args' from command line to 'None'
[3.896s] Level 5:colcon.colcon_core.verb:set package 'urg_c' build argument 'cmake_target' from command line to 'None'
[3.896s] Level 5:colcon.colcon_core.verb:set package 'urg_c' build argument 'cmake_target_skip_unavailable' from command line to 'False'
[3.896s] Level 5:colcon.colcon_core.verb:set package 'urg_c' build argument 'cmake_clean_cache' from command line to 'False'
[3.896s] Level 5:colcon.colcon_core.verb:set package 'urg_c' build argument 'cmake_clean_first' from command line to 'False'
[3.896s] Level 5:colcon.colcon_core.verb:set package 'urg_c' build argument 'cmake_force_configure' from command line to 'False'
[3.896s] Level 5:colcon.colcon_core.verb:set package 'urg_c' build argument 'ament_cmake_args' from command line to 'None'
[3.896s] Level 5:colcon.colcon_core.verb:set package 'urg_c' build argument 'catkin_cmake_args' from command line to 'None'
[3.896s] Level 5:colcon.colcon_core.verb:set package 'urg_c' build argument 'catkin_skip_building_tests' from command line to 'False'
[3.896s] DEBUG:colcon.colcon_core.verb:Building package 'urg_c' with the following arguments: {'ament_cmake_args': None, 'build_base': '/home/precag/Documents/ros2-ws/build/urg_c', 'catkin_cmake_args': None, 'catkin_skip_building_tests': False, 'cmake_args': None, 'cmake_clean_cache': False, 'cmake_clean_first': False, 'cmake_force_configure': False, 'cmake_target': None, 'cmake_target_skip_unavailable': False, 'install_base': '/home/precag/Documents/ros2-ws/install/urg_c', 'merge_install': False, 'path': '/home/precag/Documents/ros2-ws/src/urg_c', 'symlink_install': True, 'test_result_base': None}
[3.910s] Level 5:colcon.colcon_core.verb:set package 'urg_node_msgs' build argument 'cmake_args' from command line to 'None'
[3.910s] Level 5:colcon.colcon_core.verb:set package 'urg_node_msgs' build argument 'cmake_target' from command line to 'None'
[3.910s] Level 5:colcon.colcon_core.verb:set package 'urg_node_msgs' build argument 'cmake_target_skip_unavailable' from command line to 'False'
[3.910s] Level 5:colcon.colcon_core.verb:set package 'urg_node_msgs' build argument 'cmake_clean_cache' from command line to 'False'
[3.910s] Level 5:colcon.colcon_core.verb:set package 'urg_node_msgs' build argument 'cmake_clean_first' from command line to 'False'
[3.910s] Level 5:colcon.colcon_core.verb:set package 'urg_node_msgs' build argument 'cmake_force_configure' from command line to 'False'
[3.911s] Level 5:colcon.colcon_core.verb:set package 'urg_node_msgs' build argument 'ament_cmake_args' from command line to 'None'
[3.911s] Level 5:colcon.colcon_core.verb:set package 'urg_node_msgs' build argument 'catkin_cmake_args' from command line to 'None'
[3.911s] Level 5:colcon.colcon_core.verb:set package 'urg_node_msgs' build argument 'catkin_skip_building_tests' from command line to 'False'
[3.911s] DEBUG:colcon.colcon_core.verb:Building package 'urg_node_msgs' with the following arguments: {'ament_cmake_args': None, 'build_base': '/home/precag/Documents/ros2-ws/build/urg_node_msgs', 'catkin_cmake_args': None, 'catkin_skip_building_tests': False, 'cmake_args': None, 'cmake_clean_cache': False, 'cmake_clean_first': False, 'cmake_force_configure': False, 'cmake_target': None, 'cmake_target_skip_unavailable': False, 'install_base': '/home/precag/Documents/ros2-ws/install/urg_node_msgs', 'merge_install': False, 'path': '/home/precag/Documents/ros2-ws/src/urg_node_msgs', 'symlink_install': True, 'test_result_base': None}
[3.925s] Level 5:colcon.colcon_core.verb:set package 'urg_node' build argument 'cmake_args' from command line to 'None'
[3.925s] Level 5:colcon.colcon_core.verb:set package 'urg_node' build argument 'cmake_target' from command line to 'None'
[3.925s] Level 5:colcon.colcon_core.verb:set package 'urg_node' build argument 'cmake_target_skip_unavailable' from command line to 'False'
[3.925s] Level 5:colcon.colcon_core.verb:set package 'urg_node' build argument 'cmake_clean_cache' from command line to 'False'
[3.925s] Level 5:colcon.colcon_core.verb:set package 'urg_node' build argument 'cmake_clean_first' from command line to 'False'
[3.925s] Level 5:colcon.colcon_core.verb:set package 'urg_node' build argument 'cmake_force_configure' from command line to 'False'
[3.925s] Level 5:colcon.colcon_core.verb:set package 'urg_node' build argument 'ament_cmake_args' from command line to 'None'
[3.925s] Level 5:colcon.colcon_core.verb:set package 'urg_node' build argument 'catkin_cmake_args' from command line to 'None'
[3.925s] Level 5:colcon.colcon_core.verb:set package 'urg_node' build argument 'catkin_skip_building_tests' from command line to 'False'
[3.925s] DEBUG:colcon.colcon_core.verb:Building package 'urg_node' with the following arguments: {'ament_cmake_args': None, 'build_base': '/home/precag/Documents/ros2-ws/build/urg_node', 'catkin_cmake_args': None, 'catkin_skip_building_tests': False, 'cmake_args': None, 'cmake_clean_cache': False, 'cmake_clean_first': False, 'cmake_force_configure': False, 'cmake_target': None, 'cmake_target_skip_unavailable': False, 'install_base': '/home/precag/Documents/ros2-ws/install/urg_node', 'merge_install': False, 'path': '/home/precag/Documents/ros2-ws/src/urg_node', 'symlink_install': True, 'test_result_base': None}
[3.939s] INFO:colcon.colcon_core.executor:Executing jobs using 'parallel' executor
[3.954s] DEBUG:colcon.colcon_parallel_executor.executor.parallel:run_until_complete
[3.954s] INFO:colcon.colcon_ros.task.ament_cmake.build:Building ROS package in '/home/precag/Documents/ros2-ws/src/laser_proc' with build type 'ament_cmake'
[3.954s] INFO:colcon.colcon_cmake.task.cmake.build:Building CMake package in '/home/precag/Documents/ros2-ws/src/laser_proc'
[3.975s] INFO:colcon.colcon_core.plugin_system:Skipping extension 'colcon_core.shell.bat': Not used on non-Windows systems
[3.976s] INFO:colcon.colcon_core.shell:Skip shell extension 'powershell' for command environment: Not usable outside of PowerShell
[3.976s] DEBUG:colcon.colcon_core.shell:Skip shell extension 'dsv' for command environment
[4.013s] INFO:colcon.colcon_ros.task.ament_cmake.build:Building ROS package in '/home/precag/Documents/ros2-ws/src/urg_c' with build type 'ament_cmake'
[4.013s] INFO:colcon.colcon_cmake.task.cmake.build:Building CMake package in '/home/precag/Documents/ros2-ws/src/urg_c'
[4.029s] INFO:colcon.colcon_core.shell:Skip shell extension 'powershell' for command environment: Not usable outside of PowerShell
[4.029s] DEBUG:colcon.colcon_core.shell:Skip shell extension 'dsv' for command environment
[4.065s] INFO:colcon.colcon_ros.task.ament_cmake.build:Building ROS package in '/home/precag/Documents/ros2-ws/src/urg_node_msgs' with build type 'ament_cmake'
[4.066s] INFO:colcon.colcon_cmake.task.cmake.build:Building CMake package in '/home/precag/Documents/ros2-ws/src/urg_node_msgs'
[4.084s] INFO:colcon.colcon_core.shell:Skip shell extension 'powershell' for command environment: Not usable outside of PowerShell
[4.084s] DEBUG:colcon.colcon_core.shell:Skip shell extension 'dsv' for command environment
[4.118s] INFO:colcon.colcon_ros.task.cmake.build:Building ROS package in '/home/precag/Documents/ros2-ws/src/rtabmap' with build type 'cmake'
[4.118s] INFO:colcon.colcon_cmake.task.cmake.build:Building CMake package in '/home/precag/Documents/ros2-ws/src/rtabmap'
[4.134s] INFO:colcon.colcon_core.shell:Skip shell extension 'powershell' for command environment: Not usable outside of PowerShell
[4.135s] DEBUG:colcon.colcon_core.shell:Skip shell extension 'dsv' for command environment
[4.173s] DEBUG:colcon.colcon_core.event_handler.log_command:Invoking command in '/home/precag/Documents/ros2-ws/build/laser_proc': CMAKE_PREFIX_PATH=/opt/ros/humble CONDA_PROMPT_MODIFIER=(base) /usr/bin/cmake /home/precag/Documents/ros2-ws/src/laser_proc -DAMENT_CMAKE_SYMLINK_INSTALL=1 -DCMAKE_INSTALL_PREFIX=/home/precag/Documents/ros2-ws/install/laser_proc
[4.181s] DEBUG:colcon.colcon_core.event_handler.log_command:Invoking command in '/home/precag/Documents/ros2-ws/build/urg_c': CMAKE_PREFIX_PATH=/opt/ros/humble CONDA_PROMPT_MODIFIER=(base) /usr/bin/cmake /home/precag/Documents/ros2-ws/src/urg_c -DAMENT_CMAKE_SYMLINK_INSTALL=1 -DCMAKE_INSTALL_PREFIX=/home/precag/Documents/ros2-ws/install/urg_c
[4.185s] DEBUG:colcon.colcon_core.event_handler.log_command:Invoking command in '/home/precag/Documents/ros2-ws/build/urg_node_msgs': CMAKE_PREFIX_PATH=/opt/ros/humble CONDA_PROMPT_MODIFIER=(base) /usr/bin/cmake /home/precag/Documents/ros2-ws/src/urg_node_msgs -DAMENT_CMAKE_SYMLINK_INSTALL=1 -DCMAKE_INSTALL_PREFIX=/home/precag/Documents/ros2-ws/install/urg_node_msgs
[4.192s] DEBUG:colcon.colcon_core.event_handler.log_command:Invoking command in '/home/precag/Documents/ros2-ws/build/rtabmap': CMAKE_PREFIX_PATH=/opt/ros/humble CONDA_PROMPT_MODIFIER=(base) /usr/bin/cmake /home/precag/Documents/ros2-ws/src/rtabmap -DCMAKE_INSTALL_PREFIX=/home/precag/Documents/ros2-ws/install/rtabmap
[5.275s] DEBUG:colcon.colcon_core.event_handler.log_command:Invoked command in '/home/precag/Documents/ros2-ws/build/urg_c' returned '0': CMAKE_PREFIX_PATH=/opt/ros/humble CONDA_PROMPT_MODIFIER=(base) /usr/bin/cmake /home/precag/Documents/ros2-ws/src/urg_c -DAMENT_CMAKE_SYMLINK_INSTALL=1 -DCMAKE_INSTALL_PREFIX=/home/precag/Documents/ros2-ws/install/urg_c
[5.278s] DEBUG:colcon.colcon_core.event_handler.log_command:Invoking command in '/home/precag/Documents/ros2-ws/build/urg_c': CMAKE_PREFIX_PATH=/opt/ros/humble CONDA_PROMPT_MODIFIER=(base) /usr/bin/cmake --build /home/precag/Documents/ros2-ws/build/urg_c -- -j8 -l8
[6.393s] DEBUG:colcon.colcon_core.event_handler.log_command:Invoked command in '/home/precag/Documents/ros2-ws/build/urg_c' returned '0': CMAKE_PREFIX_PATH=/opt/ros/humble CONDA_PROMPT_MODIFIER=(base) /usr/bin/cmake --build /home/precag/Documents/ros2-ws/build/urg_c -- -j8 -l8
[6.491s] DEBUG:colcon.colcon_core.event_handler.log_command:Invoking command in '/home/precag/Documents/ros2-ws/build/urg_c': CMAKE_PREFIX_PATH=/opt/ros/humble CONDA_PROMPT_MODIFIER=(base) /usr/bin/cmake --install /home/precag/Documents/ros2-ws/build/urg_c
[6.708s] DEBUG:colcon.colcon_core.event_handler.log_command:Invoked command in '/home/precag/Documents/ros2-ws/build/laser_proc' returned '0': CMAKE_PREFIX_PATH=/opt/ros/humble CONDA_PROMPT_MODIFIER=(base) /usr/bin/cmake /home/precag/Documents/ros2-ws/src/laser_proc -DAMENT_CMAKE_SYMLINK_INSTALL=1 -DCMAKE_INSTALL_PREFIX=/home/precag/Documents/ros2-ws/install/laser_proc
[6.712s] DEBUG:colcon.colcon_core.event_handler.log_command:Invoking command in '/home/precag/Documents/ros2-ws/build/laser_proc': CMAKE_PREFIX_PATH=/opt/ros/humble CONDA_PROMPT_MODIFIER=(base) /usr/bin/cmake --build /home/precag/Documents/ros2-ws/build/laser_proc -- -j8 -l8
[6.989s] Level 1:colcon.colcon_core.environment:create_environment_scripts_only(urg_c)
[6.990s] DEBUG:colcon.colcon_core.event_handler.log_command:Invoked command in '/home/precag/Documents/ros2-ws/build/urg_c' returned '0': CMAKE_PREFIX_PATH=/opt/ros/humble CONDA_PROMPT_MODIFIER=(base) /usr/bin/cmake --install /home/precag/Documents/ros2-ws/build/urg_c
[7.025s] Level 1:colcon.colcon_core.environment:checking '/home/precag/Documents/ros2-ws/install/urg_c' for CMake module files
[7.026s] Level 1:colcon.colcon_core.environment:checking '/home/precag/Documents/ros2-ws/install/urg_c' for CMake config files
[7.026s] Level 1:colcon.colcon_core.shell:create_environment_hook('urg_c', 'cmake_prefix_path')
[7.051s] INFO:colcon.colcon_core.shell:Creating environment hook '/home/precag/Documents/ros2-ws/install/urg_c/share/urg_c/hook/cmake_prefix_path.ps1'
[7.054s] INFO:colcon.colcon_core.shell:Creating environment descriptor '/home/precag/Documents/ros2-ws/install/urg_c/share/urg_c/hook/cmake_prefix_path.dsv'
[7.056s] INFO:colcon.colcon_core.shell:Creating environment hook '/home/precag/Documents/ros2-ws/install/urg_c/share/urg_c/hook/cmake_prefix_path.sh'
[7.058s] Level 1:colcon.colcon_core.environment:checking '/home/precag/Documents/ros2-ws/install/urg_c/lib'
[7.058s] Level 1:colcon.colcon_core.shell:create_environment_hook('urg_c', 'ld_library_path_lib')
[7.081s] INFO:colcon.colcon_core.shell:Creating environment hook '/home/precag/Documents/ros2-ws/install/urg_c/share/urg_c/hook/ld_library_path_lib.ps1'
[7.082s] INFO:colcon.colcon_core.shell:Creating environment descriptor '/home/precag/Documents/ros2-ws/install/urg_c/share/urg_c/hook/ld_library_path_lib.dsv'
[7.082s] INFO:colcon.colcon_core.shell:Creating environment hook '/home/precag/Documents/ros2-ws/install/urg_c/share/urg_c/hook/ld_library_path_lib.sh'
[7.082s] Level 1:colcon.colcon_core.environment:checking '/home/precag/Documents/ros2-ws/install/urg_c/bin'
[7.083s] Level 1:colcon.colcon_core.shell:create_environment_hook('urg_c', 'path')
[7.104s] INFO:colcon.colcon_core.shell:Creating environment hook '/home/precag/Documents/ros2-ws/install/urg_c/share/urg_c/hook/path.ps1'
[7.104s] INFO:colcon.colcon_core.shell:Creating environment descriptor '/home/precag/Documents/ros2-ws/install/urg_c/share/urg_c/hook/path.dsv'
[7.104s] INFO:colcon.colcon_core.shell:Creating environment hook '/home/precag/Documents/ros2-ws/install/urg_c/share/urg_c/hook/path.sh'
[7.105s] Level 1:colcon.colcon_core.environment:checking '/home/precag/Documents/ros2-ws/install/urg_c/lib/pkgconfig/urg_c.pc'
[7.106s] Level 1:colcon.colcon_core.environment:checking '/home/precag/Documents/ros2-ws/install/urg_c/lib/python3.9/site-packages'
[7.106s] Level 1:colcon.colcon_core.environment:checking '/home/precag/Documents/ros2-ws/install/urg_c/bin'
[7.106s] Level 1:colcon.colcon_core.shell:create_environment_hook('urg_c', 'pythonscriptspath')
[7.122s] INFO:colcon.colcon_core.shell:Creating environment hook '/home/precag/Documents/ros2-ws/install/urg_c/share/urg_c/hook/pythonscriptspath.ps1'
[7.123s] INFO:colcon.colcon_core.shell:Creating environment descriptor '/home/precag/Documents/ros2-ws/install/urg_c/share/urg_c/hook/pythonscriptspath.dsv'
[7.123s] INFO:colcon.colcon_core.shell:Creating environment hook '/home/precag/Documents/ros2-ws/install/urg_c/share/urg_c/hook/pythonscriptspath.sh'
[7.146s] INFO:colcon.colcon_core.shell:Creating package script '/home/precag/Documents/ros2-ws/install/urg_c/share/urg_c/package.ps1'
[7.148s] INFO:colcon.colcon_core.shell:Creating package descriptor '/home/precag/Documents/ros2-ws/install/urg_c/share/urg_c/package.dsv'
[7.150s] INFO:colcon.colcon_core.shell:Creating package script '/home/precag/Documents/ros2-ws/install/urg_c/share/urg_c/package.sh'
[7.151s] INFO:colcon.colcon_core.shell:Creating package script '/home/precag/Documents/ros2-ws/install/urg_c/share/urg_c/package.bash'
[7.153s] INFO:colcon.colcon_core.shell:Creating package script '/home/precag/Documents/ros2-ws/install/urg_c/share/urg_c/package.zsh'
[7.155s] Level 1:colcon.colcon_core.environment:create_file_with_runtime_dependencies(/home/precag/Documents/ros2-ws/install/urg_c/share/colcon-core/packages/urg_c)
[7.281s] DEBUG:colcon.colcon_core.event_handler.log_command:Invoked command in '/home/precag/Documents/ros2-ws/build/urg_node_msgs' returned '0': CMAKE_PREFIX_PATH=/opt/ros/humble CONDA_PROMPT_MODIFIER=(base) /usr/bin/cmake /home/precag/Documents/ros2-ws/src/urg_node_msgs -DAMENT_CMAKE_SYMLINK_INSTALL=1 -DCMAKE_INSTALL_PREFIX=/home/precag/Documents/ros2-ws/install/urg_node_msgs
[7.286s] DEBUG:colcon.colcon_core.event_handler.log_command:Invoking command in '/home/precag/Documents/ros2-ws/build/urg_node_msgs': CMAKE_PREFIX_PATH=/opt/ros/humble CONDA_PROMPT_MODIFIER=(base) /usr/bin/cmake --build /home/precag/Documents/ros2-ws/build/urg_node_msgs -- -j8 -l8
[7.330s] Level 1:colcon.colcon_core.environment:create_environment_scripts_only(urg_c)
[7.374s] Level 1:colcon.colcon_core.environment:checking '/home/precag/Documents/ros2-ws/install/urg_c' for CMake module files
[7.375s] Level 1:colcon.colcon_core.environment:checking '/home/precag/Documents/ros2-ws/install/urg_c' for CMake config files
[7.376s] Level 1:colcon.colcon_core.shell:create_environment_hook('urg_c', 'cmake_prefix_path')
[7.415s] INFO:colcon.colcon_core.shell:Creating environment hook '/home/precag/Documents/ros2-ws/install/urg_c/share/urg_c/hook/cmake_prefix_path.ps1'
[7.416s] INFO:colcon.colcon_core.shell:Creating environment descriptor '/home/precag/Documents/ros2-ws/install/urg_c/share/urg_c/hook/cmake_prefix_path.dsv'
[7.416s] INFO:colcon.colcon_core.shell:Creating environment hook '/home/precag/Documents/ros2-ws/install/urg_c/share/urg_c/hook/cmake_prefix_path.sh'
[7.417s] Level 1:colcon.colcon_core.environment:checking '/home/precag/Documents/ros2-ws/install/urg_c/lib'
[7.417s] Level 1:colcon.colcon_core.shell:create_environment_hook('urg_c', 'ld_library_path_lib')
[7.456s] INFO:colcon.colcon_core.shell:Creating environment hook '/home/precag/Documents/ros2-ws/install/urg_c/share/urg_c/hook/ld_library_path_lib.ps1'
[7.456s] INFO:colcon.colcon_core.shell:Creating environment descriptor '/home/precag/Documents/ros2-ws/install/urg_c/share/urg_c/hook/ld_library_path_lib.dsv'
[7.457s] INFO:colcon.colcon_core.shell:Creating environment hook '/home/precag/Documents/ros2-ws/install/urg_c/share/urg_c/hook/ld_library_path_lib.sh'
[7.457s] Level 1:colcon.colcon_core.environment:checking '/home/precag/Documents/ros2-ws/install/urg_c/bin'
[7.458s] Level 1:colcon.colcon_core.shell:create_environment_hook('urg_c', 'path')
[7.487s] INFO:colcon.colcon_core.shell:Creating environment hook '/home/precag/Documents/ros2-ws/install/urg_c/share/urg_c/hook/path.ps1'
[7.488s] INFO:colcon.colcon_core.shell:Creating environment descriptor '/home/precag/Documents/ros2-ws/install/urg_c/share/urg_c/hook/path.dsv'
[7.488s] INFO:colcon.colcon_core.shell:Creating environment hook '/home/precag/Documents/ros2-ws/install/urg_c/share/urg_c/hook/path.sh'
[7.489s] Level 1:colcon.colcon_core.environment:checking '/home/precag/Documents/ros2-ws/install/urg_c/lib/pkgconfig/urg_c.pc'
[7.490s] Level 1:colcon.colcon_core.environment:checking '/home/precag/Documents/ros2-ws/install/urg_c/lib/python3.9/site-packages'
[7.490s] Level 1:colcon.colcon_core.environment:checking '/home/precag/Documents/ros2-ws/install/urg_c/bin'
[7.490s] Level 1:colcon.colcon_core.shell:create_environment_hook('urg_c', 'pythonscriptspath')
[7.519s] INFO:colcon.colcon_core.shell:Creating environment hook '/home/precag/Documents/ros2-ws/install/urg_c/share/urg_c/hook/pythonscriptspath.ps1'
[7.520s] INFO:colcon.colcon_core.shell:Creating environment descriptor '/home/precag/Documents/ros2-ws/install/urg_c/share/urg_c/hook/pythonscriptspath.dsv'
[7.520s] INFO:colcon.colcon_core.shell:Creating environment hook '/home/precag/Documents/ros2-ws/install/urg_c/share/urg_c/hook/pythonscriptspath.sh'
[7.545s] INFO:colcon.colcon_core.shell:Creating package script '/home/precag/Documents/ros2-ws/install/urg_c/share/urg_c/package.ps1'
[7.546s] INFO:colcon.colcon_core.shell:Creating package descriptor '/home/precag/Documents/ros2-ws/install/urg_c/share/urg_c/package.dsv'
[7.546s] INFO:colcon.colcon_core.shell:Creating package script '/home/precag/Documents/ros2-ws/install/urg_c/share/urg_c/package.sh'
[7.547s] INFO:colcon.colcon_core.shell:Creating package script '/home/precag/Documents/ros2-ws/install/urg_c/share/urg_c/package.bash'
[7.548s] INFO:colcon.colcon_core.shell:Creating package script '/home/precag/Documents/ros2-ws/install/urg_c/share/urg_c/package.zsh'
[7.548s] Level 1:colcon.colcon_core.environment:create_file_with_runtime_dependencies(/home/precag/Documents/ros2-ws/install/urg_c/share/colcon-core/packages/urg_c)
[11.356s] DEBUG:colcon.colcon_core.event_handler.log_command:Invoked command in '/home/precag/Documents/ros2-ws/build/urg_node_msgs' returned '0': CMAKE_PREFIX_PATH=/opt/ros/humble CONDA_PROMPT_MODIFIER=(base) /usr/bin/cmake --build /home/precag/Documents/ros2-ws/build/urg_node_msgs -- -j8 -l8
[11.422s] DEBUG:colcon.colcon_core.event_handler.log_command:Invoking command in '/home/precag/Documents/ros2-ws/build/urg_node_msgs': CMAKE_PREFIX_PATH=/opt/ros/humble CONDA_PROMPT_MODIFIER=(base) /usr/bin/cmake --install /home/precag/Documents/ros2-ws/build/urg_node_msgs
[11.882s] DEBUG:colcon.colcon_core.event_handler.log_command:Invoked command in '/home/precag/Documents/ros2-ws/build/rtabmap' returned '0': CMAKE_PREFIX_PATH=/opt/ros/humble CONDA_PROMPT_MODIFIER=(base) /usr/bin/cmake /home/precag/Documents/ros2-ws/src/rtabmap -DCMAKE_INSTALL_PREFIX=/home/precag/Documents/ros2-ws/install/rtabmap
[11.885s] DEBUG:colcon.colcon_core.event_handler.log_command:Invoking command in '/home/precag/Documents/ros2-ws/build/rtabmap': CMAKE_PREFIX_PATH=/opt/ros/humble CONDA_PROMPT_MODIFIER=(base) /usr/bin/cmake --build /home/precag/Documents/ros2-ws/build/rtabmap -- -j8 -l8
[12.637s] Level 1:colcon.colcon_core.environment:create_environment_scripts_only(urg_node_msgs)
[12.643s] DEBUG:colcon.colcon_core.event_handler.log_command:Invoked command in '/home/precag/Documents/ros2-ws/build/urg_node_msgs' returned '0': CMAKE_PREFIX_PATH=/opt/ros/humble CONDA_PROMPT_MODIFIER=(base) /usr/bin/cmake --install /home/precag/Documents/ros2-ws/build/urg_node_msgs
[12.679s] Level 1:colcon.colcon_core.environment:checking '/home/precag/Documents/ros2-ws/install/urg_node_msgs' for CMake module files
[12.680s] Level 1:colcon.colcon_core.environment:checking '/home/precag/Documents/ros2-ws/install/urg_node_msgs' for CMake config files
[12.681s] Level 1:colcon.colcon_core.shell:create_environment_hook('urg_node_msgs', 'cmake_prefix_path')
[12.714s] INFO:colcon.colcon_core.shell:Creating environment hook '/home/precag/Documents/ros2-ws/install/urg_node_msgs/share/urg_node_msgs/hook/cmake_prefix_path.ps1'
[12.715s] INFO:colcon.colcon_core.shell:Creating environment descriptor '/home/precag/Documents/ros2-ws/install/urg_node_msgs/share/urg_node_msgs/hook/cmake_prefix_path.dsv'
[12.716s] INFO:colcon.colcon_core.shell:Creating environment hook '/home/precag/Documents/ros2-ws/install/urg_node_msgs/share/urg_node_msgs/hook/cmake_prefix_path.sh'
[12.717s] Level 1:colcon.colcon_core.environment:checking '/home/precag/Documents/ros2-ws/install/urg_node_msgs/lib'
[12.717s] Level 1:colcon.colcon_core.shell:create_environment_hook('urg_node_msgs', 'ld_library_path_lib')
[12.753s] INFO:colcon.colcon_core.shell:Creating environment hook '/home/precag/Documents/ros2-ws/install/urg_node_msgs/share/urg_node_msgs/hook/ld_library_path_lib.ps1'
[12.753s] INFO:colcon.colcon_core.shell:Creating environment descriptor '/home/precag/Documents/ros2-ws/install/urg_node_msgs/share/urg_node_msgs/hook/ld_library_path_lib.dsv'
[12.754s] INFO:colcon.colcon_core.shell:Creating environment hook '/home/precag/Documents/ros2-ws/install/urg_node_msgs/share/urg_node_msgs/hook/ld_library_path_lib.sh'
[12.755s] Level 1:colcon.colcon_core.environment:checking '/home/precag/Documents/ros2-ws/install/urg_node_msgs/bin'
[12.755s] Level 1:colcon.colcon_core.environment:checking '/home/precag/Documents/ros2-ws/install/urg_node_msgs/lib/pkgconfig/urg_node_msgs.pc'
[12.756s] Level 1:colcon.colcon_core.environment:checking '/home/precag/Documents/ros2-ws/install/urg_node_msgs/lib/python3.9/site-packages'
[12.756s] Level 1:colcon.colcon_core.environment:checking '/home/precag/Documents/ros2-ws/install/urg_node_msgs/bin'
[12.793s] INFO:colcon.colcon_core.shell:Creating package script '/home/precag/Documents/ros2-ws/install/urg_node_msgs/share/urg_node_msgs/package.ps1'
[12.793s] INFO:colcon.colcon_core.shell:Creating package descriptor '/home/precag/Documents/ros2-ws/install/urg_node_msgs/share/urg_node_msgs/package.dsv'
[12.794s] INFO:colcon.colcon_core.shell:Creating package script '/home/precag/Documents/ros2-ws/install/urg_node_msgs/share/urg_node_msgs/package.sh'
[12.795s] INFO:colcon.colcon_core.shell:Creating package script '/home/precag/Documents/ros2-ws/install/urg_node_msgs/share/urg_node_msgs/package.bash'
[12.796s] INFO:colcon.colcon_core.shell:Creating package script '/home/precag/Documents/ros2-ws/install/urg_node_msgs/share/urg_node_msgs/package.zsh'
[12.796s] Level 1:colcon.colcon_core.environment:create_file_with_runtime_dependencies(/home/precag/Documents/ros2-ws/install/urg_node_msgs/share/colcon-core/packages/urg_node_msgs)
[13.587s] Level 1:colcon.colcon_core.environment:create_environment_scripts_only(urg_node_msgs)
[13.628s] Level 1:colcon.colcon_core.environment:checking '/home/precag/Documents/ros2-ws/install/urg_node_msgs' for CMake module files
[13.629s] Level 1:colcon.colcon_core.environment:checking '/home/precag/Documents/ros2-ws/install/urg_node_msgs' for CMake config files
[13.630s] Level 1:colcon.colcon_core.shell:create_environment_hook('urg_node_msgs', 'cmake_prefix_path')
[13.661s] INFO:colcon.colcon_core.shell:Creating environment hook '/home/precag/Documents/ros2-ws/install/urg_node_msgs/share/urg_node_msgs/hook/cmake_prefix_path.ps1'
[13.662s] INFO:colcon.colcon_core.shell:Creating environment descriptor '/home/precag/Documents/ros2-ws/install/urg_node_msgs/share/urg_node_msgs/hook/cmake_prefix_path.dsv'
[13.662s] INFO:colcon.colcon_core.shell:Creating environment hook '/home/precag/Documents/ros2-ws/install/urg_node_msgs/share/urg_node_msgs/hook/cmake_prefix_path.sh'
[13.663s] Level 1:colcon.colcon_core.environment:checking '/home/precag/Documents/ros2-ws/install/urg_node_msgs/lib'
[13.663s] Level 1:colcon.colcon_core.shell:create_environment_hook('urg_node_msgs', 'ld_library_path_lib')
[13.696s] INFO:colcon.colcon_core.shell:Creating environment hook '/home/precag/Documents/ros2-ws/install/urg_node_msgs/share/urg_node_msgs/hook/ld_library_path_lib.ps1'
[13.697s] INFO:colcon.colcon_core.shell:Creating environment descriptor '/home/precag/Documents/ros2-ws/install/urg_node_msgs/share/urg_node_msgs/hook/ld_library_path_lib.dsv'
[13.697s] INFO:colcon.colcon_core.shell:Creating environment hook '/home/precag/Documents/ros2-ws/install/urg_node_msgs/share/urg_node_msgs/hook/ld_library_path_lib.sh'
[13.698s] Level 1:colcon.colcon_core.environment:checking '/home/precag/Documents/ros2-ws/install/urg_node_msgs/bin'
[13.698s] Level 1:colcon.colcon_core.environment:checking '/home/precag/Documents/ros2-ws/install/urg_node_msgs/lib/pkgconfig/urg_node_msgs.pc'
[13.699s] Level 1:colcon.colcon_core.environment:checking '/home/precag/Documents/ros2-ws/install/urg_node_msgs/lib/python3.9/site-packages'
[13.699s] Level 1:colcon.colcon_core.environment:checking '/home/precag/Documents/ros2-ws/install/urg_node_msgs/bin'
[13.730s] INFO:colcon.colcon_core.shell:Creating package script '/home/precag/Documents/ros2-ws/install/urg_node_msgs/share/urg_node_msgs/package.ps1'
[13.731s] INFO:colcon.colcon_core.shell:Creating package descriptor '/home/precag/Documents/ros2-ws/install/urg_node_msgs/share/urg_node_msgs/package.dsv'
[13.732s] INFO:colcon.colcon_core.shell:Creating package script '/home/precag/Documents/ros2-ws/install/urg_node_msgs/share/urg_node_msgs/package.sh'
[13.733s] INFO:colcon.colcon_core.shell:Creating package script '/home/precag/Documents/ros2-ws/install/urg_node_msgs/share/urg_node_msgs/package.bash'
[13.733s] INFO:colcon.colcon_core.shell:Creating package script '/home/precag/Documents/ros2-ws/install/urg_node_msgs/share/urg_node_msgs/package.zsh'
[13.734s] Level 1:colcon.colcon_core.environment:create_file_with_runtime_dependencies(/home/precag/Documents/ros2-ws/install/urg_node_msgs/share/colcon-core/packages/urg_node_msgs)
[26.096s] DEBUG:colcon.colcon_core.event_handler.log_command:Invoked command in '/home/precag/Documents/ros2-ws/build/laser_proc' returned '0': CMAKE_PREFIX_PATH=/opt/ros/humble CONDA_PROMPT_MODIFIER=(base) /usr/bin/cmake --build /home/precag/Documents/ros2-ws/build/laser_proc -- -j8 -l8
[26.595s] DEBUG:colcon.colcon_core.event_handler.log_command:Invoking command in '/home/precag/Documents/ros2-ws/build/laser_proc': CMAKE_PREFIX_PATH=/opt/ros/humble CONDA_PROMPT_MODIFIER=(base) /usr/bin/cmake --install /home/precag/Documents/ros2-ws/build/laser_proc
[27.127s] Level 1:colcon.colcon_core.environment:create_environment_scripts_only(laser_proc)
[27.128s] DEBUG:colcon.colcon_core.event_handler.log_command:Invoked command in '/home/precag/Documents/ros2-ws/build/laser_proc' returned '0': CMAKE_PREFIX_PATH=/opt/ros/humble CONDA_PROMPT_MODIFIER=(base) /usr/bin/cmake --install /home/precag/Documents/ros2-ws/build/laser_proc
[27.303s] Level 1:colcon.colcon_core.environment:checking '/home/precag/Documents/ros2-ws/install/laser_proc' for CMake module files
[27.304s] Level 1:colcon.colcon_core.environment:checking '/home/precag/Documents/ros2-ws/install/laser_proc' for CMake config files
[27.305s] Level 1:colcon.colcon_core.shell:create_environment_hook('laser_proc', 'cmake_prefix_path')
[27.335s] INFO:colcon.colcon_core.shell:Creating environment hook '/home/precag/Documents/ros2-ws/install/laser_proc/share/laser_proc/hook/cmake_prefix_path.ps1'
[27.338s] INFO:colcon.colcon_core.shell:Creating environment descriptor '/home/precag/Documents/ros2-ws/install/laser_proc/share/laser_proc/hook/cmake_prefix_path.dsv'
[27.340s] INFO:colcon.colcon_core.shell:Creating environment hook '/home/precag/Documents/ros2-ws/install/laser_proc/share/laser_proc/hook/cmake_prefix_path.sh'
[27.345s] Level 1:colcon.colcon_core.environment:checking '/home/precag/Documents/ros2-ws/install/laser_proc/lib'
[27.345s] Level 1:colcon.colcon_core.shell:create_environment_hook('laser_proc', 'ld_library_path_lib')
[27.408s] INFO:colcon.colcon_core.shell:Creating environment hook '/home/precag/Documents/ros2-ws/install/laser_proc/share/laser_proc/hook/ld_library_path_lib.ps1'
[27.408s] INFO:colcon.colcon_core.shell:Creating environment descriptor '/home/precag/Documents/ros2-ws/install/laser_proc/share/laser_proc/hook/ld_library_path_lib.dsv'
[27.409s] INFO:colcon.colcon_core.shell:Creating environment hook '/home/precag/Documents/ros2-ws/install/laser_proc/share/laser_proc/hook/ld_library_path_lib.sh'
[27.409s] Level 1:colcon.colcon_core.environment:checking '/home/precag/Documents/ros2-ws/install/laser_proc/bin'
[27.409s] Level 1:colcon.colcon_core.environment:checking '/home/precag/Documents/ros2-ws/install/laser_proc/lib/pkgconfig/laser_proc.pc'
[27.410s] Level 1:colcon.colcon_core.environment:checking '/home/precag/Documents/ros2-ws/install/laser_proc/lib/python3.9/site-packages'
[27.411s] Level 1:colcon.colcon_core.environment:checking '/home/precag/Documents/ros2-ws/install/laser_proc/bin'
[27.444s] INFO:colcon.colcon_core.shell:Creating package script '/home/precag/Documents/ros2-ws/install/laser_proc/share/laser_proc/package.ps1'
[27.446s] INFO:colcon.colcon_core.shell:Creating package descriptor '/home/precag/Documents/ros2-ws/install/laser_proc/share/laser_proc/package.dsv'
[27.447s] INFO:colcon.colcon_core.shell:Creating package script '/home/precag/Documents/ros2-ws/install/laser_proc/share/laser_proc/package.sh'
[27.448s] INFO:colcon.colcon_core.shell:Creating package script '/home/precag/Documents/ros2-ws/install/laser_proc/share/laser_proc/package.bash'
[27.449s] INFO:colcon.colcon_core.shell:Creating package script '/home/precag/Documents/ros2-ws/install/laser_proc/share/laser_proc/package.zsh'
[27.451s] Level 1:colcon.colcon_core.environment:create_file_with_runtime_dependencies(/home/precag/Documents/ros2-ws/install/laser_proc/share/colcon-core/packages/laser_proc)
[27.717s] Level 1:colcon.colcon_core.environment:create_environment_scripts_only(laser_proc)
[27.755s] Level 1:colcon.colcon_core.environment:checking '/home/precag/Documents/ros2-ws/install/laser_proc' for CMake module files
[27.772s] Level 1:colcon.colcon_core.environment:checking '/home/precag/Documents/ros2-ws/install/laser_proc' for CMake config files
[27.772s] Level 1:colcon.colcon_core.shell:create_environment_hook('laser_proc', 'cmake_prefix_path')
[27.829s] INFO:colcon.colcon_core.shell:Creating environment hook '/home/precag/Documents/ros2-ws/install/laser_proc/share/laser_proc/hook/cmake_prefix_path.ps1'
[27.829s] INFO:colcon.colcon_core.shell:Creating environment descriptor '/home/precag/Documents/ros2-ws/install/laser_proc/share/laser_proc/hook/cmake_prefix_path.dsv'
[27.830s] INFO:colcon.colcon_core.shell:Creating environment hook '/home/precag/Documents/ros2-ws/install/laser_proc/share/laser_proc/hook/cmake_prefix_path.sh'
[27.831s] Level 1:colcon.colcon_core.environment:checking '/home/precag/Documents/ros2-ws/install/laser_proc/lib'
[27.831s] Level 1:colcon.colcon_core.shell:create_environment_hook('laser_proc', 'ld_library_path_lib')
[27.893s] INFO:colcon.colcon_core.shell:Creating environment hook '/home/precag/Documents/ros2-ws/install/laser_proc/share/laser_proc/hook/ld_library_path_lib.ps1'
[27.894s] INFO:colcon.colcon_core.shell:Creating environment descriptor '/home/precag/Documents/ros2-ws/install/laser_proc/share/laser_proc/hook/ld_library_path_lib.dsv'
[27.895s] INFO:colcon.colcon_core.shell:Creating environment hook '/home/precag/Documents/ros2-ws/install/laser_proc/share/laser_proc/hook/ld_library_path_lib.sh'
[27.895s] Level 1:colcon.colcon_core.environment:checking '/home/precag/Documents/ros2-ws/install/laser_proc/bin'
[27.896s] Level 1:colcon.colcon_core.environment:checking '/home/precag/Documents/ros2-ws/install/laser_proc/lib/pkgconfig/laser_proc.pc'
[27.896s] Level 1:colcon.colcon_core.environment:checking '/home/precag/Documents/ros2-ws/install/laser_proc/lib/python3.9/site-packages'
[27.897s] Level 1:colcon.colcon_core.environment:checking '/home/precag/Documents/ros2-ws/install/laser_proc/bin'
[27.960s] INFO:colcon.colcon_core.shell:Creating package script '/home/precag/Documents/ros2-ws/install/laser_proc/share/laser_proc/package.ps1'
[27.961s] INFO:colcon.colcon_core.shell:Creating package descriptor '/home/precag/Documents/ros2-ws/install/laser_proc/share/laser_proc/package.dsv'
[27.962s] INFO:colcon.colcon_core.shell:Creating package script '/home/precag/Documents/ros2-ws/install/laser_proc/share/laser_proc/package.sh'
[27.963s] INFO:colcon.colcon_core.shell:Creating package script '/home/precag/Documents/ros2-ws/install/laser_proc/share/laser_proc/package.bash'
[27.976s] INFO:colcon.colcon_core.shell:Creating package script '/home/precag/Documents/ros2-ws/install/laser_proc/share/laser_proc/package.zsh'
[27.977s] Level 1:colcon.colcon_core.environment:create_file_with_runtime_dependencies(/home/precag/Documents/ros2-ws/install/laser_proc/share/colcon-core/packages/laser_proc)
[27.984s] INFO:colcon.colcon_ros.task.ament_cmake.build:Building ROS package in '/home/precag/Documents/ros2-ws/src/urg_node' with build type 'ament_cmake'
[27.984s] INFO:colcon.colcon_cmake.task.cmake.build:Building CMake package in '/home/precag/Documents/ros2-ws/src/urg_node'
[28.030s] INFO:colcon.colcon_core.shell:Skip shell extension 'powershell' for command environment: Not usable outside of PowerShell
[28.031s] DEBUG:colcon.colcon_core.shell:Skip shell extension 'dsv' for command environment
[28.372s] DEBUG:colcon.colcon_core.event_handler.log_command:Invoking command in '/home/precag/Documents/ros2-ws/build/urg_node': AMENT_PREFIX_PATH=/home/precag/Documents/ros2-ws/install/urg_node_msgs:/home/precag/Documents/ros2-ws/install/urg_c:/home/precag/Documents/ros2-ws/install/laser_proc:${AMENT_PREFIX_PATH} CMAKE_PREFIX_PATH=/home/precag/Documents/ros2-ws/install/urg_node_msgs:/home/precag/Documents/ros2-ws/install/urg_c:/home/precag/Documents/ros2-ws/install/laser_proc:/opt/ros/humble CONDA_PROMPT_MODIFIER=(base) LD_LIBRARY_PATH=/home/precag/Documents/ros2-ws/install/urg_node_msgs/lib:/home/precag/Documents/ros2-ws/install/urg_c/lib:/home/precag/Documents/ros2-ws/install/laser_proc/lib:/usr/lib/x86_64-linux-gnu/gazebo-11/plugins:/opt/ros/humble/opt/rviz_ogre_vendor/lib:/opt/ros/humble/lib/x86_64-linux-gnu:/opt/ros/humble/lib:/usr/local/cuda/lib64 PATH=/home/precag/Documents/ros2-ws/install/urg_c/bin:${PATH} PYTHONPATH=/home/precag/Documents/ros2-ws/install/urg_node_msgs/local/lib/python3.10/dist-packages:${PYTHONPATH} /usr/bin/cmake /home/precag/Documents/ros2-ws/src/urg_node -DAMENT_CMAKE_SYMLINK_INSTALL=1 -DCMAKE_INSTALL_PREFIX=/home/precag/Documents/ros2-ws/install/urg_node
[35.685s] DEBUG:colcon.colcon_core.event_handler.log_command:Invoked command in '/home/precag/Documents/ros2-ws/build/urg_node' returned '0': AMENT_PREFIX_PATH=/home/precag/Documents/ros2-ws/install/urg_node_msgs:/home/precag/Documents/ros2-ws/install/urg_c:/home/precag/Documents/ros2-ws/install/laser_proc:${AMENT_PREFIX_PATH} CMAKE_PREFIX_PATH=/home/precag/Documents/ros2-ws/install/urg_node_msgs:/home/precag/Documents/ros2-ws/install/urg_c:/home/precag/Documents/ros2-ws/install/laser_proc:/opt/ros/humble CONDA_PROMPT_MODIFIER=(base) LD_LIBRARY_PATH=/home/precag/Documents/ros2-ws/install/urg_node_msgs/lib:/home/precag/Documents/ros2-ws/install/urg_c/lib:/home/precag/Documents/ros2-ws/install/laser_proc/lib:/usr/lib/x86_64-linux-gnu/gazebo-11/plugins:/opt/ros/humble/opt/rviz_ogre_vendor/lib:/opt/ros/humble/lib/x86_64-linux-gnu:/opt/ros/humble/lib:/usr/local/cuda/lib64 PATH=/home/precag/Documents/ros2-ws/install/urg_c/bin:${PATH} PYTHONPATH=/home/precag/Documents/ros2-ws/install/urg_node_msgs/local/lib/python3.10/dist-packages:${PYTHONPATH} /usr/bin/cmake /home/precag/Documents/ros2-ws/src/urg_node -DAMENT_CMAKE_SYMLINK_INSTALL=1 -DCMAKE_INSTALL_PREFIX=/home/precag/Documents/ros2-ws/install/urg_node
[35.687s] DEBUG:colcon.colcon_core.event_handler.log_command:Invoking command in '/home/precag/Documents/ros2-ws/build/urg_node': AMENT_PREFIX_PATH=/home/precag/Documents/ros2-ws/install/urg_node_msgs:/home/precag/Documents/ros2-ws/install/urg_c:/home/precag/Documents/ros2-ws/install/laser_proc:${AMENT_PREFIX_PATH} CMAKE_PREFIX_PATH=/home/precag/Documents/ros2-ws/install/urg_node_msgs:/home/precag/Documents/ros2-ws/install/urg_c:/home/precag/Documents/ros2-ws/install/laser_proc:/opt/ros/humble CONDA_PROMPT_MODIFIER=(base) LD_LIBRARY_PATH=/home/precag/Documents/ros2-ws/install/urg_node_msgs/lib:/home/precag/Documents/ros2-ws/install/urg_c/lib:/home/precag/Documents/ros2-ws/install/laser_proc/lib:/usr/lib/x86_64-linux-gnu/gazebo-11/plugins:/opt/ros/humble/opt/rviz_ogre_vendor/lib:/opt/ros/humble/lib/x86_64-linux-gnu:/opt/ros/humble/lib:/usr/local/cuda/lib64 PATH=/home/precag/Documents/ros2-ws/install/urg_c/bin:${PATH} PYTHONPATH=/home/precag/Documents/ros2-ws/install/urg_node_msgs/local/lib/python3.10/dist-packages:${PYTHONPATH} /usr/bin/cmake --build /home/precag/Documents/ros2-ws/build/urg_node -- -j8 -l8
[59.640s] DEBUG:colcon.colcon_core.event_handler.log_command:Invoked command in '/home/precag/Documents/ros2-ws/build/urg_node' returned '0': AMENT_PREFIX_PATH=/home/precag/Documents/ros2-ws/install/urg_node_msgs:/home/precag/Documents/ros2-ws/install/urg_c:/home/precag/Documents/ros2-ws/install/laser_proc:${AMENT_PREFIX_PATH} CMAKE_PREFIX_PATH=/home/precag/Documents/ros2-ws/install/urg_node_msgs:/home/precag/Documents/ros2-ws/install/urg_c:/home/precag/Documents/ros2-ws/install/laser_proc:/opt/ros/humble CONDA_PROMPT_MODIFIER=(base) LD_LIBRARY_PATH=/home/precag/Documents/ros2-ws/install/urg_node_msgs/lib:/home/precag/Documents/ros2-ws/install/urg_c/lib:/home/precag/Documents/ros2-ws/install/laser_proc/lib:/usr/lib/x86_64-linux-gnu/gazebo-11/plugins:/opt/ros/humble/opt/rviz_ogre_vendor/lib:/opt/ros/humble/lib/x86_64-linux-gnu:/opt/ros/humble/lib:/usr/local/cuda/lib64 PATH=/home/precag/Documents/ros2-ws/install/urg_c/bin:${PATH} PYTHONPATH=/home/precag/Documents/ros2-ws/install/urg_node_msgs/local/lib/python3.10/dist-packages:${PYTHONPATH} /usr/bin/cmake --build /home/precag/Documents/ros2-ws/build/urg_node -- -j8 -l8
[60.144s] DEBUG:colcon.colcon_core.event_handler.log_command:Invoking command in '/home/precag/Documents/ros2-ws/build/urg_node': AMENT_PREFIX_PATH=/home/precag/Documents/ros2-ws/install/urg_node_msgs:/home/precag/Documents/ros2-ws/install/urg_c:/home/precag/Documents/ros2-ws/install/laser_proc:${AMENT_PREFIX_PATH} CMAKE_PREFIX_PATH=/home/precag/Documents/ros2-ws/install/urg_node_msgs:/home/precag/Documents/ros2-ws/install/urg_c:/home/precag/Documents/ros2-ws/install/laser_proc:/opt/ros/humble CONDA_PROMPT_MODIFIER=(base) LD_LIBRARY_PATH=/home/precag/Documents/ros2-ws/install/urg_node_msgs/lib:/home/precag/Documents/ros2-ws/install/urg_c/lib:/home/precag/Documents/ros2-ws/install/laser_proc/lib:/usr/lib/x86_64-linux-gnu/gazebo-11/plugins:/opt/ros/humble/opt/rviz_ogre_vendor/lib:/opt/ros/humble/lib/x86_64-linux-gnu:/opt/ros/humble/lib:/usr/local/cuda/lib64 PATH=/home/precag/Documents/ros2-ws/install/urg_c/bin:${PATH} PYTHONPATH=/home/precag/Documents/ros2-ws/install/urg_node_msgs/local/lib/python3.10/dist-packages:${PYTHONPATH} /usr/bin/cmake --install /home/precag/Documents/ros2-ws/build/urg_node
[61.260s] Level 1:colcon.colcon_core.environment:create_environment_scripts_only(urg_node)
[61.261s] DEBUG:colcon.colcon_core.event_handler.log_command:Invoked command in '/home/precag/Documents/ros2-ws/build/urg_node' returned '0': AMENT_PREFIX_PATH=/home/precag/Documents/ros2-ws/install/urg_node_msgs:/home/precag/Documents/ros2-ws/install/urg_c:/home/precag/Documents/ros2-ws/install/laser_proc:${AMENT_PREFIX_PATH} CMAKE_PREFIX_PATH=/home/precag/Documents/ros2-ws/install/urg_node_msgs:/home/precag/Documents/ros2-ws/install/urg_c:/home/precag/Documents/ros2-ws/install/laser_proc:/opt/ros/humble CONDA_PROMPT_MODIFIER=(base) LD_LIBRARY_PATH=/home/precag/Documents/ros2-ws/install/urg_node_msgs/lib:/home/precag/Documents/ros2-ws/install/urg_c/lib:/home/precag/Documents/ros2-ws/install/laser_proc/lib:/usr/lib/x86_64-linux-gnu/gazebo-11/plugins:/opt/ros/humble/opt/rviz_ogre_vendor/lib:/opt/ros/humble/lib/x86_64-linux-gnu:/opt/ros/humble/lib:/usr/local/cuda/lib64 PATH=/home/precag/Documents/ros2-ws/install/urg_c/bin:${PATH} PYTHONPATH=/home/precag/Documents/ros2-ws/install/urg_node_msgs/local/lib/python3.10/dist-packages:${PYTHONPATH} /usr/bin/cmake --install /home/precag/Documents/ros2-ws/build/urg_node
[61.691s] Level 1:colcon.colcon_core.environment:checking '/home/precag/Documents/ros2-ws/install/urg_node' for CMake module files
[61.692s] Level 1:colcon.colcon_core.environment:checking '/home/precag/Documents/ros2-ws/install/urg_node' for CMake config files
[61.692s] Level 1:colcon.colcon_core.shell:create_environment_hook('urg_node', 'cmake_prefix_path')
[61.751s] INFO:colcon.colcon_core.shell:Creating environment hook '/home/precag/Documents/ros2-ws/install/urg_node/share/urg_node/hook/cmake_prefix_path.ps1'
[61.757s] INFO:colcon.colcon_core.shell:Creating environment descriptor '/home/precag/Documents/ros2-ws/install/urg_node/share/urg_node/hook/cmake_prefix_path.dsv'
[61.758s] INFO:colcon.colcon_core.shell:Creating environment hook '/home/precag/Documents/ros2-ws/install/urg_node/share/urg_node/hook/cmake_prefix_path.sh'
[61.759s] Level 1:colcon.colcon_core.environment:checking '/home/precag/Documents/ros2-ws/install/urg_node/lib'
[61.760s] Level 1:colcon.colcon_core.shell:create_environment_hook('urg_node', 'ld_library_path_lib')
[61.823s] INFO:colcon.colcon_core.shell:Creating environment hook '/home/precag/Documents/ros2-ws/install/urg_node/share/urg_node/hook/ld_library_path_lib.ps1'
[61.824s] INFO:colcon.colcon_core.shell:Creating environment descriptor '/home/precag/Documents/ros2-ws/install/urg_node/share/urg_node/hook/ld_library_path_lib.dsv'
[61.824s] INFO:colcon.colcon_core.shell:Creating environment hook '/home/precag/Documents/ros2-ws/install/urg_node/share/urg_node/hook/ld_library_path_lib.sh'
[61.825s] Level 1:colcon.colcon_core.environment:checking '/home/precag/Documents/ros2-ws/install/urg_node/bin'
[61.825s] Level 1:colcon.colcon_core.environment:checking '/home/precag/Documents/ros2-ws/install/urg_node/lib/pkgconfig/urg_node.pc'
[61.826s] Level 1:colcon.colcon_core.environment:checking '/home/precag/Documents/ros2-ws/install/urg_node/lib/python3.9/site-packages'
[61.826s] Level 1:colcon.colcon_core.environment:checking '/home/precag/Documents/ros2-ws/install/urg_node/bin'
[61.866s] INFO:colcon.colcon_core.shell:Creating package script '/home/precag/Documents/ros2-ws/install/urg_node/share/urg_node/package.ps1'
[61.872s] INFO:colcon.colcon_core.shell:Creating package descriptor '/home/precag/Documents/ros2-ws/install/urg_node/share/urg_node/package.dsv'
[61.873s] INFO:colcon.colcon_core.shell:Creating package script '/home/precag/Documents/ros2-ws/install/urg_node/share/urg_node/package.sh'
[61.883s] INFO:colcon.colcon_core.shell:Creating package script '/home/precag/Documents/ros2-ws/install/urg_node/share/urg_node/package.bash'
[61.886s] INFO:colcon.colcon_core.shell:Creating package script '/home/precag/Documents/ros2-ws/install/urg_node/share/urg_node/package.zsh'
[61.887s] Level 1:colcon.colcon_core.environment:create_file_with_runtime_dependencies(/home/precag/Documents/ros2-ws/install/urg_node/share/colcon-core/packages/urg_node)
[62.413s] Level 1:colcon.colcon_core.environment:create_environment_scripts_only(urg_node)
[62.466s] Level 1:colcon.colcon_core.environment:checking '/home/precag/Documents/ros2-ws/install/urg_node' for CMake module files
[62.467s] Level 1:colcon.colcon_core.environment:checking '/home/precag/Documents/ros2-ws/install/urg_node' for CMake config files
[62.468s] Level 1:colcon.colcon_core.shell:create_environment_hook('urg_node', 'cmake_prefix_path')
[62.534s] INFO:colcon.colcon_core.shell:Creating environment hook '/home/precag/Documents/ros2-ws/install/urg_node/share/urg_node/hook/cmake_prefix_path.ps1'
[62.535s] INFO:colcon.colcon_core.shell:Creating environment descriptor '/home/precag/Documents/ros2-ws/install/urg_node/share/urg_node/hook/cmake_prefix_path.dsv'
[62.535s] INFO:colcon.colcon_core.shell:Creating environment hook '/home/precag/Documents/ros2-ws/install/urg_node/share/urg_node/hook/cmake_prefix_path.sh'
[62.536s] Level 1:colcon.colcon_core.environment:checking '/home/precag/Documents/ros2-ws/install/urg_node/lib'
[62.536s] Level 1:colcon.colcon_core.shell:create_environment_hook('urg_node', 'ld_library_path_lib')
[62.572s] INFO:colcon.colcon_core.shell:Creating environment hook '/home/precag/Documents/ros2-ws/install/urg_node/share/urg_node/hook/ld_library_path_lib.ps1'
[62.573s] INFO:colcon.colcon_core.shell:Creating environment descriptor '/home/precag/Documents/ros2-ws/install/urg_node/share/urg_node/hook/ld_library_path_lib.dsv'
[62.573s] INFO:colcon.colcon_core.shell:Creating environment hook '/home/precag/Documents/ros2-ws/install/urg_node/share/urg_node/hook/ld_library_path_lib.sh'
[62.574s] Level 1:colcon.colcon_core.environment:checking '/home/precag/Documents/ros2-ws/install/urg_node/bin'
[62.574s] Level 1:colcon.colcon_core.environment:checking '/home/precag/Documents/ros2-ws/install/urg_node/lib/pkgconfig/urg_node.pc'
[62.575s] Level 1:colcon.colcon_core.environment:checking '/home/precag/Documents/ros2-ws/install/urg_node/lib/python3.9/site-packages'
[62.576s] Level 1:colcon.colcon_core.environment:checking '/home/precag/Documents/ros2-ws/install/urg_node/bin'
[62.609s] INFO:colcon.colcon_core.shell:Creating package script '/home/precag/Documents/ros2-ws/install/urg_node/share/urg_node/package.ps1'
[62.611s] INFO:colcon.colcon_core.shell:Creating package descriptor '/home/precag/Documents/ros2-ws/install/urg_node/share/urg_node/package.dsv'
[62.612s] INFO:colcon.colcon_core.shell:Creating package script '/home/precag/Documents/ros2-ws/install/urg_node/share/urg_node/package.sh'
[62.616s] INFO:colcon.colcon_core.shell:Creating package script '/home/precag/Documents/ros2-ws/install/urg_node/share/urg_node/package.bash'
[62.617s] INFO:colcon.colcon_core.shell:Creating package script '/home/precag/Documents/ros2-ws/install/urg_node/share/urg_node/package.zsh'
[62.617s] Level 1:colcon.colcon_core.environment:create_file_with_runtime_dependencies(/home/precag/Documents/ros2-ws/install/urg_node/share/colcon-core/packages/urg_node)
[424.976s] DEBUG:colcon.colcon_core.event_handler.log_command:Invoked command in '/home/precag/Documents/ros2-ws/build/rtabmap' returned '0': CMAKE_PREFIX_PATH=/opt/ros/humble CONDA_PROMPT_MODIFIER=(base) /usr/bin/cmake --build /home/precag/Documents/ros2-ws/build/rtabmap -- -j8 -l8
[425.060s] DEBUG:colcon.colcon_core.event_handler.log_command:Invoking command in '/home/precag/Documents/ros2-ws/build/rtabmap': CMAKE_PREFIX_PATH=/opt/ros/humble CONDA_PROMPT_MODIFIER=(base) /usr/bin/cmake --install /home/precag/Documents/ros2-ws/build/rtabmap
[425.143s] DEBUG:colcon.colcon_core.event_handler.log_command:Invoked command in '/home/precag/Documents/ros2-ws/build/rtabmap' returned '0': CMAKE_PREFIX_PATH=/opt/ros/humble CONDA_PROMPT_MODIFIER=(base) /usr/bin/cmake --install /home/precag/Documents/ros2-ws/build/rtabmap
[425.193s] Level 1:colcon.colcon_core.shell:create_environment_hook('rtabmap', 'pkg_config_path')
[425.623s] INFO:colcon.colcon_core.shell:Creating environment hook '/home/precag/Documents/ros2-ws/install/rtabmap/share/rtabmap/hook/pkg_config_path.ps1'
[425.636s] INFO:colcon.colcon_core.shell:Creating environment descriptor '/home/precag/Documents/ros2-ws/install/rtabmap/share/rtabmap/hook/pkg_config_path.dsv'
[425.639s] INFO:colcon.colcon_core.shell:Creating environment hook '/home/precag/Documents/ros2-ws/install/rtabmap/share/rtabmap/hook/pkg_config_path.sh'
[425.646s] Level 1:colcon.colcon_core.shell:create_environment_hook('rtabmap', 'pkg_config_path_multiarch')
[425.663s] INFO:colcon.colcon_core.shell:Creating environment hook '/home/precag/Documents/ros2-ws/install/rtabmap/share/rtabmap/hook/pkg_config_path_multiarch.ps1'
[425.663s] INFO:colcon.colcon_core.shell:Creating environment descriptor '/home/precag/Documents/ros2-ws/install/rtabmap/share/rtabmap/hook/pkg_config_path_multiarch.dsv'
[425.664s] INFO:colcon.colcon_core.shell:Creating environment hook '/home/precag/Documents/ros2-ws/install/rtabmap/share/rtabmap/hook/pkg_config_path_multiarch.sh'
[425.665s] Level 1:colcon.colcon_core.environment:create_environment_scripts_only(rtabmap)
[425.681s] Level 1:colcon.colcon_core.environment:checking '/home/precag/Documents/ros2-ws/install/rtabmap' for CMake module files
[425.682s] Level 1:colcon.colcon_core.environment:checking '/home/precag/Documents/ros2-ws/install/rtabmap' for CMake config files
[425.683s] Level 1:colcon.colcon_core.shell:create_environment_hook('rtabmap', 'cmake_prefix_path')
[425.699s] INFO:colcon.colcon_core.shell:Creating environment hook '/home/precag/Documents/ros2-ws/install/rtabmap/share/rtabmap/hook/cmake_prefix_path.ps1'
[425.699s] INFO:colcon.colcon_core.shell:Creating environment descriptor '/home/precag/Documents/ros2-ws/install/rtabmap/share/rtabmap/hook/cmake_prefix_path.dsv'
[425.700s] INFO:colcon.colcon_core.shell:Creating environment hook '/home/precag/Documents/ros2-ws/install/rtabmap/share/rtabmap/hook/cmake_prefix_path.sh'
[425.703s] Level 1:colcon.colcon_core.environment:checking '/home/precag/Documents/ros2-ws/install/rtabmap/lib'
[425.703s] Level 1:colcon.colcon_core.shell:create_environment_hook('rtabmap', 'ld_library_path_lib')
[425.718s] INFO:colcon.colcon_core.shell:Creating environment hook '/home/precag/Documents/ros2-ws/install/rtabmap/share/rtabmap/hook/ld_library_path_lib.ps1'
[425.718s] INFO:colcon.colcon_core.shell:Creating environment descriptor '/home/precag/Documents/ros2-ws/install/rtabmap/share/rtabmap/hook/ld_library_path_lib.dsv'
[425.719s] INFO:colcon.colcon_core.shell:Creating environment hook '/home/precag/Documents/ros2-ws/install/rtabmap/share/rtabmap/hook/ld_library_path_lib.sh'
[425.719s] Level 1:colcon.colcon_core.environment:checking '/home/precag/Documents/ros2-ws/install/rtabmap/bin'
[425.719s] Level 1:colcon.colcon_core.shell:create_environment_hook('rtabmap', 'path')
[425.734s] INFO:colcon.colcon_core.shell:Creating environment hook '/home/precag/Documents/ros2-ws/install/rtabmap/share/rtabmap/hook/path.ps1'
[425.735s] INFO:colcon.colcon_core.shell:Creating environment descriptor '/home/precag/Documents/ros2-ws/install/rtabmap/share/rtabmap/hook/path.dsv'
[425.735s] INFO:colcon.colcon_core.shell:Creating environment hook '/home/precag/Documents/ros2-ws/install/rtabmap/share/rtabmap/hook/path.sh'
[425.736s] Level 1:colcon.colcon_core.environment:checking '/home/precag/Documents/ros2-ws/install/rtabmap/lib/pkgconfig/rtabmap.pc'
[425.740s] Level 1:colcon.colcon_core.environment:checking '/home/precag/Documents/ros2-ws/install/rtabmap/lib/python3.9/site-packages'
[425.741s] Level 1:colcon.colcon_core.environment:checking '/home/precag/Documents/ros2-ws/install/rtabmap/bin'
[425.741s] Level 1:colcon.colcon_core.shell:create_environment_hook('rtabmap', 'pythonscriptspath')
[425.756s] INFO:colcon.colcon_core.shell:Creating environment hook '/home/precag/Documents/ros2-ws/install/rtabmap/share/rtabmap/hook/pythonscriptspath.ps1'
[425.757s] INFO:colcon.colcon_core.shell:Creating environment descriptor '/home/precag/Documents/ros2-ws/install/rtabmap/share/rtabmap/hook/pythonscriptspath.dsv'
[425.757s] INFO:colcon.colcon_core.shell:Creating environment hook '/home/precag/Documents/ros2-ws/install/rtabmap/share/rtabmap/hook/pythonscriptspath.sh'
[425.774s] INFO:colcon.colcon_core.shell:Creating package script '/home/precag/Documents/ros2-ws/install/rtabmap/share/rtabmap/package.ps1'
[425.776s] INFO:colcon.colcon_core.shell:Creating package descriptor '/home/precag/Documents/ros2-ws/install/rtabmap/share/rtabmap/package.dsv'
[425.777s] INFO:colcon.colcon_core.shell:Creating package script '/home/precag/Documents/ros2-ws/install/rtabmap/share/rtabmap/package.sh'
[425.778s] INFO:colcon.colcon_core.shell:Creating package script '/home/precag/Documents/ros2-ws/install/rtabmap/share/rtabmap/package.bash'
[425.780s] INFO:colcon.colcon_core.shell:Creating package script '/home/precag/Documents/ros2-ws/install/rtabmap/share/rtabmap/package.zsh'
[425.783s] Level 1:colcon.colcon_core.environment:create_file_with_runtime_dependencies(/home/precag/Documents/ros2-ws/install/rtabmap/share/colcon-core/packages/rtabmap)
[425.785s] DEBUG:colcon.colcon_parallel_executor.executor.parallel:closing loop
[425.787s] DEBUG:colcon.colcon_parallel_executor.executor.parallel:loop closed
[425.788s] DEBUG:colcon.colcon_parallel_executor.executor.parallel:run_until_complete finished with '0'
[425.791s] DEBUG:colcon.colcon_core.event_reactor:joining thread
[425.840s] INFO:colcon.colcon_core.plugin_system:Skipping extension 'colcon_notification.desktop_notification.notify2': 'notify2' not found
[425.841s] INFO:colcon.colcon_core.plugin_system:Skipping extension 'colcon_notification.desktop_notification.terminal_notifier': Not used on non-Darwin systems
[425.841s] INFO:colcon.colcon_core.plugin_system:Skipping extension 'colcon_notification.desktop_notification.win32': Not used on non-Windows systems
[425.841s] INFO:colcon.colcon_notification.desktop_notification:Sending desktop notification using 'notify_send'
[426.135s] DEBUG:colcon.colcon_core.event_reactor:joined thread
[426.160s] INFO:colcon.colcon_core.shell:Creating prefix script '/home/precag/Documents/ros2-ws/install/local_setup.ps1'
[426.163s] INFO:colcon.colcon_core.shell:Creating prefix util module '/home/precag/Documents/ros2-ws/install/_local_setup_util_ps1.py'
[426.165s] INFO:colcon.colcon_core.shell:Creating prefix chain script '/home/precag/Documents/ros2-ws/install/setup.ps1'
[426.182s] INFO:colcon.colcon_core.shell:Creating prefix script '/home/precag/Documents/ros2-ws/install/local_setup.sh'
[426.183s] INFO:colcon.colcon_core.shell:Creating prefix util module '/home/precag/Documents/ros2-ws/install/_local_setup_util_sh.py'
[426.183s] INFO:colcon.colcon_core.shell:Creating prefix chain script '/home/precag/Documents/ros2-ws/install/setup.sh'
[426.200s] INFO:colcon.colcon_core.shell:Creating prefix script '/home/precag/Documents/ros2-ws/install/local_setup.bash'
[426.201s] INFO:colcon.colcon_core.shell:Creating prefix chain script '/home/precag/Documents/ros2-ws/install/setup.bash'
[426.217s] INFO:colcon.colcon_core.shell:Creating prefix script '/home/precag/Documents/ros2-ws/install/local_setup.zsh'
[426.218s] INFO:colcon.colcon_core.shell:Creating prefix chain script '/home/precag/Documents/ros2-ws/install/setup.zsh'
