[0.067s] Invoking command in '/home/precag/Documents/ros2-ws/build/urg_node': AMENT_PREFIX_PATH=/home/precag/Documents/ros2-ws/install/urg_node_msgs:/home/precag/Documents/ros2-ws/install/urg_c:/home/precag/Documents/ros2-ws/install/laser_proc:${AMENT_PREFIX_PATH} CMAKE_PREFIX_PATH=/home/precag/Documents/ros2-ws/install/urg_node_msgs:/home/precag/Documents/ros2-ws/install/urg_c:/home/precag/Documents/ros2-ws/install/laser_proc:/opt/ros/humble CONDA_PROMPT_MODIFIER=(base) LD_LIBRARY_PATH=/home/precag/Documents/ros2-ws/install/urg_node_msgs/lib:/home/precag/Documents/ros2-ws/install/urg_c/lib:/home/precag/Documents/ros2-ws/install/laser_proc/lib:/usr/lib/x86_64-linux-gnu/gazebo-11/plugins:/opt/ros/humble/opt/rviz_ogre_vendor/lib:/opt/ros/humble/lib/x86_64-linux-gnu:/opt/ros/humble/lib:/usr/local/cuda/lib64 PATH=/home/precag/Documents/ros2-ws/install/urg_c/bin:${PATH} PYTHONPATH=/home/precag/Documents/ros2-ws/install/urg_node_msgs/local/lib/python3.10/dist-packages:${PYTHONPATH} /usr/bin/cmake /home/precag/Documents/ros2-ws/src/urg_node -DCMAKE_INSTALL_PREFIX=/home/precag/Documents/ros2-ws/install/urg_node
[0.079s] -- Found ament_cmake: 1.3.7 (/opt/ros/humble/share/ament_cmake/cmake)
[0.201s] -- Override CMake install command with custom implementation using symlinks instead of copying resources
[0.214s] -- Found diagnostic_updater: 3.1.2 (/opt/ros/humble/share/diagnostic_updater/cmake)
[0.242s] -- Found rosidl_generator_c: 3.1.5 (/opt/ros/humble/share/rosidl_generator_c/cmake)
[0.245s] -- Found rosidl_adapter: 3.1.5 (/opt/ros/humble/share/rosidl_adapter/cmake)
[0.250s] -- Found rosidl_generator_cpp: 3.1.5 (/opt/ros/humble/share/rosidl_generator_cpp/cmake)
[0.261s] -- Using all available rosidl_typesupport_c: rosidl_typesupport_fastrtps_c;rosidl_typesupport_introspection_c
[0.276s] -- Using all available rosidl_typesupport_cpp: rosidl_typesupport_fastrtps_cpp;rosidl_typesupport_introspection_cpp
[0.438s] -- Found rmw_implementation_cmake: 6.1.1 (/opt/ros/humble/share/rmw_implementation_cmake/cmake)
[0.439s] -- Found rmw_fastrtps_cpp: 6.2.6 (/opt/ros/humble/share/rmw_fastrtps_cpp/cmake)
[0.555s] -- Using RMW implementation 'rmw_fastrtps_cpp' as default
[0.693s] -- Found laser_proc: 1.0.2 (/home/precag/Documents/ros2-ws/install/laser_proc/share/laser_proc/cmake)
[0.819s] -- Found rclcpp_components: 16.0.8 (/opt/ros/humble/share/rclcpp_components/cmake)
[0.874s] -- Found std_srvs: 4.2.3 (/opt/ros/humble/share/std_srvs/cmake)
[0.895s] -- Found urg_c: 1.0.4001 (/home/precag/Documents/ros2-ws/install/urg_c/share/urg_c/cmake)
[0.896s] -- Found urg_node_msgs: 1.0.1 (/home/precag/Documents/ros2-ws/install/urg_node_msgs/share/urg_node_msgs/cmake)
[0.962s] -- Found ament_lint_auto: 0.12.10 (/opt/ros/humble/share/ament_lint_auto/cmake)
[1.047s] -- Added test 'cppcheck' to perform static code analysis on C / C++ code
[1.048s] -- Configured cppcheck include dirs: $<BUILD_INTERFACE:/home/precag/Documents/ros2-ws/src/urg_node/include>
[1.048s] -- Configured cppcheck exclude dirs and/or files: 
[1.051s] -- Added test 'cpplint' to check C / C++ code against the Google style
[1.051s] -- Configured cpplint exclude dirs and/or files: 
[1.051s] -- Added test 'flake8' to check Python code syntax and style conventions
[1.052s] -- Added test 'lint_cmake' to check CMake code style
[1.053s] -- Added test 'pep257' to check Python code against some of the docstring style conventions in PEP 257
[1.056s] -- Added test 'uncrustify' to check C / C++ code style
[1.056s] -- Configured uncrustify additional arguments: 
[1.056s] -- Added test 'xmllint' to check XML markup files
[1.060s] -- Configuring done
[1.128s] -- Generating done
[1.129s] -- Build files have been written to: /home/precag/Documents/ros2-ws/build/urg_node
[1.140s] Invoked command in '/home/precag/Documents/ros2-ws/build/urg_node' returned '0': AMENT_PREFIX_PATH=/home/precag/Documents/ros2-ws/install/urg_node_msgs:/home/precag/Documents/ros2-ws/install/urg_c:/home/precag/Documents/ros2-ws/install/laser_proc:${AMENT_PREFIX_PATH} CMAKE_PREFIX_PATH=/home/precag/Documents/ros2-ws/install/urg_node_msgs:/home/precag/Documents/ros2-ws/install/urg_c:/home/precag/Documents/ros2-ws/install/laser_proc:/opt/ros/humble CONDA_PROMPT_MODIFIER=(base) LD_LIBRARY_PATH=/home/precag/Documents/ros2-ws/install/urg_node_msgs/lib:/home/precag/Documents/ros2-ws/install/urg_c/lib:/home/precag/Documents/ros2-ws/install/laser_proc/lib:/usr/lib/x86_64-linux-gnu/gazebo-11/plugins:/opt/ros/humble/opt/rviz_ogre_vendor/lib:/opt/ros/humble/lib/x86_64-linux-gnu:/opt/ros/humble/lib:/usr/local/cuda/lib64 PATH=/home/precag/Documents/ros2-ws/install/urg_c/bin:${PATH} PYTHONPATH=/home/precag/Documents/ros2-ws/install/urg_node_msgs/local/lib/python3.10/dist-packages:${PYTHONPATH} /usr/bin/cmake /home/precag/Documents/ros2-ws/src/urg_node -DCMAKE_INSTALL_PREFIX=/home/precag/Documents/ros2-ws/install/urg_node
[1.143s] Invoking command in '/home/precag/Documents/ros2-ws/build/urg_node': AMENT_PREFIX_PATH=/home/precag/Documents/ros2-ws/install/urg_node_msgs:/home/precag/Documents/ros2-ws/install/urg_c:/home/precag/Documents/ros2-ws/install/laser_proc:${AMENT_PREFIX_PATH} CMAKE_PREFIX_PATH=/home/precag/Documents/ros2-ws/install/urg_node_msgs:/home/precag/Documents/ros2-ws/install/urg_c:/home/precag/Documents/ros2-ws/install/laser_proc:/opt/ros/humble CONDA_PROMPT_MODIFIER=(base) LD_LIBRARY_PATH=/home/precag/Documents/ros2-ws/install/urg_node_msgs/lib:/home/precag/Documents/ros2-ws/install/urg_c/lib:/home/precag/Documents/ros2-ws/install/laser_proc/lib:/usr/lib/x86_64-linux-gnu/gazebo-11/plugins:/opt/ros/humble/opt/rviz_ogre_vendor/lib:/opt/ros/humble/lib/x86_64-linux-gnu:/opt/ros/humble/lib:/usr/local/cuda/lib64 PATH=/home/precag/Documents/ros2-ws/install/urg_c/bin:${PATH} PYTHONPATH=/home/precag/Documents/ros2-ws/install/urg_node_msgs/local/lib/python3.10/dist-packages:${PYTHONPATH} /usr/bin/cmake --build /home/precag/Documents/ros2-ws/build/urg_node -- -j8 -l8
[1.182s] [35m[1mConsolidate compiler generated dependencies of target urg_node_driver[0m
[1.184s] [35m[1mConsolidate compiler generated dependencies of target urg_node[0m
[1.200s] [ 28%] Built target urg_node_driver
[1.208s] [ 71%] Built target urg_node
[1.218s] [35m[1mConsolidate compiler generated dependencies of target getID[0m
[1.236s] [100%] Built target getID
[1.246s] Invoked command in '/home/precag/Documents/ros2-ws/build/urg_node' returned '0': AMENT_PREFIX_PATH=/home/precag/Documents/ros2-ws/install/urg_node_msgs:/home/precag/Documents/ros2-ws/install/urg_c:/home/precag/Documents/ros2-ws/install/laser_proc:${AMENT_PREFIX_PATH} CMAKE_PREFIX_PATH=/home/precag/Documents/ros2-ws/install/urg_node_msgs:/home/precag/Documents/ros2-ws/install/urg_c:/home/precag/Documents/ros2-ws/install/laser_proc:/opt/ros/humble CONDA_PROMPT_MODIFIER=(base) LD_LIBRARY_PATH=/home/precag/Documents/ros2-ws/install/urg_node_msgs/lib:/home/precag/Documents/ros2-ws/install/urg_c/lib:/home/precag/Documents/ros2-ws/install/laser_proc/lib:/usr/lib/x86_64-linux-gnu/gazebo-11/plugins:/opt/ros/humble/opt/rviz_ogre_vendor/lib:/opt/ros/humble/lib/x86_64-linux-gnu:/opt/ros/humble/lib:/usr/local/cuda/lib64 PATH=/home/precag/Documents/ros2-ws/install/urg_c/bin:${PATH} PYTHONPATH=/home/precag/Documents/ros2-ws/install/urg_node_msgs/local/lib/python3.10/dist-packages:${PYTHONPATH} /usr/bin/cmake --build /home/precag/Documents/ros2-ws/build/urg_node -- -j8 -l8
[1.281s] Invoking command in '/home/precag/Documents/ros2-ws/build/urg_node': AMENT_PREFIX_PATH=/home/precag/Documents/ros2-ws/install/urg_node_msgs:/home/precag/Documents/ros2-ws/install/urg_c:/home/precag/Documents/ros2-ws/install/laser_proc:${AMENT_PREFIX_PATH} CMAKE_PREFIX_PATH=/home/precag/Documents/ros2-ws/install/urg_node_msgs:/home/precag/Documents/ros2-ws/install/urg_c:/home/precag/Documents/ros2-ws/install/laser_proc:/opt/ros/humble CONDA_PROMPT_MODIFIER=(base) LD_LIBRARY_PATH=/home/precag/Documents/ros2-ws/install/urg_node_msgs/lib:/home/precag/Documents/ros2-ws/install/urg_c/lib:/home/precag/Documents/ros2-ws/install/laser_proc/lib:/usr/lib/x86_64-linux-gnu/gazebo-11/plugins:/opt/ros/humble/opt/rviz_ogre_vendor/lib:/opt/ros/humble/lib/x86_64-linux-gnu:/opt/ros/humble/lib:/usr/local/cuda/lib64 PATH=/home/precag/Documents/ros2-ws/install/urg_c/bin:${PATH} PYTHONPATH=/home/precag/Documents/ros2-ws/install/urg_node_msgs/local/lib/python3.10/dist-packages:${PYTHONPATH} /usr/bin/cmake --install /home/precag/Documents/ros2-ws/build/urg_node
[1.288s] -- Install configuration: ""
[1.288s] -- Execute custom install script
[1.288s] -- Up-to-date symlink: /home/precag/Documents/ros2-ws/install/urg_node/lib/urg_node/urg_node_driver
[1.289s] -- Up-to-date symlink: /home/precag/Documents/ros2-ws/install/urg_node/lib/liburg_node.so
[1.289s] -- Up-to-date symlink: /home/precag/Documents/ros2-ws/install/urg_node/lib/urg_node/getID
[1.289s] -- Up-to-date symlink: /home/precag/Documents/ros2-ws/install/urg_node/include/urg_node/urg_c_wrapper.hpp
[1.289s] -- Up-to-date symlink: /home/precag/Documents/ros2-ws/install/urg_node/include/urg_node/urg_node.hpp
[1.289s] -- Up-to-date symlink: /home/precag/Documents/ros2-ws/install/urg_node/lib/urg_node/set_urg_ip.py
[1.290s] -- Up-to-date symlink: /home/precag/Documents/ros2-ws/install/urg_node/share/urg_node/launch/hokuyo_laser.urdf
[1.290s] -- Up-to-date symlink: /home/precag/Documents/ros2-ws/install/urg_node/share/urg_node/launch/urg_lidar.launch
[1.290s] -- Up-to-date symlink: /home/precag/Documents/ros2-ws/install/urg_node/share/urg_node/launch/urg_node_ethernet.yaml
[1.290s] -- Up-to-date symlink: /home/precag/Documents/ros2-ws/install/urg_node/share/urg_node/launch/urg_node_launch.py
[1.290s] -- Up-to-date symlink: /home/precag/Documents/ros2-ws/install/urg_node/share/urg_node/launch/urg_node_serial.yaml
[1.291s] -- Up-to-date symlink: /home/precag/Documents/ros2-ws/install/urg_node/share/urg_node/meshes/hokuyo_ust10.stl
[1.291s] -- Up-to-date symlink: /home/precag/Documents/ros2-ws/install/urg_node/share/urg_node/urdf/hokuyo_ust10.urdf.xacro
[1.291s] -- Up-to-date symlink: /home/precag/Documents/ros2-ws/install/urg_node/share/urg_node/environment/library_path.sh
[1.291s] -- Up-to-date symlink: /home/precag/Documents/ros2-ws/install/urg_node/share/urg_node/environment/library_path.dsv
[1.291s] -- Up-to-date symlink: /home/precag/Documents/ros2-ws/install/urg_node/share/ament_index/resource_index/package_run_dependencies/urg_node
[1.291s] -- Up-to-date symlink: /home/precag/Documents/ros2-ws/install/urg_node/share/ament_index/resource_index/parent_prefix_path/urg_node
[1.291s] -- Up-to-date symlink: /home/precag/Documents/ros2-ws/install/urg_node/share/urg_node/environment/ament_prefix_path.sh
[1.292s] -- Up-to-date symlink: /home/precag/Documents/ros2-ws/install/urg_node/share/urg_node/environment/ament_prefix_path.dsv
[1.292s] -- Up-to-date symlink: /home/precag/Documents/ros2-ws/install/urg_node/share/urg_node/environment/path.sh
[1.292s] -- Up-to-date symlink: /home/precag/Documents/ros2-ws/install/urg_node/share/urg_node/environment/path.dsv
[1.292s] -- Up-to-date symlink: /home/precag/Documents/ros2-ws/install/urg_node/share/urg_node/local_setup.bash
[1.292s] -- Up-to-date symlink: /home/precag/Documents/ros2-ws/install/urg_node/share/urg_node/local_setup.sh
[1.292s] -- Up-to-date symlink: /home/precag/Documents/ros2-ws/install/urg_node/share/urg_node/local_setup.zsh
[1.292s] -- Up-to-date symlink: /home/precag/Documents/ros2-ws/install/urg_node/share/urg_node/local_setup.dsv
[1.293s] -- Symlinking: /home/precag/Documents/ros2-ws/install/urg_node/share/urg_node/package.dsv
[1.301s] -- Up-to-date symlink: /home/precag/Documents/ros2-ws/install/urg_node/share/ament_index/resource_index/packages/urg_node
[1.301s] -- Up-to-date symlink: /home/precag/Documents/ros2-ws/install/urg_node/share/ament_index/resource_index/rclcpp_components/urg_node
[1.301s] -- Up-to-date symlink: /home/precag/Documents/ros2-ws/install/urg_node/share/urg_node/cmake/ament_cmake_export_dependencies-extras.cmake
[1.302s] -- Up-to-date symlink: /home/precag/Documents/ros2-ws/install/urg_node/share/urg_node/cmake/ament_cmake_export_include_directories-extras.cmake
[1.302s] -- Up-to-date symlink: /home/precag/Documents/ros2-ws/install/urg_node/share/urg_node/cmake/ament_cmake_export_libraries-extras.cmake
[1.302s] -- Up-to-date symlink: /home/precag/Documents/ros2-ws/install/urg_node/share/urg_node/cmake/urg_nodeConfig.cmake
[1.302s] -- Up-to-date symlink: /home/precag/Documents/ros2-ws/install/urg_node/share/urg_node/cmake/urg_nodeConfig-version.cmake
[1.302s] -- Up-to-date symlink: /home/precag/Documents/ros2-ws/install/urg_node/share/urg_node/package.xml
[1.304s] Invoked command in '/home/precag/Documents/ros2-ws/build/urg_node' returned '0': AMENT_PREFIX_PATH=/home/precag/Documents/ros2-ws/install/urg_node_msgs:/home/precag/Documents/ros2-ws/install/urg_c:/home/precag/Documents/ros2-ws/install/laser_proc:${AMENT_PREFIX_PATH} CMAKE_PREFIX_PATH=/home/precag/Documents/ros2-ws/install/urg_node_msgs:/home/precag/Documents/ros2-ws/install/urg_c:/home/precag/Documents/ros2-ws/install/laser_proc:/opt/ros/humble CONDA_PROMPT_MODIFIER=(base) LD_LIBRARY_PATH=/home/precag/Documents/ros2-ws/install/urg_node_msgs/lib:/home/precag/Documents/ros2-ws/install/urg_c/lib:/home/precag/Documents/ros2-ws/install/laser_proc/lib:/usr/lib/x86_64-linux-gnu/gazebo-11/plugins:/opt/ros/humble/opt/rviz_ogre_vendor/lib:/opt/ros/humble/lib/x86_64-linux-gnu:/opt/ros/humble/lib:/usr/local/cuda/lib64 PATH=/home/precag/Documents/ros2-ws/install/urg_c/bin:${PATH} PYTHONPATH=/home/precag/Documents/ros2-ws/install/urg_node_msgs/local/lib/python3.10/dist-packages:${PYTHONPATH} /usr/bin/cmake --install /home/precag/Documents/ros2-ws/build/urg_node
