[0.184s] Invoking command in '/home/precag/Documents/ros2-ws/build/urg_c': CMAKE_PREFIX_PATH=/opt/ros/humble CONDA_PROMPT_MODIFIER=(base) /usr/bin/cmake --build /home/precag/Documents/ros2-ws/build/urg_c -- -j8 -l8
[0.241s] [35m[1mConsolidate compiler generated dependencies of target urg_c[0m
[0.263s] [ 29%] Built target urg_c
[0.279s] [35m[1mConsolidate compiler generated dependencies of target open_urg_sensor[0m
[0.300s] [ 35%] Built target open_urg_sensor
[0.332s] [35m[1mConsolidate compiler generated dependencies of target get_distance[0m
[0.334s] [35m[1mConsolidate compiler generated dependencies of target angle_convert_test[0m
[0.338s] [35m[1mConsolidate compiler generated dependencies of target get_multiecho[0m
[0.339s] [35m[1mConsolidate compiler generated dependencies of target calculate_xy[0m
[0.341s] [35m[1mConsolidate compiler generated dependencies of target get_distance_intensity[0m
[0.342s] [35m[1mConsolidate compiler generated dependencies of target get_multiecho_intensity[0m
[0.342s] [35m[1mConsolidate compiler generated dependencies of target find_port[0m
[0.347s] [35m[1mConsolidate compiler generated dependencies of target reboot_test[0m
[0.355s] [ 41%] Built target get_distance
[0.358s] [ 47%] Built target get_distance_intensity
[0.362s] [ 52%] Built target angle_convert_test
[0.366s] [ 58%] Built target calculate_xy
[0.370s] [ 64%] Built target find_port
[0.371s] [ 70%] Built target get_multiecho_intensity
[0.391s] [ 76%] Built target get_multiecho
[0.392s] [ 82%] Built target reboot_test
[0.392s] [35m[1mConsolidate compiler generated dependencies of target sensor_parameter[0m
[0.392s] [35m[1mConsolidate compiler generated dependencies of target sync_time_stamp[0m
[0.397s] [35m[1mConsolidate compiler generated dependencies of target timeout_test[0m
[0.407s] [ 88%] Built target sync_time_stamp
[0.407s] [ 94%] Built target sensor_parameter
[0.414s] [100%] Built target timeout_test
[0.439s] Invoked command in '/home/precag/Documents/ros2-ws/build/urg_c' returned '0': CMAKE_PREFIX_PATH=/opt/ros/humble CONDA_PROMPT_MODIFIER=(base) /usr/bin/cmake --build /home/precag/Documents/ros2-ws/build/urg_c -- -j8 -l8
[0.598s] Invoking command in '/home/precag/Documents/ros2-ws/build/urg_c': CMAKE_PREFIX_PATH=/opt/ros/humble CONDA_PROMPT_MODIFIER=(base) /usr/bin/cmake --install /home/precag/Documents/ros2-ws/build/urg_c
[0.608s] -- Install configuration: ""
[0.609s] -- Execute custom install script
[0.609s] -- Up-to-date symlink: /home/precag/Documents/ros2-ws/install/urg_c/lib/liburg_c.so
[0.610s] -- Up-to-date symlink: /home/precag/Documents/ros2-ws/install/urg_c/lib/libopen_urg_sensor.a
[0.610s] -- Up-to-date symlink: /home/precag/Documents/ros2-ws/install/urg_c/bin/angle_convert_test
[0.611s] -- Up-to-date symlink: /home/precag/Documents/ros2-ws/install/urg_c/bin/calculate_xy
[0.611s] -- Up-to-date symlink: /home/precag/Documents/ros2-ws/install/urg_c/bin/find_port
[0.611s] -- Up-to-date symlink: /home/precag/Documents/ros2-ws/install/urg_c/bin/get_distance
[0.611s] -- Up-to-date symlink: /home/precag/Documents/ros2-ws/install/urg_c/bin/get_distance_intensity
[0.612s] -- Up-to-date symlink: /home/precag/Documents/ros2-ws/install/urg_c/bin/get_multiecho
[0.612s] -- Up-to-date symlink: /home/precag/Documents/ros2-ws/install/urg_c/bin/get_multiecho_intensity
[0.612s] -- Up-to-date symlink: /home/precag/Documents/ros2-ws/install/urg_c/bin/reboot_test
[0.612s] -- Up-to-date symlink: /home/precag/Documents/ros2-ws/install/urg_c/bin/sensor_parameter
[0.613s] -- Up-to-date symlink: /home/precag/Documents/ros2-ws/install/urg_c/bin/sync_time_stamp
[0.613s] -- Up-to-date symlink: /home/precag/Documents/ros2-ws/install/urg_c/bin/timeout_test
[0.614s] -- Up-to-date symlink: /home/precag/Documents/ros2-ws/install/urg_c/include/urg_c/urg_connection.h
[0.614s] -- Up-to-date symlink: /home/precag/Documents/ros2-ws/install/urg_c/include/urg_c/urg_debug.h
[0.615s] -- Up-to-date symlink: /home/precag/Documents/ros2-ws/install/urg_c/include/urg_c/urg_detect_os.h
[0.615s] -- Up-to-date symlink: /home/precag/Documents/ros2-ws/install/urg_c/include/urg_c/urg_errno.h
[0.615s] -- Up-to-date symlink: /home/precag/Documents/ros2-ws/install/urg_c/include/urg_c/urg_ring_buffer.h
[0.616s] -- Up-to-date symlink: /home/precag/Documents/ros2-ws/install/urg_c/include/urg_c/urg_sensor.h
[0.616s] -- Up-to-date symlink: /home/precag/Documents/ros2-ws/install/urg_c/include/urg_c/urg_serial.h
[0.617s] -- Up-to-date symlink: /home/precag/Documents/ros2-ws/install/urg_c/include/urg_c/urg_serial_utils.h
[0.617s] -- Up-to-date symlink: /home/precag/Documents/ros2-ws/install/urg_c/include/urg_c/urg_tcpclient.h
[0.618s] -- Up-to-date symlink: /home/precag/Documents/ros2-ws/install/urg_c/include/urg_c/urg_time.h
[0.618s] -- Up-to-date symlink: /home/precag/Documents/ros2-ws/install/urg_c/include/urg_c/urg_utils.h
[0.619s] -- Up-to-date symlink: /home/precag/Documents/ros2-ws/install/urg_c/share/urg_c/environment/library_path.sh
[0.619s] -- Up-to-date symlink: /home/precag/Documents/ros2-ws/install/urg_c/share/urg_c/environment/library_path.dsv
[0.620s] -- Up-to-date symlink: /home/precag/Documents/ros2-ws/install/urg_c/share/ament_index/resource_index/package_run_dependencies/urg_c
[0.620s] -- Up-to-date symlink: /home/precag/Documents/ros2-ws/install/urg_c/share/ament_index/resource_index/parent_prefix_path/urg_c
[0.621s] -- Up-to-date symlink: /home/precag/Documents/ros2-ws/install/urg_c/share/urg_c/environment/ament_prefix_path.sh
[0.621s] -- Up-to-date symlink: /home/precag/Documents/ros2-ws/install/urg_c/share/urg_c/environment/ament_prefix_path.dsv
[0.621s] -- Up-to-date symlink: /home/precag/Documents/ros2-ws/install/urg_c/share/urg_c/environment/path.sh
[0.622s] -- Up-to-date symlink: /home/precag/Documents/ros2-ws/install/urg_c/share/urg_c/environment/path.dsv
[0.622s] -- Up-to-date symlink: /home/precag/Documents/ros2-ws/install/urg_c/share/urg_c/local_setup.bash
[0.622s] -- Up-to-date symlink: /home/precag/Documents/ros2-ws/install/urg_c/share/urg_c/local_setup.sh
[0.623s] -- Up-to-date symlink: /home/precag/Documents/ros2-ws/install/urg_c/share/urg_c/local_setup.zsh
[0.623s] -- Up-to-date symlink: /home/precag/Documents/ros2-ws/install/urg_c/share/urg_c/local_setup.dsv
[0.623s] -- Symlinking: /home/precag/Documents/ros2-ws/install/urg_c/share/urg_c/package.dsv
[0.635s] -- Up-to-date symlink: /home/precag/Documents/ros2-ws/install/urg_c/share/ament_index/resource_index/packages/urg_c
[0.636s] -- Up-to-date symlink: /home/precag/Documents/ros2-ws/install/urg_c/share/urg_c/cmake/ament_cmake_export_include_directories-extras.cmake
[0.636s] -- Up-to-date symlink: /home/precag/Documents/ros2-ws/install/urg_c/share/urg_c/cmake/ament_cmake_export_libraries-extras.cmake
[0.637s] -- Up-to-date symlink: /home/precag/Documents/ros2-ws/install/urg_c/share/urg_c/cmake/urg_cConfig.cmake
[0.638s] -- Up-to-date symlink: /home/precag/Documents/ros2-ws/install/urg_c/share/urg_c/cmake/urg_cConfig-version.cmake
[0.638s] -- Up-to-date symlink: /home/precag/Documents/ros2-ws/install/urg_c/share/urg_c/package.xml
[0.727s] Invoked command in '/home/precag/Documents/ros2-ws/build/urg_c' returned '0': CMAKE_PREFIX_PATH=/opt/ros/humble CONDA_PROMPT_MODIFIER=(base) /usr/bin/cmake --install /home/precag/Documents/ros2-ws/build/urg_c
