[3.464s] DEBUG:colcon:Command line arguments: ['/home/precag/anaconda3/bin/colcon', 'build', '--symlink-install']
[3.464s] DEBUG:colcon:Parsed command line arguments: Namespace(log_base=None, log_level=None, verb_name='build', build_base='build', install_base='install', merge_install=False, symlink_install=True, test_result_base=None, continue_on_error=False, executor='parallel', parallel_workers=8, event_handlers=None, ignore_user_meta=False, metas=['./colcon.meta'], base_paths=['.'], packages_ignore=None, packages_ignore_regex=None, paths=None, packages_up_to=None, packages_up_to_regex=None, packages_above=None, packages_above_and_dependencies=None, packages_above_depth=None, packages_select_by_dep=None, packages_skip_by_dep=None, packages_skip_up_to=None, packages_select_build_failed=False, packages_skip_build_finished=False, packages_select_test_failures=False, packages_skip_test_passed=False, packages_select=None, packages_skip=None, packages_select_regex=None, packages_skip_regex=None, packages_start=None, packages_end=None, cmake_args=None, cmake_target=None, cmake_target_skip_unavailable=False, cmake_clean_cache=False, cmake_clean_first=False, cmake_force_configure=False, ament_cmake_args=None, catkin_cmake_args=None, catkin_skip_building_tests=False, verb_parser=<colcon_defaults.argument_parser.defaults.DefaultArgumentsDecorator object at 0x7f808e68f0a0>, verb_extension=<colcon_core.verb.build.BuildVerb object at 0x7f808e84fcd0>, main=<bound method BuildVerb.main of <colcon_core.verb.build.BuildVerb object at 0x7f808e84fcd0>>)
[3.590s] Level 1:colcon.colcon_core.package_discovery:discover_packages(colcon_meta) check parameters
[3.590s] Level 1:colcon.colcon_core.package_discovery:discover_packages(recursive) check parameters
[3.590s] Level 1:colcon.colcon_core.package_discovery:discover_packages(ignore) check parameters
[3.590s] Level 1:colcon.colcon_core.package_discovery:discover_packages(path) check parameters
[3.590s] Level 1:colcon.colcon_core.package_discovery:discover_packages(colcon_meta) discover
[3.590s] Level 1:colcon.colcon_core.package_discovery:discover_packages(recursive) discover
[3.590s] INFO:colcon.colcon_core.package_discovery:Crawling recursively for packages in '/home/precag/Documents/ros2-ws'
[3.590s] Level 1:colcon.colcon_core.package_identification:_identify(.) by extensions ['ignore', 'ignore_ament_install']
[3.590s] Level 1:colcon.colcon_core.package_identification:_identify(.) by extension 'ignore'
[3.590s] Level 1:colcon.colcon_core.package_identification:_identify(.) by extension 'ignore_ament_install'
[3.590s] Level 1:colcon.colcon_core.package_identification:_identify(.) by extensions ['colcon_pkg']
[3.590s] Level 1:colcon.colcon_core.package_identification:_identify(.) by extension 'colcon_pkg'
[3.590s] Level 1:colcon.colcon_core.package_identification:_identify(.) by extensions ['colcon_meta']
[3.590s] Level 1:colcon.colcon_core.package_identification:_identify(.) by extension 'colcon_meta'
[3.590s] Level 1:colcon.colcon_core.package_identification:_identify(.) by extensions ['ros']
[3.590s] Level 1:colcon.colcon_core.package_identification:_identify(.) by extension 'ros'
[3.607s] Level 1:colcon.colcon_core.package_identification:_identify(.) by extensions ['cmake', 'python']
[3.607s] Level 1:colcon.colcon_core.package_identification:_identify(.) by extension 'cmake'
[3.607s] Level 1:colcon.colcon_core.package_identification:_identify(.) by extension 'python'
[3.607s] Level 1:colcon.colcon_core.package_identification:_identify(.) by extensions ['python_setup_py']
[3.607s] Level 1:colcon.colcon_core.package_identification:_identify(.) by extension 'python_setup_py'
[3.608s] Level 1:colcon.colcon_core.package_identification:_identify(build) by extensions ['ignore', 'ignore_ament_install']
[3.608s] Level 1:colcon.colcon_core.package_identification:_identify(build) by extension 'ignore'
[3.608s] Level 1:colcon.colcon_core.package_identification:_identify(build) ignored
[3.608s] Level 1:colcon.colcon_core.package_identification:_identify(install) by extensions ['ignore', 'ignore_ament_install']
[3.608s] Level 1:colcon.colcon_core.package_identification:_identify(install) by extension 'ignore'
[3.608s] Level 1:colcon.colcon_core.package_identification:_identify(install) ignored
[3.608s] Level 1:colcon.colcon_core.package_identification:_identify(log) by extensions ['ignore', 'ignore_ament_install']
[3.608s] Level 1:colcon.colcon_core.package_identification:_identify(log) by extension 'ignore'
[3.608s] Level 1:colcon.colcon_core.package_identification:_identify(log) ignored
[3.608s] Level 1:colcon.colcon_core.package_identification:_identify(src) by extensions ['ignore', 'ignore_ament_install']
[3.608s] Level 1:colcon.colcon_core.package_identification:_identify(src) by extension 'ignore'
[3.608s] Level 1:colcon.colcon_core.package_identification:_identify(src) by extension 'ignore_ament_install'
[3.608s] Level 1:colcon.colcon_core.package_identification:_identify(src) by extensions ['colcon_pkg']
[3.608s] Level 1:colcon.colcon_core.package_identification:_identify(src) by extension 'colcon_pkg'
[3.608s] Level 1:colcon.colcon_core.package_identification:_identify(src) by extensions ['colcon_meta']
[3.608s] Level 1:colcon.colcon_core.package_identification:_identify(src) by extension 'colcon_meta'
[3.608s] Level 1:colcon.colcon_core.package_identification:_identify(src) by extensions ['ros']
[3.609s] Level 1:colcon.colcon_core.package_identification:_identify(src) by extension 'ros'
[3.609s] Level 1:colcon.colcon_core.package_identification:_identify(src) by extensions ['cmake', 'python']
[3.609s] Level 1:colcon.colcon_core.package_identification:_identify(src) by extension 'cmake'
[3.609s] Level 1:colcon.colcon_core.package_identification:_identify(src) by extension 'python'
[3.609s] Level 1:colcon.colcon_core.package_identification:_identify(src) by extensions ['python_setup_py']
[3.609s] Level 1:colcon.colcon_core.package_identification:_identify(src) by extension 'python_setup_py'
[3.609s] Level 1:colcon.colcon_core.package_identification:_identify(src/laser_proc) by extensions ['ignore', 'ignore_ament_install']
[3.609s] Level 1:colcon.colcon_core.package_identification:_identify(src/laser_proc) by extension 'ignore'
[3.609s] Level 1:colcon.colcon_core.package_identification:_identify(src/laser_proc) by extension 'ignore_ament_install'
[3.609s] Level 1:colcon.colcon_core.package_identification:_identify(src/laser_proc) by extensions ['colcon_pkg']
[3.609s] Level 1:colcon.colcon_core.package_identification:_identify(src/laser_proc) by extension 'colcon_pkg'
[3.609s] Level 1:colcon.colcon_core.package_identification:_identify(src/laser_proc) by extensions ['colcon_meta']
[3.609s] Level 1:colcon.colcon_core.package_identification:_identify(src/laser_proc) by extension 'colcon_meta'
[3.609s] Level 1:colcon.colcon_core.package_identification:_identify(src/laser_proc) by extensions ['ros']
[3.609s] Level 1:colcon.colcon_core.package_identification:_identify(src/laser_proc) by extension 'ros'
[3.611s] DEBUG:colcon.colcon_core.package_identification:Package 'src/laser_proc' with type 'ros.ament_cmake' and name 'laser_proc'
[3.611s] Level 1:colcon.colcon_core.package_identification:_identify(src/lidar_cartographer) by extensions ['ignore', 'ignore_ament_install']
[3.612s] Level 1:colcon.colcon_core.package_identification:_identify(src/lidar_cartographer) by extension 'ignore'
[3.612s] Level 1:colcon.colcon_core.package_identification:_identify(src/lidar_cartographer) by extension 'ignore_ament_install'
[3.612s] Level 1:colcon.colcon_core.package_identification:_identify(src/lidar_cartographer) by extensions ['colcon_pkg']
[3.612s] Level 1:colcon.colcon_core.package_identification:_identify(src/lidar_cartographer) by extension 'colcon_pkg'
[3.612s] Level 1:colcon.colcon_core.package_identification:_identify(src/lidar_cartographer) by extensions ['colcon_meta']
[3.612s] Level 1:colcon.colcon_core.package_identification:_identify(src/lidar_cartographer) by extension 'colcon_meta'
[3.612s] Level 1:colcon.colcon_core.package_identification:_identify(src/lidar_cartographer) by extensions ['ros']
[3.612s] Level 1:colcon.colcon_core.package_identification:_identify(src/lidar_cartographer) by extension 'ros'
[3.612s] DEBUG:colcon.colcon_core.package_identification:Package 'src/lidar_cartographer' with type 'ros.ament_cmake' and name 'lidar_cartographer'
[3.612s] Level 1:colcon.colcon_core.package_identification:_identify(src/rtabmap) by extensions ['ignore', 'ignore_ament_install']
[3.612s] Level 1:colcon.colcon_core.package_identification:_identify(src/rtabmap) by extension 'ignore'
[3.612s] Level 1:colcon.colcon_core.package_identification:_identify(src/rtabmap) by extension 'ignore_ament_install'
[3.612s] Level 1:colcon.colcon_core.package_identification:_identify(src/rtabmap) by extensions ['colcon_pkg']
[3.613s] Level 1:colcon.colcon_core.package_identification:_identify(src/rtabmap) by extension 'colcon_pkg'
[3.613s] Level 1:colcon.colcon_core.package_identification:_identify(src/rtabmap) by extensions ['colcon_meta']
[3.613s] Level 1:colcon.colcon_core.package_identification:_identify(src/rtabmap) by extension 'colcon_meta'
[3.613s] Level 1:colcon.colcon_core.package_identification:_identify(src/rtabmap) by extensions ['ros']
[3.613s] Level 1:colcon.colcon_core.package_identification:_identify(src/rtabmap) by extension 'ros'
[3.614s] DEBUG:colcon.colcon_core.package_identification:Package 'src/rtabmap' with type 'ros.cmake' and name 'rtabmap'
[3.614s] Level 1:colcon.colcon_core.package_identification:_identify(src/urg_c) by extensions ['ignore', 'ignore_ament_install']
[3.614s] Level 1:colcon.colcon_core.package_identification:_identify(src/urg_c) by extension 'ignore'
[3.614s] Level 1:colcon.colcon_core.package_identification:_identify(src/urg_c) by extension 'ignore_ament_install'
[3.614s] Level 1:colcon.colcon_core.package_identification:_identify(src/urg_c) by extensions ['colcon_pkg']
[3.614s] Level 1:colcon.colcon_core.package_identification:_identify(src/urg_c) by extension 'colcon_pkg'
[3.614s] Level 1:colcon.colcon_core.package_identification:_identify(src/urg_c) by extensions ['colcon_meta']
[3.614s] Level 1:colcon.colcon_core.package_identification:_identify(src/urg_c) by extension 'colcon_meta'
[3.614s] Level 1:colcon.colcon_core.package_identification:_identify(src/urg_c) by extensions ['ros']
[3.614s] Level 1:colcon.colcon_core.package_identification:_identify(src/urg_c) by extension 'ros'
[3.615s] DEBUG:colcon.colcon_core.package_identification:Package 'src/urg_c' with type 'ros.ament_cmake' and name 'urg_c'
[3.615s] Level 1:colcon.colcon_core.package_identification:_identify(src/urg_node) by extensions ['ignore', 'ignore_ament_install']
[3.615s] Level 1:colcon.colcon_core.package_identification:_identify(src/urg_node) by extension 'ignore'
[3.615s] Level 1:colcon.colcon_core.package_identification:_identify(src/urg_node) by extension 'ignore_ament_install'
[3.615s] Level 1:colcon.colcon_core.package_identification:_identify(src/urg_node) by extensions ['colcon_pkg']
[3.615s] Level 1:colcon.colcon_core.package_identification:_identify(src/urg_node) by extension 'colcon_pkg'
[3.615s] Level 1:colcon.colcon_core.package_identification:_identify(src/urg_node) by extensions ['colcon_meta']
[3.615s] Level 1:colcon.colcon_core.package_identification:_identify(src/urg_node) by extension 'colcon_meta'
[3.615s] Level 1:colcon.colcon_core.package_identification:_identify(src/urg_node) by extensions ['ros']
[3.615s] Level 1:colcon.colcon_core.package_identification:_identify(src/urg_node) by extension 'ros'
[3.616s] DEBUG:colcon.colcon_core.package_identification:Package 'src/urg_node' with type 'ros.ament_cmake' and name 'urg_node'
[3.617s] Level 1:colcon.colcon_core.package_identification:_identify(src/urg_node_msgs) by extensions ['ignore', 'ignore_ament_install']
[3.617s] Level 1:colcon.colcon_core.package_identification:_identify(src/urg_node_msgs) by extension 'ignore'
[3.617s] Level 1:colcon.colcon_core.package_identification:_identify(src/urg_node_msgs) by extension 'ignore_ament_install'
[3.617s] Level 1:colcon.colcon_core.package_identification:_identify(src/urg_node_msgs) by extensions ['colcon_pkg']
[3.617s] Level 1:colcon.colcon_core.package_identification:_identify(src/urg_node_msgs) by extension 'colcon_pkg'
[3.617s] Level 1:colcon.colcon_core.package_identification:_identify(src/urg_node_msgs) by extensions ['colcon_meta']
[3.617s] Level 1:colcon.colcon_core.package_identification:_identify(src/urg_node_msgs) by extension 'colcon_meta'
[3.617s] Level 1:colcon.colcon_core.package_identification:_identify(src/urg_node_msgs) by extensions ['ros']
[3.617s] Level 1:colcon.colcon_core.package_identification:_identify(src/urg_node_msgs) by extension 'ros'
[3.618s] DEBUG:colcon.colcon_core.package_identification:Package 'src/urg_node_msgs' with type 'ros.ament_cmake' and name 'urg_node_msgs'
[3.618s] Level 1:colcon.colcon_core.package_discovery:discover_packages(recursive) using defaults
[3.618s] Level 1:colcon.colcon_core.package_discovery:discover_packages(ignore) discover
[3.618s] Level 1:colcon.colcon_core.package_discovery:discover_packages(ignore) using defaults
[3.618s] Level 1:colcon.colcon_core.package_discovery:discover_packages(path) discover
[3.618s] Level 1:colcon.colcon_core.package_discovery:discover_packages(path) using defaults
[3.697s] Level 5:colcon.colcon_core.verb:set package 'laser_proc' build argument 'cmake_args' from command line to 'None'
[3.697s] Level 5:colcon.colcon_core.verb:set package 'laser_proc' build argument 'cmake_target' from command line to 'None'
[3.697s] Level 5:colcon.colcon_core.verb:set package 'laser_proc' build argument 'cmake_target_skip_unavailable' from command line to 'False'
[3.697s] Level 5:colcon.colcon_core.verb:set package 'laser_proc' build argument 'cmake_clean_cache' from command line to 'False'
[3.697s] Level 5:colcon.colcon_core.verb:set package 'laser_proc' build argument 'cmake_clean_first' from command line to 'False'
[3.697s] Level 5:colcon.colcon_core.verb:set package 'laser_proc' build argument 'cmake_force_configure' from command line to 'False'
[3.697s] Level 5:colcon.colcon_core.verb:set package 'laser_proc' build argument 'ament_cmake_args' from command line to 'None'
[3.697s] Level 5:colcon.colcon_core.verb:set package 'laser_proc' build argument 'catkin_cmake_args' from command line to 'None'
[3.697s] Level 5:colcon.colcon_core.verb:set package 'laser_proc' build argument 'catkin_skip_building_tests' from command line to 'False'
[3.697s] DEBUG:colcon.colcon_core.verb:Building package 'laser_proc' with the following arguments: {'ament_cmake_args': None, 'build_base': '/home/precag/Documents/ros2-ws/build/laser_proc', 'catkin_cmake_args': None, 'catkin_skip_building_tests': False, 'cmake_args': None, 'cmake_clean_cache': False, 'cmake_clean_first': False, 'cmake_force_configure': False, 'cmake_target': None, 'cmake_target_skip_unavailable': False, 'install_base': '/home/precag/Documents/ros2-ws/install/laser_proc', 'merge_install': False, 'path': '/home/precag/Documents/ros2-ws/src/laser_proc', 'symlink_install': True, 'test_result_base': None}
[3.713s] Level 5:colcon.colcon_core.verb:set package 'lidar_cartographer' build argument 'cmake_args' from command line to 'None'
[3.713s] Level 5:colcon.colcon_core.verb:set package 'lidar_cartographer' build argument 'cmake_target' from command line to 'None'
[3.713s] Level 5:colcon.colcon_core.verb:set package 'lidar_cartographer' build argument 'cmake_target_skip_unavailable' from command line to 'False'
[3.713s] Level 5:colcon.colcon_core.verb:set package 'lidar_cartographer' build argument 'cmake_clean_cache' from command line to 'False'
[3.713s] Level 5:colcon.colcon_core.verb:set package 'lidar_cartographer' build argument 'cmake_clean_first' from command line to 'False'
[3.713s] Level 5:colcon.colcon_core.verb:set package 'lidar_cartographer' build argument 'cmake_force_configure' from command line to 'False'
[3.713s] Level 5:colcon.colcon_core.verb:set package 'lidar_cartographer' build argument 'ament_cmake_args' from command line to 'None'
[3.713s] Level 5:colcon.colcon_core.verb:set package 'lidar_cartographer' build argument 'catkin_cmake_args' from command line to 'None'
[3.713s] Level 5:colcon.colcon_core.verb:set package 'lidar_cartographer' build argument 'catkin_skip_building_tests' from command line to 'False'
[3.713s] DEBUG:colcon.colcon_core.verb:Building package 'lidar_cartographer' with the following arguments: {'ament_cmake_args': None, 'build_base': '/home/precag/Documents/ros2-ws/build/lidar_cartographer', 'catkin_cmake_args': None, 'catkin_skip_building_tests': False, 'cmake_args': None, 'cmake_clean_cache': False, 'cmake_clean_first': False, 'cmake_force_configure': False, 'cmake_target': None, 'cmake_target_skip_unavailable': False, 'install_base': '/home/precag/Documents/ros2-ws/install/lidar_cartographer', 'merge_install': False, 'path': '/home/precag/Documents/ros2-ws/src/lidar_cartographer', 'symlink_install': True, 'test_result_base': None}
[3.728s] Level 5:colcon.colcon_core.verb:set package 'rtabmap' build argument 'cmake_args' from command line to 'None'
[3.728s] Level 5:colcon.colcon_core.verb:set package 'rtabmap' build argument 'cmake_target' from command line to 'None'
[3.728s] Level 5:colcon.colcon_core.verb:set package 'rtabmap' build argument 'cmake_target_skip_unavailable' from command line to 'False'
[3.728s] Level 5:colcon.colcon_core.verb:set package 'rtabmap' build argument 'cmake_clean_cache' from command line to 'False'
[3.729s] Level 5:colcon.colcon_core.verb:set package 'rtabmap' build argument 'cmake_clean_first' from command line to 'False'
[3.729s] Level 5:colcon.colcon_core.verb:set package 'rtabmap' build argument 'cmake_force_configure' from command line to 'False'
[3.729s] Level 5:colcon.colcon_core.verb:set package 'rtabmap' build argument 'ament_cmake_args' from command line to 'None'
[3.729s] Level 5:colcon.colcon_core.verb:set package 'rtabmap' build argument 'catkin_cmake_args' from command line to 'None'
[3.729s] Level 5:colcon.colcon_core.verb:set package 'rtabmap' build argument 'catkin_skip_building_tests' from command line to 'False'
[3.729s] DEBUG:colcon.colcon_core.verb:Building package 'rtabmap' with the following arguments: {'ament_cmake_args': None, 'build_base': '/home/precag/Documents/ros2-ws/build/rtabmap', 'catkin_cmake_args': None, 'catkin_skip_building_tests': False, 'cmake_args': None, 'cmake_clean_cache': False, 'cmake_clean_first': False, 'cmake_force_configure': False, 'cmake_target': None, 'cmake_target_skip_unavailable': False, 'install_base': '/home/precag/Documents/ros2-ws/install/rtabmap', 'merge_install': False, 'path': '/home/precag/Documents/ros2-ws/src/rtabmap', 'symlink_install': True, 'test_result_base': None}
[3.743s] Level 5:colcon.colcon_core.verb:set package 'urg_c' build argument 'cmake_args' from command line to 'None'
[3.743s] Level 5:colcon.colcon_core.verb:set package 'urg_c' build argument 'cmake_target' from command line to 'None'
[3.743s] Level 5:colcon.colcon_core.verb:set package 'urg_c' build argument 'cmake_target_skip_unavailable' from command line to 'False'
[3.744s] Level 5:colcon.colcon_core.verb:set package 'urg_c' build argument 'cmake_clean_cache' from command line to 'False'
[3.744s] Level 5:colcon.colcon_core.verb:set package 'urg_c' build argument 'cmake_clean_first' from command line to 'False'
[3.744s] Level 5:colcon.colcon_core.verb:set package 'urg_c' build argument 'cmake_force_configure' from command line to 'False'
[3.744s] Level 5:colcon.colcon_core.verb:set package 'urg_c' build argument 'ament_cmake_args' from command line to 'None'
[3.744s] Level 5:colcon.colcon_core.verb:set package 'urg_c' build argument 'catkin_cmake_args' from command line to 'None'
[3.744s] Level 5:colcon.colcon_core.verb:set package 'urg_c' build argument 'catkin_skip_building_tests' from command line to 'False'
[3.744s] DEBUG:colcon.colcon_core.verb:Building package 'urg_c' with the following arguments: {'ament_cmake_args': None, 'build_base': '/home/precag/Documents/ros2-ws/build/urg_c', 'catkin_cmake_args': None, 'catkin_skip_building_tests': False, 'cmake_args': None, 'cmake_clean_cache': False, 'cmake_clean_first': False, 'cmake_force_configure': False, 'cmake_target': None, 'cmake_target_skip_unavailable': False, 'install_base': '/home/precag/Documents/ros2-ws/install/urg_c', 'merge_install': False, 'path': '/home/precag/Documents/ros2-ws/src/urg_c', 'symlink_install': True, 'test_result_base': None}
[3.760s] Level 5:colcon.colcon_core.verb:set package 'urg_node_msgs' build argument 'cmake_args' from command line to 'None'
[3.760s] Level 5:colcon.colcon_core.verb:set package 'urg_node_msgs' build argument 'cmake_target' from command line to 'None'
[3.760s] Level 5:colcon.colcon_core.verb:set package 'urg_node_msgs' build argument 'cmake_target_skip_unavailable' from command line to 'False'
[3.760s] Level 5:colcon.colcon_core.verb:set package 'urg_node_msgs' build argument 'cmake_clean_cache' from command line to 'False'
[3.760s] Level 5:colcon.colcon_core.verb:set package 'urg_node_msgs' build argument 'cmake_clean_first' from command line to 'False'
[3.760s] Level 5:colcon.colcon_core.verb:set package 'urg_node_msgs' build argument 'cmake_force_configure' from command line to 'False'
[3.760s] Level 5:colcon.colcon_core.verb:set package 'urg_node_msgs' build argument 'ament_cmake_args' from command line to 'None'
[3.760s] Level 5:colcon.colcon_core.verb:set package 'urg_node_msgs' build argument 'catkin_cmake_args' from command line to 'None'
[3.760s] Level 5:colcon.colcon_core.verb:set package 'urg_node_msgs' build argument 'catkin_skip_building_tests' from command line to 'False'
[3.760s] DEBUG:colcon.colcon_core.verb:Building package 'urg_node_msgs' with the following arguments: {'ament_cmake_args': None, 'build_base': '/home/precag/Documents/ros2-ws/build/urg_node_msgs', 'catkin_cmake_args': None, 'catkin_skip_building_tests': False, 'cmake_args': None, 'cmake_clean_cache': False, 'cmake_clean_first': False, 'cmake_force_configure': False, 'cmake_target': None, 'cmake_target_skip_unavailable': False, 'install_base': '/home/precag/Documents/ros2-ws/install/urg_node_msgs', 'merge_install': False, 'path': '/home/precag/Documents/ros2-ws/src/urg_node_msgs', 'symlink_install': True, 'test_result_base': None}
[3.777s] Level 5:colcon.colcon_core.verb:set package 'urg_node' build argument 'cmake_args' from command line to 'None'
[3.777s] Level 5:colcon.colcon_core.verb:set package 'urg_node' build argument 'cmake_target' from command line to 'None'
[3.777s] Level 5:colcon.colcon_core.verb:set package 'urg_node' build argument 'cmake_target_skip_unavailable' from command line to 'False'
[3.777s] Level 5:colcon.colcon_core.verb:set package 'urg_node' build argument 'cmake_clean_cache' from command line to 'False'
[3.777s] Level 5:colcon.colcon_core.verb:set package 'urg_node' build argument 'cmake_clean_first' from command line to 'False'
[3.777s] Level 5:colcon.colcon_core.verb:set package 'urg_node' build argument 'cmake_force_configure' from command line to 'False'
[3.777s] Level 5:colcon.colcon_core.verb:set package 'urg_node' build argument 'ament_cmake_args' from command line to 'None'
[3.777s] Level 5:colcon.colcon_core.verb:set package 'urg_node' build argument 'catkin_cmake_args' from command line to 'None'
[3.777s] Level 5:colcon.colcon_core.verb:set package 'urg_node' build argument 'catkin_skip_building_tests' from command line to 'False'
[3.777s] DEBUG:colcon.colcon_core.verb:Building package 'urg_node' with the following arguments: {'ament_cmake_args': None, 'build_base': '/home/precag/Documents/ros2-ws/build/urg_node', 'catkin_cmake_args': None, 'catkin_skip_building_tests': False, 'cmake_args': None, 'cmake_clean_cache': False, 'cmake_clean_first': False, 'cmake_force_configure': False, 'cmake_target': None, 'cmake_target_skip_unavailable': False, 'install_base': '/home/precag/Documents/ros2-ws/install/urg_node', 'merge_install': False, 'path': '/home/precag/Documents/ros2-ws/src/urg_node', 'symlink_install': True, 'test_result_base': None}
[3.799s] INFO:colcon.colcon_core.executor:Executing jobs using 'parallel' executor
[3.821s] DEBUG:colcon.colcon_parallel_executor.executor.parallel:run_until_complete
[3.821s] INFO:colcon.colcon_ros.task.ament_cmake.build:Building ROS package in '/home/precag/Documents/ros2-ws/src/laser_proc' with build type 'ament_cmake'
[3.821s] INFO:colcon.colcon_cmake.task.cmake.build:Building CMake package in '/home/precag/Documents/ros2-ws/src/laser_proc'
[3.838s] INFO:colcon.colcon_core.plugin_system:Skipping extension 'colcon_core.shell.bat': Not used on non-Windows systems
[3.839s] INFO:colcon.colcon_core.shell:Skip shell extension 'powershell' for command environment: Not usable outside of PowerShell
[3.839s] DEBUG:colcon.colcon_core.shell:Skip shell extension 'dsv' for command environment
[3.874s] INFO:colcon.colcon_ros.task.ament_cmake.build:Building ROS package in '/home/precag/Documents/ros2-ws/src/urg_c' with build type 'ament_cmake'
[3.875s] INFO:colcon.colcon_cmake.task.cmake.build:Building CMake package in '/home/precag/Documents/ros2-ws/src/urg_c'
[3.892s] INFO:colcon.colcon_core.shell:Skip shell extension 'powershell' for command environment: Not usable outside of PowerShell
[3.892s] DEBUG:colcon.colcon_core.shell:Skip shell extension 'dsv' for command environment
[3.932s] INFO:colcon.colcon_ros.task.ament_cmake.build:Building ROS package in '/home/precag/Documents/ros2-ws/src/urg_node_msgs' with build type 'ament_cmake'
[3.932s] INFO:colcon.colcon_cmake.task.cmake.build:Building CMake package in '/home/precag/Documents/ros2-ws/src/urg_node_msgs'
[3.950s] INFO:colcon.colcon_core.shell:Skip shell extension 'powershell' for command environment: Not usable outside of PowerShell
[3.950s] DEBUG:colcon.colcon_core.shell:Skip shell extension 'dsv' for command environment
[3.984s] INFO:colcon.colcon_ros.task.ament_cmake.build:Building ROS package in '/home/precag/Documents/ros2-ws/src/lidar_cartographer' with build type 'ament_cmake'
[3.985s] INFO:colcon.colcon_cmake.task.cmake.build:Building CMake package in '/home/precag/Documents/ros2-ws/src/lidar_cartographer'
[4.001s] INFO:colcon.colcon_core.shell:Skip shell extension 'powershell' for command environment: Not usable outside of PowerShell
[4.001s] DEBUG:colcon.colcon_core.shell:Skip shell extension 'dsv' for command environment
[4.038s] INFO:colcon.colcon_ros.task.cmake.build:Building ROS package in '/home/precag/Documents/ros2-ws/src/rtabmap' with build type 'cmake'
[4.038s] INFO:colcon.colcon_cmake.task.cmake.build:Building CMake package in '/home/precag/Documents/ros2-ws/src/rtabmap'
[4.057s] INFO:colcon.colcon_core.shell:Skip shell extension 'powershell' for command environment: Not usable outside of PowerShell
[4.057s] DEBUG:colcon.colcon_core.shell:Skip shell extension 'dsv' for command environment
[4.098s] DEBUG:colcon.colcon_core.event_handler.log_command:Invoking command in '/home/precag/Documents/ros2-ws/build/laser_proc': CMAKE_PREFIX_PATH=/opt/ros/humble CONDA_PROMPT_MODIFIER=(base) /usr/bin/cmake /home/precag/Documents/ros2-ws/src/laser_proc -DAMENT_CMAKE_SYMLINK_INSTALL=1 -DCMAKE_INSTALL_PREFIX=/home/precag/Documents/ros2-ws/install/laser_proc
[4.103s] DEBUG:colcon.colcon_core.event_handler.log_command:Invoking command in '/home/precag/Documents/ros2-ws/build/urg_c': CMAKE_PREFIX_PATH=/opt/ros/humble CONDA_PROMPT_MODIFIER=(base) /usr/bin/cmake /home/precag/Documents/ros2-ws/src/urg_c -DAMENT_CMAKE_SYMLINK_INSTALL=1 -DCMAKE_INSTALL_PREFIX=/home/precag/Documents/ros2-ws/install/urg_c
[4.108s] DEBUG:colcon.colcon_core.event_handler.log_command:Invoking command in '/home/precag/Documents/ros2-ws/build/urg_node_msgs': CMAKE_PREFIX_PATH=/opt/ros/humble CONDA_PROMPT_MODIFIER=(base) /usr/bin/cmake /home/precag/Documents/ros2-ws/src/urg_node_msgs -DAMENT_CMAKE_SYMLINK_INSTALL=1 -DCMAKE_INSTALL_PREFIX=/home/precag/Documents/ros2-ws/install/urg_node_msgs
[4.115s] DEBUG:colcon.colcon_core.event_handler.log_command:Invoking command in '/home/precag/Documents/ros2-ws/build/lidar_cartographer': CMAKE_PREFIX_PATH=/opt/ros/humble CONDA_PROMPT_MODIFIER=(base) /usr/bin/cmake /home/precag/Documents/ros2-ws/src/lidar_cartographer -DAMENT_CMAKE_SYMLINK_INSTALL=1 -DCMAKE_INSTALL_PREFIX=/home/precag/Documents/ros2-ws/install/lidar_cartographer
[4.122s] DEBUG:colcon.colcon_core.event_handler.log_command:Invoking command in '/home/precag/Documents/ros2-ws/build/rtabmap': CMAKE_PREFIX_PATH=/opt/ros/humble CONDA_PROMPT_MODIFIER=(base) /usr/bin/cmake --build /home/precag/Documents/ros2-ws/build/rtabmap -- -j8 -l8
[4.449s] DEBUG:colcon.colcon_core.event_handler.log_command:Invoked command in '/home/precag/Documents/ros2-ws/build/lidar_cartographer' returned '0': CMAKE_PREFIX_PATH=/opt/ros/humble CONDA_PROMPT_MODIFIER=(base) /usr/bin/cmake /home/precag/Documents/ros2-ws/src/lidar_cartographer -DAMENT_CMAKE_SYMLINK_INSTALL=1 -DCMAKE_INSTALL_PREFIX=/home/precag/Documents/ros2-ws/install/lidar_cartographer
[4.454s] DEBUG:colcon.colcon_core.event_handler.log_command:Invoking command in '/home/precag/Documents/ros2-ws/build/lidar_cartographer': CMAKE_PREFIX_PATH=/opt/ros/humble CONDA_PROMPT_MODIFIER=(base) /usr/bin/cmake --build /home/precag/Documents/ros2-ws/build/lidar_cartographer -- -j8 -l8
[4.456s] DEBUG:colcon.colcon_core.event_handler.log_command:Invoked command in '/home/precag/Documents/ros2-ws/build/urg_c' returned '0': CMAKE_PREFIX_PATH=/opt/ros/humble CONDA_PROMPT_MODIFIER=(base) /usr/bin/cmake /home/precag/Documents/ros2-ws/src/urg_c -DAMENT_CMAKE_SYMLINK_INSTALL=1 -DCMAKE_INSTALL_PREFIX=/home/precag/Documents/ros2-ws/install/urg_c
[4.460s] DEBUG:colcon.colcon_core.event_handler.log_command:Invoking command in '/home/precag/Documents/ros2-ws/build/urg_c': CMAKE_PREFIX_PATH=/opt/ros/humble CONDA_PROMPT_MODIFIER=(base) /usr/bin/cmake --build /home/precag/Documents/ros2-ws/build/urg_c -- -j8 -l8
[4.523s] DEBUG:colcon.colcon_core.event_handler.log_command:Invoked command in '/home/precag/Documents/ros2-ws/build/lidar_cartographer' returned '0': CMAKE_PREFIX_PATH=/opt/ros/humble CONDA_PROMPT_MODIFIER=(base) /usr/bin/cmake --build /home/precag/Documents/ros2-ws/build/lidar_cartographer -- -j8 -l8
[4.634s] DEBUG:colcon.colcon_core.event_handler.log_command:Invoking command in '/home/precag/Documents/ros2-ws/build/lidar_cartographer': CMAKE_PREFIX_PATH=/opt/ros/humble CONDA_PROMPT_MODIFIER=(base) /usr/bin/cmake --install /home/precag/Documents/ros2-ws/build/lidar_cartographer
[4.685s] Level 1:colcon.colcon_core.environment:create_environment_scripts_only(lidar_cartographer)
[4.691s] DEBUG:colcon.colcon_core.event_handler.log_command:Invoked command in '/home/precag/Documents/ros2-ws/build/lidar_cartographer' returned '0': CMAKE_PREFIX_PATH=/opt/ros/humble CONDA_PROMPT_MODIFIER=(base) /usr/bin/cmake --install /home/precag/Documents/ros2-ws/build/lidar_cartographer
[4.729s] Level 1:colcon.colcon_core.environment:checking '/home/precag/Documents/ros2-ws/install/lidar_cartographer' for CMake module files
[4.730s] Level 1:colcon.colcon_core.environment:checking '/home/precag/Documents/ros2-ws/install/lidar_cartographer' for CMake config files
[4.732s] Level 1:colcon.colcon_core.shell:create_environment_hook('lidar_cartographer', 'cmake_prefix_path')
[4.755s] INFO:colcon.colcon_core.shell:Creating environment hook '/home/precag/Documents/ros2-ws/install/lidar_cartographer/share/lidar_cartographer/hook/cmake_prefix_path.ps1'
[4.757s] INFO:colcon.colcon_core.shell:Creating environment descriptor '/home/precag/Documents/ros2-ws/install/lidar_cartographer/share/lidar_cartographer/hook/cmake_prefix_path.dsv'
[4.758s] INFO:colcon.colcon_core.shell:Creating environment hook '/home/precag/Documents/ros2-ws/install/lidar_cartographer/share/lidar_cartographer/hook/cmake_prefix_path.sh'
[4.760s] Level 1:colcon.colcon_core.environment:checking '/home/precag/Documents/ros2-ws/install/lidar_cartographer/bin'
[4.760s] Level 1:colcon.colcon_core.environment:checking '/home/precag/Documents/ros2-ws/install/lidar_cartographer/lib/pkgconfig/lidar_cartographer.pc'
[4.761s] Level 1:colcon.colcon_core.environment:checking '/home/precag/Documents/ros2-ws/install/lidar_cartographer/lib/python3.9/site-packages'
[4.762s] Level 1:colcon.colcon_core.environment:checking '/home/precag/Documents/ros2-ws/install/lidar_cartographer/bin'
[4.787s] INFO:colcon.colcon_core.shell:Creating package script '/home/precag/Documents/ros2-ws/install/lidar_cartographer/share/lidar_cartographer/package.ps1'
[4.789s] INFO:colcon.colcon_core.shell:Creating package descriptor '/home/precag/Documents/ros2-ws/install/lidar_cartographer/share/lidar_cartographer/package.dsv'
[4.790s] INFO:colcon.colcon_core.shell:Creating package script '/home/precag/Documents/ros2-ws/install/lidar_cartographer/share/lidar_cartographer/package.sh'
[4.791s] INFO:colcon.colcon_core.shell:Creating package script '/home/precag/Documents/ros2-ws/install/lidar_cartographer/share/lidar_cartographer/package.bash'
[4.792s] INFO:colcon.colcon_core.shell:Creating package script '/home/precag/Documents/ros2-ws/install/lidar_cartographer/share/lidar_cartographer/package.zsh'
[4.793s] Level 1:colcon.colcon_core.environment:create_file_with_runtime_dependencies(/home/precag/Documents/ros2-ws/install/lidar_cartographer/share/colcon-core/packages/lidar_cartographer)
[4.799s] DEBUG:colcon.colcon_core.event_handler.log_command:Invoked command in '/home/precag/Documents/ros2-ws/build/urg_c' returned '0': CMAKE_PREFIX_PATH=/opt/ros/humble CONDA_PROMPT_MODIFIER=(base) /usr/bin/cmake --build /home/precag/Documents/ros2-ws/build/urg_c -- -j8 -l8
[4.853s] Level 1:colcon.colcon_core.environment:create_environment_scripts_only(lidar_cartographer)
[4.879s] Level 1:colcon.colcon_core.environment:checking '/home/precag/Documents/ros2-ws/install/lidar_cartographer' for CMake module files
[4.880s] Level 1:colcon.colcon_core.environment:checking '/home/precag/Documents/ros2-ws/install/lidar_cartographer' for CMake config files
[4.881s] Level 1:colcon.colcon_core.shell:create_environment_hook('lidar_cartographer', 'cmake_prefix_path')
[4.914s] INFO:colcon.colcon_core.shell:Creating environment hook '/home/precag/Documents/ros2-ws/install/lidar_cartographer/share/lidar_cartographer/hook/cmake_prefix_path.ps1'
[4.915s] INFO:colcon.colcon_core.shell:Creating environment descriptor '/home/precag/Documents/ros2-ws/install/lidar_cartographer/share/lidar_cartographer/hook/cmake_prefix_path.dsv'
[4.915s] INFO:colcon.colcon_core.shell:Creating environment hook '/home/precag/Documents/ros2-ws/install/lidar_cartographer/share/lidar_cartographer/hook/cmake_prefix_path.sh'
[4.916s] Level 1:colcon.colcon_core.environment:checking '/home/precag/Documents/ros2-ws/install/lidar_cartographer/bin'
[4.917s] Level 1:colcon.colcon_core.environment:checking '/home/precag/Documents/ros2-ws/install/lidar_cartographer/lib/pkgconfig/lidar_cartographer.pc'
[4.917s] Level 1:colcon.colcon_core.environment:checking '/home/precag/Documents/ros2-ws/install/lidar_cartographer/lib/python3.9/site-packages'
[4.918s] Level 1:colcon.colcon_core.environment:checking '/home/precag/Documents/ros2-ws/install/lidar_cartographer/bin'
[4.951s] INFO:colcon.colcon_core.shell:Creating package script '/home/precag/Documents/ros2-ws/install/lidar_cartographer/share/lidar_cartographer/package.ps1'
[4.953s] INFO:colcon.colcon_core.shell:Creating package descriptor '/home/precag/Documents/ros2-ws/install/lidar_cartographer/share/lidar_cartographer/package.dsv'
[4.953s] INFO:colcon.colcon_core.shell:Creating package script '/home/precag/Documents/ros2-ws/install/lidar_cartographer/share/lidar_cartographer/package.sh'
[4.954s] INFO:colcon.colcon_core.shell:Creating package script '/home/precag/Documents/ros2-ws/install/lidar_cartographer/share/lidar_cartographer/package.bash'
[4.955s] INFO:colcon.colcon_core.shell:Creating package script '/home/precag/Documents/ros2-ws/install/lidar_cartographer/share/lidar_cartographer/package.zsh'
[4.955s] Level 1:colcon.colcon_core.environment:create_file_with_runtime_dependencies(/home/precag/Documents/ros2-ws/install/lidar_cartographer/share/colcon-core/packages/lidar_cartographer)
[4.972s] DEBUG:colcon.colcon_core.event_handler.log_command:Invoking command in '/home/precag/Documents/ros2-ws/build/urg_c': CMAKE_PREFIX_PATH=/opt/ros/humble CONDA_PROMPT_MODIFIER=(base) /usr/bin/cmake --install /home/precag/Documents/ros2-ws/build/urg_c
[5.022s] Level 1:colcon.colcon_core.environment:create_environment_scripts_only(urg_c)
[5.023s] DEBUG:colcon.colcon_core.event_handler.log_command:Invoked command in '/home/precag/Documents/ros2-ws/build/urg_c' returned '0': CMAKE_PREFIX_PATH=/opt/ros/humble CONDA_PROMPT_MODIFIER=(base) /usr/bin/cmake --install /home/precag/Documents/ros2-ws/build/urg_c
[5.054s] Level 1:colcon.colcon_core.environment:checking '/home/precag/Documents/ros2-ws/install/urg_c' for CMake module files
[5.055s] Level 1:colcon.colcon_core.environment:checking '/home/precag/Documents/ros2-ws/install/urg_c' for CMake config files
[5.059s] Level 1:colcon.colcon_core.shell:create_environment_hook('urg_c', 'cmake_prefix_path')
[5.088s] INFO:colcon.colcon_core.shell:Creating environment hook '/home/precag/Documents/ros2-ws/install/urg_c/share/urg_c/hook/cmake_prefix_path.ps1'
[5.089s] INFO:colcon.colcon_core.shell:Creating environment descriptor '/home/precag/Documents/ros2-ws/install/urg_c/share/urg_c/hook/cmake_prefix_path.dsv'
[5.090s] INFO:colcon.colcon_core.shell:Creating environment hook '/home/precag/Documents/ros2-ws/install/urg_c/share/urg_c/hook/cmake_prefix_path.sh'
[5.091s] Level 1:colcon.colcon_core.environment:checking '/home/precag/Documents/ros2-ws/install/urg_c/lib'
[5.092s] Level 1:colcon.colcon_core.shell:create_environment_hook('urg_c', 'ld_library_path_lib')
[5.119s] INFO:colcon.colcon_core.shell:Creating environment hook '/home/precag/Documents/ros2-ws/install/urg_c/share/urg_c/hook/ld_library_path_lib.ps1'
[5.119s] INFO:colcon.colcon_core.shell:Creating environment descriptor '/home/precag/Documents/ros2-ws/install/urg_c/share/urg_c/hook/ld_library_path_lib.dsv'
[5.120s] INFO:colcon.colcon_core.shell:Creating environment hook '/home/precag/Documents/ros2-ws/install/urg_c/share/urg_c/hook/ld_library_path_lib.sh'
[5.120s] Level 1:colcon.colcon_core.environment:checking '/home/precag/Documents/ros2-ws/install/urg_c/bin'
[5.120s] Level 1:colcon.colcon_core.shell:create_environment_hook('urg_c', 'path')
[5.137s] INFO:colcon.colcon_core.shell:Creating environment hook '/home/precag/Documents/ros2-ws/install/urg_c/share/urg_c/hook/path.ps1'
[5.138s] INFO:colcon.colcon_core.shell:Creating environment descriptor '/home/precag/Documents/ros2-ws/install/urg_c/share/urg_c/hook/path.dsv'
[5.138s] INFO:colcon.colcon_core.shell:Creating environment hook '/home/precag/Documents/ros2-ws/install/urg_c/share/urg_c/hook/path.sh'
[5.139s] Level 1:colcon.colcon_core.environment:checking '/home/precag/Documents/ros2-ws/install/urg_c/lib/pkgconfig/urg_c.pc'
[5.139s] Level 1:colcon.colcon_core.environment:checking '/home/precag/Documents/ros2-ws/install/urg_c/lib/python3.9/site-packages'
[5.139s] Level 1:colcon.colcon_core.environment:checking '/home/precag/Documents/ros2-ws/install/urg_c/bin'
[5.140s] Level 1:colcon.colcon_core.shell:create_environment_hook('urg_c', 'pythonscriptspath')
[5.156s] INFO:colcon.colcon_core.shell:Creating environment hook '/home/precag/Documents/ros2-ws/install/urg_c/share/urg_c/hook/pythonscriptspath.ps1'
[5.157s] INFO:colcon.colcon_core.shell:Creating environment descriptor '/home/precag/Documents/ros2-ws/install/urg_c/share/urg_c/hook/pythonscriptspath.dsv'
[5.157s] INFO:colcon.colcon_core.shell:Creating environment hook '/home/precag/Documents/ros2-ws/install/urg_c/share/urg_c/hook/pythonscriptspath.sh'
[5.174s] INFO:colcon.colcon_core.shell:Creating package script '/home/precag/Documents/ros2-ws/install/urg_c/share/urg_c/package.ps1'
[5.175s] INFO:colcon.colcon_core.shell:Creating package descriptor '/home/precag/Documents/ros2-ws/install/urg_c/share/urg_c/package.dsv'
[5.175s] INFO:colcon.colcon_core.shell:Creating package script '/home/precag/Documents/ros2-ws/install/urg_c/share/urg_c/package.sh'
[5.176s] INFO:colcon.colcon_core.shell:Creating package script '/home/precag/Documents/ros2-ws/install/urg_c/share/urg_c/package.bash'
[5.176s] INFO:colcon.colcon_core.shell:Creating package script '/home/precag/Documents/ros2-ws/install/urg_c/share/urg_c/package.zsh'
[5.176s] Level 1:colcon.colcon_core.environment:create_file_with_runtime_dependencies(/home/precag/Documents/ros2-ws/install/urg_c/share/colcon-core/packages/urg_c)
[5.180s] DEBUG:colcon.colcon_core.event_handler.log_command:Invoked command in '/home/precag/Documents/ros2-ws/build/rtabmap' returned '0': CMAKE_PREFIX_PATH=/opt/ros/humble CONDA_PROMPT_MODIFIER=(base) /usr/bin/cmake --build /home/precag/Documents/ros2-ws/build/rtabmap -- -j8 -l8
[5.243s] DEBUG:colcon.colcon_core.event_handler.log_command:Invoking command in '/home/precag/Documents/ros2-ws/build/rtabmap': CMAKE_PREFIX_PATH=/opt/ros/humble CONDA_PROMPT_MODIFIER=(base) /usr/bin/cmake --install /home/precag/Documents/ros2-ws/build/rtabmap
[5.312s] Level 1:colcon.colcon_core.environment:create_environment_scripts_only(urg_c)
[5.338s] Level 1:colcon.colcon_core.environment:checking '/home/precag/Documents/ros2-ws/install/urg_c' for CMake module files
[5.339s] Level 1:colcon.colcon_core.environment:checking '/home/precag/Documents/ros2-ws/install/urg_c' for CMake config files
[5.340s] Level 1:colcon.colcon_core.shell:create_environment_hook('urg_c', 'cmake_prefix_path')
[5.365s] INFO:colcon.colcon_core.shell:Creating environment hook '/home/precag/Documents/ros2-ws/install/urg_c/share/urg_c/hook/cmake_prefix_path.ps1'
[5.366s] INFO:colcon.colcon_core.shell:Creating environment descriptor '/home/precag/Documents/ros2-ws/install/urg_c/share/urg_c/hook/cmake_prefix_path.dsv'
[5.366s] INFO:colcon.colcon_core.shell:Creating environment hook '/home/precag/Documents/ros2-ws/install/urg_c/share/urg_c/hook/cmake_prefix_path.sh'
[5.367s] Level 1:colcon.colcon_core.environment:checking '/home/precag/Documents/ros2-ws/install/urg_c/lib'
[5.367s] Level 1:colcon.colcon_core.shell:create_environment_hook('urg_c', 'ld_library_path_lib')
[5.383s] INFO:colcon.colcon_core.shell:Creating environment hook '/home/precag/Documents/ros2-ws/install/urg_c/share/urg_c/hook/ld_library_path_lib.ps1'
[5.383s] INFO:colcon.colcon_core.shell:Creating environment descriptor '/home/precag/Documents/ros2-ws/install/urg_c/share/urg_c/hook/ld_library_path_lib.dsv'
[5.383s] INFO:colcon.colcon_core.shell:Creating environment hook '/home/precag/Documents/ros2-ws/install/urg_c/share/urg_c/hook/ld_library_path_lib.sh'
[5.384s] Level 1:colcon.colcon_core.environment:checking '/home/precag/Documents/ros2-ws/install/urg_c/bin'
[5.384s] Level 1:colcon.colcon_core.shell:create_environment_hook('urg_c', 'path')
[5.401s] INFO:colcon.colcon_core.shell:Creating environment hook '/home/precag/Documents/ros2-ws/install/urg_c/share/urg_c/hook/path.ps1'
[5.402s] INFO:colcon.colcon_core.shell:Creating environment descriptor '/home/precag/Documents/ros2-ws/install/urg_c/share/urg_c/hook/path.dsv'
[5.402s] INFO:colcon.colcon_core.shell:Creating environment hook '/home/precag/Documents/ros2-ws/install/urg_c/share/urg_c/hook/path.sh'
[5.402s] Level 1:colcon.colcon_core.environment:checking '/home/precag/Documents/ros2-ws/install/urg_c/lib/pkgconfig/urg_c.pc'
[5.403s] Level 1:colcon.colcon_core.environment:checking '/home/precag/Documents/ros2-ws/install/urg_c/lib/python3.9/site-packages'
[5.403s] Level 1:colcon.colcon_core.environment:checking '/home/precag/Documents/ros2-ws/install/urg_c/bin'
[5.403s] Level 1:colcon.colcon_core.shell:create_environment_hook('urg_c', 'pythonscriptspath')
[5.420s] INFO:colcon.colcon_core.shell:Creating environment hook '/home/precag/Documents/ros2-ws/install/urg_c/share/urg_c/hook/pythonscriptspath.ps1'
[5.421s] INFO:colcon.colcon_core.shell:Creating environment descriptor '/home/precag/Documents/ros2-ws/install/urg_c/share/urg_c/hook/pythonscriptspath.dsv'
[5.421s] INFO:colcon.colcon_core.shell:Creating environment hook '/home/precag/Documents/ros2-ws/install/urg_c/share/urg_c/hook/pythonscriptspath.sh'
[5.463s] INFO:colcon.colcon_core.shell:Creating package script '/home/precag/Documents/ros2-ws/install/urg_c/share/urg_c/package.ps1'
[5.464s] INFO:colcon.colcon_core.shell:Creating package descriptor '/home/precag/Documents/ros2-ws/install/urg_c/share/urg_c/package.dsv'
[5.464s] INFO:colcon.colcon_core.shell:Creating package script '/home/precag/Documents/ros2-ws/install/urg_c/share/urg_c/package.sh'
[5.465s] INFO:colcon.colcon_core.shell:Creating package script '/home/precag/Documents/ros2-ws/install/urg_c/share/urg_c/package.bash'
[5.465s] INFO:colcon.colcon_core.shell:Creating package script '/home/precag/Documents/ros2-ws/install/urg_c/share/urg_c/package.zsh'
[5.466s] Level 1:colcon.colcon_core.environment:create_file_with_runtime_dependencies(/home/precag/Documents/ros2-ws/install/urg_c/share/colcon-core/packages/urg_c)
[5.471s] DEBUG:colcon.colcon_core.event_handler.log_command:Invoked command in '/home/precag/Documents/ros2-ws/build/rtabmap' returned '0': CMAKE_PREFIX_PATH=/opt/ros/humble CONDA_PROMPT_MODIFIER=(base) /usr/bin/cmake --install /home/precag/Documents/ros2-ws/build/rtabmap
[5.518s] Level 1:colcon.colcon_core.shell:create_environment_hook('rtabmap', 'pkg_config_path')
[5.535s] INFO:colcon.colcon_core.shell:Creating environment hook '/home/precag/Documents/ros2-ws/install/rtabmap/share/rtabmap/hook/pkg_config_path.ps1'
[5.536s] INFO:colcon.colcon_core.shell:Creating environment descriptor '/home/precag/Documents/ros2-ws/install/rtabmap/share/rtabmap/hook/pkg_config_path.dsv'
[5.536s] INFO:colcon.colcon_core.shell:Creating environment hook '/home/precag/Documents/ros2-ws/install/rtabmap/share/rtabmap/hook/pkg_config_path.sh'
[5.541s] Level 1:colcon.colcon_core.shell:create_environment_hook('rtabmap', 'pkg_config_path_multiarch')
[5.560s] INFO:colcon.colcon_core.shell:Creating environment hook '/home/precag/Documents/ros2-ws/install/rtabmap/share/rtabmap/hook/pkg_config_path_multiarch.ps1'
[5.561s] INFO:colcon.colcon_core.shell:Creating environment descriptor '/home/precag/Documents/ros2-ws/install/rtabmap/share/rtabmap/hook/pkg_config_path_multiarch.dsv'
[5.561s] INFO:colcon.colcon_core.shell:Creating environment hook '/home/precag/Documents/ros2-ws/install/rtabmap/share/rtabmap/hook/pkg_config_path_multiarch.sh'
[5.561s] Level 1:colcon.colcon_core.environment:create_environment_scripts_only(rtabmap)
[5.578s] Level 1:colcon.colcon_core.environment:checking '/home/precag/Documents/ros2-ws/install/rtabmap' for CMake module files
[5.578s] Level 1:colcon.colcon_core.environment:checking '/home/precag/Documents/ros2-ws/install/rtabmap' for CMake config files
[5.580s] Level 1:colcon.colcon_core.shell:create_environment_hook('rtabmap', 'cmake_prefix_path')
[5.596s] INFO:colcon.colcon_core.shell:Creating environment hook '/home/precag/Documents/ros2-ws/install/rtabmap/share/rtabmap/hook/cmake_prefix_path.ps1'
[5.596s] INFO:colcon.colcon_core.shell:Creating environment descriptor '/home/precag/Documents/ros2-ws/install/rtabmap/share/rtabmap/hook/cmake_prefix_path.dsv'
[5.597s] INFO:colcon.colcon_core.shell:Creating environment hook '/home/precag/Documents/ros2-ws/install/rtabmap/share/rtabmap/hook/cmake_prefix_path.sh'
[5.598s] Level 1:colcon.colcon_core.environment:checking '/home/precag/Documents/ros2-ws/install/rtabmap/lib'
[5.598s] Level 1:colcon.colcon_core.shell:create_environment_hook('rtabmap', 'ld_library_path_lib')
[5.615s] INFO:colcon.colcon_core.shell:Creating environment hook '/home/precag/Documents/ros2-ws/install/rtabmap/share/rtabmap/hook/ld_library_path_lib.ps1'
[5.616s] INFO:colcon.colcon_core.shell:Creating environment descriptor '/home/precag/Documents/ros2-ws/install/rtabmap/share/rtabmap/hook/ld_library_path_lib.dsv'
[5.616s] INFO:colcon.colcon_core.shell:Creating environment hook '/home/precag/Documents/ros2-ws/install/rtabmap/share/rtabmap/hook/ld_library_path_lib.sh'
[5.617s] Level 1:colcon.colcon_core.environment:checking '/home/precag/Documents/ros2-ws/install/rtabmap/bin'
[5.617s] Level 1:colcon.colcon_core.shell:create_environment_hook('rtabmap', 'path')
[5.634s] INFO:colcon.colcon_core.shell:Creating environment hook '/home/precag/Documents/ros2-ws/install/rtabmap/share/rtabmap/hook/path.ps1'
[5.634s] INFO:colcon.colcon_core.shell:Creating environment descriptor '/home/precag/Documents/ros2-ws/install/rtabmap/share/rtabmap/hook/path.dsv'
[5.634s] INFO:colcon.colcon_core.shell:Creating environment hook '/home/precag/Documents/ros2-ws/install/rtabmap/share/rtabmap/hook/path.sh'
[5.635s] Level 1:colcon.colcon_core.environment:checking '/home/precag/Documents/ros2-ws/install/rtabmap/lib/pkgconfig/rtabmap.pc'
[5.635s] Level 1:colcon.colcon_core.environment:checking '/home/precag/Documents/ros2-ws/install/rtabmap/lib/python3.9/site-packages'
[5.636s] Level 1:colcon.colcon_core.environment:checking '/home/precag/Documents/ros2-ws/install/rtabmap/bin'
[5.636s] Level 1:colcon.colcon_core.shell:create_environment_hook('rtabmap', 'pythonscriptspath')
[5.653s] INFO:colcon.colcon_core.shell:Creating environment hook '/home/precag/Documents/ros2-ws/install/rtabmap/share/rtabmap/hook/pythonscriptspath.ps1'
[5.654s] INFO:colcon.colcon_core.shell:Creating environment descriptor '/home/precag/Documents/ros2-ws/install/rtabmap/share/rtabmap/hook/pythonscriptspath.dsv'
[5.654s] INFO:colcon.colcon_core.shell:Creating environment hook '/home/precag/Documents/ros2-ws/install/rtabmap/share/rtabmap/hook/pythonscriptspath.sh'
[5.675s] INFO:colcon.colcon_core.shell:Creating package script '/home/precag/Documents/ros2-ws/install/rtabmap/share/rtabmap/package.ps1'
[5.676s] INFO:colcon.colcon_core.shell:Creating package descriptor '/home/precag/Documents/ros2-ws/install/rtabmap/share/rtabmap/package.dsv'
[5.677s] INFO:colcon.colcon_core.shell:Creating package script '/home/precag/Documents/ros2-ws/install/rtabmap/share/rtabmap/package.sh'
[5.677s] INFO:colcon.colcon_core.shell:Creating package script '/home/precag/Documents/ros2-ws/install/rtabmap/share/rtabmap/package.bash'
[5.677s] INFO:colcon.colcon_core.shell:Creating package script '/home/precag/Documents/ros2-ws/install/rtabmap/share/rtabmap/package.zsh'
[5.678s] Level 1:colcon.colcon_core.environment:create_file_with_runtime_dependencies(/home/precag/Documents/ros2-ws/install/rtabmap/share/colcon-core/packages/rtabmap)
[5.683s] DEBUG:colcon.colcon_core.event_handler.log_command:Invoked command in '/home/precag/Documents/ros2-ws/build/laser_proc' returned '0': CMAKE_PREFIX_PATH=/opt/ros/humble CONDA_PROMPT_MODIFIER=(base) /usr/bin/cmake /home/precag/Documents/ros2-ws/src/laser_proc -DAMENT_CMAKE_SYMLINK_INSTALL=1 -DCMAKE_INSTALL_PREFIX=/home/precag/Documents/ros2-ws/install/laser_proc
[5.684s] DEBUG:colcon.colcon_core.event_handler.log_command:Invoking command in '/home/precag/Documents/ros2-ws/build/laser_proc': CMAKE_PREFIX_PATH=/opt/ros/humble CONDA_PROMPT_MODIFIER=(base) /usr/bin/cmake --build /home/precag/Documents/ros2-ws/build/laser_proc -- -j8 -l8
[5.793s] DEBUG:colcon.colcon_core.event_handler.log_command:Invoked command in '/home/precag/Documents/ros2-ws/build/laser_proc' returned '0': CMAKE_PREFIX_PATH=/opt/ros/humble CONDA_PROMPT_MODIFIER=(base) /usr/bin/cmake --build /home/precag/Documents/ros2-ws/build/laser_proc -- -j8 -l8
[5.831s] DEBUG:colcon.colcon_core.event_handler.log_command:Invoking command in '/home/precag/Documents/ros2-ws/build/laser_proc': CMAKE_PREFIX_PATH=/opt/ros/humble CONDA_PROMPT_MODIFIER=(base) /usr/bin/cmake --install /home/precag/Documents/ros2-ws/build/laser_proc
[5.857s] Level 1:colcon.colcon_core.environment:create_environment_scripts_only(laser_proc)
[5.858s] DEBUG:colcon.colcon_core.event_handler.log_command:Invoked command in '/home/precag/Documents/ros2-ws/build/laser_proc' returned '0': CMAKE_PREFIX_PATH=/opt/ros/humble CONDA_PROMPT_MODIFIER=(base) /usr/bin/cmake --install /home/precag/Documents/ros2-ws/build/laser_proc
[5.875s] Level 1:colcon.colcon_core.environment:checking '/home/precag/Documents/ros2-ws/install/laser_proc' for CMake module files
[5.876s] Level 1:colcon.colcon_core.environment:checking '/home/precag/Documents/ros2-ws/install/laser_proc' for CMake config files
[5.876s] Level 1:colcon.colcon_core.shell:create_environment_hook('laser_proc', 'cmake_prefix_path')
[5.893s] INFO:colcon.colcon_core.shell:Creating environment hook '/home/precag/Documents/ros2-ws/install/laser_proc/share/laser_proc/hook/cmake_prefix_path.ps1'
[5.894s] INFO:colcon.colcon_core.shell:Creating environment descriptor '/home/precag/Documents/ros2-ws/install/laser_proc/share/laser_proc/hook/cmake_prefix_path.dsv'
[5.894s] INFO:colcon.colcon_core.shell:Creating environment hook '/home/precag/Documents/ros2-ws/install/laser_proc/share/laser_proc/hook/cmake_prefix_path.sh'
[5.895s] Level 1:colcon.colcon_core.environment:checking '/home/precag/Documents/ros2-ws/install/laser_proc/lib'
[5.895s] Level 1:colcon.colcon_core.shell:create_environment_hook('laser_proc', 'ld_library_path_lib')
[5.912s] INFO:colcon.colcon_core.shell:Creating environment hook '/home/precag/Documents/ros2-ws/install/laser_proc/share/laser_proc/hook/ld_library_path_lib.ps1'
[5.913s] INFO:colcon.colcon_core.shell:Creating environment descriptor '/home/precag/Documents/ros2-ws/install/laser_proc/share/laser_proc/hook/ld_library_path_lib.dsv'
[5.913s] INFO:colcon.colcon_core.shell:Creating environment hook '/home/precag/Documents/ros2-ws/install/laser_proc/share/laser_proc/hook/ld_library_path_lib.sh'
[5.913s] Level 1:colcon.colcon_core.environment:checking '/home/precag/Documents/ros2-ws/install/laser_proc/bin'
[5.913s] Level 1:colcon.colcon_core.environment:checking '/home/precag/Documents/ros2-ws/install/laser_proc/lib/pkgconfig/laser_proc.pc'
[5.914s] Level 1:colcon.colcon_core.environment:checking '/home/precag/Documents/ros2-ws/install/laser_proc/lib/python3.9/site-packages'
[5.914s] Level 1:colcon.colcon_core.environment:checking '/home/precag/Documents/ros2-ws/install/laser_proc/bin'
[5.929s] INFO:colcon.colcon_core.shell:Creating package script '/home/precag/Documents/ros2-ws/install/laser_proc/share/laser_proc/package.ps1'
[5.930s] INFO:colcon.colcon_core.shell:Creating package descriptor '/home/precag/Documents/ros2-ws/install/laser_proc/share/laser_proc/package.dsv'
[5.930s] INFO:colcon.colcon_core.shell:Creating package script '/home/precag/Documents/ros2-ws/install/laser_proc/share/laser_proc/package.sh'
[5.931s] INFO:colcon.colcon_core.shell:Creating package script '/home/precag/Documents/ros2-ws/install/laser_proc/share/laser_proc/package.bash'
[5.931s] INFO:colcon.colcon_core.shell:Creating package script '/home/precag/Documents/ros2-ws/install/laser_proc/share/laser_proc/package.zsh'
[5.931s] Level 1:colcon.colcon_core.environment:create_file_with_runtime_dependencies(/home/precag/Documents/ros2-ws/install/laser_proc/share/colcon-core/packages/laser_proc)
[5.938s] DEBUG:colcon.colcon_core.event_handler.log_command:Invoked command in '/home/precag/Documents/ros2-ws/build/urg_node_msgs' returned '0': CMAKE_PREFIX_PATH=/opt/ros/humble CONDA_PROMPT_MODIFIER=(base) /usr/bin/cmake /home/precag/Documents/ros2-ws/src/urg_node_msgs -DAMENT_CMAKE_SYMLINK_INSTALL=1 -DCMAKE_INSTALL_PREFIX=/home/precag/Documents/ros2-ws/install/urg_node_msgs
[5.940s] DEBUG:colcon.colcon_core.event_handler.log_command:Invoking command in '/home/precag/Documents/ros2-ws/build/urg_node_msgs': CMAKE_PREFIX_PATH=/opt/ros/humble CONDA_PROMPT_MODIFIER=(base) /usr/bin/cmake --build /home/precag/Documents/ros2-ws/build/urg_node_msgs -- -j8 -l8
[5.984s] Level 1:colcon.colcon_core.environment:create_environment_scripts_only(laser_proc)
[6.013s] Level 1:colcon.colcon_core.environment:checking '/home/precag/Documents/ros2-ws/install/laser_proc' for CMake module files
[6.014s] Level 1:colcon.colcon_core.environment:checking '/home/precag/Documents/ros2-ws/install/laser_proc' for CMake config files
[6.014s] Level 1:colcon.colcon_core.shell:create_environment_hook('laser_proc', 'cmake_prefix_path')
[6.035s] INFO:colcon.colcon_core.shell:Creating environment hook '/home/precag/Documents/ros2-ws/install/laser_proc/share/laser_proc/hook/cmake_prefix_path.ps1'
[6.036s] INFO:colcon.colcon_core.shell:Creating environment descriptor '/home/precag/Documents/ros2-ws/install/laser_proc/share/laser_proc/hook/cmake_prefix_path.dsv'
[6.036s] INFO:colcon.colcon_core.shell:Creating environment hook '/home/precag/Documents/ros2-ws/install/laser_proc/share/laser_proc/hook/cmake_prefix_path.sh'
[6.037s] Level 1:colcon.colcon_core.environment:checking '/home/precag/Documents/ros2-ws/install/laser_proc/lib'
[6.037s] Level 1:colcon.colcon_core.shell:create_environment_hook('laser_proc', 'ld_library_path_lib')
[6.054s] INFO:colcon.colcon_core.shell:Creating environment hook '/home/precag/Documents/ros2-ws/install/laser_proc/share/laser_proc/hook/ld_library_path_lib.ps1'
[6.055s] INFO:colcon.colcon_core.shell:Creating environment descriptor '/home/precag/Documents/ros2-ws/install/laser_proc/share/laser_proc/hook/ld_library_path_lib.dsv'
[6.055s] INFO:colcon.colcon_core.shell:Creating environment hook '/home/precag/Documents/ros2-ws/install/laser_proc/share/laser_proc/hook/ld_library_path_lib.sh'
[6.056s] Level 1:colcon.colcon_core.environment:checking '/home/precag/Documents/ros2-ws/install/laser_proc/bin'
[6.056s] Level 1:colcon.colcon_core.environment:checking '/home/precag/Documents/ros2-ws/install/laser_proc/lib/pkgconfig/laser_proc.pc'
[6.056s] Level 1:colcon.colcon_core.environment:checking '/home/precag/Documents/ros2-ws/install/laser_proc/lib/python3.9/site-packages'
[6.056s] Level 1:colcon.colcon_core.environment:checking '/home/precag/Documents/ros2-ws/install/laser_proc/bin'
[6.073s] INFO:colcon.colcon_core.shell:Creating package script '/home/precag/Documents/ros2-ws/install/laser_proc/share/laser_proc/package.ps1'
[6.074s] INFO:colcon.colcon_core.shell:Creating package descriptor '/home/precag/Documents/ros2-ws/install/laser_proc/share/laser_proc/package.dsv'
[6.074s] INFO:colcon.colcon_core.shell:Creating package script '/home/precag/Documents/ros2-ws/install/laser_proc/share/laser_proc/package.sh'
[6.074s] INFO:colcon.colcon_core.shell:Creating package script '/home/precag/Documents/ros2-ws/install/laser_proc/share/laser_proc/package.bash'
[6.075s] INFO:colcon.colcon_core.shell:Creating package script '/home/precag/Documents/ros2-ws/install/laser_proc/share/laser_proc/package.zsh'
[6.075s] Level 1:colcon.colcon_core.environment:create_file_with_runtime_dependencies(/home/precag/Documents/ros2-ws/install/laser_proc/share/colcon-core/packages/laser_proc)
[6.386s] DEBUG:colcon.colcon_core.event_handler.log_command:Invoked command in '/home/precag/Documents/ros2-ws/build/urg_node_msgs' returned '0': CMAKE_PREFIX_PATH=/opt/ros/humble CONDA_PROMPT_MODIFIER=(base) /usr/bin/cmake --build /home/precag/Documents/ros2-ws/build/urg_node_msgs -- -j8 -l8
[6.444s] DEBUG:colcon.colcon_core.event_handler.log_command:Invoking command in '/home/precag/Documents/ros2-ws/build/urg_node_msgs': CMAKE_PREFIX_PATH=/opt/ros/humble CONDA_PROMPT_MODIFIER=(base) /usr/bin/cmake --install /home/precag/Documents/ros2-ws/build/urg_node_msgs
[6.526s] Level 1:colcon.colcon_core.environment:create_environment_scripts_only(urg_node_msgs)
[6.526s] DEBUG:colcon.colcon_core.event_handler.log_command:Invoked command in '/home/precag/Documents/ros2-ws/build/urg_node_msgs' returned '0': CMAKE_PREFIX_PATH=/opt/ros/humble CONDA_PROMPT_MODIFIER=(base) /usr/bin/cmake --install /home/precag/Documents/ros2-ws/build/urg_node_msgs
[6.543s] Level 1:colcon.colcon_core.environment:checking '/home/precag/Documents/ros2-ws/install/urg_node_msgs' for CMake module files
[6.544s] Level 1:colcon.colcon_core.environment:checking '/home/precag/Documents/ros2-ws/install/urg_node_msgs' for CMake config files
[6.549s] Level 1:colcon.colcon_core.shell:create_environment_hook('urg_node_msgs', 'cmake_prefix_path')
[6.565s] INFO:colcon.colcon_core.shell:Creating environment hook '/home/precag/Documents/ros2-ws/install/urg_node_msgs/share/urg_node_msgs/hook/cmake_prefix_path.ps1'
[6.566s] INFO:colcon.colcon_core.shell:Creating environment descriptor '/home/precag/Documents/ros2-ws/install/urg_node_msgs/share/urg_node_msgs/hook/cmake_prefix_path.dsv'
[6.566s] INFO:colcon.colcon_core.shell:Creating environment hook '/home/precag/Documents/ros2-ws/install/urg_node_msgs/share/urg_node_msgs/hook/cmake_prefix_path.sh'
[6.566s] Level 1:colcon.colcon_core.environment:checking '/home/precag/Documents/ros2-ws/install/urg_node_msgs/lib'
[6.567s] Level 1:colcon.colcon_core.shell:create_environment_hook('urg_node_msgs', 'ld_library_path_lib')
[6.583s] INFO:colcon.colcon_core.shell:Creating environment hook '/home/precag/Documents/ros2-ws/install/urg_node_msgs/share/urg_node_msgs/hook/ld_library_path_lib.ps1'
[6.584s] INFO:colcon.colcon_core.shell:Creating environment descriptor '/home/precag/Documents/ros2-ws/install/urg_node_msgs/share/urg_node_msgs/hook/ld_library_path_lib.dsv'
[6.584s] INFO:colcon.colcon_core.shell:Creating environment hook '/home/precag/Documents/ros2-ws/install/urg_node_msgs/share/urg_node_msgs/hook/ld_library_path_lib.sh'
[6.585s] Level 1:colcon.colcon_core.environment:checking '/home/precag/Documents/ros2-ws/install/urg_node_msgs/bin'
[6.585s] Level 1:colcon.colcon_core.environment:checking '/home/precag/Documents/ros2-ws/install/urg_node_msgs/lib/pkgconfig/urg_node_msgs.pc'
[6.585s] Level 1:colcon.colcon_core.environment:checking '/home/precag/Documents/ros2-ws/install/urg_node_msgs/lib/python3.9/site-packages'
[6.586s] Level 1:colcon.colcon_core.environment:checking '/home/precag/Documents/ros2-ws/install/urg_node_msgs/bin'
[6.605s] INFO:colcon.colcon_core.shell:Creating package script '/home/precag/Documents/ros2-ws/install/urg_node_msgs/share/urg_node_msgs/package.ps1'
[6.605s] INFO:colcon.colcon_core.shell:Creating package descriptor '/home/precag/Documents/ros2-ws/install/urg_node_msgs/share/urg_node_msgs/package.dsv'
[6.606s] INFO:colcon.colcon_core.shell:Creating package script '/home/precag/Documents/ros2-ws/install/urg_node_msgs/share/urg_node_msgs/package.sh'
[6.606s] INFO:colcon.colcon_core.shell:Creating package script '/home/precag/Documents/ros2-ws/install/urg_node_msgs/share/urg_node_msgs/package.bash'
[6.606s] INFO:colcon.colcon_core.shell:Creating package script '/home/precag/Documents/ros2-ws/install/urg_node_msgs/share/urg_node_msgs/package.zsh'
[6.607s] Level 1:colcon.colcon_core.environment:create_file_with_runtime_dependencies(/home/precag/Documents/ros2-ws/install/urg_node_msgs/share/colcon-core/packages/urg_node_msgs)
[6.678s] Level 1:colcon.colcon_core.environment:create_environment_scripts_only(urg_node_msgs)
[6.694s] Level 1:colcon.colcon_core.environment:checking '/home/precag/Documents/ros2-ws/install/urg_node_msgs' for CMake module files
[6.694s] Level 1:colcon.colcon_core.environment:checking '/home/precag/Documents/ros2-ws/install/urg_node_msgs' for CMake config files
[6.695s] Level 1:colcon.colcon_core.shell:create_environment_hook('urg_node_msgs', 'cmake_prefix_path')
[6.709s] INFO:colcon.colcon_core.shell:Creating environment hook '/home/precag/Documents/ros2-ws/install/urg_node_msgs/share/urg_node_msgs/hook/cmake_prefix_path.ps1'
[6.710s] INFO:colcon.colcon_core.shell:Creating environment descriptor '/home/precag/Documents/ros2-ws/install/urg_node_msgs/share/urg_node_msgs/hook/cmake_prefix_path.dsv'
[6.710s] INFO:colcon.colcon_core.shell:Creating environment hook '/home/precag/Documents/ros2-ws/install/urg_node_msgs/share/urg_node_msgs/hook/cmake_prefix_path.sh'
[6.711s] Level 1:colcon.colcon_core.environment:checking '/home/precag/Documents/ros2-ws/install/urg_node_msgs/lib'
[6.711s] Level 1:colcon.colcon_core.shell:create_environment_hook('urg_node_msgs', 'ld_library_path_lib')
[6.725s] INFO:colcon.colcon_core.shell:Creating environment hook '/home/precag/Documents/ros2-ws/install/urg_node_msgs/share/urg_node_msgs/hook/ld_library_path_lib.ps1'
[6.726s] INFO:colcon.colcon_core.shell:Creating environment descriptor '/home/precag/Documents/ros2-ws/install/urg_node_msgs/share/urg_node_msgs/hook/ld_library_path_lib.dsv'
[6.726s] INFO:colcon.colcon_core.shell:Creating environment hook '/home/precag/Documents/ros2-ws/install/urg_node_msgs/share/urg_node_msgs/hook/ld_library_path_lib.sh'
[6.726s] Level 1:colcon.colcon_core.environment:checking '/home/precag/Documents/ros2-ws/install/urg_node_msgs/bin'
[6.726s] Level 1:colcon.colcon_core.environment:checking '/home/precag/Documents/ros2-ws/install/urg_node_msgs/lib/pkgconfig/urg_node_msgs.pc'
[6.727s] Level 1:colcon.colcon_core.environment:checking '/home/precag/Documents/ros2-ws/install/urg_node_msgs/lib/python3.9/site-packages'
[6.727s] Level 1:colcon.colcon_core.environment:checking '/home/precag/Documents/ros2-ws/install/urg_node_msgs/bin'
[6.742s] INFO:colcon.colcon_core.shell:Creating package script '/home/precag/Documents/ros2-ws/install/urg_node_msgs/share/urg_node_msgs/package.ps1'
[6.743s] INFO:colcon.colcon_core.shell:Creating package descriptor '/home/precag/Documents/ros2-ws/install/urg_node_msgs/share/urg_node_msgs/package.dsv'
[6.743s] INFO:colcon.colcon_core.shell:Creating package script '/home/precag/Documents/ros2-ws/install/urg_node_msgs/share/urg_node_msgs/package.sh'
[6.744s] INFO:colcon.colcon_core.shell:Creating package script '/home/precag/Documents/ros2-ws/install/urg_node_msgs/share/urg_node_msgs/package.bash'
[6.744s] INFO:colcon.colcon_core.shell:Creating package script '/home/precag/Documents/ros2-ws/install/urg_node_msgs/share/urg_node_msgs/package.zsh'
[6.744s] Level 1:colcon.colcon_core.environment:create_file_with_runtime_dependencies(/home/precag/Documents/ros2-ws/install/urg_node_msgs/share/colcon-core/packages/urg_node_msgs)
[6.745s] INFO:colcon.colcon_ros.task.ament_cmake.build:Building ROS package in '/home/precag/Documents/ros2-ws/src/urg_node' with build type 'ament_cmake'
[6.745s] INFO:colcon.colcon_cmake.task.cmake.build:Building CMake package in '/home/precag/Documents/ros2-ws/src/urg_node'
[6.762s] INFO:colcon.colcon_core.shell:Skip shell extension 'powershell' for command environment: Not usable outside of PowerShell
[6.762s] DEBUG:colcon.colcon_core.shell:Skip shell extension 'dsv' for command environment
[6.809s] DEBUG:colcon.colcon_core.event_handler.log_command:Invoking command in '/home/precag/Documents/ros2-ws/build/urg_node': AMENT_PREFIX_PATH=/home/precag/Documents/ros2-ws/install/urg_node_msgs:/home/precag/Documents/ros2-ws/install/urg_c:/home/precag/Documents/ros2-ws/install/laser_proc:${AMENT_PREFIX_PATH} CMAKE_PREFIX_PATH=/home/precag/Documents/ros2-ws/install/urg_node_msgs:/home/precag/Documents/ros2-ws/install/urg_c:/home/precag/Documents/ros2-ws/install/laser_proc:/opt/ros/humble CONDA_PROMPT_MODIFIER=(base) LD_LIBRARY_PATH=/home/precag/Documents/ros2-ws/install/urg_node_msgs/lib:/home/precag/Documents/ros2-ws/install/urg_c/lib:/home/precag/Documents/ros2-ws/install/laser_proc/lib:/usr/lib/x86_64-linux-gnu/gazebo-11/plugins:/opt/ros/humble/opt/rviz_ogre_vendor/lib:/opt/ros/humble/lib/x86_64-linux-gnu:/opt/ros/humble/lib:/usr/local/cuda/lib64 PATH=/home/precag/Documents/ros2-ws/install/urg_c/bin:${PATH} PYTHONPATH=/home/precag/Documents/ros2-ws/install/urg_node_msgs/local/lib/python3.10/dist-packages:${PYTHONPATH} /usr/bin/cmake /home/precag/Documents/ros2-ws/src/urg_node -DAMENT_CMAKE_SYMLINK_INSTALL=1 -DCMAKE_INSTALL_PREFIX=/home/precag/Documents/ros2-ws/install/urg_node
[7.864s] DEBUG:colcon.colcon_core.event_handler.log_command:Invoked command in '/home/precag/Documents/ros2-ws/build/urg_node' returned '0': AMENT_PREFIX_PATH=/home/precag/Documents/ros2-ws/install/urg_node_msgs:/home/precag/Documents/ros2-ws/install/urg_c:/home/precag/Documents/ros2-ws/install/laser_proc:${AMENT_PREFIX_PATH} CMAKE_PREFIX_PATH=/home/precag/Documents/ros2-ws/install/urg_node_msgs:/home/precag/Documents/ros2-ws/install/urg_c:/home/precag/Documents/ros2-ws/install/laser_proc:/opt/ros/humble CONDA_PROMPT_MODIFIER=(base) LD_LIBRARY_PATH=/home/precag/Documents/ros2-ws/install/urg_node_msgs/lib:/home/precag/Documents/ros2-ws/install/urg_c/lib:/home/precag/Documents/ros2-ws/install/laser_proc/lib:/usr/lib/x86_64-linux-gnu/gazebo-11/plugins:/opt/ros/humble/opt/rviz_ogre_vendor/lib:/opt/ros/humble/lib/x86_64-linux-gnu:/opt/ros/humble/lib:/usr/local/cuda/lib64 PATH=/home/precag/Documents/ros2-ws/install/urg_c/bin:${PATH} PYTHONPATH=/home/precag/Documents/ros2-ws/install/urg_node_msgs/local/lib/python3.10/dist-packages:${PYTHONPATH} /usr/bin/cmake /home/precag/Documents/ros2-ws/src/urg_node -DAMENT_CMAKE_SYMLINK_INSTALL=1 -DCMAKE_INSTALL_PREFIX=/home/precag/Documents/ros2-ws/install/urg_node
[7.867s] DEBUG:colcon.colcon_core.event_handler.log_command:Invoking command in '/home/precag/Documents/ros2-ws/build/urg_node': AMENT_PREFIX_PATH=/home/precag/Documents/ros2-ws/install/urg_node_msgs:/home/precag/Documents/ros2-ws/install/urg_c:/home/precag/Documents/ros2-ws/install/laser_proc:${AMENT_PREFIX_PATH} CMAKE_PREFIX_PATH=/home/precag/Documents/ros2-ws/install/urg_node_msgs:/home/precag/Documents/ros2-ws/install/urg_c:/home/precag/Documents/ros2-ws/install/laser_proc:/opt/ros/humble CONDA_PROMPT_MODIFIER=(base) LD_LIBRARY_PATH=/home/precag/Documents/ros2-ws/install/urg_node_msgs/lib:/home/precag/Documents/ros2-ws/install/urg_c/lib:/home/precag/Documents/ros2-ws/install/laser_proc/lib:/usr/lib/x86_64-linux-gnu/gazebo-11/plugins:/opt/ros/humble/opt/rviz_ogre_vendor/lib:/opt/ros/humble/lib/x86_64-linux-gnu:/opt/ros/humble/lib:/usr/local/cuda/lib64 PATH=/home/precag/Documents/ros2-ws/install/urg_c/bin:${PATH} PYTHONPATH=/home/precag/Documents/ros2-ws/install/urg_node_msgs/local/lib/python3.10/dist-packages:${PYTHONPATH} /usr/bin/cmake --build /home/precag/Documents/ros2-ws/build/urg_node -- -j8 -l8
[7.967s] DEBUG:colcon.colcon_core.event_handler.log_command:Invoked command in '/home/precag/Documents/ros2-ws/build/urg_node' returned '0': AMENT_PREFIX_PATH=/home/precag/Documents/ros2-ws/install/urg_node_msgs:/home/precag/Documents/ros2-ws/install/urg_c:/home/precag/Documents/ros2-ws/install/laser_proc:${AMENT_PREFIX_PATH} CMAKE_PREFIX_PATH=/home/precag/Documents/ros2-ws/install/urg_node_msgs:/home/precag/Documents/ros2-ws/install/urg_c:/home/precag/Documents/ros2-ws/install/laser_proc:/opt/ros/humble CONDA_PROMPT_MODIFIER=(base) LD_LIBRARY_PATH=/home/precag/Documents/ros2-ws/install/urg_node_msgs/lib:/home/precag/Documents/ros2-ws/install/urg_c/lib:/home/precag/Documents/ros2-ws/install/laser_proc/lib:/usr/lib/x86_64-linux-gnu/gazebo-11/plugins:/opt/ros/humble/opt/rviz_ogre_vendor/lib:/opt/ros/humble/lib/x86_64-linux-gnu:/opt/ros/humble/lib:/usr/local/cuda/lib64 PATH=/home/precag/Documents/ros2-ws/install/urg_c/bin:${PATH} PYTHONPATH=/home/precag/Documents/ros2-ws/install/urg_node_msgs/local/lib/python3.10/dist-packages:${PYTHONPATH} /usr/bin/cmake --build /home/precag/Documents/ros2-ws/build/urg_node -- -j8 -l8
[8.000s] DEBUG:colcon.colcon_core.event_handler.log_command:Invoking command in '/home/precag/Documents/ros2-ws/build/urg_node': AMENT_PREFIX_PATH=/home/precag/Documents/ros2-ws/install/urg_node_msgs:/home/precag/Documents/ros2-ws/install/urg_c:/home/precag/Documents/ros2-ws/install/laser_proc:${AMENT_PREFIX_PATH} CMAKE_PREFIX_PATH=/home/precag/Documents/ros2-ws/install/urg_node_msgs:/home/precag/Documents/ros2-ws/install/urg_c:/home/precag/Documents/ros2-ws/install/laser_proc:/opt/ros/humble CONDA_PROMPT_MODIFIER=(base) LD_LIBRARY_PATH=/home/precag/Documents/ros2-ws/install/urg_node_msgs/lib:/home/precag/Documents/ros2-ws/install/urg_c/lib:/home/precag/Documents/ros2-ws/install/laser_proc/lib:/usr/lib/x86_64-linux-gnu/gazebo-11/plugins:/opt/ros/humble/opt/rviz_ogre_vendor/lib:/opt/ros/humble/lib/x86_64-linux-gnu:/opt/ros/humble/lib:/usr/local/cuda/lib64 PATH=/home/precag/Documents/ros2-ws/install/urg_c/bin:${PATH} PYTHONPATH=/home/precag/Documents/ros2-ws/install/urg_node_msgs/local/lib/python3.10/dist-packages:${PYTHONPATH} /usr/bin/cmake --install /home/precag/Documents/ros2-ws/build/urg_node
[8.029s] Level 1:colcon.colcon_core.environment:create_environment_scripts_only(urg_node)
[8.030s] DEBUG:colcon.colcon_core.event_handler.log_command:Invoked command in '/home/precag/Documents/ros2-ws/build/urg_node' returned '0': AMENT_PREFIX_PATH=/home/precag/Documents/ros2-ws/install/urg_node_msgs:/home/precag/Documents/ros2-ws/install/urg_c:/home/precag/Documents/ros2-ws/install/laser_proc:${AMENT_PREFIX_PATH} CMAKE_PREFIX_PATH=/home/precag/Documents/ros2-ws/install/urg_node_msgs:/home/precag/Documents/ros2-ws/install/urg_c:/home/precag/Documents/ros2-ws/install/laser_proc:/opt/ros/humble CONDA_PROMPT_MODIFIER=(base) LD_LIBRARY_PATH=/home/precag/Documents/ros2-ws/install/urg_node_msgs/lib:/home/precag/Documents/ros2-ws/install/urg_c/lib:/home/precag/Documents/ros2-ws/install/laser_proc/lib:/usr/lib/x86_64-linux-gnu/gazebo-11/plugins:/opt/ros/humble/opt/rviz_ogre_vendor/lib:/opt/ros/humble/lib/x86_64-linux-gnu:/opt/ros/humble/lib:/usr/local/cuda/lib64 PATH=/home/precag/Documents/ros2-ws/install/urg_c/bin:${PATH} PYTHONPATH=/home/precag/Documents/ros2-ws/install/urg_node_msgs/local/lib/python3.10/dist-packages:${PYTHONPATH} /usr/bin/cmake --install /home/precag/Documents/ros2-ws/build/urg_node
[8.050s] Level 1:colcon.colcon_core.environment:checking '/home/precag/Documents/ros2-ws/install/urg_node' for CMake module files
[8.051s] Level 1:colcon.colcon_core.environment:checking '/home/precag/Documents/ros2-ws/install/urg_node' for CMake config files
[8.054s] Level 1:colcon.colcon_core.shell:create_environment_hook('urg_node', 'cmake_prefix_path')
[8.070s] INFO:colcon.colcon_core.shell:Creating environment hook '/home/precag/Documents/ros2-ws/install/urg_node/share/urg_node/hook/cmake_prefix_path.ps1'
[8.071s] INFO:colcon.colcon_core.shell:Creating environment descriptor '/home/precag/Documents/ros2-ws/install/urg_node/share/urg_node/hook/cmake_prefix_path.dsv'
[8.071s] INFO:colcon.colcon_core.shell:Creating environment hook '/home/precag/Documents/ros2-ws/install/urg_node/share/urg_node/hook/cmake_prefix_path.sh'
[8.072s] Level 1:colcon.colcon_core.environment:checking '/home/precag/Documents/ros2-ws/install/urg_node/lib'
[8.072s] Level 1:colcon.colcon_core.shell:create_environment_hook('urg_node', 'ld_library_path_lib')
[8.087s] INFO:colcon.colcon_core.shell:Creating environment hook '/home/precag/Documents/ros2-ws/install/urg_node/share/urg_node/hook/ld_library_path_lib.ps1'
[8.088s] INFO:colcon.colcon_core.shell:Creating environment descriptor '/home/precag/Documents/ros2-ws/install/urg_node/share/urg_node/hook/ld_library_path_lib.dsv'
[8.088s] INFO:colcon.colcon_core.shell:Creating environment hook '/home/precag/Documents/ros2-ws/install/urg_node/share/urg_node/hook/ld_library_path_lib.sh'
[8.088s] Level 1:colcon.colcon_core.environment:checking '/home/precag/Documents/ros2-ws/install/urg_node/bin'
[8.088s] Level 1:colcon.colcon_core.environment:checking '/home/precag/Documents/ros2-ws/install/urg_node/lib/pkgconfig/urg_node.pc'
[8.089s] Level 1:colcon.colcon_core.environment:checking '/home/precag/Documents/ros2-ws/install/urg_node/lib/python3.9/site-packages'
[8.089s] Level 1:colcon.colcon_core.environment:checking '/home/precag/Documents/ros2-ws/install/urg_node/bin'
[8.104s] INFO:colcon.colcon_core.shell:Creating package script '/home/precag/Documents/ros2-ws/install/urg_node/share/urg_node/package.ps1'
[8.105s] INFO:colcon.colcon_core.shell:Creating package descriptor '/home/precag/Documents/ros2-ws/install/urg_node/share/urg_node/package.dsv'
[8.105s] INFO:colcon.colcon_core.shell:Creating package script '/home/precag/Documents/ros2-ws/install/urg_node/share/urg_node/package.sh'
[8.106s] INFO:colcon.colcon_core.shell:Creating package script '/home/precag/Documents/ros2-ws/install/urg_node/share/urg_node/package.bash'
[8.106s] INFO:colcon.colcon_core.shell:Creating package script '/home/precag/Documents/ros2-ws/install/urg_node/share/urg_node/package.zsh'
[8.106s] Level 1:colcon.colcon_core.environment:create_file_with_runtime_dependencies(/home/precag/Documents/ros2-ws/install/urg_node/share/colcon-core/packages/urg_node)
[8.154s] Level 1:colcon.colcon_core.environment:create_environment_scripts_only(urg_node)
[8.173s] Level 1:colcon.colcon_core.environment:checking '/home/precag/Documents/ros2-ws/install/urg_node' for CMake module files
[8.174s] Level 1:colcon.colcon_core.environment:checking '/home/precag/Documents/ros2-ws/install/urg_node' for CMake config files
[8.174s] Level 1:colcon.colcon_core.shell:create_environment_hook('urg_node', 'cmake_prefix_path')
[8.198s] INFO:colcon.colcon_core.shell:Creating environment hook '/home/precag/Documents/ros2-ws/install/urg_node/share/urg_node/hook/cmake_prefix_path.ps1'
[8.198s] INFO:colcon.colcon_core.shell:Creating environment descriptor '/home/precag/Documents/ros2-ws/install/urg_node/share/urg_node/hook/cmake_prefix_path.dsv'
[8.199s] INFO:colcon.colcon_core.shell:Creating environment hook '/home/precag/Documents/ros2-ws/install/urg_node/share/urg_node/hook/cmake_prefix_path.sh'
[8.199s] Level 1:colcon.colcon_core.environment:checking '/home/precag/Documents/ros2-ws/install/urg_node/lib'
[8.199s] Level 1:colcon.colcon_core.shell:create_environment_hook('urg_node', 'ld_library_path_lib')
[8.215s] INFO:colcon.colcon_core.shell:Creating environment hook '/home/precag/Documents/ros2-ws/install/urg_node/share/urg_node/hook/ld_library_path_lib.ps1'
[8.216s] INFO:colcon.colcon_core.shell:Creating environment descriptor '/home/precag/Documents/ros2-ws/install/urg_node/share/urg_node/hook/ld_library_path_lib.dsv'
[8.216s] INFO:colcon.colcon_core.shell:Creating environment hook '/home/precag/Documents/ros2-ws/install/urg_node/share/urg_node/hook/ld_library_path_lib.sh'
[8.216s] Level 1:colcon.colcon_core.environment:checking '/home/precag/Documents/ros2-ws/install/urg_node/bin'
[8.216s] Level 1:colcon.colcon_core.environment:checking '/home/precag/Documents/ros2-ws/install/urg_node/lib/pkgconfig/urg_node.pc'
[8.217s] Level 1:colcon.colcon_core.environment:checking '/home/precag/Documents/ros2-ws/install/urg_node/lib/python3.9/site-packages'
[8.217s] Level 1:colcon.colcon_core.environment:checking '/home/precag/Documents/ros2-ws/install/urg_node/bin'
[8.233s] INFO:colcon.colcon_core.shell:Creating package script '/home/precag/Documents/ros2-ws/install/urg_node/share/urg_node/package.ps1'
[8.234s] INFO:colcon.colcon_core.shell:Creating package descriptor '/home/precag/Documents/ros2-ws/install/urg_node/share/urg_node/package.dsv'
[8.234s] INFO:colcon.colcon_core.shell:Creating package script '/home/precag/Documents/ros2-ws/install/urg_node/share/urg_node/package.sh'
[8.235s] INFO:colcon.colcon_core.shell:Creating package script '/home/precag/Documents/ros2-ws/install/urg_node/share/urg_node/package.bash'
[8.235s] INFO:colcon.colcon_core.shell:Creating package script '/home/precag/Documents/ros2-ws/install/urg_node/share/urg_node/package.zsh'
[8.235s] Level 1:colcon.colcon_core.environment:create_file_with_runtime_dependencies(/home/precag/Documents/ros2-ws/install/urg_node/share/colcon-core/packages/urg_node)
[8.236s] DEBUG:colcon.colcon_parallel_executor.executor.parallel:closing loop
[8.236s] DEBUG:colcon.colcon_parallel_executor.executor.parallel:loop closed
[8.236s] DEBUG:colcon.colcon_parallel_executor.executor.parallel:run_until_complete finished with '0'
[8.237s] DEBUG:colcon.colcon_core.event_reactor:joining thread
[8.256s] INFO:colcon.colcon_core.plugin_system:Skipping extension 'colcon_notification.desktop_notification.notify2': 'notify2' not found
[8.256s] INFO:colcon.colcon_core.plugin_system:Skipping extension 'colcon_notification.desktop_notification.terminal_notifier': Not used on non-Darwin systems
[8.257s] INFO:colcon.colcon_core.plugin_system:Skipping extension 'colcon_notification.desktop_notification.win32': Not used on non-Windows systems
[8.257s] INFO:colcon.colcon_notification.desktop_notification:Sending desktop notification using 'notify_send'
[8.280s] DEBUG:colcon.colcon_core.event_reactor:joined thread
[8.298s] INFO:colcon.colcon_core.shell:Creating prefix script '/home/precag/Documents/ros2-ws/install/local_setup.ps1'
[8.299s] INFO:colcon.colcon_core.shell:Creating prefix util module '/home/precag/Documents/ros2-ws/install/_local_setup_util_ps1.py'
[8.301s] INFO:colcon.colcon_core.shell:Creating prefix chain script '/home/precag/Documents/ros2-ws/install/setup.ps1'
[8.318s] INFO:colcon.colcon_core.shell:Creating prefix script '/home/precag/Documents/ros2-ws/install/local_setup.sh'
[8.319s] INFO:colcon.colcon_core.shell:Creating prefix util module '/home/precag/Documents/ros2-ws/install/_local_setup_util_sh.py'
[8.320s] INFO:colcon.colcon_core.shell:Creating prefix chain script '/home/precag/Documents/ros2-ws/install/setup.sh'
[8.338s] INFO:colcon.colcon_core.shell:Creating prefix script '/home/precag/Documents/ros2-ws/install/local_setup.bash'
[8.339s] INFO:colcon.colcon_core.shell:Creating prefix chain script '/home/precag/Documents/ros2-ws/install/setup.bash'
[8.355s] INFO:colcon.colcon_core.shell:Creating prefix script '/home/precag/Documents/ros2-ws/install/local_setup.zsh'
[8.356s] INFO:colcon.colcon_core.shell:Creating prefix chain script '/home/precag/Documents/ros2-ws/install/setup.zsh'
