[0.284s] Invoking command in '/home/precag/Documents/ros2-ws/build/urg_c': CMAKE_PREFIX_PATH=${CMAKE_PREFIX_PATH}:/opt/ros/humble CONDA_PROMPT_MODIFIER=(base) /usr/bin/cmake /home/precag/Documents/ros2-ws/src/urg_c -DAMENT_CMAKE_SYMLINK_INSTALL=1 -DCMAKE_INSTALL_PREFIX=/home/precag/Documents/ros2-ws/install/urg_c
[0.299s] -- Found ament_cmake: 1.3.7 (/opt/ros/humble/share/ament_cmake/cmake)
[0.478s] -- Override CMake install command with custom implementation using symlinks instead of copying resources
[0.577s] -- Configuring done
[0.603s] -- Generating done
[0.606s] -- Build files have been written to: /home/precag/Documents/ros2-ws/build/urg_c
[0.618s] Invoked command in '/home/precag/Documents/ros2-ws/build/urg_c' returned '0': CMAKE_PREFIX_PATH=${CMAKE_PREFIX_PATH}:/opt/ros/humble CONDA_PROMPT_MODIFIER=(base) /usr/bin/cmake /home/precag/Documents/ros2-ws/src/urg_c -DAMENT_CMAKE_SYMLINK_INSTALL=1 -DCMAKE_INSTALL_PREFIX=/home/precag/Documents/ros2-ws/install/urg_c
[0.622s] Invoking command in '/home/precag/Documents/ros2-ws/build/urg_c': CMAKE_PREFIX_PATH=${CMAKE_PREFIX_PATH}:/opt/ros/humble CONDA_PROMPT_MODIFIER=(base) /usr/bin/cmake --build /home/precag/Documents/ros2-ws/build/urg_c -- -j8 -l8
[0.683s] [35m[1mConsolidate compiler generated dependencies of target urg_c[0m
[0.732s] [ 29%] Built target urg_c
[0.757s] [35m[1mConsolidate compiler generated dependencies of target open_urg_sensor[0m
[0.796s] [ 35%] Built target open_urg_sensor
[0.827s] [35m[1mConsolidate compiler generated dependencies of target calculate_xy[0m
[0.827s] [35m[1mConsolidate compiler generated dependencies of target angle_convert_test[0m
[0.841s] [35m[1mConsolidate compiler generated dependencies of target find_port[0m
[0.843s] [35m[1mConsolidate compiler generated dependencies of target get_distance[0m
[0.883s] [35m[1mConsolidate compiler generated dependencies of target get_distance_intensity[0m
[0.883s] [ 41%] Built target angle_convert_test
[0.892s] [ 47%] Built target calculate_xy
[0.895s] [ 52%] Built target find_port
[0.915s] [ 58%] Built target get_distance
[0.923s] [ 64%] Built target get_distance_intensity
[0.931s] [35m[1mConsolidate compiler generated dependencies of target get_multiecho[0m
[0.932s] [35m[1mConsolidate compiler generated dependencies of target get_multiecho_intensity[0m
[0.951s] [35m[1mConsolidate compiler generated dependencies of target sensor_parameter[0m
[0.953s] [35m[1mConsolidate compiler generated dependencies of target reboot_test[0m
[0.966s] [35m[1mConsolidate compiler generated dependencies of target sync_time_stamp[0m
[0.972s] [35m[1mConsolidate compiler generated dependencies of target timeout_test[0m
[0.983s] [ 70%] Built target reboot_test
[0.990s] [ 82%] Built target sensor_parameter
[0.991s] [ 82%] Built target get_multiecho_intensity
[0.994s] [ 88%] Built target sync_time_stamp
[0.994s] [ 94%] Built target get_multiecho
[1.007s] [100%] Built target timeout_test
[1.025s] Invoked command in '/home/precag/Documents/ros2-ws/build/urg_c' returned '0': CMAKE_PREFIX_PATH=${CMAKE_PREFIX_PATH}:/opt/ros/humble CONDA_PROMPT_MODIFIER=(base) /usr/bin/cmake --build /home/precag/Documents/ros2-ws/build/urg_c -- -j8 -l8
[1.322s] Invoking command in '/home/precag/Documents/ros2-ws/build/urg_c': CMAKE_PREFIX_PATH=${CMAKE_PREFIX_PATH}:/opt/ros/humble CONDA_PROMPT_MODIFIER=(base) /usr/bin/cmake --install /home/precag/Documents/ros2-ws/build/urg_c
[1.335s] -- Install configuration: ""
[1.335s] -- Execute custom install script
[1.336s] -- Up-to-date symlink: /home/precag/Documents/ros2-ws/install/urg_c/lib/liburg_c.so
[1.337s] -- Up-to-date symlink: /home/precag/Documents/ros2-ws/install/urg_c/lib/libopen_urg_sensor.a
[1.337s] -- Up-to-date symlink: /home/precag/Documents/ros2-ws/install/urg_c/bin/angle_convert_test
[1.337s] -- Up-to-date symlink: /home/precag/Documents/ros2-ws/install/urg_c/bin/calculate_xy
[1.337s] -- Up-to-date symlink: /home/precag/Documents/ros2-ws/install/urg_c/bin/find_port
[1.338s] -- Up-to-date symlink: /home/precag/Documents/ros2-ws/install/urg_c/bin/get_distance
[1.338s] -- Up-to-date symlink: /home/precag/Documents/ros2-ws/install/urg_c/bin/get_distance_intensity
[1.338s] -- Up-to-date symlink: /home/precag/Documents/ros2-ws/install/urg_c/bin/get_multiecho
[1.338s] -- Up-to-date symlink: /home/precag/Documents/ros2-ws/install/urg_c/bin/get_multiecho_intensity
[1.338s] -- Up-to-date symlink: /home/precag/Documents/ros2-ws/install/urg_c/bin/reboot_test
[1.338s] -- Up-to-date symlink: /home/precag/Documents/ros2-ws/install/urg_c/bin/sensor_parameter
[1.339s] -- Up-to-date symlink: /home/precag/Documents/ros2-ws/install/urg_c/bin/sync_time_stamp
[1.339s] -- Up-to-date symlink: /home/precag/Documents/ros2-ws/install/urg_c/bin/timeout_test
[1.339s] -- Up-to-date symlink: /home/precag/Documents/ros2-ws/install/urg_c/include/urg_c/urg_connection.h
[1.339s] -- Up-to-date symlink: /home/precag/Documents/ros2-ws/install/urg_c/include/urg_c/urg_debug.h
[1.340s] -- Up-to-date symlink: /home/precag/Documents/ros2-ws/install/urg_c/include/urg_c/urg_detect_os.h
[1.340s] -- Up-to-date symlink: /home/precag/Documents/ros2-ws/install/urg_c/include/urg_c/urg_errno.h
[1.340s] -- Up-to-date symlink: /home/precag/Documents/ros2-ws/install/urg_c/include/urg_c/urg_ring_buffer.h
[1.340s] -- Up-to-date symlink: /home/precag/Documents/ros2-ws/install/urg_c/include/urg_c/urg_sensor.h
[1.340s] -- Up-to-date symlink: /home/precag/Documents/ros2-ws/install/urg_c/include/urg_c/urg_serial.h
[1.341s] -- Up-to-date symlink: /home/precag/Documents/ros2-ws/install/urg_c/include/urg_c/urg_serial_utils.h
[1.341s] -- Up-to-date symlink: /home/precag/Documents/ros2-ws/install/urg_c/include/urg_c/urg_tcpclient.h
[1.341s] -- Up-to-date symlink: /home/precag/Documents/ros2-ws/install/urg_c/include/urg_c/urg_time.h
[1.341s] -- Up-to-date symlink: /home/precag/Documents/ros2-ws/install/urg_c/include/urg_c/urg_utils.h
[1.342s] -- Up-to-date symlink: /home/precag/Documents/ros2-ws/install/urg_c/share/urg_c/environment/library_path.sh
[1.342s] -- Up-to-date symlink: /home/precag/Documents/ros2-ws/install/urg_c/share/urg_c/environment/library_path.dsv
[1.342s] -- Up-to-date symlink: /home/precag/Documents/ros2-ws/install/urg_c/share/ament_index/resource_index/package_run_dependencies/urg_c
[1.342s] -- Up-to-date symlink: /home/precag/Documents/ros2-ws/install/urg_c/share/ament_index/resource_index/parent_prefix_path/urg_c
[1.343s] -- Up-to-date symlink: /home/precag/Documents/ros2-ws/install/urg_c/share/urg_c/environment/ament_prefix_path.sh
[1.343s] -- Up-to-date symlink: /home/precag/Documents/ros2-ws/install/urg_c/share/urg_c/environment/ament_prefix_path.dsv
[1.343s] -- Up-to-date symlink: /home/precag/Documents/ros2-ws/install/urg_c/share/urg_c/environment/path.sh
[1.343s] -- Up-to-date symlink: /home/precag/Documents/ros2-ws/install/urg_c/share/urg_c/environment/path.dsv
[1.344s] -- Up-to-date symlink: /home/precag/Documents/ros2-ws/install/urg_c/share/urg_c/local_setup.bash
[1.344s] -- Up-to-date symlink: /home/precag/Documents/ros2-ws/install/urg_c/share/urg_c/local_setup.sh
[1.344s] -- Up-to-date symlink: /home/precag/Documents/ros2-ws/install/urg_c/share/urg_c/local_setup.zsh
[1.344s] -- Up-to-date symlink: /home/precag/Documents/ros2-ws/install/urg_c/share/urg_c/local_setup.dsv
[1.344s] -- Symlinking: /home/precag/Documents/ros2-ws/install/urg_c/share/urg_c/package.dsv
[1.359s] -- Up-to-date symlink: /home/precag/Documents/ros2-ws/install/urg_c/share/ament_index/resource_index/packages/urg_c
[1.361s] -- Up-to-date symlink: /home/precag/Documents/ros2-ws/install/urg_c/share/urg_c/cmake/ament_cmake_export_include_directories-extras.cmake
[1.361s] -- Up-to-date symlink: /home/precag/Documents/ros2-ws/install/urg_c/share/urg_c/cmake/ament_cmake_export_libraries-extras.cmake
[1.361s] -- Up-to-date symlink: /home/precag/Documents/ros2-ws/install/urg_c/share/urg_c/cmake/urg_cConfig.cmake
[1.362s] -- Up-to-date symlink: /home/precag/Documents/ros2-ws/install/urg_c/share/urg_c/cmake/urg_cConfig-version.cmake
[1.362s] -- Up-to-date symlink: /home/precag/Documents/ros2-ws/install/urg_c/share/urg_c/package.xml
[1.457s] Invoked command in '/home/precag/Documents/ros2-ws/build/urg_c' returned '0': CMAKE_PREFIX_PATH=${CMAKE_PREFIX_PATH}:/opt/ros/humble CONDA_PROMPT_MODIFIER=(base) /usr/bin/cmake --install /home/precag/Documents/ros2-ws/build/urg_c
