[0.226s] Invoking command in '/home/precag/Documents/ros2-ws/build/laser_proc': CMAKE_PREFIX_PATH=/opt/ros/humble CONDA_PROMPT_MODIFIER=(base) /usr/bin/cmake --build /home/precag/Documents/ros2-ws/build/laser_proc -- -j8 -l8
[0.314s] [35m[1mConsolidate compiler generated dependencies of target laser_proc_node[0m
[0.314s] [35m[1mConsolidate compiler generated dependencies of target laser_proc[0m
[0.356s] [ 42%] Built target laser_proc
[0.362s] [ 71%] Built target laser_proc_node
[0.384s] [35m[1mConsolidate compiler generated dependencies of target laser_proc_component[0m
[0.412s] [100%] Built target laser_proc_component
[0.448s] Invoked command in '/home/precag/Documents/ros2-ws/build/laser_proc' returned '0': CMAKE_PREFIX_PATH=/opt/ros/humble CONDA_PROMPT_MODIFIER=(base) /usr/bin/cmake --build /home/precag/Documents/ros2-ws/build/laser_proc -- -j8 -l8
[0.495s] Invoking command in '/home/precag/Documents/ros2-ws/build/laser_proc': CMAKE_PREFIX_PATH=/opt/ros/humble CONDA_PROMPT_MODIFIER=(base) /usr/bin/cmake --install /home/precag/Documents/ros2-ws/build/laser_proc
[0.505s] -- Install configuration: ""
[0.506s] -- Execute custom install script
[0.507s] -- Up-to-date symlink: /home/precag/Documents/ros2-ws/install/laser_proc/lib/laser_proc/laser_proc_node
[0.507s] -- Up-to-date symlink: /home/precag/Documents/ros2-ws/install/laser_proc/lib/liblaser_proc.so
[0.508s] -- Up-to-date symlink: /home/precag/Documents/ros2-ws/install/laser_proc/lib/liblaser_proc_component.so
[0.511s] -- Up-to-date symlink: /home/precag/Documents/ros2-ws/install/laser_proc/include/laser_proc/laser_proc.hpp
[0.512s] -- Up-to-date symlink: /home/precag/Documents/ros2-ws/install/laser_proc/include/laser_proc/laser_proc_component.hpp
[0.512s] -- Up-to-date symlink: /home/precag/Documents/ros2-ws/install/laser_proc/include/laser_proc/laser_publisher.hpp
[0.513s] -- Up-to-date symlink: /home/precag/Documents/ros2-ws/install/laser_proc/include/laser_proc/visibility_control.hpp
[0.513s] -- Up-to-date symlink: /home/precag/Documents/ros2-ws/install/laser_proc/share/laser_proc/environment/library_path.sh
[0.513s] -- Up-to-date symlink: /home/precag/Documents/ros2-ws/install/laser_proc/share/laser_proc/environment/library_path.dsv
[0.514s] -- Up-to-date symlink: /home/precag/Documents/ros2-ws/install/laser_proc/share/ament_index/resource_index/package_run_dependencies/laser_proc
[0.516s] -- Up-to-date symlink: /home/precag/Documents/ros2-ws/install/laser_proc/share/ament_index/resource_index/parent_prefix_path/laser_proc
[0.516s] -- Up-to-date symlink: /home/precag/Documents/ros2-ws/install/laser_proc/share/laser_proc/environment/ament_prefix_path.sh
[0.516s] -- Up-to-date symlink: /home/precag/Documents/ros2-ws/install/laser_proc/share/laser_proc/environment/ament_prefix_path.dsv
[0.517s] -- Up-to-date symlink: /home/precag/Documents/ros2-ws/install/laser_proc/share/laser_proc/environment/path.sh
[0.517s] -- Up-to-date symlink: /home/precag/Documents/ros2-ws/install/laser_proc/share/laser_proc/environment/path.dsv
[0.518s] -- Up-to-date symlink: /home/precag/Documents/ros2-ws/install/laser_proc/share/laser_proc/local_setup.bash
[0.518s] -- Up-to-date symlink: /home/precag/Documents/ros2-ws/install/laser_proc/share/laser_proc/local_setup.sh
[0.519s] -- Up-to-date symlink: /home/precag/Documents/ros2-ws/install/laser_proc/share/laser_proc/local_setup.zsh
[0.519s] -- Up-to-date symlink: /home/precag/Documents/ros2-ws/install/laser_proc/share/laser_proc/local_setup.dsv
[0.519s] -- Symlinking: /home/precag/Documents/ros2-ws/install/laser_proc/share/laser_proc/package.dsv
[0.532s] -- Up-to-date symlink: /home/precag/Documents/ros2-ws/install/laser_proc/share/ament_index/resource_index/packages/laser_proc
[0.533s] -- Up-to-date symlink: /home/precag/Documents/ros2-ws/install/laser_proc/share/ament_index/resource_index/rclcpp_components/laser_proc
[0.535s] -- Up-to-date symlink: /home/precag/Documents/ros2-ws/install/laser_proc/share/laser_proc/cmake/ament_cmake_export_dependencies-extras.cmake
[0.535s] -- Up-to-date symlink: /home/precag/Documents/ros2-ws/install/laser_proc/share/laser_proc/cmake/ament_cmake_export_include_directories-extras.cmake
[0.536s] -- Up-to-date symlink: /home/precag/Documents/ros2-ws/install/laser_proc/share/laser_proc/cmake/ament_cmake_export_libraries-extras.cmake
[0.537s] -- Up-to-date symlink: /home/precag/Documents/ros2-ws/install/laser_proc/share/laser_proc/cmake/laser_procConfig.cmake
[0.537s] -- Up-to-date symlink: /home/precag/Documents/ros2-ws/install/laser_proc/share/laser_proc/cmake/laser_procConfig-version.cmake
[0.538s] -- Up-to-date symlink: /home/precag/Documents/ros2-ws/install/laser_proc/share/laser_proc/package.xml
[0.541s] Invoked command in '/home/precag/Documents/ros2-ws/build/laser_proc' returned '0': CMAKE_PREFIX_PATH=/opt/ros/humble CONDA_PROMPT_MODIFIER=(base) /usr/bin/cmake --install /home/precag/Documents/ros2-ws/build/laser_proc
