[0.225s] Invoking command in '/home/precag/Documents/ros2-ws/build/urg_c': CMAKE_PREFIX_PATH=${CMAKE_PREFIX_PATH}:/opt/ros/humble CONDA_PROMPT_MODIFIER=(base) /usr/bin/cmake --build /home/precag/Documents/ros2-ws/build/urg_c -- -j8 -l8
[0.296s] [ 29%] Built target urg_c
[0.342s] [ 35%] Built target open_urg_sensor
[0.403s] [ 41%] Built target get_distance
[0.405s] [ 47%] Built target calculate_xy
[0.419s] [ 52%] Built target angle_convert_test
[0.424s] [ 64%] Built target find_port
[0.424s] [ 64%] Built target get_distance_intensity
[0.428s] [ 70%] Built target get_multiecho
[0.437s] [ 76%] Built target get_multiecho_intensity
[0.443s] [ 82%] Built target reboot_test
[0.469s] [ 88%] Built target sync_time_stamp
[0.469s] [ 94%] Built target timeout_test
[0.470s] [100%] Built target sensor_parameter
[0.484s] Invoked command in '/home/precag/Documents/ros2-ws/build/urg_c' returned '0': CMAKE_PREFIX_PATH=${CMAKE_PREFIX_PATH}:/opt/ros/humble CONDA_PROMPT_MODIFIER=(base) /usr/bin/cmake --build /home/precag/Documents/ros2-ws/build/urg_c -- -j8 -l8
[0.650s] Invoking command in '/home/precag/Documents/ros2-ws/build/urg_c': CMAKE_PREFIX_PATH=${CMAKE_PREFIX_PATH}:/opt/ros/humble CONDA_PROMPT_MODIFIER=(base) /usr/bin/cmake --install /home/precag/Documents/ros2-ws/build/urg_c
[0.660s] -- Install configuration: ""
[0.661s] -- Execute custom install script
[0.661s] -- Up-to-date symlink: /home/precag/Documents/ros2-ws/install/urg_c/lib/liburg_c.so
[0.662s] -- Up-to-date symlink: /home/precag/Documents/ros2-ws/install/urg_c/lib/libopen_urg_sensor.a
[0.662s] -- Up-to-date symlink: /home/precag/Documents/ros2-ws/install/urg_c/bin/angle_convert_test
[0.662s] -- Up-to-date symlink: /home/precag/Documents/ros2-ws/install/urg_c/bin/calculate_xy
[0.662s] -- Up-to-date symlink: /home/precag/Documents/ros2-ws/install/urg_c/bin/find_port
[0.662s] -- Up-to-date symlink: /home/precag/Documents/ros2-ws/install/urg_c/bin/get_distance
[0.663s] -- Up-to-date symlink: /home/precag/Documents/ros2-ws/install/urg_c/bin/get_distance_intensity
[0.663s] -- Up-to-date symlink: /home/precag/Documents/ros2-ws/install/urg_c/bin/get_multiecho
[0.663s] -- Up-to-date symlink: /home/precag/Documents/ros2-ws/install/urg_c/bin/get_multiecho_intensity
[0.663s] -- Up-to-date symlink: /home/precag/Documents/ros2-ws/install/urg_c/bin/reboot_test
[0.663s] -- Up-to-date symlink: /home/precag/Documents/ros2-ws/install/urg_c/bin/sensor_parameter
[0.663s] -- Up-to-date symlink: /home/precag/Documents/ros2-ws/install/urg_c/bin/sync_time_stamp
[0.664s] -- Up-to-date symlink: /home/precag/Documents/ros2-ws/install/urg_c/bin/timeout_test
[0.664s] -- Up-to-date symlink: /home/precag/Documents/ros2-ws/install/urg_c/include/urg_c/urg_connection.h
[0.664s] -- Up-to-date symlink: /home/precag/Documents/ros2-ws/install/urg_c/include/urg_c/urg_debug.h
[0.664s] -- Up-to-date symlink: /home/precag/Documents/ros2-ws/install/urg_c/include/urg_c/urg_detect_os.h
[0.664s] -- Up-to-date symlink: /home/precag/Documents/ros2-ws/install/urg_c/include/urg_c/urg_errno.h
[0.665s] -- Up-to-date symlink: /home/precag/Documents/ros2-ws/install/urg_c/include/urg_c/urg_ring_buffer.h
[0.665s] -- Up-to-date symlink: /home/precag/Documents/ros2-ws/install/urg_c/include/urg_c/urg_sensor.h
[0.665s] -- Up-to-date symlink: /home/precag/Documents/ros2-ws/install/urg_c/include/urg_c/urg_serial.h
[0.665s] -- Up-to-date symlink: /home/precag/Documents/ros2-ws/install/urg_c/include/urg_c/urg_serial_utils.h
[0.665s] -- Up-to-date symlink: /home/precag/Documents/ros2-ws/install/urg_c/include/urg_c/urg_tcpclient.h
[0.666s] -- Up-to-date symlink: /home/precag/Documents/ros2-ws/install/urg_c/include/urg_c/urg_time.h
[0.666s] -- Up-to-date symlink: /home/precag/Documents/ros2-ws/install/urg_c/include/urg_c/urg_utils.h
[0.666s] -- Up-to-date symlink: /home/precag/Documents/ros2-ws/install/urg_c/share/urg_c/environment/library_path.sh
[0.666s] -- Up-to-date symlink: /home/precag/Documents/ros2-ws/install/urg_c/share/urg_c/environment/library_path.dsv
[0.666s] -- Up-to-date symlink: /home/precag/Documents/ros2-ws/install/urg_c/share/ament_index/resource_index/package_run_dependencies/urg_c
[0.667s] -- Up-to-date symlink: /home/precag/Documents/ros2-ws/install/urg_c/share/ament_index/resource_index/parent_prefix_path/urg_c
[0.667s] -- Up-to-date symlink: /home/precag/Documents/ros2-ws/install/urg_c/share/urg_c/environment/ament_prefix_path.sh
[0.667s] -- Up-to-date symlink: /home/precag/Documents/ros2-ws/install/urg_c/share/urg_c/environment/ament_prefix_path.dsv
[0.667s] -- Up-to-date symlink: /home/precag/Documents/ros2-ws/install/urg_c/share/urg_c/environment/path.sh
[0.667s] -- Up-to-date symlink: /home/precag/Documents/ros2-ws/install/urg_c/share/urg_c/environment/path.dsv
[0.668s] -- Up-to-date symlink: /home/precag/Documents/ros2-ws/install/urg_c/share/urg_c/local_setup.bash
[0.668s] -- Up-to-date symlink: /home/precag/Documents/ros2-ws/install/urg_c/share/urg_c/local_setup.sh
[0.668s] -- Up-to-date symlink: /home/precag/Documents/ros2-ws/install/urg_c/share/urg_c/local_setup.zsh
[0.668s] -- Up-to-date symlink: /home/precag/Documents/ros2-ws/install/urg_c/share/urg_c/local_setup.dsv
[0.668s] -- Symlinking: /home/precag/Documents/ros2-ws/install/urg_c/share/urg_c/package.dsv
[0.682s] -- Up-to-date symlink: /home/precag/Documents/ros2-ws/install/urg_c/share/ament_index/resource_index/packages/urg_c
[0.683s] -- Up-to-date symlink: /home/precag/Documents/ros2-ws/install/urg_c/share/urg_c/cmake/ament_cmake_export_include_directories-extras.cmake
[0.684s] -- Up-to-date symlink: /home/precag/Documents/ros2-ws/install/urg_c/share/urg_c/cmake/ament_cmake_export_libraries-extras.cmake
[0.684s] -- Up-to-date symlink: /home/precag/Documents/ros2-ws/install/urg_c/share/urg_c/cmake/urg_cConfig.cmake
[0.685s] -- Up-to-date symlink: /home/precag/Documents/ros2-ws/install/urg_c/share/urg_c/cmake/urg_cConfig-version.cmake
[0.685s] -- Up-to-date symlink: /home/precag/Documents/ros2-ws/install/urg_c/share/urg_c/package.xml
[0.692s] Invoked command in '/home/precag/Documents/ros2-ws/build/urg_c' returned '0': CMAKE_PREFIX_PATH=${CMAKE_PREFIX_PATH}:/opt/ros/humble CONDA_PROMPT_MODIFIER=(base) /usr/bin/cmake --install /home/precag/Documents/ros2-ws/build/urg_c
