[0.222s] Invoking command in '/home/precag/Documents/ros2-ws/build/urg_node_msgs': CMAKE_PREFIX_PATH=${CMAKE_PREFIX_PATH}:/opt/ros/humble CONDA_PROMPT_MODIFIER=(base) /usr/bin/cmake /home/precag/Documents/ros2-ws/src/urg_node_msgs -DAMENT_CMAKE_SYMLINK_INSTALL=1 -DCMAKE_INSTALL_PREFIX=/home/precag/Documents/ros2-ws/install/urg_node_msgs
[0.234s] -- Found ament_cmake: 1.3.7 (/opt/ros/humble/share/ament_cmake/cmake)
[0.441s] -- Override CMake install command with custom implementation using symlinks instead of copying resources
[0.463s] -- Found builtin_interfaces: 1.2.1 (/opt/ros/humble/share/builtin_interfaces/cmake)
[0.490s] -- Found rosidl_generator_c: 3.1.5 (/opt/ros/humble/share/rosidl_generator_c/cmake)
[0.495s] -- Found rosidl_adapter: 3.1.5 (/opt/ros/humble/share/rosidl_adapter/cmake)
[0.505s] -- Found rosidl_generator_cpp: 3.1.5 (/opt/ros/humble/share/rosidl_generator_cpp/cmake)
[0.524s] -- Using all available rosidl_typesupport_c: rosidl_typesupport_fastrtps_c;rosidl_typesupport_introspection_c
[0.555s] -- Using all available rosidl_typesupport_cpp: rosidl_typesupport_fastrtps_cpp;rosidl_typesupport_introspection_cpp
[0.588s] -- Found rosidl_default_generators: 1.2.0 (/opt/ros/humble/share/rosidl_default_generators/cmake)
[0.597s] -- Found std_msgs: 4.2.3 (/opt/ros/humble/share/std_msgs/cmake)
[1.147s] -- Found ament_cmake_cppcheck: 0.12.10 (/opt/ros/humble/share/ament_cmake_cppcheck/cmake)
[1.148s] -- Found ament_cmake_cpplint: 0.12.10 (/opt/ros/humble/share/ament_cmake_cpplint/cmake)
[1.157s] -- Found ament_cmake_uncrustify: 0.12.10 (/opt/ros/humble/share/ament_cmake_uncrustify/cmake)
[1.158s] -- Found ament_cmake_ros: 0.10.0 (/opt/ros/humble/share/ament_cmake_ros/cmake)
[1.630s] -- Using all available rosidl_typesupport_c: rosidl_typesupport_fastrtps_c;rosidl_typesupport_introspection_c
[1.790s] -- Using all available rosidl_typesupport_cpp: rosidl_typesupport_fastrtps_cpp;rosidl_typesupport_introspection_cpp
[1.820s] -- Found python_cmake_module: 0.10.0 (/opt/ros/humble/share/python_cmake_module/cmake)
[1.851s] -- Using PYTHON_EXECUTABLE: /home/precag/anaconda3/bin/python3
[1.851s] -- Using PYTHON_INCLUDE_DIRS: /home/precag/anaconda3/include/python3.9
[1.851s] -- Using PYTHON_LIBRARIES: /home/precag/anaconda3/lib/libpython3.9.so
[2.022s] -- Using numpy include directory: /home/precag/anaconda3/lib/python3.9/site-packages/numpy/core/include
[2.034s] -- Found ament_cmake_flake8: 0.12.10 (/opt/ros/humble/share/ament_cmake_flake8/cmake)
[2.035s] -- Found ament_cmake_pep257: 0.12.10 (/opt/ros/humble/share/ament_cmake_pep257/cmake)
[2.044s] -- Configuring done
[2.076s] -- Generating done
[2.079s] -- Build files have been written to: /home/precag/Documents/ros2-ws/build/urg_node_msgs
[2.119s] Invoked command in '/home/precag/Documents/ros2-ws/build/urg_node_msgs' returned '0': CMAKE_PREFIX_PATH=${CMAKE_PREFIX_PATH}:/opt/ros/humble CONDA_PROMPT_MODIFIER=(base) /usr/bin/cmake /home/precag/Documents/ros2-ws/src/urg_node_msgs -DAMENT_CMAKE_SYMLINK_INSTALL=1 -DCMAKE_INSTALL_PREFIX=/home/precag/Documents/ros2-ws/install/urg_node_msgs
[2.123s] Invoking command in '/home/precag/Documents/ros2-ws/build/urg_node_msgs': CMAKE_PREFIX_PATH=${CMAKE_PREFIX_PATH}:/opt/ros/humble CONDA_PROMPT_MODIFIER=(base) /usr/bin/cmake --build /home/precag/Documents/ros2-ws/build/urg_node_msgs -- -j8 -l8
[2.166s] [35m[1mConsolidate compiler generated dependencies of target urg_node_msgs__rosidl_generator_c[0m
[2.178s] [  3%] Built target urg_node_msgs__cpp
[2.178s] [ 12%] Built target urg_node_msgs__rosidl_generator_c
[2.192s] [35m[1mConsolidate compiler generated dependencies of target urg_node_msgs__rosidl_typesupport_c[0m
[2.193s] [35m[1mConsolidate compiler generated dependencies of target urg_node_msgs__rosidl_typesupport_introspection_cpp[0m
[2.193s] [35m[1mConsolidate compiler generated dependencies of target urg_node_msgs__rosidl_typesupport_introspection_c[0m
[2.193s] [35m[1mConsolidate compiler generated dependencies of target urg_node_msgs__rosidl_typesupport_cpp[0m
[2.194s] [35m[1mConsolidate compiler generated dependencies of target urg_node_msgs__rosidl_typesupport_fastrtps_cpp[0m
[2.208s] [ 12%] Built target ament_cmake_python_symlink_urg_node_msgs
[2.210s] [ 22%] Built target urg_node_msgs__rosidl_typesupport_c
[2.212s] [ 32%] Built target urg_node_msgs__rosidl_typesupport_introspection_c
[2.212s] [ 41%] Built target urg_node_msgs__rosidl_typesupport_introspection_cpp
[2.213s] [ 51%] Built target urg_node_msgs__rosidl_typesupport_cpp
[2.213s] [ 61%] Built target urg_node_msgs__rosidl_typesupport_fastrtps_cpp
[2.221s] [35m[1mConsolidate compiler generated dependencies of target urg_node_msgs__rosidl_typesupport_fastrtps_c[0m
[2.237s] [ 70%] Built target urg_node_msgs__rosidl_typesupport_fastrtps_c
[2.259s] [ 70%] Built target urg_node_msgs
[2.282s] [ 74%] Built target urg_node_msgs__py
[2.294s] [35m[1mConsolidate compiler generated dependencies of target urg_node_msgs__rosidl_generator_py[0m
[2.308s] [ 80%] Built target urg_node_msgs__rosidl_generator_py
[2.319s] [35m[1mConsolidate compiler generated dependencies of target urg_node_msgs__rosidl_typesupport_introspection_c__pyext[0m
[2.320s] [35m[1mConsolidate compiler generated dependencies of target urg_node_msgs__rosidl_typesupport_fastrtps_c__pyext[0m
[2.320s] [35m[1mConsolidate compiler generated dependencies of target urg_node_msgs__rosidl_typesupport_c__pyext[0m
[2.335s] [ 87%] Built target urg_node_msgs__rosidl_typesupport_c__pyext
[2.337s] [ 96%] Built target urg_node_msgs__rosidl_typesupport_introspection_c__pyext
[2.337s] [100%] Built target urg_node_msgs__rosidl_typesupport_fastrtps_c__pyext
[2.478s] running egg_info
[2.479s] writing urg_node_msgs.egg-info/PKG-INFO
[2.479s] writing dependency_links to urg_node_msgs.egg-info/dependency_links.txt
[2.479s] writing top-level names to urg_node_msgs.egg-info/top_level.txt
[2.481s] reading manifest file 'urg_node_msgs.egg-info/SOURCES.txt'
[2.482s] writing manifest file 'urg_node_msgs.egg-info/SOURCES.txt'
[2.509s] [100%] Built target ament_cmake_python_build_urg_node_msgs_egg
[2.521s] Invoked command in '/home/precag/Documents/ros2-ws/build/urg_node_msgs' returned '0': CMAKE_PREFIX_PATH=${CMAKE_PREFIX_PATH}:/opt/ros/humble CONDA_PROMPT_MODIFIER=(base) /usr/bin/cmake --build /home/precag/Documents/ros2-ws/build/urg_node_msgs -- -j8 -l8
[2.589s] Invoking command in '/home/precag/Documents/ros2-ws/build/urg_node_msgs': CMAKE_PREFIX_PATH=${CMAKE_PREFIX_PATH}:/opt/ros/humble CONDA_PROMPT_MODIFIER=(base) /usr/bin/cmake --install /home/precag/Documents/ros2-ws/build/urg_node_msgs
[2.598s] -- Install configuration: ""
[2.598s] -- Execute custom install script
[2.599s] -- Up-to-date symlink: /home/precag/Documents/ros2-ws/install/urg_node_msgs/share/ament_index/resource_index/rosidl_interfaces/urg_node_msgs
[2.599s] -- Up-to-date symlink: /home/precag/Documents/ros2-ws/install/urg_node_msgs/include/urg_node_msgs/urg_node_msgs/msg/detail/status__functions.h
[2.599s] -- Up-to-date symlink: /home/precag/Documents/ros2-ws/install/urg_node_msgs/include/urg_node_msgs/urg_node_msgs/msg/detail/status__struct.h
[2.600s] -- Up-to-date symlink: /home/precag/Documents/ros2-ws/install/urg_node_msgs/include/urg_node_msgs/urg_node_msgs/msg/detail/status__type_support.h
[2.600s] -- Up-to-date symlink: /home/precag/Documents/ros2-ws/install/urg_node_msgs/include/urg_node_msgs/urg_node_msgs/msg/rosidl_generator_c__visibility_control.h
[2.600s] -- Up-to-date symlink: /home/precag/Documents/ros2-ws/install/urg_node_msgs/include/urg_node_msgs/urg_node_msgs/msg/status.h
[2.600s] -- Up-to-date symlink: /home/precag/Documents/ros2-ws/install/urg_node_msgs/share/urg_node_msgs/environment/library_path.sh
[2.600s] -- Up-to-date symlink: /home/precag/Documents/ros2-ws/install/urg_node_msgs/share/urg_node_msgs/environment/library_path.dsv
[2.601s] -- Up-to-date symlink: /home/precag/Documents/ros2-ws/install/urg_node_msgs/include/urg_node_msgs/urg_node_msgs/msg/detail/status__rosidl_typesupport_fastrtps_c.h
[2.601s] -- Up-to-date symlink: /home/precag/Documents/ros2-ws/install/urg_node_msgs/include/urg_node_msgs/urg_node_msgs/msg/rosidl_typesupport_fastrtps_c__visibility_control.h
[2.601s] -- Up-to-date symlink: /home/precag/Documents/ros2-ws/install/urg_node_msgs/include/urg_node_msgs/urg_node_msgs/msg/detail/status__builder.hpp
[2.602s] -- Up-to-date symlink: /home/precag/Documents/ros2-ws/install/urg_node_msgs/include/urg_node_msgs/urg_node_msgs/msg/detail/status__struct.hpp
[2.602s] -- Up-to-date symlink: /home/precag/Documents/ros2-ws/install/urg_node_msgs/include/urg_node_msgs/urg_node_msgs/msg/detail/status__traits.hpp
[2.602s] -- Up-to-date symlink: /home/precag/Documents/ros2-ws/install/urg_node_msgs/include/urg_node_msgs/urg_node_msgs/msg/status.hpp
[2.603s] -- Up-to-date symlink: /home/precag/Documents/ros2-ws/install/urg_node_msgs/include/urg_node_msgs/urg_node_msgs/msg/detail/status__rosidl_typesupport_fastrtps_cpp.hpp
[2.603s] -- Up-to-date symlink: /home/precag/Documents/ros2-ws/install/urg_node_msgs/include/urg_node_msgs/urg_node_msgs/msg/rosidl_typesupport_fastrtps_cpp__visibility_control.h
[2.603s] -- Up-to-date symlink: /home/precag/Documents/ros2-ws/install/urg_node_msgs/include/urg_node_msgs/urg_node_msgs/msg/detail/status__rosidl_typesupport_introspection_c.h
[2.603s] -- Up-to-date symlink: /home/precag/Documents/ros2-ws/install/urg_node_msgs/include/urg_node_msgs/urg_node_msgs/msg/rosidl_typesupport_introspection_c__visibility_control.h
[2.604s] -- Up-to-date symlink: /home/precag/Documents/ros2-ws/install/urg_node_msgs/include/urg_node_msgs/urg_node_msgs/msg/detail/status__rosidl_typesupport_introspection_cpp.hpp
[2.604s] -- Up-to-date symlink: /home/precag/Documents/ros2-ws/install/urg_node_msgs/share/urg_node_msgs/environment/pythonpath.sh
[2.604s] -- Up-to-date symlink: /home/precag/Documents/ros2-ws/install/urg_node_msgs/share/urg_node_msgs/environment/pythonpath.dsv
[2.604s] -- Up-to-date symlink: /home/precag/Documents/ros2-ws/install/urg_node_msgs/local/lib/python3.10/dist-packages/urg_node_msgs-1.0.1-py3.10.egg-info/PKG-INFO
[2.605s] -- Up-to-date symlink: /home/precag/Documents/ros2-ws/install/urg_node_msgs/local/lib/python3.10/dist-packages/urg_node_msgs-1.0.1-py3.10.egg-info/SOURCES.txt
[2.605s] -- Up-to-date symlink: /home/precag/Documents/ros2-ws/install/urg_node_msgs/local/lib/python3.10/dist-packages/urg_node_msgs-1.0.1-py3.10.egg-info/dependency_links.txt
[2.605s] -- Up-to-date symlink: /home/precag/Documents/ros2-ws/install/urg_node_msgs/local/lib/python3.10/dist-packages/urg_node_msgs-1.0.1-py3.10.egg-info/top_level.txt
[2.605s] -- Up-to-date symlink: /home/precag/Documents/ros2-ws/install/urg_node_msgs/local/lib/python3.10/dist-packages/urg_node_msgs/__init__.py
[2.606s] -- Up-to-date symlink: /home/precag/Documents/ros2-ws/install/urg_node_msgs/local/lib/python3.10/dist-packages/urg_node_msgs/_urg_node_msgs_s.ep.rosidl_typesupport_c.c
[2.606s] -- Up-to-date symlink: /home/precag/Documents/ros2-ws/install/urg_node_msgs/local/lib/python3.10/dist-packages/urg_node_msgs/_urg_node_msgs_s.ep.rosidl_typesupport_fastrtps_c.c
[2.606s] -- Up-to-date symlink: /home/precag/Documents/ros2-ws/install/urg_node_msgs/local/lib/python3.10/dist-packages/urg_node_msgs/_urg_node_msgs_s.ep.rosidl_typesupport_introspection_c.c
[2.606s] -- Up-to-date symlink: /home/precag/Documents/ros2-ws/install/urg_node_msgs/local/lib/python3.10/dist-packages/urg_node_msgs/liburg_node_msgs__rosidl_generator_py.so
[2.606s] -- Up-to-date symlink: /home/precag/Documents/ros2-ws/install/urg_node_msgs/local/lib/python3.10/dist-packages/urg_node_msgs/msg/__init__.py
[2.607s] -- Up-to-date symlink: /home/precag/Documents/ros2-ws/install/urg_node_msgs/local/lib/python3.10/dist-packages/urg_node_msgs/msg/_status.py
[2.607s] -- Up-to-date symlink: /home/precag/Documents/ros2-ws/install/urg_node_msgs/local/lib/python3.10/dist-packages/urg_node_msgs/msg/_status_s.c
[2.607s] -- Up-to-date symlink: /home/precag/Documents/ros2-ws/install/urg_node_msgs/local/lib/python3.10/dist-packages/urg_node_msgs/urg_node_msgs_s__rosidl_typesupport_c.cpython-39-x86_64-linux-gnu.so
[2.607s] -- Up-to-date symlink: /home/precag/Documents/ros2-ws/install/urg_node_msgs/local/lib/python3.10/dist-packages/urg_node_msgs/urg_node_msgs_s__rosidl_typesupport_fastrtps_c.cpython-39-x86_64-linux-gnu.so
[2.607s] -- Up-to-date symlink: /home/precag/Documents/ros2-ws/install/urg_node_msgs/local/lib/python3.10/dist-packages/urg_node_msgs/urg_node_msgs_s__rosidl_typesupport_introspection_c.cpython-39-x86_64-linux-gnu.so
[2.608s] -- Up-to-date symlink: /home/precag/Documents/ros2-ws/install/urg_node_msgs/local/lib/python3.10/dist-packages/urg_node_msgs/urg_node_msgs_s__rosidl_typesupport_fastrtps_c.cpython-39-x86_64-linux-gnu.so
[2.608s] -- Up-to-date symlink: /home/precag/Documents/ros2-ws/install/urg_node_msgs/local/lib/python3.10/dist-packages/urg_node_msgs/urg_node_msgs_s__rosidl_typesupport_introspection_c.cpython-39-x86_64-linux-gnu.so
[2.608s] -- Up-to-date symlink: /home/precag/Documents/ros2-ws/install/urg_node_msgs/local/lib/python3.10/dist-packages/urg_node_msgs/urg_node_msgs_s__rosidl_typesupport_c.cpython-39-x86_64-linux-gnu.so
[2.609s] -- Up-to-date symlink: /home/precag/Documents/ros2-ws/install/urg_node_msgs/share/urg_node_msgs/msg/Status.idl
[2.609s] -- Up-to-date symlink: /home/precag/Documents/ros2-ws/install/urg_node_msgs/share/urg_node_msgs/msg/Status.msg
[2.609s] -- Up-to-date symlink: /home/precag/Documents/ros2-ws/install/urg_node_msgs/share/urg_node_msgs/mapping_rules.yaml
[2.609s] -- Up-to-date symlink: /home/precag/Documents/ros2-ws/install/urg_node_msgs/share/ament_index/resource_index/package_run_dependencies/urg_node_msgs
[2.610s] -- Up-to-date symlink: /home/precag/Documents/ros2-ws/install/urg_node_msgs/share/ament_index/resource_index/parent_prefix_path/urg_node_msgs
[2.610s] -- Up-to-date symlink: /home/precag/Documents/ros2-ws/install/urg_node_msgs/share/urg_node_msgs/environment/ament_prefix_path.sh
[2.610s] -- Up-to-date symlink: /home/precag/Documents/ros2-ws/install/urg_node_msgs/share/urg_node_msgs/environment/ament_prefix_path.dsv
[2.610s] -- Up-to-date symlink: /home/precag/Documents/ros2-ws/install/urg_node_msgs/share/urg_node_msgs/environment/path.sh
[2.611s] -- Up-to-date symlink: /home/precag/Documents/ros2-ws/install/urg_node_msgs/share/urg_node_msgs/environment/path.dsv
[2.611s] -- Up-to-date symlink: /home/precag/Documents/ros2-ws/install/urg_node_msgs/share/urg_node_msgs/local_setup.bash
[2.611s] -- Up-to-date symlink: /home/precag/Documents/ros2-ws/install/urg_node_msgs/share/urg_node_msgs/local_setup.sh
[2.611s] -- Up-to-date symlink: /home/precag/Documents/ros2-ws/install/urg_node_msgs/share/urg_node_msgs/local_setup.zsh
[2.612s] -- Up-to-date symlink: /home/precag/Documents/ros2-ws/install/urg_node_msgs/share/urg_node_msgs/local_setup.dsv
[2.612s] -- Symlinking: /home/precag/Documents/ros2-ws/install/urg_node_msgs/share/urg_node_msgs/package.dsv
[2.621s] -- Up-to-date symlink: /home/precag/Documents/ros2-ws/install/urg_node_msgs/share/ament_index/resource_index/packages/urg_node_msgs
[2.622s] -- Up-to-date symlink: /home/precag/Documents/ros2-ws/install/urg_node_msgs/share/urg_node_msgs/cmake/rosidl_cmake-extras.cmake
[2.622s] -- Up-to-date symlink: /home/precag/Documents/ros2-ws/install/urg_node_msgs/share/urg_node_msgs/cmake/ament_cmake_export_dependencies-extras.cmake
[2.622s] -- Up-to-date symlink: /home/precag/Documents/ros2-ws/install/urg_node_msgs/share/urg_node_msgs/cmake/ament_cmake_export_include_directories-extras.cmake
[2.622s] -- Up-to-date symlink: /home/precag/Documents/ros2-ws/install/urg_node_msgs/share/urg_node_msgs/cmake/ament_cmake_export_libraries-extras.cmake
[2.623s] -- Up-to-date symlink: /home/precag/Documents/ros2-ws/install/urg_node_msgs/share/urg_node_msgs/cmake/ament_cmake_export_targets-extras.cmake
[2.623s] -- Up-to-date symlink: /home/precag/Documents/ros2-ws/install/urg_node_msgs/share/urg_node_msgs/cmake/rosidl_cmake_export_typesupport_targets-extras.cmake
[2.623s] -- Up-to-date symlink: /home/precag/Documents/ros2-ws/install/urg_node_msgs/share/urg_node_msgs/cmake/rosidl_cmake_export_typesupport_libraries-extras.cmake
[2.623s] -- Up-to-date symlink: /home/precag/Documents/ros2-ws/install/urg_node_msgs/share/urg_node_msgs/cmake/urg_node_msgsConfig.cmake
[2.624s] -- Up-to-date symlink: /home/precag/Documents/ros2-ws/install/urg_node_msgs/share/urg_node_msgs/cmake/urg_node_msgsConfig-version.cmake
[2.624s] -- Up-to-date symlink: /home/precag/Documents/ros2-ws/install/urg_node_msgs/share/urg_node_msgs/package.xml
[2.624s] -- Up-to-date: /home/precag/Documents/ros2-ws/install/urg_node_msgs/lib/liburg_node_msgs__rosidl_generator_c.so
[2.625s] -- Up-to-date: /home/precag/Documents/ros2-ws/install/urg_node_msgs/lib/liburg_node_msgs__rosidl_typesupport_fastrtps_c.so
[2.625s] -- Up-to-date: /home/precag/Documents/ros2-ws/install/urg_node_msgs/lib/liburg_node_msgs__rosidl_typesupport_fastrtps_cpp.so
[2.626s] -- Up-to-date: /home/precag/Documents/ros2-ws/install/urg_node_msgs/lib/liburg_node_msgs__rosidl_typesupport_introspection_c.so
[2.626s] -- Up-to-date: /home/precag/Documents/ros2-ws/install/urg_node_msgs/lib/liburg_node_msgs__rosidl_typesupport_c.so
[2.626s] -- Up-to-date: /home/precag/Documents/ros2-ws/install/urg_node_msgs/lib/liburg_node_msgs__rosidl_typesupport_introspection_cpp.so
[2.627s] -- Up-to-date: /home/precag/Documents/ros2-ws/install/urg_node_msgs/lib/liburg_node_msgs__rosidl_typesupport_cpp.so
[2.654s] Listing '/home/precag/Documents/ros2-ws/install/urg_node_msgs/local/lib/python3.10/dist-packages/urg_node_msgs'...
[2.654s] Compiling '/home/precag/Documents/ros2-ws/install/urg_node_msgs/local/lib/python3.10/dist-packages/urg_node_msgs/__init__.py'...
[2.654s] Listing '/home/precag/Documents/ros2-ws/install/urg_node_msgs/local/lib/python3.10/dist-packages/urg_node_msgs/msg'...
[2.658s] -- Up-to-date: /home/precag/Documents/ros2-ws/install/urg_node_msgs/lib/liburg_node_msgs__rosidl_generator_py.so
[2.658s] -- Up-to-date: /home/precag/Documents/ros2-ws/install/urg_node_msgs/share/urg_node_msgs/cmake/export_urg_node_msgs__rosidl_generator_cExport.cmake
[2.659s] -- Up-to-date: /home/precag/Documents/ros2-ws/install/urg_node_msgs/share/urg_node_msgs/cmake/export_urg_node_msgs__rosidl_generator_cExport-noconfig.cmake
[2.659s] -- Up-to-date: /home/precag/Documents/ros2-ws/install/urg_node_msgs/share/urg_node_msgs/cmake/export_urg_node_msgs__rosidl_typesupport_fastrtps_cExport.cmake
[2.659s] -- Up-to-date: /home/precag/Documents/ros2-ws/install/urg_node_msgs/share/urg_node_msgs/cmake/export_urg_node_msgs__rosidl_typesupport_fastrtps_cExport-noconfig.cmake
[2.659s] -- Up-to-date: /home/precag/Documents/ros2-ws/install/urg_node_msgs/share/urg_node_msgs/cmake/export_urg_node_msgs__rosidl_generator_cppExport.cmake
[2.659s] -- Up-to-date: /home/precag/Documents/ros2-ws/install/urg_node_msgs/share/urg_node_msgs/cmake/export_urg_node_msgs__rosidl_typesupport_fastrtps_cppExport.cmake
[2.659s] -- Up-to-date: /home/precag/Documents/ros2-ws/install/urg_node_msgs/share/urg_node_msgs/cmake/export_urg_node_msgs__rosidl_typesupport_fastrtps_cppExport-noconfig.cmake
[2.659s] -- Up-to-date: /home/precag/Documents/ros2-ws/install/urg_node_msgs/share/urg_node_msgs/cmake/urg_node_msgs__rosidl_typesupport_introspection_cExport.cmake
[2.659s] -- Up-to-date: /home/precag/Documents/ros2-ws/install/urg_node_msgs/share/urg_node_msgs/cmake/urg_node_msgs__rosidl_typesupport_introspection_cExport-noconfig.cmake
[2.659s] -- Up-to-date: /home/precag/Documents/ros2-ws/install/urg_node_msgs/share/urg_node_msgs/cmake/urg_node_msgs__rosidl_typesupport_cExport.cmake
[2.660s] -- Up-to-date: /home/precag/Documents/ros2-ws/install/urg_node_msgs/share/urg_node_msgs/cmake/urg_node_msgs__rosidl_typesupport_cExport-noconfig.cmake
[2.660s] -- Up-to-date: /home/precag/Documents/ros2-ws/install/urg_node_msgs/share/urg_node_msgs/cmake/urg_node_msgs__rosidl_typesupport_introspection_cppExport.cmake
[2.660s] -- Up-to-date: /home/precag/Documents/ros2-ws/install/urg_node_msgs/share/urg_node_msgs/cmake/urg_node_msgs__rosidl_typesupport_introspection_cppExport-noconfig.cmake
[2.660s] -- Up-to-date: /home/precag/Documents/ros2-ws/install/urg_node_msgs/share/urg_node_msgs/cmake/urg_node_msgs__rosidl_typesupport_cppExport.cmake
[2.660s] -- Up-to-date: /home/precag/Documents/ros2-ws/install/urg_node_msgs/share/urg_node_msgs/cmake/urg_node_msgs__rosidl_typesupport_cppExport-noconfig.cmake
[2.660s] -- Up-to-date: /home/precag/Documents/ros2-ws/install/urg_node_msgs/share/urg_node_msgs/cmake/export_urg_node_msgs__rosidl_generator_pyExport.cmake
[2.660s] -- Up-to-date: /home/precag/Documents/ros2-ws/install/urg_node_msgs/share/urg_node_msgs/cmake/export_urg_node_msgs__rosidl_generator_pyExport-noconfig.cmake
[2.662s] Invoked command in '/home/precag/Documents/ros2-ws/build/urg_node_msgs' returned '0': CMAKE_PREFIX_PATH=${CMAKE_PREFIX_PATH}:/opt/ros/humble CONDA_PROMPT_MODIFIER=(base) /usr/bin/cmake --install /home/precag/Documents/ros2-ws/build/urg_node_msgs
