[3.425s] DEBUG:colcon:Command line arguments: ['/home/precag/anaconda3/bin/colcon', 'build', '--symlink-install']
[3.425s] DEBUG:colcon:Parsed command line arguments: Namespace(log_base=None, log_level=None, verb_name='build', build_base='build', install_base='install', merge_install=False, symlink_install=True, test_result_base=None, continue_on_error=False, executor='parallel', parallel_workers=8, event_handlers=None, ignore_user_meta=False, metas=['./colcon.meta'], base_paths=['.'], packages_ignore=None, packages_ignore_regex=None, paths=None, packages_up_to=None, packages_up_to_regex=None, packages_above=None, packages_above_and_dependencies=None, packages_above_depth=None, packages_select_by_dep=None, packages_skip_by_dep=None, packages_skip_up_to=None, packages_select_build_failed=False, packages_skip_build_finished=False, packages_select_test_failures=False, packages_skip_test_passed=False, packages_select=None, packages_skip=None, packages_select_regex=None, packages_skip_regex=None, packages_start=None, packages_end=None, cmake_args=None, cmake_target=None, cmake_target_skip_unavailable=False, cmake_clean_cache=False, cmake_clean_first=False, cmake_force_configure=False, ament_cmake_args=None, catkin_cmake_args=None, catkin_skip_building_tests=False, verb_parser=<colcon_defaults.argument_parser.defaults.DefaultArgumentsDecorator object at 0x7f1d041cc4f0>, verb_extension=<colcon_core.verb.build.BuildVerb object at 0x7f1d04fae0d0>, main=<bound method BuildVerb.main of <colcon_core.verb.build.BuildVerb object at 0x7f1d04fae0d0>>)
[3.543s] Level 1:colcon.colcon_core.package_discovery:discover_packages(colcon_meta) check parameters
[3.543s] Level 1:colcon.colcon_core.package_discovery:discover_packages(recursive) check parameters
[3.543s] Level 1:colcon.colcon_core.package_discovery:discover_packages(ignore) check parameters
[3.543s] Level 1:colcon.colcon_core.package_discovery:discover_packages(path) check parameters
[3.543s] Level 1:colcon.colcon_core.package_discovery:discover_packages(colcon_meta) discover
[3.543s] Level 1:colcon.colcon_core.package_discovery:discover_packages(recursive) discover
[3.543s] INFO:colcon.colcon_core.package_discovery:Crawling recursively for packages in '/home/precag/Documents/ros2-ws'
[3.543s] Level 1:colcon.colcon_core.package_identification:_identify(.) by extensions ['ignore', 'ignore_ament_install']
[3.543s] Level 1:colcon.colcon_core.package_identification:_identify(.) by extension 'ignore'
[3.543s] Level 1:colcon.colcon_core.package_identification:_identify(.) by extension 'ignore_ament_install'
[3.543s] Level 1:colcon.colcon_core.package_identification:_identify(.) by extensions ['colcon_pkg']
[3.543s] Level 1:colcon.colcon_core.package_identification:_identify(.) by extension 'colcon_pkg'
[3.543s] Level 1:colcon.colcon_core.package_identification:_identify(.) by extensions ['colcon_meta']
[3.543s] Level 1:colcon.colcon_core.package_identification:_identify(.) by extension 'colcon_meta'
[3.543s] Level 1:colcon.colcon_core.package_identification:_identify(.) by extensions ['ros']
[3.543s] Level 1:colcon.colcon_core.package_identification:_identify(.) by extension 'ros'
[3.560s] Level 1:colcon.colcon_core.package_identification:_identify(.) by extensions ['cmake', 'python']
[3.561s] Level 1:colcon.colcon_core.package_identification:_identify(.) by extension 'cmake'
[3.561s] Level 1:colcon.colcon_core.package_identification:_identify(.) by extension 'python'
[3.561s] Level 1:colcon.colcon_core.package_identification:_identify(.) by extensions ['python_setup_py']
[3.561s] Level 1:colcon.colcon_core.package_identification:_identify(.) by extension 'python_setup_py'
[3.561s] Level 1:colcon.colcon_core.package_identification:_identify(build) by extensions ['ignore', 'ignore_ament_install']
[3.561s] Level 1:colcon.colcon_core.package_identification:_identify(build) by extension 'ignore'
[3.561s] Level 1:colcon.colcon_core.package_identification:_identify(build) ignored
[3.561s] Level 1:colcon.colcon_core.package_identification:_identify(install) by extensions ['ignore', 'ignore_ament_install']
[3.561s] Level 1:colcon.colcon_core.package_identification:_identify(install) by extension 'ignore'
[3.561s] Level 1:colcon.colcon_core.package_identification:_identify(install) ignored
[3.561s] Level 1:colcon.colcon_core.package_identification:_identify(log) by extensions ['ignore', 'ignore_ament_install']
[3.561s] Level 1:colcon.colcon_core.package_identification:_identify(log) by extension 'ignore'
[3.561s] Level 1:colcon.colcon_core.package_identification:_identify(log) ignored
[3.562s] Level 1:colcon.colcon_core.package_identification:_identify(src) by extensions ['ignore', 'ignore_ament_install']
[3.562s] Level 1:colcon.colcon_core.package_identification:_identify(src) by extension 'ignore'
[3.562s] Level 1:colcon.colcon_core.package_identification:_identify(src) by extension 'ignore_ament_install'
[3.562s] Level 1:colcon.colcon_core.package_identification:_identify(src) by extensions ['colcon_pkg']
[3.562s] Level 1:colcon.colcon_core.package_identification:_identify(src) by extension 'colcon_pkg'
[3.562s] Level 1:colcon.colcon_core.package_identification:_identify(src) by extensions ['colcon_meta']
[3.562s] Level 1:colcon.colcon_core.package_identification:_identify(src) by extension 'colcon_meta'
[3.562s] Level 1:colcon.colcon_core.package_identification:_identify(src) by extensions ['ros']
[3.562s] Level 1:colcon.colcon_core.package_identification:_identify(src) by extension 'ros'
[3.562s] Level 1:colcon.colcon_core.package_identification:_identify(src) by extensions ['cmake', 'python']
[3.562s] Level 1:colcon.colcon_core.package_identification:_identify(src) by extension 'cmake'
[3.562s] Level 1:colcon.colcon_core.package_identification:_identify(src) by extension 'python'
[3.562s] Level 1:colcon.colcon_core.package_identification:_identify(src) by extensions ['python_setup_py']
[3.562s] Level 1:colcon.colcon_core.package_identification:_identify(src) by extension 'python_setup_py'
[3.562s] Level 1:colcon.colcon_core.package_identification:_identify(src/laser_proc) by extensions ['ignore', 'ignore_ament_install']
[3.562s] Level 1:colcon.colcon_core.package_identification:_identify(src/laser_proc) by extension 'ignore'
[3.562s] Level 1:colcon.colcon_core.package_identification:_identify(src/laser_proc) by extension 'ignore_ament_install'
[3.562s] Level 1:colcon.colcon_core.package_identification:_identify(src/laser_proc) by extensions ['colcon_pkg']
[3.562s] Level 1:colcon.colcon_core.package_identification:_identify(src/laser_proc) by extension 'colcon_pkg'
[3.562s] Level 1:colcon.colcon_core.package_identification:_identify(src/laser_proc) by extensions ['colcon_meta']
[3.562s] Level 1:colcon.colcon_core.package_identification:_identify(src/laser_proc) by extension 'colcon_meta'
[3.562s] Level 1:colcon.colcon_core.package_identification:_identify(src/laser_proc) by extensions ['ros']
[3.563s] Level 1:colcon.colcon_core.package_identification:_identify(src/laser_proc) by extension 'ros'
[3.565s] DEBUG:colcon.colcon_core.package_identification:Package 'src/laser_proc' with type 'ros.ament_cmake' and name 'laser_proc'
[3.565s] Level 1:colcon.colcon_core.package_identification:_identify(src/rtabmap) by extensions ['ignore', 'ignore_ament_install']
[3.565s] Level 1:colcon.colcon_core.package_identification:_identify(src/rtabmap) by extension 'ignore'
[3.565s] Level 1:colcon.colcon_core.package_identification:_identify(src/rtabmap) by extension 'ignore_ament_install'
[3.565s] Level 1:colcon.colcon_core.package_identification:_identify(src/rtabmap) by extensions ['colcon_pkg']
[3.565s] Level 1:colcon.colcon_core.package_identification:_identify(src/rtabmap) by extension 'colcon_pkg'
[3.565s] Level 1:colcon.colcon_core.package_identification:_identify(src/rtabmap) by extensions ['colcon_meta']
[3.565s] Level 1:colcon.colcon_core.package_identification:_identify(src/rtabmap) by extension 'colcon_meta'
[3.565s] Level 1:colcon.colcon_core.package_identification:_identify(src/rtabmap) by extensions ['ros']
[3.565s] Level 1:colcon.colcon_core.package_identification:_identify(src/rtabmap) by extension 'ros'
[3.566s] DEBUG:colcon.colcon_core.package_identification:Package 'src/rtabmap' with type 'ros.cmake' and name 'rtabmap'
[3.566s] Level 1:colcon.colcon_core.package_identification:_identify(src/urg_c) by extensions ['ignore', 'ignore_ament_install']
[3.566s] Level 1:colcon.colcon_core.package_identification:_identify(src/urg_c) by extension 'ignore'
[3.566s] Level 1:colcon.colcon_core.package_identification:_identify(src/urg_c) by extension 'ignore_ament_install'
[3.566s] Level 1:colcon.colcon_core.package_identification:_identify(src/urg_c) by extensions ['colcon_pkg']
[3.567s] Level 1:colcon.colcon_core.package_identification:_identify(src/urg_c) by extension 'colcon_pkg'
[3.567s] Level 1:colcon.colcon_core.package_identification:_identify(src/urg_c) by extensions ['colcon_meta']
[3.567s] Level 1:colcon.colcon_core.package_identification:_identify(src/urg_c) by extension 'colcon_meta'
[3.567s] Level 1:colcon.colcon_core.package_identification:_identify(src/urg_c) by extensions ['ros']
[3.567s] Level 1:colcon.colcon_core.package_identification:_identify(src/urg_c) by extension 'ros'
[3.567s] DEBUG:colcon.colcon_core.package_identification:Package 'src/urg_c' with type 'ros.ament_cmake' and name 'urg_c'
[3.567s] Level 1:colcon.colcon_core.package_identification:_identify(src/urg_node) by extensions ['ignore', 'ignore_ament_install']
[3.567s] Level 1:colcon.colcon_core.package_identification:_identify(src/urg_node) by extension 'ignore'
[3.567s] Level 1:colcon.colcon_core.package_identification:_identify(src/urg_node) by extension 'ignore_ament_install'
[3.567s] Level 1:colcon.colcon_core.package_identification:_identify(src/urg_node) by extensions ['colcon_pkg']
[3.567s] Level 1:colcon.colcon_core.package_identification:_identify(src/urg_node) by extension 'colcon_pkg'
[3.567s] Level 1:colcon.colcon_core.package_identification:_identify(src/urg_node) by extensions ['colcon_meta']
[3.568s] Level 1:colcon.colcon_core.package_identification:_identify(src/urg_node) by extension 'colcon_meta'
[3.568s] Level 1:colcon.colcon_core.package_identification:_identify(src/urg_node) by extensions ['ros']
[3.568s] Level 1:colcon.colcon_core.package_identification:_identify(src/urg_node) by extension 'ros'
[3.569s] DEBUG:colcon.colcon_core.package_identification:Package 'src/urg_node' with type 'ros.ament_cmake' and name 'urg_node'
[3.569s] Level 1:colcon.colcon_core.package_identification:_identify(src/urg_node_msgs) by extensions ['ignore', 'ignore_ament_install']
[3.569s] Level 1:colcon.colcon_core.package_identification:_identify(src/urg_node_msgs) by extension 'ignore'
[3.569s] Level 1:colcon.colcon_core.package_identification:_identify(src/urg_node_msgs) by extension 'ignore_ament_install'
[3.569s] Level 1:colcon.colcon_core.package_identification:_identify(src/urg_node_msgs) by extensions ['colcon_pkg']
[3.569s] Level 1:colcon.colcon_core.package_identification:_identify(src/urg_node_msgs) by extension 'colcon_pkg'
[3.569s] Level 1:colcon.colcon_core.package_identification:_identify(src/urg_node_msgs) by extensions ['colcon_meta']
[3.569s] Level 1:colcon.colcon_core.package_identification:_identify(src/urg_node_msgs) by extension 'colcon_meta'
[3.569s] Level 1:colcon.colcon_core.package_identification:_identify(src/urg_node_msgs) by extensions ['ros']
[3.569s] Level 1:colcon.colcon_core.package_identification:_identify(src/urg_node_msgs) by extension 'ros'
[3.570s] DEBUG:colcon.colcon_core.package_identification:Package 'src/urg_node_msgs' with type 'ros.ament_cmake' and name 'urg_node_msgs'
[3.570s] Level 1:colcon.colcon_core.package_discovery:discover_packages(recursive) using defaults
[3.570s] Level 1:colcon.colcon_core.package_discovery:discover_packages(ignore) discover
[3.570s] Level 1:colcon.colcon_core.package_discovery:discover_packages(ignore) using defaults
[3.570s] Level 1:colcon.colcon_core.package_discovery:discover_packages(path) discover
[3.570s] Level 1:colcon.colcon_core.package_discovery:discover_packages(path) using defaults
[3.653s] Level 5:colcon.colcon_core.verb:set package 'laser_proc' build argument 'cmake_args' from command line to 'None'
[3.653s] Level 5:colcon.colcon_core.verb:set package 'laser_proc' build argument 'cmake_target' from command line to 'None'
[3.653s] Level 5:colcon.colcon_core.verb:set package 'laser_proc' build argument 'cmake_target_skip_unavailable' from command line to 'False'
[3.653s] Level 5:colcon.colcon_core.verb:set package 'laser_proc' build argument 'cmake_clean_cache' from command line to 'False'
[3.653s] Level 5:colcon.colcon_core.verb:set package 'laser_proc' build argument 'cmake_clean_first' from command line to 'False'
[3.653s] Level 5:colcon.colcon_core.verb:set package 'laser_proc' build argument 'cmake_force_configure' from command line to 'False'
[3.653s] Level 5:colcon.colcon_core.verb:set package 'laser_proc' build argument 'ament_cmake_args' from command line to 'None'
[3.653s] Level 5:colcon.colcon_core.verb:set package 'laser_proc' build argument 'catkin_cmake_args' from command line to 'None'
[3.653s] Level 5:colcon.colcon_core.verb:set package 'laser_proc' build argument 'catkin_skip_building_tests' from command line to 'False'
[3.653s] DEBUG:colcon.colcon_core.verb:Building package 'laser_proc' with the following arguments: {'ament_cmake_args': None, 'build_base': '/home/precag/Documents/ros2-ws/build/laser_proc', 'catkin_cmake_args': None, 'catkin_skip_building_tests': False, 'cmake_args': None, 'cmake_clean_cache': False, 'cmake_clean_first': False, 'cmake_force_configure': False, 'cmake_target': None, 'cmake_target_skip_unavailable': False, 'install_base': '/home/precag/Documents/ros2-ws/install/laser_proc', 'merge_install': False, 'path': '/home/precag/Documents/ros2-ws/src/laser_proc', 'symlink_install': True, 'test_result_base': None}
[3.669s] Level 5:colcon.colcon_core.verb:set package 'rtabmap' build argument 'cmake_args' from command line to 'None'
[3.669s] Level 5:colcon.colcon_core.verb:set package 'rtabmap' build argument 'cmake_target' from command line to 'None'
[3.670s] Level 5:colcon.colcon_core.verb:set package 'rtabmap' build argument 'cmake_target_skip_unavailable' from command line to 'False'
[3.670s] Level 5:colcon.colcon_core.verb:set package 'rtabmap' build argument 'cmake_clean_cache' from command line to 'False'
[3.670s] Level 5:colcon.colcon_core.verb:set package 'rtabmap' build argument 'cmake_clean_first' from command line to 'False'
[3.670s] Level 5:colcon.colcon_core.verb:set package 'rtabmap' build argument 'cmake_force_configure' from command line to 'False'
[3.670s] Level 5:colcon.colcon_core.verb:set package 'rtabmap' build argument 'ament_cmake_args' from command line to 'None'
[3.670s] Level 5:colcon.colcon_core.verb:set package 'rtabmap' build argument 'catkin_cmake_args' from command line to 'None'
[3.670s] Level 5:colcon.colcon_core.verb:set package 'rtabmap' build argument 'catkin_skip_building_tests' from command line to 'False'
[3.670s] DEBUG:colcon.colcon_core.verb:Building package 'rtabmap' with the following arguments: {'ament_cmake_args': None, 'build_base': '/home/precag/Documents/ros2-ws/build/rtabmap', 'catkin_cmake_args': None, 'catkin_skip_building_tests': False, 'cmake_args': None, 'cmake_clean_cache': False, 'cmake_clean_first': False, 'cmake_force_configure': False, 'cmake_target': None, 'cmake_target_skip_unavailable': False, 'install_base': '/home/precag/Documents/ros2-ws/install/rtabmap', 'merge_install': False, 'path': '/home/precag/Documents/ros2-ws/src/rtabmap', 'symlink_install': True, 'test_result_base': None}
[3.686s] Level 5:colcon.colcon_core.verb:set package 'urg_c' build argument 'cmake_args' from command line to 'None'
[3.686s] Level 5:colcon.colcon_core.verb:set package 'urg_c' build argument 'cmake_target' from command line to 'None'
[3.686s] Level 5:colcon.colcon_core.verb:set package 'urg_c' build argument 'cmake_target_skip_unavailable' from command line to 'False'
[3.686s] Level 5:colcon.colcon_core.verb:set package 'urg_c' build argument 'cmake_clean_cache' from command line to 'False'
[3.686s] Level 5:colcon.colcon_core.verb:set package 'urg_c' build argument 'cmake_clean_first' from command line to 'False'
[3.686s] Level 5:colcon.colcon_core.verb:set package 'urg_c' build argument 'cmake_force_configure' from command line to 'False'
[3.686s] Level 5:colcon.colcon_core.verb:set package 'urg_c' build argument 'ament_cmake_args' from command line to 'None'
[3.686s] Level 5:colcon.colcon_core.verb:set package 'urg_c' build argument 'catkin_cmake_args' from command line to 'None'
[3.686s] Level 5:colcon.colcon_core.verb:set package 'urg_c' build argument 'catkin_skip_building_tests' from command line to 'False'
[3.686s] DEBUG:colcon.colcon_core.verb:Building package 'urg_c' with the following arguments: {'ament_cmake_args': None, 'build_base': '/home/precag/Documents/ros2-ws/build/urg_c', 'catkin_cmake_args': None, 'catkin_skip_building_tests': False, 'cmake_args': None, 'cmake_clean_cache': False, 'cmake_clean_first': False, 'cmake_force_configure': False, 'cmake_target': None, 'cmake_target_skip_unavailable': False, 'install_base': '/home/precag/Documents/ros2-ws/install/urg_c', 'merge_install': False, 'path': '/home/precag/Documents/ros2-ws/src/urg_c', 'symlink_install': True, 'test_result_base': None}
[3.701s] Level 5:colcon.colcon_core.verb:set package 'urg_node_msgs' build argument 'cmake_args' from command line to 'None'
[3.701s] Level 5:colcon.colcon_core.verb:set package 'urg_node_msgs' build argument 'cmake_target' from command line to 'None'
[3.701s] Level 5:colcon.colcon_core.verb:set package 'urg_node_msgs' build argument 'cmake_target_skip_unavailable' from command line to 'False'
[3.701s] Level 5:colcon.colcon_core.verb:set package 'urg_node_msgs' build argument 'cmake_clean_cache' from command line to 'False'
[3.702s] Level 5:colcon.colcon_core.verb:set package 'urg_node_msgs' build argument 'cmake_clean_first' from command line to 'False'
[3.702s] Level 5:colcon.colcon_core.verb:set package 'urg_node_msgs' build argument 'cmake_force_configure' from command line to 'False'
[3.702s] Level 5:colcon.colcon_core.verb:set package 'urg_node_msgs' build argument 'ament_cmake_args' from command line to 'None'
[3.702s] Level 5:colcon.colcon_core.verb:set package 'urg_node_msgs' build argument 'catkin_cmake_args' from command line to 'None'
[3.702s] Level 5:colcon.colcon_core.verb:set package 'urg_node_msgs' build argument 'catkin_skip_building_tests' from command line to 'False'
[3.702s] DEBUG:colcon.colcon_core.verb:Building package 'urg_node_msgs' with the following arguments: {'ament_cmake_args': None, 'build_base': '/home/precag/Documents/ros2-ws/build/urg_node_msgs', 'catkin_cmake_args': None, 'catkin_skip_building_tests': False, 'cmake_args': None, 'cmake_clean_cache': False, 'cmake_clean_first': False, 'cmake_force_configure': False, 'cmake_target': None, 'cmake_target_skip_unavailable': False, 'install_base': '/home/precag/Documents/ros2-ws/install/urg_node_msgs', 'merge_install': False, 'path': '/home/precag/Documents/ros2-ws/src/urg_node_msgs', 'symlink_install': True, 'test_result_base': None}
[3.716s] Level 5:colcon.colcon_core.verb:set package 'urg_node' build argument 'cmake_args' from command line to 'None'
[3.716s] Level 5:colcon.colcon_core.verb:set package 'urg_node' build argument 'cmake_target' from command line to 'None'
[3.716s] Level 5:colcon.colcon_core.verb:set package 'urg_node' build argument 'cmake_target_skip_unavailable' from command line to 'False'
[3.717s] Level 5:colcon.colcon_core.verb:set package 'urg_node' build argument 'cmake_clean_cache' from command line to 'False'
[3.717s] Level 5:colcon.colcon_core.verb:set package 'urg_node' build argument 'cmake_clean_first' from command line to 'False'
[3.717s] Level 5:colcon.colcon_core.verb:set package 'urg_node' build argument 'cmake_force_configure' from command line to 'False'
[3.717s] Level 5:colcon.colcon_core.verb:set package 'urg_node' build argument 'ament_cmake_args' from command line to 'None'
[3.717s] Level 5:colcon.colcon_core.verb:set package 'urg_node' build argument 'catkin_cmake_args' from command line to 'None'
[3.717s] Level 5:colcon.colcon_core.verb:set package 'urg_node' build argument 'catkin_skip_building_tests' from command line to 'False'
[3.717s] DEBUG:colcon.colcon_core.verb:Building package 'urg_node' with the following arguments: {'ament_cmake_args': None, 'build_base': '/home/precag/Documents/ros2-ws/build/urg_node', 'catkin_cmake_args': None, 'catkin_skip_building_tests': False, 'cmake_args': None, 'cmake_clean_cache': False, 'cmake_clean_first': False, 'cmake_force_configure': False, 'cmake_target': None, 'cmake_target_skip_unavailable': False, 'install_base': '/home/precag/Documents/ros2-ws/install/urg_node', 'merge_install': False, 'path': '/home/precag/Documents/ros2-ws/src/urg_node', 'symlink_install': True, 'test_result_base': None}
[3.732s] INFO:colcon.colcon_core.executor:Executing jobs using 'parallel' executor
[3.747s] DEBUG:colcon.colcon_parallel_executor.executor.parallel:run_until_complete
[3.747s] INFO:colcon.colcon_ros.task.ament_cmake.build:Building ROS package in '/home/precag/Documents/ros2-ws/src/laser_proc' with build type 'ament_cmake'
[3.747s] INFO:colcon.colcon_cmake.task.cmake.build:Building CMake package in '/home/precag/Documents/ros2-ws/src/laser_proc'
[3.764s] INFO:colcon.colcon_core.plugin_system:Skipping extension 'colcon_core.shell.bat': Not used on non-Windows systems
[3.765s] INFO:colcon.colcon_core.shell:Skip shell extension 'powershell' for command environment: Not usable outside of PowerShell
[3.765s] DEBUG:colcon.colcon_core.shell:Skip shell extension 'dsv' for command environment
[3.815s] INFO:colcon.colcon_ros.task.ament_cmake.build:Building ROS package in '/home/precag/Documents/ros2-ws/src/urg_c' with build type 'ament_cmake'
[3.816s] INFO:colcon.colcon_cmake.task.cmake.build:Building CMake package in '/home/precag/Documents/ros2-ws/src/urg_c'
[3.833s] INFO:colcon.colcon_core.shell:Skip shell extension 'powershell' for command environment: Not usable outside of PowerShell
[3.833s] DEBUG:colcon.colcon_core.shell:Skip shell extension 'dsv' for command environment
[3.885s] INFO:colcon.colcon_ros.task.ament_cmake.build:Building ROS package in '/home/precag/Documents/ros2-ws/src/urg_node_msgs' with build type 'ament_cmake'
[3.886s] INFO:colcon.colcon_cmake.task.cmake.build:Building CMake package in '/home/precag/Documents/ros2-ws/src/urg_node_msgs'
[3.908s] INFO:colcon.colcon_core.shell:Skip shell extension 'powershell' for command environment: Not usable outside of PowerShell
[3.908s] DEBUG:colcon.colcon_core.shell:Skip shell extension 'dsv' for command environment
[3.958s] INFO:colcon.colcon_ros.task.cmake.build:Building ROS package in '/home/precag/Documents/ros2-ws/src/rtabmap' with build type 'cmake'
[3.959s] INFO:colcon.colcon_cmake.task.cmake.build:Building CMake package in '/home/precag/Documents/ros2-ws/src/rtabmap'
[3.978s] INFO:colcon.colcon_core.shell:Skip shell extension 'powershell' for command environment: Not usable outside of PowerShell
[3.978s] DEBUG:colcon.colcon_core.shell:Skip shell extension 'dsv' for command environment
[4.036s] DEBUG:colcon.colcon_core.event_handler.log_command:Invoking command in '/home/precag/Documents/ros2-ws/build/laser_proc': CMAKE_PREFIX_PATH=${CMAKE_PREFIX_PATH}:/opt/ros/humble CONDA_PROMPT_MODIFIER=(base) /usr/bin/cmake --build /home/precag/Documents/ros2-ws/build/laser_proc -- -j8 -l8
[4.041s] DEBUG:colcon.colcon_core.event_handler.log_command:Invoking command in '/home/precag/Documents/ros2-ws/build/urg_c': CMAKE_PREFIX_PATH=${CMAKE_PREFIX_PATH}:/opt/ros/humble CONDA_PROMPT_MODIFIER=(base) /usr/bin/cmake --build /home/precag/Documents/ros2-ws/build/urg_c -- -j8 -l8
[4.046s] DEBUG:colcon.colcon_core.event_handler.log_command:Invoking command in '/home/precag/Documents/ros2-ws/build/urg_node_msgs': CMAKE_PREFIX_PATH=${CMAKE_PREFIX_PATH}:/opt/ros/humble CONDA_PROMPT_MODIFIER=(base) /usr/bin/cmake --build /home/precag/Documents/ros2-ws/build/urg_node_msgs -- -j8 -l8
[4.055s] DEBUG:colcon.colcon_core.event_handler.log_command:Invoking command in '/home/precag/Documents/ros2-ws/build/rtabmap': CMAKE_PREFIX_PATH=${CMAKE_PREFIX_PATH}:/opt/ros/humble CONDA_PROMPT_MODIFIER=(base) /usr/bin/cmake --build /home/precag/Documents/ros2-ws/build/rtabmap -- -j8 -l8
[4.183s] DEBUG:colcon.colcon_core.event_handler.log_command:Invoked command in '/home/precag/Documents/ros2-ws/build/laser_proc' returned '0': CMAKE_PREFIX_PATH=${CMAKE_PREFIX_PATH}:/opt/ros/humble CONDA_PROMPT_MODIFIER=(base) /usr/bin/cmake --build /home/precag/Documents/ros2-ws/build/laser_proc -- -j8 -l8
[4.300s] DEBUG:colcon.colcon_core.event_handler.log_command:Invoked command in '/home/precag/Documents/ros2-ws/build/urg_c' returned '0': CMAKE_PREFIX_PATH=${CMAKE_PREFIX_PATH}:/opt/ros/humble CONDA_PROMPT_MODIFIER=(base) /usr/bin/cmake --build /home/precag/Documents/ros2-ws/build/urg_c -- -j8 -l8
[4.330s] DEBUG:colcon.colcon_core.event_handler.log_command:Invoking command in '/home/precag/Documents/ros2-ws/build/laser_proc': CMAKE_PREFIX_PATH=${CMAKE_PREFIX_PATH}:/opt/ros/humble CONDA_PROMPT_MODIFIER=(base) /usr/bin/cmake --install /home/precag/Documents/ros2-ws/build/laser_proc
[4.367s] Level 1:colcon.colcon_core.environment:create_environment_scripts_only(laser_proc)
[4.369s] DEBUG:colcon.colcon_core.event_handler.log_command:Invoked command in '/home/precag/Documents/ros2-ws/build/laser_proc' returned '0': CMAKE_PREFIX_PATH=${CMAKE_PREFIX_PATH}:/opt/ros/humble CONDA_PROMPT_MODIFIER=(base) /usr/bin/cmake --install /home/precag/Documents/ros2-ws/build/laser_proc
[4.391s] Level 1:colcon.colcon_core.environment:checking '/home/precag/Documents/ros2-ws/install/laser_proc' for CMake module files
[4.392s] Level 1:colcon.colcon_core.environment:checking '/home/precag/Documents/ros2-ws/install/laser_proc' for CMake config files
[4.392s] Level 1:colcon.colcon_core.shell:create_environment_hook('laser_proc', 'cmake_prefix_path')
[4.409s] INFO:colcon.colcon_core.shell:Creating environment hook '/home/precag/Documents/ros2-ws/install/laser_proc/share/laser_proc/hook/cmake_prefix_path.ps1'
[4.409s] INFO:colcon.colcon_core.shell:Creating environment descriptor '/home/precag/Documents/ros2-ws/install/laser_proc/share/laser_proc/hook/cmake_prefix_path.dsv'
[4.410s] INFO:colcon.colcon_core.shell:Creating environment hook '/home/precag/Documents/ros2-ws/install/laser_proc/share/laser_proc/hook/cmake_prefix_path.sh'
[4.411s] Level 1:colcon.colcon_core.environment:checking '/home/precag/Documents/ros2-ws/install/laser_proc/lib'
[4.411s] Level 1:colcon.colcon_core.shell:create_environment_hook('laser_proc', 'ld_library_path_lib')
[4.433s] INFO:colcon.colcon_core.shell:Creating environment hook '/home/precag/Documents/ros2-ws/install/laser_proc/share/laser_proc/hook/ld_library_path_lib.ps1'
[4.433s] INFO:colcon.colcon_core.shell:Creating environment descriptor '/home/precag/Documents/ros2-ws/install/laser_proc/share/laser_proc/hook/ld_library_path_lib.dsv'
[4.433s] INFO:colcon.colcon_core.shell:Creating environment hook '/home/precag/Documents/ros2-ws/install/laser_proc/share/laser_proc/hook/ld_library_path_lib.sh'
[4.434s] Level 1:colcon.colcon_core.environment:checking '/home/precag/Documents/ros2-ws/install/laser_proc/bin'
[4.434s] Level 1:colcon.colcon_core.environment:checking '/home/precag/Documents/ros2-ws/install/laser_proc/lib/pkgconfig/laser_proc.pc'
[4.436s] Level 1:colcon.colcon_core.environment:checking '/home/precag/Documents/ros2-ws/install/laser_proc/lib/python3.9/site-packages'
[4.437s] Level 1:colcon.colcon_core.environment:checking '/home/precag/Documents/ros2-ws/install/laser_proc/bin'
[4.456s] INFO:colcon.colcon_core.shell:Creating package script '/home/precag/Documents/ros2-ws/install/laser_proc/share/laser_proc/package.ps1'
[4.457s] INFO:colcon.colcon_core.shell:Creating package descriptor '/home/precag/Documents/ros2-ws/install/laser_proc/share/laser_proc/package.dsv'
[4.458s] INFO:colcon.colcon_core.shell:Creating package script '/home/precag/Documents/ros2-ws/install/laser_proc/share/laser_proc/package.sh'
[4.458s] INFO:colcon.colcon_core.shell:Creating package script '/home/precag/Documents/ros2-ws/install/laser_proc/share/laser_proc/package.bash'
[4.459s] INFO:colcon.colcon_core.shell:Creating package script '/home/precag/Documents/ros2-ws/install/laser_proc/share/laser_proc/package.zsh'
[4.460s] Level 1:colcon.colcon_core.environment:create_file_with_runtime_dependencies(/home/precag/Documents/ros2-ws/install/laser_proc/share/colcon-core/packages/laser_proc)
[4.467s] DEBUG:colcon.colcon_core.event_handler.log_command:Invoking command in '/home/precag/Documents/ros2-ws/build/urg_c': CMAKE_PREFIX_PATH=${CMAKE_PREFIX_PATH}:/opt/ros/humble CONDA_PROMPT_MODIFIER=(base) /usr/bin/cmake --install /home/precag/Documents/ros2-ws/build/urg_c
[4.504s] Level 1:colcon.colcon_core.environment:create_environment_scripts_only(urg_c)
[4.509s] DEBUG:colcon.colcon_core.event_handler.log_command:Invoked command in '/home/precag/Documents/ros2-ws/build/urg_c' returned '0': CMAKE_PREFIX_PATH=${CMAKE_PREFIX_PATH}:/opt/ros/humble CONDA_PROMPT_MODIFIER=(base) /usr/bin/cmake --install /home/precag/Documents/ros2-ws/build/urg_c
[4.542s] Level 1:colcon.colcon_core.environment:checking '/home/precag/Documents/ros2-ws/install/urg_c' for CMake module files
[4.542s] Level 1:colcon.colcon_core.environment:checking '/home/precag/Documents/ros2-ws/install/urg_c' for CMake config files
[4.544s] Level 1:colcon.colcon_core.shell:create_environment_hook('urg_c', 'cmake_prefix_path')
[4.575s] INFO:colcon.colcon_core.shell:Creating environment hook '/home/precag/Documents/ros2-ws/install/urg_c/share/urg_c/hook/cmake_prefix_path.ps1'
[4.576s] INFO:colcon.colcon_core.shell:Creating environment descriptor '/home/precag/Documents/ros2-ws/install/urg_c/share/urg_c/hook/cmake_prefix_path.dsv'
[4.576s] INFO:colcon.colcon_core.shell:Creating environment hook '/home/precag/Documents/ros2-ws/install/urg_c/share/urg_c/hook/cmake_prefix_path.sh'
[4.577s] Level 1:colcon.colcon_core.environment:checking '/home/precag/Documents/ros2-ws/install/urg_c/lib'
[4.577s] Level 1:colcon.colcon_core.shell:create_environment_hook('urg_c', 'ld_library_path_lib')
[4.607s] INFO:colcon.colcon_core.shell:Creating environment hook '/home/precag/Documents/ros2-ws/install/urg_c/share/urg_c/hook/ld_library_path_lib.ps1'
[4.608s] INFO:colcon.colcon_core.shell:Creating environment descriptor '/home/precag/Documents/ros2-ws/install/urg_c/share/urg_c/hook/ld_library_path_lib.dsv'
[4.609s] INFO:colcon.colcon_core.shell:Creating environment hook '/home/precag/Documents/ros2-ws/install/urg_c/share/urg_c/hook/ld_library_path_lib.sh'
[4.610s] Level 1:colcon.colcon_core.environment:checking '/home/precag/Documents/ros2-ws/install/urg_c/bin'
[4.611s] Level 1:colcon.colcon_core.shell:create_environment_hook('urg_c', 'path')
[4.632s] INFO:colcon.colcon_core.shell:Creating environment hook '/home/precag/Documents/ros2-ws/install/urg_c/share/urg_c/hook/path.ps1'
[4.633s] INFO:colcon.colcon_core.shell:Creating environment descriptor '/home/precag/Documents/ros2-ws/install/urg_c/share/urg_c/hook/path.dsv'
[4.633s] INFO:colcon.colcon_core.shell:Creating environment hook '/home/precag/Documents/ros2-ws/install/urg_c/share/urg_c/hook/path.sh'
[4.633s] Level 1:colcon.colcon_core.environment:checking '/home/precag/Documents/ros2-ws/install/urg_c/lib/pkgconfig/urg_c.pc'
[4.634s] Level 1:colcon.colcon_core.environment:checking '/home/precag/Documents/ros2-ws/install/urg_c/lib/python3.9/site-packages'
[4.634s] Level 1:colcon.colcon_core.environment:checking '/home/precag/Documents/ros2-ws/install/urg_c/bin'
[4.634s] Level 1:colcon.colcon_core.shell:create_environment_hook('urg_c', 'pythonscriptspath')
[4.653s] INFO:colcon.colcon_core.shell:Creating environment hook '/home/precag/Documents/ros2-ws/install/urg_c/share/urg_c/hook/pythonscriptspath.ps1'
[4.653s] INFO:colcon.colcon_core.shell:Creating environment descriptor '/home/precag/Documents/ros2-ws/install/urg_c/share/urg_c/hook/pythonscriptspath.dsv'
[4.654s] INFO:colcon.colcon_core.shell:Creating environment hook '/home/precag/Documents/ros2-ws/install/urg_c/share/urg_c/hook/pythonscriptspath.sh'
[4.671s] INFO:colcon.colcon_core.shell:Creating package script '/home/precag/Documents/ros2-ws/install/urg_c/share/urg_c/package.ps1'
[4.672s] INFO:colcon.colcon_core.shell:Creating package descriptor '/home/precag/Documents/ros2-ws/install/urg_c/share/urg_c/package.dsv'
[4.672s] INFO:colcon.colcon_core.shell:Creating package script '/home/precag/Documents/ros2-ws/install/urg_c/share/urg_c/package.sh'
[4.673s] INFO:colcon.colcon_core.shell:Creating package script '/home/precag/Documents/ros2-ws/install/urg_c/share/urg_c/package.bash'
[4.673s] INFO:colcon.colcon_core.shell:Creating package script '/home/precag/Documents/ros2-ws/install/urg_c/share/urg_c/package.zsh'
[4.674s] Level 1:colcon.colcon_core.environment:create_file_with_runtime_dependencies(/home/precag/Documents/ros2-ws/install/urg_c/share/colcon-core/packages/urg_c)
[4.698s] Level 1:colcon.colcon_core.environment:create_environment_scripts_only(laser_proc)
[4.717s] Level 1:colcon.colcon_core.environment:checking '/home/precag/Documents/ros2-ws/install/laser_proc' for CMake module files
[4.718s] Level 1:colcon.colcon_core.environment:checking '/home/precag/Documents/ros2-ws/install/laser_proc' for CMake config files
[4.718s] Level 1:colcon.colcon_core.shell:create_environment_hook('laser_proc', 'cmake_prefix_path')
[4.746s] INFO:colcon.colcon_core.shell:Creating environment hook '/home/precag/Documents/ros2-ws/install/laser_proc/share/laser_proc/hook/cmake_prefix_path.ps1'
[4.747s] INFO:colcon.colcon_core.shell:Creating environment descriptor '/home/precag/Documents/ros2-ws/install/laser_proc/share/laser_proc/hook/cmake_prefix_path.dsv'
[4.747s] INFO:colcon.colcon_core.shell:Creating environment hook '/home/precag/Documents/ros2-ws/install/laser_proc/share/laser_proc/hook/cmake_prefix_path.sh'
[4.748s] Level 1:colcon.colcon_core.environment:checking '/home/precag/Documents/ros2-ws/install/laser_proc/lib'
[4.749s] Level 1:colcon.colcon_core.shell:create_environment_hook('laser_proc', 'ld_library_path_lib')
[4.779s] INFO:colcon.colcon_core.shell:Creating environment hook '/home/precag/Documents/ros2-ws/install/laser_proc/share/laser_proc/hook/ld_library_path_lib.ps1'
[4.780s] INFO:colcon.colcon_core.shell:Creating environment descriptor '/home/precag/Documents/ros2-ws/install/laser_proc/share/laser_proc/hook/ld_library_path_lib.dsv'
[4.781s] INFO:colcon.colcon_core.shell:Creating environment hook '/home/precag/Documents/ros2-ws/install/laser_proc/share/laser_proc/hook/ld_library_path_lib.sh'
[4.781s] Level 1:colcon.colcon_core.environment:checking '/home/precag/Documents/ros2-ws/install/laser_proc/bin'
[4.781s] Level 1:colcon.colcon_core.environment:checking '/home/precag/Documents/ros2-ws/install/laser_proc/lib/pkgconfig/laser_proc.pc'
[4.782s] Level 1:colcon.colcon_core.environment:checking '/home/precag/Documents/ros2-ws/install/laser_proc/lib/python3.9/site-packages'
[4.783s] Level 1:colcon.colcon_core.environment:checking '/home/precag/Documents/ros2-ws/install/laser_proc/bin'
[4.814s] INFO:colcon.colcon_core.shell:Creating package script '/home/precag/Documents/ros2-ws/install/laser_proc/share/laser_proc/package.ps1'
[4.815s] INFO:colcon.colcon_core.shell:Creating package descriptor '/home/precag/Documents/ros2-ws/install/laser_proc/share/laser_proc/package.dsv'
[4.815s] INFO:colcon.colcon_core.shell:Creating package script '/home/precag/Documents/ros2-ws/install/laser_proc/share/laser_proc/package.sh'
[4.816s] INFO:colcon.colcon_core.shell:Creating package script '/home/precag/Documents/ros2-ws/install/laser_proc/share/laser_proc/package.bash'
[4.817s] INFO:colcon.colcon_core.shell:Creating package script '/home/precag/Documents/ros2-ws/install/laser_proc/share/laser_proc/package.zsh'
[4.817s] Level 1:colcon.colcon_core.environment:create_file_with_runtime_dependencies(/home/precag/Documents/ros2-ws/install/laser_proc/share/colcon-core/packages/laser_proc)
[4.823s] DEBUG:colcon.colcon_core.event_handler.log_command:Invoked command in '/home/precag/Documents/ros2-ws/build/urg_node_msgs' returned '0': CMAKE_PREFIX_PATH=${CMAKE_PREFIX_PATH}:/opt/ros/humble CONDA_PROMPT_MODIFIER=(base) /usr/bin/cmake --build /home/precag/Documents/ros2-ws/build/urg_node_msgs -- -j8 -l8
[4.851s] Level 1:colcon.colcon_core.environment:create_environment_scripts_only(urg_c)
[4.872s] Level 1:colcon.colcon_core.environment:checking '/home/precag/Documents/ros2-ws/install/urg_c' for CMake module files
[4.873s] Level 1:colcon.colcon_core.environment:checking '/home/precag/Documents/ros2-ws/install/urg_c' for CMake config files
[4.874s] Level 1:colcon.colcon_core.shell:create_environment_hook('urg_c', 'cmake_prefix_path')
[4.892s] INFO:colcon.colcon_core.shell:Creating environment hook '/home/precag/Documents/ros2-ws/install/urg_c/share/urg_c/hook/cmake_prefix_path.ps1'
[4.893s] INFO:colcon.colcon_core.shell:Creating environment descriptor '/home/precag/Documents/ros2-ws/install/urg_c/share/urg_c/hook/cmake_prefix_path.dsv'
[4.893s] INFO:colcon.colcon_core.shell:Creating environment hook '/home/precag/Documents/ros2-ws/install/urg_c/share/urg_c/hook/cmake_prefix_path.sh'
[4.893s] Level 1:colcon.colcon_core.environment:checking '/home/precag/Documents/ros2-ws/install/urg_c/lib'
[4.893s] Level 1:colcon.colcon_core.shell:create_environment_hook('urg_c', 'ld_library_path_lib')
[4.911s] INFO:colcon.colcon_core.shell:Creating environment hook '/home/precag/Documents/ros2-ws/install/urg_c/share/urg_c/hook/ld_library_path_lib.ps1'
[4.911s] INFO:colcon.colcon_core.shell:Creating environment descriptor '/home/precag/Documents/ros2-ws/install/urg_c/share/urg_c/hook/ld_library_path_lib.dsv'
[4.911s] INFO:colcon.colcon_core.shell:Creating environment hook '/home/precag/Documents/ros2-ws/install/urg_c/share/urg_c/hook/ld_library_path_lib.sh'
[4.912s] Level 1:colcon.colcon_core.environment:checking '/home/precag/Documents/ros2-ws/install/urg_c/bin'
[4.912s] Level 1:colcon.colcon_core.shell:create_environment_hook('urg_c', 'path')
[4.929s] INFO:colcon.colcon_core.shell:Creating environment hook '/home/precag/Documents/ros2-ws/install/urg_c/share/urg_c/hook/path.ps1'
[4.930s] INFO:colcon.colcon_core.shell:Creating environment descriptor '/home/precag/Documents/ros2-ws/install/urg_c/share/urg_c/hook/path.dsv'
[4.930s] INFO:colcon.colcon_core.shell:Creating environment hook '/home/precag/Documents/ros2-ws/install/urg_c/share/urg_c/hook/path.sh'
[4.930s] Level 1:colcon.colcon_core.environment:checking '/home/precag/Documents/ros2-ws/install/urg_c/lib/pkgconfig/urg_c.pc'
[4.931s] Level 1:colcon.colcon_core.environment:checking '/home/precag/Documents/ros2-ws/install/urg_c/lib/python3.9/site-packages'
[4.931s] Level 1:colcon.colcon_core.environment:checking '/home/precag/Documents/ros2-ws/install/urg_c/bin'
[4.931s] Level 1:colcon.colcon_core.shell:create_environment_hook('urg_c', 'pythonscriptspath')
[4.965s] INFO:colcon.colcon_core.shell:Creating environment hook '/home/precag/Documents/ros2-ws/install/urg_c/share/urg_c/hook/pythonscriptspath.ps1'
[4.966s] INFO:colcon.colcon_core.shell:Creating environment descriptor '/home/precag/Documents/ros2-ws/install/urg_c/share/urg_c/hook/pythonscriptspath.dsv'
[4.966s] INFO:colcon.colcon_core.shell:Creating environment hook '/home/precag/Documents/ros2-ws/install/urg_c/share/urg_c/hook/pythonscriptspath.sh'
[4.983s] INFO:colcon.colcon_core.shell:Creating package script '/home/precag/Documents/ros2-ws/install/urg_c/share/urg_c/package.ps1'
[4.983s] INFO:colcon.colcon_core.shell:Creating package descriptor '/home/precag/Documents/ros2-ws/install/urg_c/share/urg_c/package.dsv'
[4.984s] INFO:colcon.colcon_core.shell:Creating package script '/home/precag/Documents/ros2-ws/install/urg_c/share/urg_c/package.sh'
[4.985s] INFO:colcon.colcon_core.shell:Creating package script '/home/precag/Documents/ros2-ws/install/urg_c/share/urg_c/package.bash'
[4.985s] INFO:colcon.colcon_core.shell:Creating package script '/home/precag/Documents/ros2-ws/install/urg_c/share/urg_c/package.zsh'
[4.985s] Level 1:colcon.colcon_core.environment:create_file_with_runtime_dependencies(/home/precag/Documents/ros2-ws/install/urg_c/share/colcon-core/packages/urg_c)
[4.990s] DEBUG:colcon.colcon_core.event_handler.log_command:Invoking command in '/home/precag/Documents/ros2-ws/build/urg_node_msgs': CMAKE_PREFIX_PATH=${CMAKE_PREFIX_PATH}:/opt/ros/humble CONDA_PROMPT_MODIFIER=(base) /usr/bin/cmake --install /home/precag/Documents/ros2-ws/build/urg_node_msgs
[4.991s] DEBUG:colcon.colcon_core.event_handler.log_command:Invoked command in '/home/precag/Documents/ros2-ws/build/rtabmap' returned '0': CMAKE_PREFIX_PATH=${CMAKE_PREFIX_PATH}:/opt/ros/humble CONDA_PROMPT_MODIFIER=(base) /usr/bin/cmake --build /home/precag/Documents/ros2-ws/build/rtabmap -- -j8 -l8
[5.051s] DEBUG:colcon.colcon_core.event_handler.log_command:Invoking command in '/home/precag/Documents/ros2-ws/build/rtabmap': CMAKE_PREFIX_PATH=${CMAKE_PREFIX_PATH}:/opt/ros/humble CONDA_PROMPT_MODIFIER=(base) /usr/bin/cmake --install /home/precag/Documents/ros2-ws/build/rtabmap
[5.067s] Level 1:colcon.colcon_core.environment:create_environment_scripts_only(urg_node_msgs)
[5.104s] DEBUG:colcon.colcon_core.event_handler.log_command:Invoked command in '/home/precag/Documents/ros2-ws/build/urg_node_msgs' returned '0': CMAKE_PREFIX_PATH=${CMAKE_PREFIX_PATH}:/opt/ros/humble CONDA_PROMPT_MODIFIER=(base) /usr/bin/cmake --install /home/precag/Documents/ros2-ws/build/urg_node_msgs
[5.122s] Level 1:colcon.colcon_core.environment:checking '/home/precag/Documents/ros2-ws/install/urg_node_msgs' for CMake module files
[5.123s] Level 1:colcon.colcon_core.environment:checking '/home/precag/Documents/ros2-ws/install/urg_node_msgs' for CMake config files
[5.124s] Level 1:colcon.colcon_core.shell:create_environment_hook('urg_node_msgs', 'cmake_prefix_path')
[5.139s] INFO:colcon.colcon_core.shell:Creating environment hook '/home/precag/Documents/ros2-ws/install/urg_node_msgs/share/urg_node_msgs/hook/cmake_prefix_path.ps1'
[5.139s] INFO:colcon.colcon_core.shell:Creating environment descriptor '/home/precag/Documents/ros2-ws/install/urg_node_msgs/share/urg_node_msgs/hook/cmake_prefix_path.dsv'
[5.139s] INFO:colcon.colcon_core.shell:Creating environment hook '/home/precag/Documents/ros2-ws/install/urg_node_msgs/share/urg_node_msgs/hook/cmake_prefix_path.sh'
[5.140s] Level 1:colcon.colcon_core.environment:checking '/home/precag/Documents/ros2-ws/install/urg_node_msgs/lib'
[5.140s] Level 1:colcon.colcon_core.shell:create_environment_hook('urg_node_msgs', 'ld_library_path_lib')
[5.156s] INFO:colcon.colcon_core.shell:Creating environment hook '/home/precag/Documents/ros2-ws/install/urg_node_msgs/share/urg_node_msgs/hook/ld_library_path_lib.ps1'
[5.156s] INFO:colcon.colcon_core.shell:Creating environment descriptor '/home/precag/Documents/ros2-ws/install/urg_node_msgs/share/urg_node_msgs/hook/ld_library_path_lib.dsv'
[5.156s] INFO:colcon.colcon_core.shell:Creating environment hook '/home/precag/Documents/ros2-ws/install/urg_node_msgs/share/urg_node_msgs/hook/ld_library_path_lib.sh'
[5.157s] Level 1:colcon.colcon_core.environment:checking '/home/precag/Documents/ros2-ws/install/urg_node_msgs/bin'
[5.157s] Level 1:colcon.colcon_core.environment:checking '/home/precag/Documents/ros2-ws/install/urg_node_msgs/lib/pkgconfig/urg_node_msgs.pc'
[5.157s] Level 1:colcon.colcon_core.environment:checking '/home/precag/Documents/ros2-ws/install/urg_node_msgs/lib/python3.9/site-packages'
[5.157s] Level 1:colcon.colcon_core.environment:checking '/home/precag/Documents/ros2-ws/install/urg_node_msgs/bin'
[5.174s] INFO:colcon.colcon_core.shell:Creating package script '/home/precag/Documents/ros2-ws/install/urg_node_msgs/share/urg_node_msgs/package.ps1'
[5.174s] INFO:colcon.colcon_core.shell:Creating package descriptor '/home/precag/Documents/ros2-ws/install/urg_node_msgs/share/urg_node_msgs/package.dsv'
[5.174s] INFO:colcon.colcon_core.shell:Creating package script '/home/precag/Documents/ros2-ws/install/urg_node_msgs/share/urg_node_msgs/package.sh'
[5.175s] INFO:colcon.colcon_core.shell:Creating package script '/home/precag/Documents/ros2-ws/install/urg_node_msgs/share/urg_node_msgs/package.bash'
[5.175s] INFO:colcon.colcon_core.shell:Creating package script '/home/precag/Documents/ros2-ws/install/urg_node_msgs/share/urg_node_msgs/package.zsh'
[5.175s] Level 1:colcon.colcon_core.environment:create_file_with_runtime_dependencies(/home/precag/Documents/ros2-ws/install/urg_node_msgs/share/colcon-core/packages/urg_node_msgs)
[5.180s] DEBUG:colcon.colcon_core.event_handler.log_command:Invoked command in '/home/precag/Documents/ros2-ws/build/rtabmap' returned '0': CMAKE_PREFIX_PATH=${CMAKE_PREFIX_PATH}:/opt/ros/humble CONDA_PROMPT_MODIFIER=(base) /usr/bin/cmake --install /home/precag/Documents/ros2-ws/build/rtabmap
[5.233s] Level 1:colcon.colcon_core.shell:create_environment_hook('rtabmap', 'pkg_config_path')
[5.250s] INFO:colcon.colcon_core.shell:Creating environment hook '/home/precag/Documents/ros2-ws/install/rtabmap/share/rtabmap/hook/pkg_config_path.ps1'
[5.251s] INFO:colcon.colcon_core.shell:Creating environment descriptor '/home/precag/Documents/ros2-ws/install/rtabmap/share/rtabmap/hook/pkg_config_path.dsv'
[5.251s] INFO:colcon.colcon_core.shell:Creating environment hook '/home/precag/Documents/ros2-ws/install/rtabmap/share/rtabmap/hook/pkg_config_path.sh'
[5.254s] Level 1:colcon.colcon_core.shell:create_environment_hook('rtabmap', 'pkg_config_path_multiarch')
[5.271s] INFO:colcon.colcon_core.shell:Creating environment hook '/home/precag/Documents/ros2-ws/install/rtabmap/share/rtabmap/hook/pkg_config_path_multiarch.ps1'
[5.272s] INFO:colcon.colcon_core.shell:Creating environment descriptor '/home/precag/Documents/ros2-ws/install/rtabmap/share/rtabmap/hook/pkg_config_path_multiarch.dsv'
[5.272s] INFO:colcon.colcon_core.shell:Creating environment hook '/home/precag/Documents/ros2-ws/install/rtabmap/share/rtabmap/hook/pkg_config_path_multiarch.sh'
[5.272s] Level 1:colcon.colcon_core.environment:create_environment_scripts_only(rtabmap)
[5.287s] Level 1:colcon.colcon_core.environment:checking '/home/precag/Documents/ros2-ws/install/rtabmap' for CMake module files
[5.288s] Level 1:colcon.colcon_core.environment:checking '/home/precag/Documents/ros2-ws/install/rtabmap' for CMake config files
[5.288s] Level 1:colcon.colcon_core.shell:create_environment_hook('rtabmap', 'cmake_prefix_path')
[5.302s] INFO:colcon.colcon_core.shell:Creating environment hook '/home/precag/Documents/ros2-ws/install/rtabmap/share/rtabmap/hook/cmake_prefix_path.ps1'
[5.303s] INFO:colcon.colcon_core.shell:Creating environment descriptor '/home/precag/Documents/ros2-ws/install/rtabmap/share/rtabmap/hook/cmake_prefix_path.dsv'
[5.303s] INFO:colcon.colcon_core.shell:Creating environment hook '/home/precag/Documents/ros2-ws/install/rtabmap/share/rtabmap/hook/cmake_prefix_path.sh'
[5.304s] Level 1:colcon.colcon_core.environment:checking '/home/precag/Documents/ros2-ws/install/rtabmap/lib'
[5.304s] Level 1:colcon.colcon_core.shell:create_environment_hook('rtabmap', 'ld_library_path_lib')
[5.318s] INFO:colcon.colcon_core.shell:Creating environment hook '/home/precag/Documents/ros2-ws/install/rtabmap/share/rtabmap/hook/ld_library_path_lib.ps1'
[5.319s] INFO:colcon.colcon_core.shell:Creating environment descriptor '/home/precag/Documents/ros2-ws/install/rtabmap/share/rtabmap/hook/ld_library_path_lib.dsv'
[5.319s] INFO:colcon.colcon_core.shell:Creating environment hook '/home/precag/Documents/ros2-ws/install/rtabmap/share/rtabmap/hook/ld_library_path_lib.sh'
[5.319s] Level 1:colcon.colcon_core.environment:checking '/home/precag/Documents/ros2-ws/install/rtabmap/bin'
[5.319s] Level 1:colcon.colcon_core.shell:create_environment_hook('rtabmap', 'path')
[5.334s] INFO:colcon.colcon_core.shell:Creating environment hook '/home/precag/Documents/ros2-ws/install/rtabmap/share/rtabmap/hook/path.ps1'
[5.334s] INFO:colcon.colcon_core.shell:Creating environment descriptor '/home/precag/Documents/ros2-ws/install/rtabmap/share/rtabmap/hook/path.dsv'
[5.335s] INFO:colcon.colcon_core.shell:Creating environment hook '/home/precag/Documents/ros2-ws/install/rtabmap/share/rtabmap/hook/path.sh'
[5.335s] Level 1:colcon.colcon_core.environment:checking '/home/precag/Documents/ros2-ws/install/rtabmap/lib/pkgconfig/rtabmap.pc'
[5.335s] Level 1:colcon.colcon_core.environment:checking '/home/precag/Documents/ros2-ws/install/rtabmap/lib/python3.9/site-packages'
[5.336s] Level 1:colcon.colcon_core.environment:checking '/home/precag/Documents/ros2-ws/install/rtabmap/bin'
[5.336s] Level 1:colcon.colcon_core.shell:create_environment_hook('rtabmap', 'pythonscriptspath')
[5.350s] INFO:colcon.colcon_core.shell:Creating environment hook '/home/precag/Documents/ros2-ws/install/rtabmap/share/rtabmap/hook/pythonscriptspath.ps1'
[5.350s] INFO:colcon.colcon_core.shell:Creating environment descriptor '/home/precag/Documents/ros2-ws/install/rtabmap/share/rtabmap/hook/pythonscriptspath.dsv'
[5.351s] INFO:colcon.colcon_core.shell:Creating environment hook '/home/precag/Documents/ros2-ws/install/rtabmap/share/rtabmap/hook/pythonscriptspath.sh'
[5.366s] INFO:colcon.colcon_core.shell:Creating package script '/home/precag/Documents/ros2-ws/install/rtabmap/share/rtabmap/package.ps1'
[5.367s] INFO:colcon.colcon_core.shell:Creating package descriptor '/home/precag/Documents/ros2-ws/install/rtabmap/share/rtabmap/package.dsv'
[5.367s] INFO:colcon.colcon_core.shell:Creating package script '/home/precag/Documents/ros2-ws/install/rtabmap/share/rtabmap/package.sh'
[5.368s] INFO:colcon.colcon_core.shell:Creating package script '/home/precag/Documents/ros2-ws/install/rtabmap/share/rtabmap/package.bash'
[5.368s] INFO:colcon.colcon_core.shell:Creating package script '/home/precag/Documents/ros2-ws/install/rtabmap/share/rtabmap/package.zsh'
[5.368s] Level 1:colcon.colcon_core.environment:create_file_with_runtime_dependencies(/home/precag/Documents/ros2-ws/install/rtabmap/share/colcon-core/packages/rtabmap)
[5.385s] Level 1:colcon.colcon_core.environment:create_environment_scripts_only(urg_node_msgs)
[5.400s] Level 1:colcon.colcon_core.environment:checking '/home/precag/Documents/ros2-ws/install/urg_node_msgs' for CMake module files
[5.401s] Level 1:colcon.colcon_core.environment:checking '/home/precag/Documents/ros2-ws/install/urg_node_msgs' for CMake config files
[5.402s] Level 1:colcon.colcon_core.shell:create_environment_hook('urg_node_msgs', 'cmake_prefix_path')
[5.416s] INFO:colcon.colcon_core.shell:Creating environment hook '/home/precag/Documents/ros2-ws/install/urg_node_msgs/share/urg_node_msgs/hook/cmake_prefix_path.ps1'
[5.417s] INFO:colcon.colcon_core.shell:Creating environment descriptor '/home/precag/Documents/ros2-ws/install/urg_node_msgs/share/urg_node_msgs/hook/cmake_prefix_path.dsv'
[5.417s] INFO:colcon.colcon_core.shell:Creating environment hook '/home/precag/Documents/ros2-ws/install/urg_node_msgs/share/urg_node_msgs/hook/cmake_prefix_path.sh'
[5.417s] Level 1:colcon.colcon_core.environment:checking '/home/precag/Documents/ros2-ws/install/urg_node_msgs/lib'
[5.417s] Level 1:colcon.colcon_core.shell:create_environment_hook('urg_node_msgs', 'ld_library_path_lib')
[5.433s] INFO:colcon.colcon_core.shell:Creating environment hook '/home/precag/Documents/ros2-ws/install/urg_node_msgs/share/urg_node_msgs/hook/ld_library_path_lib.ps1'
[5.433s] INFO:colcon.colcon_core.shell:Creating environment descriptor '/home/precag/Documents/ros2-ws/install/urg_node_msgs/share/urg_node_msgs/hook/ld_library_path_lib.dsv'
[5.433s] INFO:colcon.colcon_core.shell:Creating environment hook '/home/precag/Documents/ros2-ws/install/urg_node_msgs/share/urg_node_msgs/hook/ld_library_path_lib.sh'
[5.433s] Level 1:colcon.colcon_core.environment:checking '/home/precag/Documents/ros2-ws/install/urg_node_msgs/bin'
[5.433s] Level 1:colcon.colcon_core.environment:checking '/home/precag/Documents/ros2-ws/install/urg_node_msgs/lib/pkgconfig/urg_node_msgs.pc'
[5.434s] Level 1:colcon.colcon_core.environment:checking '/home/precag/Documents/ros2-ws/install/urg_node_msgs/lib/python3.9/site-packages'
[5.434s] Level 1:colcon.colcon_core.environment:checking '/home/precag/Documents/ros2-ws/install/urg_node_msgs/bin'
[5.450s] INFO:colcon.colcon_core.shell:Creating package script '/home/precag/Documents/ros2-ws/install/urg_node_msgs/share/urg_node_msgs/package.ps1'
[5.450s] INFO:colcon.colcon_core.shell:Creating package descriptor '/home/precag/Documents/ros2-ws/install/urg_node_msgs/share/urg_node_msgs/package.dsv'
[5.450s] INFO:colcon.colcon_core.shell:Creating package script '/home/precag/Documents/ros2-ws/install/urg_node_msgs/share/urg_node_msgs/package.sh'
[5.451s] INFO:colcon.colcon_core.shell:Creating package script '/home/precag/Documents/ros2-ws/install/urg_node_msgs/share/urg_node_msgs/package.bash'
[5.451s] INFO:colcon.colcon_core.shell:Creating package script '/home/precag/Documents/ros2-ws/install/urg_node_msgs/share/urg_node_msgs/package.zsh'
[5.452s] Level 1:colcon.colcon_core.environment:create_file_with_runtime_dependencies(/home/precag/Documents/ros2-ws/install/urg_node_msgs/share/colcon-core/packages/urg_node_msgs)
[5.452s] INFO:colcon.colcon_ros.task.ament_cmake.build:Building ROS package in '/home/precag/Documents/ros2-ws/src/urg_node' with build type 'ament_cmake'
[5.452s] INFO:colcon.colcon_cmake.task.cmake.build:Building CMake package in '/home/precag/Documents/ros2-ws/src/urg_node'
[5.468s] INFO:colcon.colcon_core.shell:Skip shell extension 'powershell' for command environment: Not usable outside of PowerShell
[5.468s] DEBUG:colcon.colcon_core.shell:Skip shell extension 'dsv' for command environment
[5.532s] DEBUG:colcon.colcon_core.event_handler.log_command:Invoking command in '/home/precag/Documents/ros2-ws/build/urg_node': CMAKE_PREFIX_PATH=/home/precag/Documents/ros2-ws/install/urg_node_msgs:/home/precag/Documents/ros2-ws/install/urg_c:/home/precag/Documents/ros2-ws/install/laser_proc:/home/precag/Documents/ros2-ws/install/urg_node:/home/precag/Documents/ros2-ws/install/rtabmap:/opt/ros/humble CONDA_PROMPT_MODIFIER=(base) LD_LIBRARY_PATH=/home/precag/Documents/ros2-ws/install/urg_node_msgs/lib:/home/precag/Documents/ros2-ws/install/urg_c/lib:/home/precag/Documents/ros2-ws/install/laser_proc/lib:/home/precag/Documents/ros2-ws/install/urg_node/lib:/home/precag/Documents/ros2-ws/install/rtabmap/lib:/usr/lib/x86_64-linux-gnu/gazebo-11/plugins:/opt/ros/humble/opt/rviz_ogre_vendor/lib:/opt/ros/humble/lib/x86_64-linux-gnu:/opt/ros/humble/lib:/usr/local/cuda/lib64 /usr/bin/cmake --build /home/precag/Documents/ros2-ws/build/urg_node -- -j8 -l8
[5.621s] DEBUG:colcon.colcon_core.event_handler.log_command:Invoked command in '/home/precag/Documents/ros2-ws/build/urg_node' returned '0': CMAKE_PREFIX_PATH=/home/precag/Documents/ros2-ws/install/urg_node_msgs:/home/precag/Documents/ros2-ws/install/urg_c:/home/precag/Documents/ros2-ws/install/laser_proc:/home/precag/Documents/ros2-ws/install/urg_node:/home/precag/Documents/ros2-ws/install/rtabmap:/opt/ros/humble CONDA_PROMPT_MODIFIER=(base) LD_LIBRARY_PATH=/home/precag/Documents/ros2-ws/install/urg_node_msgs/lib:/home/precag/Documents/ros2-ws/install/urg_c/lib:/home/precag/Documents/ros2-ws/install/laser_proc/lib:/home/precag/Documents/ros2-ws/install/urg_node/lib:/home/precag/Documents/ros2-ws/install/rtabmap/lib:/usr/lib/x86_64-linux-gnu/gazebo-11/plugins:/opt/ros/humble/opt/rviz_ogre_vendor/lib:/opt/ros/humble/lib/x86_64-linux-gnu:/opt/ros/humble/lib:/usr/local/cuda/lib64 /usr/bin/cmake --build /home/precag/Documents/ros2-ws/build/urg_node -- -j8 -l8
[5.657s] DEBUG:colcon.colcon_core.event_handler.log_command:Invoking command in '/home/precag/Documents/ros2-ws/build/urg_node': CMAKE_PREFIX_PATH=/home/precag/Documents/ros2-ws/install/urg_node_msgs:/home/precag/Documents/ros2-ws/install/urg_c:/home/precag/Documents/ros2-ws/install/laser_proc:/home/precag/Documents/ros2-ws/install/urg_node:/home/precag/Documents/ros2-ws/install/rtabmap:/opt/ros/humble CONDA_PROMPT_MODIFIER=(base) LD_LIBRARY_PATH=/home/precag/Documents/ros2-ws/install/urg_node_msgs/lib:/home/precag/Documents/ros2-ws/install/urg_c/lib:/home/precag/Documents/ros2-ws/install/laser_proc/lib:/home/precag/Documents/ros2-ws/install/urg_node/lib:/home/precag/Documents/ros2-ws/install/rtabmap/lib:/usr/lib/x86_64-linux-gnu/gazebo-11/plugins:/opt/ros/humble/opt/rviz_ogre_vendor/lib:/opt/ros/humble/lib/x86_64-linux-gnu:/opt/ros/humble/lib:/usr/local/cuda/lib64 /usr/bin/cmake --install /home/precag/Documents/ros2-ws/build/urg_node
[5.681s] Level 1:colcon.colcon_core.environment:create_environment_scripts_only(urg_node)
[5.681s] DEBUG:colcon.colcon_core.event_handler.log_command:Invoked command in '/home/precag/Documents/ros2-ws/build/urg_node' returned '0': CMAKE_PREFIX_PATH=/home/precag/Documents/ros2-ws/install/urg_node_msgs:/home/precag/Documents/ros2-ws/install/urg_c:/home/precag/Documents/ros2-ws/install/laser_proc:/home/precag/Documents/ros2-ws/install/urg_node:/home/precag/Documents/ros2-ws/install/rtabmap:/opt/ros/humble CONDA_PROMPT_MODIFIER=(base) LD_LIBRARY_PATH=/home/precag/Documents/ros2-ws/install/urg_node_msgs/lib:/home/precag/Documents/ros2-ws/install/urg_c/lib:/home/precag/Documents/ros2-ws/install/laser_proc/lib:/home/precag/Documents/ros2-ws/install/urg_node/lib:/home/precag/Documents/ros2-ws/install/rtabmap/lib:/usr/lib/x86_64-linux-gnu/gazebo-11/plugins:/opt/ros/humble/opt/rviz_ogre_vendor/lib:/opt/ros/humble/lib/x86_64-linux-gnu:/opt/ros/humble/lib:/usr/local/cuda/lib64 /usr/bin/cmake --install /home/precag/Documents/ros2-ws/build/urg_node
[5.698s] Level 1:colcon.colcon_core.environment:checking '/home/precag/Documents/ros2-ws/install/urg_node' for CMake module files
[5.699s] Level 1:colcon.colcon_core.environment:checking '/home/precag/Documents/ros2-ws/install/urg_node' for CMake config files
[5.699s] Level 1:colcon.colcon_core.shell:create_environment_hook('urg_node', 'cmake_prefix_path')
[5.714s] INFO:colcon.colcon_core.shell:Creating environment hook '/home/precag/Documents/ros2-ws/install/urg_node/share/urg_node/hook/cmake_prefix_path.ps1'
[5.714s] INFO:colcon.colcon_core.shell:Creating environment descriptor '/home/precag/Documents/ros2-ws/install/urg_node/share/urg_node/hook/cmake_prefix_path.dsv'
[5.714s] INFO:colcon.colcon_core.shell:Creating environment hook '/home/precag/Documents/ros2-ws/install/urg_node/share/urg_node/hook/cmake_prefix_path.sh'
[5.715s] Level 1:colcon.colcon_core.environment:checking '/home/precag/Documents/ros2-ws/install/urg_node/lib'
[5.715s] Level 1:colcon.colcon_core.shell:create_environment_hook('urg_node', 'ld_library_path_lib')
[5.730s] INFO:colcon.colcon_core.shell:Creating environment hook '/home/precag/Documents/ros2-ws/install/urg_node/share/urg_node/hook/ld_library_path_lib.ps1'
[5.730s] INFO:colcon.colcon_core.shell:Creating environment descriptor '/home/precag/Documents/ros2-ws/install/urg_node/share/urg_node/hook/ld_library_path_lib.dsv'
[5.730s] INFO:colcon.colcon_core.shell:Creating environment hook '/home/precag/Documents/ros2-ws/install/urg_node/share/urg_node/hook/ld_library_path_lib.sh'
[5.730s] Level 1:colcon.colcon_core.environment:checking '/home/precag/Documents/ros2-ws/install/urg_node/bin'
[5.730s] Level 1:colcon.colcon_core.environment:checking '/home/precag/Documents/ros2-ws/install/urg_node/lib/pkgconfig/urg_node.pc'
[5.731s] Level 1:colcon.colcon_core.environment:checking '/home/precag/Documents/ros2-ws/install/urg_node/lib/python3.9/site-packages'
[5.731s] Level 1:colcon.colcon_core.environment:checking '/home/precag/Documents/ros2-ws/install/urg_node/bin'
[5.746s] INFO:colcon.colcon_core.shell:Creating package script '/home/precag/Documents/ros2-ws/install/urg_node/share/urg_node/package.ps1'
[5.746s] INFO:colcon.colcon_core.shell:Creating package descriptor '/home/precag/Documents/ros2-ws/install/urg_node/share/urg_node/package.dsv'
[5.746s] INFO:colcon.colcon_core.shell:Creating package script '/home/precag/Documents/ros2-ws/install/urg_node/share/urg_node/package.sh'
[5.747s] INFO:colcon.colcon_core.shell:Creating package script '/home/precag/Documents/ros2-ws/install/urg_node/share/urg_node/package.bash'
[5.747s] INFO:colcon.colcon_core.shell:Creating package script '/home/precag/Documents/ros2-ws/install/urg_node/share/urg_node/package.zsh'
[5.747s] Level 1:colcon.colcon_core.environment:create_file_with_runtime_dependencies(/home/precag/Documents/ros2-ws/install/urg_node/share/colcon-core/packages/urg_node)
[5.799s] Level 1:colcon.colcon_core.environment:create_environment_scripts_only(urg_node)
[5.814s] Level 1:colcon.colcon_core.environment:checking '/home/precag/Documents/ros2-ws/install/urg_node' for CMake module files
[5.815s] Level 1:colcon.colcon_core.environment:checking '/home/precag/Documents/ros2-ws/install/urg_node' for CMake config files
[5.815s] Level 1:colcon.colcon_core.shell:create_environment_hook('urg_node', 'cmake_prefix_path')
[5.831s] INFO:colcon.colcon_core.shell:Creating environment hook '/home/precag/Documents/ros2-ws/install/urg_node/share/urg_node/hook/cmake_prefix_path.ps1'
[5.831s] INFO:colcon.colcon_core.shell:Creating environment descriptor '/home/precag/Documents/ros2-ws/install/urg_node/share/urg_node/hook/cmake_prefix_path.dsv'
[5.832s] INFO:colcon.colcon_core.shell:Creating environment hook '/home/precag/Documents/ros2-ws/install/urg_node/share/urg_node/hook/cmake_prefix_path.sh'
[5.832s] Level 1:colcon.colcon_core.environment:checking '/home/precag/Documents/ros2-ws/install/urg_node/lib'
[5.832s] Level 1:colcon.colcon_core.shell:create_environment_hook('urg_node', 'ld_library_path_lib')
[5.847s] INFO:colcon.colcon_core.shell:Creating environment hook '/home/precag/Documents/ros2-ws/install/urg_node/share/urg_node/hook/ld_library_path_lib.ps1'
[5.848s] INFO:colcon.colcon_core.shell:Creating environment descriptor '/home/precag/Documents/ros2-ws/install/urg_node/share/urg_node/hook/ld_library_path_lib.dsv'
[5.848s] INFO:colcon.colcon_core.shell:Creating environment hook '/home/precag/Documents/ros2-ws/install/urg_node/share/urg_node/hook/ld_library_path_lib.sh'
[5.848s] Level 1:colcon.colcon_core.environment:checking '/home/precag/Documents/ros2-ws/install/urg_node/bin'
[5.848s] Level 1:colcon.colcon_core.environment:checking '/home/precag/Documents/ros2-ws/install/urg_node/lib/pkgconfig/urg_node.pc'
[5.849s] Level 1:colcon.colcon_core.environment:checking '/home/precag/Documents/ros2-ws/install/urg_node/lib/python3.9/site-packages'
[5.849s] Level 1:colcon.colcon_core.environment:checking '/home/precag/Documents/ros2-ws/install/urg_node/bin'
[5.864s] INFO:colcon.colcon_core.shell:Creating package script '/home/precag/Documents/ros2-ws/install/urg_node/share/urg_node/package.ps1'
[5.865s] INFO:colcon.colcon_core.shell:Creating package descriptor '/home/precag/Documents/ros2-ws/install/urg_node/share/urg_node/package.dsv'
[5.865s] INFO:colcon.colcon_core.shell:Creating package script '/home/precag/Documents/ros2-ws/install/urg_node/share/urg_node/package.sh'
[5.865s] INFO:colcon.colcon_core.shell:Creating package script '/home/precag/Documents/ros2-ws/install/urg_node/share/urg_node/package.bash'
[5.866s] INFO:colcon.colcon_core.shell:Creating package script '/home/precag/Documents/ros2-ws/install/urg_node/share/urg_node/package.zsh'
[5.866s] Level 1:colcon.colcon_core.environment:create_file_with_runtime_dependencies(/home/precag/Documents/ros2-ws/install/urg_node/share/colcon-core/packages/urg_node)
[5.866s] DEBUG:colcon.colcon_parallel_executor.executor.parallel:closing loop
[5.867s] DEBUG:colcon.colcon_parallel_executor.executor.parallel:loop closed
[5.867s] DEBUG:colcon.colcon_parallel_executor.executor.parallel:run_until_complete finished with '0'
[5.867s] DEBUG:colcon.colcon_core.event_reactor:joining thread
[5.885s] INFO:colcon.colcon_core.plugin_system:Skipping extension 'colcon_notification.desktop_notification.notify2': 'notify2' not found
[5.885s] INFO:colcon.colcon_core.plugin_system:Skipping extension 'colcon_notification.desktop_notification.terminal_notifier': Not used on non-Darwin systems
[5.885s] INFO:colcon.colcon_core.plugin_system:Skipping extension 'colcon_notification.desktop_notification.win32': Not used on non-Windows systems
[5.885s] INFO:colcon.colcon_notification.desktop_notification:Sending desktop notification using 'notify_send'
[5.903s] DEBUG:colcon.colcon_core.event_reactor:joined thread
[5.924s] INFO:colcon.colcon_core.shell:Creating prefix script '/home/precag/Documents/ros2-ws/install/local_setup.ps1'
[5.926s] INFO:colcon.colcon_core.shell:Creating prefix util module '/home/precag/Documents/ros2-ws/install/_local_setup_util_ps1.py'
[5.927s] INFO:colcon.colcon_core.shell:Creating prefix chain script '/home/precag/Documents/ros2-ws/install/setup.ps1'
[5.950s] INFO:colcon.colcon_core.shell:Creating prefix script '/home/precag/Documents/ros2-ws/install/local_setup.sh'
[5.950s] INFO:colcon.colcon_core.shell:Creating prefix util module '/home/precag/Documents/ros2-ws/install/_local_setup_util_sh.py'
[5.951s] INFO:colcon.colcon_core.shell:Creating prefix chain script '/home/precag/Documents/ros2-ws/install/setup.sh'
[5.966s] INFO:colcon.colcon_core.shell:Creating prefix script '/home/precag/Documents/ros2-ws/install/local_setup.bash'
[5.967s] INFO:colcon.colcon_core.shell:Creating prefix chain script '/home/precag/Documents/ros2-ws/install/setup.bash'
[5.983s] INFO:colcon.colcon_core.shell:Creating prefix script '/home/precag/Documents/ros2-ws/install/local_setup.zsh'
[5.984s] INFO:colcon.colcon_core.shell:Creating prefix chain script '/home/precag/Documents/ros2-ws/install/setup.zsh'
