[0.162s] Invoking command in '/home/precag/Documents/ros2-ws/build/lidar_cartographer': CMAKE_PREFIX_PATH=${CMAKE_PREFIX_PATH}:/opt/ros/humble CONDA_PROMPT_MODIFIER=(base) /usr/bin/cmake /home/precag/Documents/ros2-ws/src/lidar_cartographer -DAMENT_CMAKE_SYMLINK_INSTALL=1 -DCMAKE_INSTALL_PREFIX=/home/precag/Documents/ros2-ws/install/lidar_cartographer
[0.176s] -- Found ament_cmake: 1.3.7 (/opt/ros/humble/share/ament_cmake/cmake)
[0.366s] -- Override CMake install command with custom implementation using symlinks instead of copying resources
[0.377s] -- Found ament_lint_auto: 0.12.10 (/opt/ros/humble/share/ament_lint_auto/cmake)
[0.469s] -- Added test 'flake8' to check Python code syntax and style conventions
[0.470s] -- Added test 'lint_cmake' to check CMake code style
[0.470s] -- Added test 'pep257' to check Python code against some of the docstring style conventions in PEP 257
[0.472s] -- Added test 'xmllint' to check XML markup files
[0.473s] -- Configuring done
[0.477s] -- Generating done
[0.478s] -- Build files have been written to: /home/precag/Documents/ros2-ws/build/lidar_cartographer
[0.502s] Invoked command in '/home/precag/Documents/ros2-ws/build/lidar_cartographer' returned '0': CMAKE_PREFIX_PATH=${CMAKE_PREFIX_PATH}:/opt/ros/humble CONDA_PROMPT_MODIFIER=(base) /usr/bin/cmake /home/precag/Documents/ros2-ws/src/lidar_cartographer -DAMENT_CMAKE_SYMLINK_INSTALL=1 -DCMAKE_INSTALL_PREFIX=/home/precag/Documents/ros2-ws/install/lidar_cartographer
[0.520s] Invoking command in '/home/precag/Documents/ros2-ws/build/lidar_cartographer': CMAKE_PREFIX_PATH=${CMAKE_PREFIX_PATH}:/opt/ros/humble CONDA_PROMPT_MODIFIER=(base) /usr/bin/cmake --build /home/precag/Documents/ros2-ws/build/lidar_cartographer -- -j8 -l8
[0.581s] Invoked command in '/home/precag/Documents/ros2-ws/build/lidar_cartographer' returned '0': CMAKE_PREFIX_PATH=${CMAKE_PREFIX_PATH}:/opt/ros/humble CONDA_PROMPT_MODIFIER=(base) /usr/bin/cmake --build /home/precag/Documents/ros2-ws/build/lidar_cartographer -- -j8 -l8
[0.730s] Invoking command in '/home/precag/Documents/ros2-ws/build/lidar_cartographer': CMAKE_PREFIX_PATH=${CMAKE_PREFIX_PATH}:/opt/ros/humble CONDA_PROMPT_MODIFIER=(base) /usr/bin/cmake --install /home/precag/Documents/ros2-ws/build/lidar_cartographer
[0.766s] -- Install configuration: ""
[0.767s] -- Execute custom install script
[0.772s] -- Symlinking: /home/precag/Documents/ros2-ws/install/lidar_cartographer/share/lidar_cartographer/config/cartographer_2d.lua
[0.786s] -- Symlinking: /home/precag/Documents/ros2-ws/install/lidar_cartographer/share/lidar_cartographer/launch/cartographer.launch.py
[0.809s] -- Symlinking: /home/precag/Documents/ros2-ws/install/lidar_cartographer/share/ament_index/resource_index/package_run_dependencies/lidar_cartographer
[0.823s] -- Symlinking: /home/precag/Documents/ros2-ws/install/lidar_cartographer/share/ament_index/resource_index/parent_prefix_path/lidar_cartographer
[0.852s] -- Symlinking: /home/precag/Documents/ros2-ws/install/lidar_cartographer/share/lidar_cartographer/environment/ament_prefix_path.sh
[0.872s] -- Symlinking: /home/precag/Documents/ros2-ws/install/lidar_cartographer/share/lidar_cartographer/environment/ament_prefix_path.dsv
[0.883s] -- Symlinking: /home/precag/Documents/ros2-ws/install/lidar_cartographer/share/lidar_cartographer/environment/path.sh
[0.898s] -- Symlinking: /home/precag/Documents/ros2-ws/install/lidar_cartographer/share/lidar_cartographer/environment/path.dsv
[0.909s] -- Symlinking: /home/precag/Documents/ros2-ws/install/lidar_cartographer/share/lidar_cartographer/local_setup.bash
[0.924s] -- Symlinking: /home/precag/Documents/ros2-ws/install/lidar_cartographer/share/lidar_cartographer/local_setup.sh
[0.939s] -- Symlinking: /home/precag/Documents/ros2-ws/install/lidar_cartographer/share/lidar_cartographer/local_setup.zsh
[0.952s] -- Symlinking: /home/precag/Documents/ros2-ws/install/lidar_cartographer/share/lidar_cartographer/local_setup.dsv
[0.967s] -- Symlinking: /home/precag/Documents/ros2-ws/install/lidar_cartographer/share/lidar_cartographer/package.dsv
[0.981s] -- Symlinking: /home/precag/Documents/ros2-ws/install/lidar_cartographer/share/ament_index/resource_index/packages/lidar_cartographer
[0.998s] -- Symlinking: /home/precag/Documents/ros2-ws/install/lidar_cartographer/share/lidar_cartographer/cmake/lidar_cartographerConfig.cmake
[1.014s] -- Symlinking: /home/precag/Documents/ros2-ws/install/lidar_cartographer/share/lidar_cartographer/cmake/lidar_cartographerConfig-version.cmake
[1.034s] -- Symlinking: /home/precag/Documents/ros2-ws/install/lidar_cartographer/share/lidar_cartographer/package.xml
[1.067s] Invoked command in '/home/precag/Documents/ros2-ws/build/lidar_cartographer' returned '0': CMAKE_PREFIX_PATH=${CMAKE_PREFIX_PATH}:/opt/ros/humble CONDA_PROMPT_MODIFIER=(base) /usr/bin/cmake --install /home/precag/Documents/ros2-ws/build/lidar_cartographer
