[0.344s] Invoking command in '/home/precag/Documents/ros2-ws/build/laser_proc': CMAKE_PREFIX_PATH=${CMAKE_PREFIX_PATH}:/opt/ros/humble CONDA_PROMPT_MODIFIER=(base) /usr/bin/cmake /home/precag/Documents/ros2-ws/src/laser_proc -DAMENT_CMAKE_SYMLINK_INSTALL=1 -DCMAKE_INSTALL_PREFIX=/home/precag/Documents/ros2-ws/install/laser_proc
[0.365s] -- Found ament_cmake: 1.3.7 (/opt/ros/humble/share/ament_cmake/cmake)
[0.552s] -- Override CMake install command with custom implementation using symlinks instead of copying resources
[0.563s] -- Found class_loader: 2.2.0 (/opt/ros/humble/share/class_loader/cmake)
[0.584s] -- Found rclcpp: 16.0.8 (/opt/ros/humble/share/rclcpp/cmake)
[0.617s] -- Found rosidl_generator_c: 3.1.5 (/opt/ros/humble/share/rosidl_generator_c/cmake)
[0.622s] -- Found rosidl_adapter: 3.1.5 (/opt/ros/humble/share/rosidl_adapter/cmake)
[0.633s] -- Found rosidl_generator_cpp: 3.1.5 (/opt/ros/humble/share/rosidl_generator_cpp/cmake)
[0.653s] -- Using all available rosidl_typesupport_c: rosidl_typesupport_fastrtps_c;rosidl_typesupport_introspection_c
[0.678s] -- Using all available rosidl_typesupport_cpp: rosidl_typesupport_fastrtps_cpp;rosidl_typesupport_introspection_cpp
[0.791s] -- Found rmw_implementation_cmake: 6.1.1 (/opt/ros/humble/share/rmw_implementation_cmake/cmake)
[0.794s] -- Found rmw_fastrtps_cpp: 6.2.6 (/opt/ros/humble/share/rmw_fastrtps_cpp/cmake)
[1.048s] -- Using RMW implementation 'rmw_fastrtps_cpp' as default
[1.331s] -- Found rclcpp_components: 16.0.8 (/opt/ros/humble/share/rclcpp_components/cmake)
[1.418s] -- Found sensor_msgs: 4.2.3 (/opt/ros/humble/share/sensor_msgs/cmake)
[1.576s] -- Found ament_lint_auto: 0.12.10 (/opt/ros/humble/share/ament_lint_auto/cmake)
[1.660s] -- Added test 'cppcheck' to perform static code analysis on C / C++ code
[1.660s] -- Configured cppcheck include dirs: $<BUILD_INTERFACE:/home/precag/Documents/ros2-ws/src/laser_proc/include>
[1.660s] -- Configured cppcheck exclude dirs and/or files: 
[1.673s] -- Added test 'cpplint' to check C / C++ code against the Google style
[1.673s] -- Configured cpplint exclude dirs and/or files: 
[1.673s] -- Added test 'lint_cmake' to check CMake code style
[1.687s] -- Added test 'uncrustify' to check C / C++ code style
[1.687s] -- Configured uncrustify additional arguments: 
[1.688s] -- Added test 'xmllint' to check XML markup files
[1.703s] -- Configuring done
[1.708s] -- Generating done
[1.708s] -- Build files have been written to: /home/precag/Documents/ros2-ws/build/laser_proc
[1.715s] Invoked command in '/home/precag/Documents/ros2-ws/build/laser_proc' returned '0': CMAKE_PREFIX_PATH=${CMAKE_PREFIX_PATH}:/opt/ros/humble CONDA_PROMPT_MODIFIER=(base) /usr/bin/cmake /home/precag/Documents/ros2-ws/src/laser_proc -DAMENT_CMAKE_SYMLINK_INSTALL=1 -DCMAKE_INSTALL_PREFIX=/home/precag/Documents/ros2-ws/install/laser_proc
[1.718s] Invoking command in '/home/precag/Documents/ros2-ws/build/laser_proc': CMAKE_PREFIX_PATH=${CMAKE_PREFIX_PATH}:/opt/ros/humble CONDA_PROMPT_MODIFIER=(base) /usr/bin/cmake --build /home/precag/Documents/ros2-ws/build/laser_proc -- -j8 -l8
[1.775s] [35m[1mConsolidate compiler generated dependencies of target laser_proc[0m
[1.781s] [35m[1mConsolidate compiler generated dependencies of target laser_proc_node[0m
[1.799s] [ 71%] Built target laser_proc_node
[1.799s] [ 71%] Built target laser_proc
[1.823s] [35m[1mConsolidate compiler generated dependencies of target laser_proc_component[0m
[1.836s] [100%] Built target laser_proc_component
[2.106s] Invoked command in '/home/precag/Documents/ros2-ws/build/laser_proc' returned '0': CMAKE_PREFIX_PATH=${CMAKE_PREFIX_PATH}:/opt/ros/humble CONDA_PROMPT_MODIFIER=(base) /usr/bin/cmake --build /home/precag/Documents/ros2-ws/build/laser_proc -- -j8 -l8
[2.144s] Invoking command in '/home/precag/Documents/ros2-ws/build/laser_proc': CMAKE_PREFIX_PATH=${CMAKE_PREFIX_PATH}:/opt/ros/humble CONDA_PROMPT_MODIFIER=(base) /usr/bin/cmake --install /home/precag/Documents/ros2-ws/build/laser_proc
[2.153s] -- Install configuration: ""
[2.154s] -- Execute custom install script
[2.154s] -- Up-to-date symlink: /home/precag/Documents/ros2-ws/install/laser_proc/lib/laser_proc/laser_proc_node
[2.154s] -- Up-to-date symlink: /home/precag/Documents/ros2-ws/install/laser_proc/lib/liblaser_proc.so
[2.155s] -- Up-to-date symlink: /home/precag/Documents/ros2-ws/install/laser_proc/lib/liblaser_proc_component.so
[2.155s] -- Up-to-date symlink: /home/precag/Documents/ros2-ws/install/laser_proc/include/laser_proc/laser_proc.hpp
[2.155s] -- Up-to-date symlink: /home/precag/Documents/ros2-ws/install/laser_proc/include/laser_proc/laser_proc_component.hpp
[2.155s] -- Up-to-date symlink: /home/precag/Documents/ros2-ws/install/laser_proc/include/laser_proc/laser_publisher.hpp
[2.156s] -- Up-to-date symlink: /home/precag/Documents/ros2-ws/install/laser_proc/include/laser_proc/visibility_control.hpp
[2.156s] -- Up-to-date symlink: /home/precag/Documents/ros2-ws/install/laser_proc/share/laser_proc/environment/library_path.sh
[2.156s] -- Up-to-date symlink: /home/precag/Documents/ros2-ws/install/laser_proc/share/laser_proc/environment/library_path.dsv
[2.156s] -- Up-to-date symlink: /home/precag/Documents/ros2-ws/install/laser_proc/share/ament_index/resource_index/package_run_dependencies/laser_proc
[2.157s] -- Up-to-date symlink: /home/precag/Documents/ros2-ws/install/laser_proc/share/ament_index/resource_index/parent_prefix_path/laser_proc
[2.157s] -- Up-to-date symlink: /home/precag/Documents/ros2-ws/install/laser_proc/share/laser_proc/environment/ament_prefix_path.sh
[2.157s] -- Up-to-date symlink: /home/precag/Documents/ros2-ws/install/laser_proc/share/laser_proc/environment/ament_prefix_path.dsv
[2.157s] -- Up-to-date symlink: /home/precag/Documents/ros2-ws/install/laser_proc/share/laser_proc/environment/path.sh
[2.158s] -- Up-to-date symlink: /home/precag/Documents/ros2-ws/install/laser_proc/share/laser_proc/environment/path.dsv
[2.158s] -- Up-to-date symlink: /home/precag/Documents/ros2-ws/install/laser_proc/share/laser_proc/local_setup.bash
[2.158s] -- Up-to-date symlink: /home/precag/Documents/ros2-ws/install/laser_proc/share/laser_proc/local_setup.sh
[2.158s] -- Up-to-date symlink: /home/precag/Documents/ros2-ws/install/laser_proc/share/laser_proc/local_setup.zsh
[2.158s] -- Up-to-date symlink: /home/precag/Documents/ros2-ws/install/laser_proc/share/laser_proc/local_setup.dsv
[2.159s] -- Symlinking: /home/precag/Documents/ros2-ws/install/laser_proc/share/laser_proc/package.dsv
[2.168s] -- Up-to-date symlink: /home/precag/Documents/ros2-ws/install/laser_proc/share/ament_index/resource_index/packages/laser_proc
[2.168s] -- Up-to-date symlink: /home/precag/Documents/ros2-ws/install/laser_proc/share/ament_index/resource_index/rclcpp_components/laser_proc
[2.168s] -- Up-to-date symlink: /home/precag/Documents/ros2-ws/install/laser_proc/share/laser_proc/cmake/ament_cmake_export_dependencies-extras.cmake
[2.168s] -- Up-to-date symlink: /home/precag/Documents/ros2-ws/install/laser_proc/share/laser_proc/cmake/ament_cmake_export_include_directories-extras.cmake
[2.169s] -- Up-to-date symlink: /home/precag/Documents/ros2-ws/install/laser_proc/share/laser_proc/cmake/ament_cmake_export_libraries-extras.cmake
[2.169s] -- Up-to-date symlink: /home/precag/Documents/ros2-ws/install/laser_proc/share/laser_proc/cmake/laser_procConfig.cmake
[2.169s] -- Up-to-date symlink: /home/precag/Documents/ros2-ws/install/laser_proc/share/laser_proc/cmake/laser_procConfig-version.cmake
[2.169s] -- Up-to-date symlink: /home/precag/Documents/ros2-ws/install/laser_proc/share/laser_proc/package.xml
[2.171s] Invoked command in '/home/precag/Documents/ros2-ws/build/laser_proc' returned '0': CMAKE_PREFIX_PATH=${CMAKE_PREFIX_PATH}:/opt/ros/humble CONDA_PROMPT_MODIFIER=(base) /usr/bin/cmake --install /home/precag/Documents/ros2-ws/build/laser_proc
