[0.079s] Invoking command in '/home/precag/Documents/ros2-ws/build/urg_node': CMAKE_PREFIX_PATH=/home/precag/Documents/ros2-ws/install/urg_node_msgs:/home/precag/Documents/ros2-ws/install/urg_c:/home/precag/Documents/ros2-ws/install/laser_proc:/home/precag/Documents/ros2-ws/install/urg_node:/home/precag/Documents/ros2-ws/install/rtabmap:/opt/ros/humble CONDA_PROMPT_MODIFIER=(base) LD_LIBRARY_PATH=/home/precag/Documents/ros2-ws/install/urg_node_msgs/lib:/home/precag/Documents/ros2-ws/install/urg_c/lib:/home/precag/Documents/ros2-ws/install/laser_proc/lib:/home/precag/Documents/ros2-ws/install/urg_node/lib:/home/precag/Documents/ros2-ws/install/rtabmap/lib:/usr/lib/x86_64-linux-gnu/gazebo-11/plugins:/opt/ros/humble/opt/rviz_ogre_vendor/lib:/opt/ros/humble/lib/x86_64-linux-gnu:/opt/ros/humble/lib:/usr/local/cuda/lib64 /usr/bin/cmake --build /home/precag/Documents/ros2-ws/build/urg_node -- -j8 -l8
[0.131s] [ 28%] Built target urg_node_driver
[0.132s] [ 71%] Built target urg_node
[0.157s] [100%] Built target getID
[0.167s] Invoked command in '/home/precag/Documents/ros2-ws/build/urg_node' returned '0': CMAKE_PREFIX_PATH=/home/precag/Documents/ros2-ws/install/urg_node_msgs:/home/precag/Documents/ros2-ws/install/urg_c:/home/precag/Documents/ros2-ws/install/laser_proc:/home/precag/Documents/ros2-ws/install/urg_node:/home/precag/Documents/ros2-ws/install/rtabmap:/opt/ros/humble CONDA_PROMPT_MODIFIER=(base) LD_LIBRARY_PATH=/home/precag/Documents/ros2-ws/install/urg_node_msgs/lib:/home/precag/Documents/ros2-ws/install/urg_c/lib:/home/precag/Documents/ros2-ws/install/laser_proc/lib:/home/precag/Documents/ros2-ws/install/urg_node/lib:/home/precag/Documents/ros2-ws/install/rtabmap/lib:/usr/lib/x86_64-linux-gnu/gazebo-11/plugins:/opt/ros/humble/opt/rviz_ogre_vendor/lib:/opt/ros/humble/lib/x86_64-linux-gnu:/opt/ros/humble/lib:/usr/local/cuda/lib64 /usr/bin/cmake --build /home/precag/Documents/ros2-ws/build/urg_node -- -j8 -l8
[0.204s] Invoking command in '/home/precag/Documents/ros2-ws/build/urg_node': CMAKE_PREFIX_PATH=/home/precag/Documents/ros2-ws/install/urg_node_msgs:/home/precag/Documents/ros2-ws/install/urg_c:/home/precag/Documents/ros2-ws/install/laser_proc:/home/precag/Documents/ros2-ws/install/urg_node:/home/precag/Documents/ros2-ws/install/rtabmap:/opt/ros/humble CONDA_PROMPT_MODIFIER=(base) LD_LIBRARY_PATH=/home/precag/Documents/ros2-ws/install/urg_node_msgs/lib:/home/precag/Documents/ros2-ws/install/urg_c/lib:/home/precag/Documents/ros2-ws/install/laser_proc/lib:/home/precag/Documents/ros2-ws/install/urg_node/lib:/home/precag/Documents/ros2-ws/install/rtabmap/lib:/usr/lib/x86_64-linux-gnu/gazebo-11/plugins:/opt/ros/humble/opt/rviz_ogre_vendor/lib:/opt/ros/humble/lib/x86_64-linux-gnu:/opt/ros/humble/lib:/usr/local/cuda/lib64 /usr/bin/cmake --install /home/precag/Documents/ros2-ws/build/urg_node
[0.212s] -- Install configuration: ""
[0.212s] -- Execute custom install script
[0.213s] -- Up-to-date symlink: /home/precag/Documents/ros2-ws/install/urg_node/lib/urg_node/urg_node_driver
[0.213s] -- Up-to-date symlink: /home/precag/Documents/ros2-ws/install/urg_node/lib/liburg_node.so
[0.213s] -- Up-to-date symlink: /home/precag/Documents/ros2-ws/install/urg_node/lib/urg_node/getID
[0.213s] -- Up-to-date symlink: /home/precag/Documents/ros2-ws/install/urg_node/include/urg_node/urg_c_wrapper.hpp
[0.214s] -- Up-to-date symlink: /home/precag/Documents/ros2-ws/install/urg_node/include/urg_node/urg_node.hpp
[0.214s] -- Up-to-date symlink: /home/precag/Documents/ros2-ws/install/urg_node/lib/urg_node/set_urg_ip.py
[0.214s] -- Up-to-date symlink: /home/precag/Documents/ros2-ws/install/urg_node/share/urg_node/launch/hokuyo_laser.urdf
[0.214s] -- Up-to-date symlink: /home/precag/Documents/ros2-ws/install/urg_node/share/urg_node/launch/urg_lidar.launch
[0.214s] -- Up-to-date symlink: /home/precag/Documents/ros2-ws/install/urg_node/share/urg_node/launch/urg_node_ethernet.yaml
[0.215s] -- Up-to-date symlink: /home/precag/Documents/ros2-ws/install/urg_node/share/urg_node/launch/urg_node_launch.py
[0.215s] -- Up-to-date symlink: /home/precag/Documents/ros2-ws/install/urg_node/share/urg_node/launch/urg_node_serial.yaml
[0.215s] -- Up-to-date symlink: /home/precag/Documents/ros2-ws/install/urg_node/share/urg_node/meshes/hokuyo_ust10.stl
[0.215s] -- Up-to-date symlink: /home/precag/Documents/ros2-ws/install/urg_node/share/urg_node/urdf/hokuyo_ust10.urdf.xacro
[0.215s] -- Up-to-date symlink: /home/precag/Documents/ros2-ws/install/urg_node/share/urg_node/environment/library_path.sh
[0.216s] -- Up-to-date symlink: /home/precag/Documents/ros2-ws/install/urg_node/share/urg_node/environment/library_path.dsv
[0.216s] -- Up-to-date symlink: /home/precag/Documents/ros2-ws/install/urg_node/share/ament_index/resource_index/package_run_dependencies/urg_node
[0.216s] -- Up-to-date symlink: /home/precag/Documents/ros2-ws/install/urg_node/share/ament_index/resource_index/parent_prefix_path/urg_node
[0.216s] -- Up-to-date symlink: /home/precag/Documents/ros2-ws/install/urg_node/share/urg_node/environment/ament_prefix_path.sh
[0.216s] -- Up-to-date symlink: /home/precag/Documents/ros2-ws/install/urg_node/share/urg_node/environment/ament_prefix_path.dsv
[0.216s] -- Up-to-date symlink: /home/precag/Documents/ros2-ws/install/urg_node/share/urg_node/environment/path.sh
[0.216s] -- Up-to-date symlink: /home/precag/Documents/ros2-ws/install/urg_node/share/urg_node/environment/path.dsv
[0.217s] -- Up-to-date symlink: /home/precag/Documents/ros2-ws/install/urg_node/share/urg_node/local_setup.bash
[0.217s] -- Up-to-date symlink: /home/precag/Documents/ros2-ws/install/urg_node/share/urg_node/local_setup.sh
[0.217s] -- Up-to-date symlink: /home/precag/Documents/ros2-ws/install/urg_node/share/urg_node/local_setup.zsh
[0.217s] -- Up-to-date symlink: /home/precag/Documents/ros2-ws/install/urg_node/share/urg_node/local_setup.dsv
[0.217s] -- Symlinking: /home/precag/Documents/ros2-ws/install/urg_node/share/urg_node/package.dsv
[0.226s] -- Up-to-date symlink: /home/precag/Documents/ros2-ws/install/urg_node/share/ament_index/resource_index/packages/urg_node
[0.226s] -- Up-to-date symlink: /home/precag/Documents/ros2-ws/install/urg_node/share/ament_index/resource_index/rclcpp_components/urg_node
[0.226s] -- Up-to-date symlink: /home/precag/Documents/ros2-ws/install/urg_node/share/urg_node/cmake/ament_cmake_export_dependencies-extras.cmake
[0.226s] -- Up-to-date symlink: /home/precag/Documents/ros2-ws/install/urg_node/share/urg_node/cmake/ament_cmake_export_include_directories-extras.cmake
[0.226s] -- Up-to-date symlink: /home/precag/Documents/ros2-ws/install/urg_node/share/urg_node/cmake/ament_cmake_export_libraries-extras.cmake
[0.227s] -- Up-to-date symlink: /home/precag/Documents/ros2-ws/install/urg_node/share/urg_node/cmake/urg_nodeConfig.cmake
[0.227s] -- Up-to-date symlink: /home/precag/Documents/ros2-ws/install/urg_node/share/urg_node/cmake/urg_nodeConfig-version.cmake
[0.227s] -- Up-to-date symlink: /home/precag/Documents/ros2-ws/install/urg_node/share/urg_node/package.xml
[0.229s] Invoked command in '/home/precag/Documents/ros2-ws/build/urg_node' returned '0': CMAKE_PREFIX_PATH=/home/precag/Documents/ros2-ws/install/urg_node_msgs:/home/precag/Documents/ros2-ws/install/urg_c:/home/precag/Documents/ros2-ws/install/laser_proc:/home/precag/Documents/ros2-ws/install/urg_node:/home/precag/Documents/ros2-ws/install/rtabmap:/opt/ros/humble CONDA_PROMPT_MODIFIER=(base) LD_LIBRARY_PATH=/home/precag/Documents/ros2-ws/install/urg_node_msgs/lib:/home/precag/Documents/ros2-ws/install/urg_c/lib:/home/precag/Documents/ros2-ws/install/laser_proc/lib:/home/precag/Documents/ros2-ws/install/urg_node/lib:/home/precag/Documents/ros2-ws/install/rtabmap/lib:/usr/lib/x86_64-linux-gnu/gazebo-11/plugins:/opt/ros/humble/opt/rviz_ogre_vendor/lib:/opt/ros/humble/lib/x86_64-linux-gnu:/opt/ros/humble/lib:/usr/local/cuda/lib64 /usr/bin/cmake --install /home/precag/Documents/ros2-ws/build/urg_node
