[0.082s] Invoking command in '/home/precag/Documents/ros2-ws/build/urg_node': CMAKE_PREFIX_PATH=/home/precag/Documents/ros2-ws/install/urg_node_msgs:/home/precag/Documents/ros2-ws/install/urg_c:/home/precag/Documents/ros2-ws/install/laser_proc:/home/precag/Documents/ros2-ws/install/urg_node:/home/precag/Documents/ros2-ws/install/rtabmap:/home/precag/Documents/ros2-ws/install/lidar_cartographer:/opt/ros/humble CONDA_PROMPT_MODIFIER=(base) LD_LIBRARY_PATH=/home/precag/Documents/ros2-ws/install/urg_node_msgs/lib:/home/precag/Documents/ros2-ws/install/urg_c/lib:/home/precag/Documents/ros2-ws/install/laser_proc/lib:/home/precag/Documents/ros2-ws/install/urg_node/lib:/home/precag/Documents/ros2-ws/install/rtabmap/lib:/usr/lib/x86_64-linux-gnu/gazebo-11/plugins:/opt/ros/humble/opt/rviz_ogre_vendor/lib:/opt/ros/humble/lib/x86_64-linux-gnu:/opt/ros/humble/lib:/usr/local/cuda/lib64 /usr/bin/cmake /home/precag/Documents/ros2-ws/src/urg_node -DAMENT_CMAKE_SYMLINK_INSTALL=1 -DCMAKE_INSTALL_PREFIX=/home/precag/Documents/ros2-ws/install/urg_node
[0.094s] -- Found ament_cmake: 1.3.7 (/opt/ros/humble/share/ament_cmake/cmake)
[0.227s] -- Override CMake install command with custom implementation using symlinks instead of copying resources
[0.240s] -- Found diagnostic_updater: 3.1.2 (/opt/ros/humble/share/diagnostic_updater/cmake)
[0.266s] -- Found rosidl_generator_c: 3.1.5 (/opt/ros/humble/share/rosidl_generator_c/cmake)
[0.268s] -- Found rosidl_adapter: 3.1.5 (/opt/ros/humble/share/rosidl_adapter/cmake)
[0.274s] -- Found rosidl_generator_cpp: 3.1.5 (/opt/ros/humble/share/rosidl_generator_cpp/cmake)
[0.285s] -- Using all available rosidl_typesupport_c: rosidl_typesupport_fastrtps_c;rosidl_typesupport_introspection_c
[0.300s] -- Using all available rosidl_typesupport_cpp: rosidl_typesupport_fastrtps_cpp;rosidl_typesupport_introspection_cpp
[0.453s] -- Found rmw_implementation_cmake: 6.1.1 (/opt/ros/humble/share/rmw_implementation_cmake/cmake)
[0.454s] -- Found rmw_fastrtps_cpp: 6.2.6 (/opt/ros/humble/share/rmw_fastrtps_cpp/cmake)
[0.572s] -- Using RMW implementation 'rmw_fastrtps_cpp' as default
[0.705s] -- Found laser_proc: 1.0.2 (/home/precag/Documents/ros2-ws/install/laser_proc/share/laser_proc/cmake)
[0.827s] -- Found rclcpp_components: 16.0.8 (/opt/ros/humble/share/rclcpp_components/cmake)
[0.880s] -- Found std_srvs: 4.2.3 (/opt/ros/humble/share/std_srvs/cmake)
[0.896s] -- Found urg_c: 1.0.4001 (/home/precag/Documents/ros2-ws/install/urg_c/share/urg_c/cmake)
[0.897s] -- Found urg_node_msgs: 1.0.1 (/home/precag/Documents/ros2-ws/install/urg_node_msgs/share/urg_node_msgs/cmake)
[0.960s] -- Found ament_lint_auto: 0.12.10 (/opt/ros/humble/share/ament_lint_auto/cmake)
[1.034s] -- Added test 'cppcheck' to perform static code analysis on C / C++ code
[1.034s] -- Configured cppcheck include dirs: $<BUILD_INTERFACE:/home/precag/Documents/ros2-ws/src/urg_node/include>
[1.035s] -- Configured cppcheck exclude dirs and/or files: 
[1.040s] -- Added test 'cpplint' to check C / C++ code against the Google style
[1.040s] -- Configured cpplint exclude dirs and/or files: 
[1.041s] -- Added test 'flake8' to check Python code syntax and style conventions
[1.042s] -- Added test 'lint_cmake' to check CMake code style
[1.043s] -- Added test 'pep257' to check Python code against some of the docstring style conventions in PEP 257
[1.046s] -- Added test 'uncrustify' to check C / C++ code style
[1.046s] -- Configured uncrustify additional arguments: 
[1.047s] -- Added test 'xmllint' to check XML markup files
[1.049s] -- Configuring done
[1.081s] -- Generating done
[1.083s] -- Build files have been written to: /home/precag/Documents/ros2-ws/build/urg_node
[1.094s] Invoked command in '/home/precag/Documents/ros2-ws/build/urg_node' returned '0': CMAKE_PREFIX_PATH=/home/precag/Documents/ros2-ws/install/urg_node_msgs:/home/precag/Documents/ros2-ws/install/urg_c:/home/precag/Documents/ros2-ws/install/laser_proc:/home/precag/Documents/ros2-ws/install/urg_node:/home/precag/Documents/ros2-ws/install/rtabmap:/home/precag/Documents/ros2-ws/install/lidar_cartographer:/opt/ros/humble CONDA_PROMPT_MODIFIER=(base) LD_LIBRARY_PATH=/home/precag/Documents/ros2-ws/install/urg_node_msgs/lib:/home/precag/Documents/ros2-ws/install/urg_c/lib:/home/precag/Documents/ros2-ws/install/laser_proc/lib:/home/precag/Documents/ros2-ws/install/urg_node/lib:/home/precag/Documents/ros2-ws/install/rtabmap/lib:/usr/lib/x86_64-linux-gnu/gazebo-11/plugins:/opt/ros/humble/opt/rviz_ogre_vendor/lib:/opt/ros/humble/lib/x86_64-linux-gnu:/opt/ros/humble/lib:/usr/local/cuda/lib64 /usr/bin/cmake /home/precag/Documents/ros2-ws/src/urg_node -DAMENT_CMAKE_SYMLINK_INSTALL=1 -DCMAKE_INSTALL_PREFIX=/home/precag/Documents/ros2-ws/install/urg_node
[1.097s] Invoking command in '/home/precag/Documents/ros2-ws/build/urg_node': CMAKE_PREFIX_PATH=/home/precag/Documents/ros2-ws/install/urg_node_msgs:/home/precag/Documents/ros2-ws/install/urg_c:/home/precag/Documents/ros2-ws/install/laser_proc:/home/precag/Documents/ros2-ws/install/urg_node:/home/precag/Documents/ros2-ws/install/rtabmap:/home/precag/Documents/ros2-ws/install/lidar_cartographer:/opt/ros/humble CONDA_PROMPT_MODIFIER=(base) LD_LIBRARY_PATH=/home/precag/Documents/ros2-ws/install/urg_node_msgs/lib:/home/precag/Documents/ros2-ws/install/urg_c/lib:/home/precag/Documents/ros2-ws/install/laser_proc/lib:/home/precag/Documents/ros2-ws/install/urg_node/lib:/home/precag/Documents/ros2-ws/install/rtabmap/lib:/usr/lib/x86_64-linux-gnu/gazebo-11/plugins:/opt/ros/humble/opt/rviz_ogre_vendor/lib:/opt/ros/humble/lib/x86_64-linux-gnu:/opt/ros/humble/lib:/usr/local/cuda/lib64 /usr/bin/cmake --build /home/precag/Documents/ros2-ws/build/urg_node -- -j8 -l8
[1.137s] [35m[1mConsolidate compiler generated dependencies of target urg_node_driver[0m
[1.138s] [35m[1mConsolidate compiler generated dependencies of target urg_node[0m
[1.156s] [ 28%] Built target urg_node_driver
[1.162s] [ 71%] Built target urg_node
[1.171s] [35m[1mConsolidate compiler generated dependencies of target getID[0m
[1.189s] [100%] Built target getID
[1.200s] Invoked command in '/home/precag/Documents/ros2-ws/build/urg_node' returned '0': CMAKE_PREFIX_PATH=/home/precag/Documents/ros2-ws/install/urg_node_msgs:/home/precag/Documents/ros2-ws/install/urg_c:/home/precag/Documents/ros2-ws/install/laser_proc:/home/precag/Documents/ros2-ws/install/urg_node:/home/precag/Documents/ros2-ws/install/rtabmap:/home/precag/Documents/ros2-ws/install/lidar_cartographer:/opt/ros/humble CONDA_PROMPT_MODIFIER=(base) LD_LIBRARY_PATH=/home/precag/Documents/ros2-ws/install/urg_node_msgs/lib:/home/precag/Documents/ros2-ws/install/urg_c/lib:/home/precag/Documents/ros2-ws/install/laser_proc/lib:/home/precag/Documents/ros2-ws/install/urg_node/lib:/home/precag/Documents/ros2-ws/install/rtabmap/lib:/usr/lib/x86_64-linux-gnu/gazebo-11/plugins:/opt/ros/humble/opt/rviz_ogre_vendor/lib:/opt/ros/humble/lib/x86_64-linux-gnu:/opt/ros/humble/lib:/usr/local/cuda/lib64 /usr/bin/cmake --build /home/precag/Documents/ros2-ws/build/urg_node -- -j8 -l8
[1.239s] Invoking command in '/home/precag/Documents/ros2-ws/build/urg_node': CMAKE_PREFIX_PATH=/home/precag/Documents/ros2-ws/install/urg_node_msgs:/home/precag/Documents/ros2-ws/install/urg_c:/home/precag/Documents/ros2-ws/install/laser_proc:/home/precag/Documents/ros2-ws/install/urg_node:/home/precag/Documents/ros2-ws/install/rtabmap:/home/precag/Documents/ros2-ws/install/lidar_cartographer:/opt/ros/humble CONDA_PROMPT_MODIFIER=(base) LD_LIBRARY_PATH=/home/precag/Documents/ros2-ws/install/urg_node_msgs/lib:/home/precag/Documents/ros2-ws/install/urg_c/lib:/home/precag/Documents/ros2-ws/install/laser_proc/lib:/home/precag/Documents/ros2-ws/install/urg_node/lib:/home/precag/Documents/ros2-ws/install/rtabmap/lib:/usr/lib/x86_64-linux-gnu/gazebo-11/plugins:/opt/ros/humble/opt/rviz_ogre_vendor/lib:/opt/ros/humble/lib/x86_64-linux-gnu:/opt/ros/humble/lib:/usr/local/cuda/lib64 /usr/bin/cmake --install /home/precag/Documents/ros2-ws/build/urg_node
[1.246s] -- Install configuration: ""
[1.247s] -- Execute custom install script
[1.247s] -- Up-to-date symlink: /home/precag/Documents/ros2-ws/install/urg_node/lib/urg_node/urg_node_driver
[1.247s] -- Up-to-date symlink: /home/precag/Documents/ros2-ws/install/urg_node/lib/liburg_node.so
[1.248s] -- Up-to-date symlink: /home/precag/Documents/ros2-ws/install/urg_node/lib/urg_node/getID
[1.248s] -- Up-to-date symlink: /home/precag/Documents/ros2-ws/install/urg_node/include/urg_node/urg_c_wrapper.hpp
[1.248s] -- Up-to-date symlink: /home/precag/Documents/ros2-ws/install/urg_node/include/urg_node/urg_node.hpp
[1.248s] -- Up-to-date symlink: /home/precag/Documents/ros2-ws/install/urg_node/lib/urg_node/set_urg_ip.py
[1.248s] -- Up-to-date symlink: /home/precag/Documents/ros2-ws/install/urg_node/share/urg_node/launch/hokuyo_laser.urdf
[1.249s] -- Up-to-date symlink: /home/precag/Documents/ros2-ws/install/urg_node/share/urg_node/launch/urg_lidar.launch
[1.249s] -- Up-to-date symlink: /home/precag/Documents/ros2-ws/install/urg_node/share/urg_node/launch/urg_node_ethernet.yaml
[1.249s] -- Up-to-date symlink: /home/precag/Documents/ros2-ws/install/urg_node/share/urg_node/launch/urg_node_launch.py
[1.249s] -- Up-to-date symlink: /home/precag/Documents/ros2-ws/install/urg_node/share/urg_node/launch/urg_node_serial.yaml
[1.249s] -- Up-to-date symlink: /home/precag/Documents/ros2-ws/install/urg_node/share/urg_node/meshes/hokuyo_ust10.stl
[1.249s] -- Up-to-date symlink: /home/precag/Documents/ros2-ws/install/urg_node/share/urg_node/urdf/hokuyo_ust10.urdf.xacro
[1.249s] -- Up-to-date symlink: /home/precag/Documents/ros2-ws/install/urg_node/share/urg_node/environment/library_path.sh
[1.250s] -- Up-to-date symlink: /home/precag/Documents/ros2-ws/install/urg_node/share/urg_node/environment/library_path.dsv
[1.250s] -- Up-to-date symlink: /home/precag/Documents/ros2-ws/install/urg_node/share/ament_index/resource_index/package_run_dependencies/urg_node
[1.250s] -- Up-to-date symlink: /home/precag/Documents/ros2-ws/install/urg_node/share/ament_index/resource_index/parent_prefix_path/urg_node
[1.250s] -- Up-to-date symlink: /home/precag/Documents/ros2-ws/install/urg_node/share/urg_node/environment/ament_prefix_path.sh
[1.250s] -- Up-to-date symlink: /home/precag/Documents/ros2-ws/install/urg_node/share/urg_node/environment/ament_prefix_path.dsv
[1.250s] -- Up-to-date symlink: /home/precag/Documents/ros2-ws/install/urg_node/share/urg_node/environment/path.sh
[1.251s] -- Up-to-date symlink: /home/precag/Documents/ros2-ws/install/urg_node/share/urg_node/environment/path.dsv
[1.251s] -- Up-to-date symlink: /home/precag/Documents/ros2-ws/install/urg_node/share/urg_node/local_setup.bash
[1.251s] -- Up-to-date symlink: /home/precag/Documents/ros2-ws/install/urg_node/share/urg_node/local_setup.sh
[1.251s] -- Up-to-date symlink: /home/precag/Documents/ros2-ws/install/urg_node/share/urg_node/local_setup.zsh
[1.251s] -- Up-to-date symlink: /home/precag/Documents/ros2-ws/install/urg_node/share/urg_node/local_setup.dsv
[1.251s] -- Symlinking: /home/precag/Documents/ros2-ws/install/urg_node/share/urg_node/package.dsv
[1.260s] -- Up-to-date symlink: /home/precag/Documents/ros2-ws/install/urg_node/share/ament_index/resource_index/packages/urg_node
[1.261s] -- Up-to-date symlink: /home/precag/Documents/ros2-ws/install/urg_node/share/ament_index/resource_index/rclcpp_components/urg_node
[1.261s] -- Up-to-date symlink: /home/precag/Documents/ros2-ws/install/urg_node/share/urg_node/cmake/ament_cmake_export_dependencies-extras.cmake
[1.261s] -- Up-to-date symlink: /home/precag/Documents/ros2-ws/install/urg_node/share/urg_node/cmake/ament_cmake_export_include_directories-extras.cmake
[1.261s] -- Up-to-date symlink: /home/precag/Documents/ros2-ws/install/urg_node/share/urg_node/cmake/ament_cmake_export_libraries-extras.cmake
[1.261s] -- Up-to-date symlink: /home/precag/Documents/ros2-ws/install/urg_node/share/urg_node/cmake/urg_nodeConfig.cmake
[1.261s] -- Up-to-date symlink: /home/precag/Documents/ros2-ws/install/urg_node/share/urg_node/cmake/urg_nodeConfig-version.cmake
[1.261s] -- Up-to-date symlink: /home/precag/Documents/ros2-ws/install/urg_node/share/urg_node/package.xml
[1.263s] Invoked command in '/home/precag/Documents/ros2-ws/build/urg_node' returned '0': CMAKE_PREFIX_PATH=/home/precag/Documents/ros2-ws/install/urg_node_msgs:/home/precag/Documents/ros2-ws/install/urg_c:/home/precag/Documents/ros2-ws/install/laser_proc:/home/precag/Documents/ros2-ws/install/urg_node:/home/precag/Documents/ros2-ws/install/rtabmap:/home/precag/Documents/ros2-ws/install/lidar_cartographer:/opt/ros/humble CONDA_PROMPT_MODIFIER=(base) LD_LIBRARY_PATH=/home/precag/Documents/ros2-ws/install/urg_node_msgs/lib:/home/precag/Documents/ros2-ws/install/urg_c/lib:/home/precag/Documents/ros2-ws/install/laser_proc/lib:/home/precag/Documents/ros2-ws/install/urg_node/lib:/home/precag/Documents/ros2-ws/install/rtabmap/lib:/usr/lib/x86_64-linux-gnu/gazebo-11/plugins:/opt/ros/humble/opt/rviz_ogre_vendor/lib:/opt/ros/humble/lib/x86_64-linux-gnu:/opt/ros/humble/lib:/usr/local/cuda/lib64 /usr/bin/cmake --install /home/precag/Documents/ros2-ws/build/urg_node
