[  3%] Built target urg_node_msgs__cpp
[ 12%] Built target urg_node_msgs__rosidl_generator_c
[ 12%] Built target ament_cmake_python_symlink_urg_node_msgs
[ 22%] Built target urg_node_msgs__rosidl_typesupport_fastrtps_cpp
[ 32%] Built target urg_node_msgs__rosidl_typesupport_cpp
[ 51%] Built target urg_node_msgs__rosidl_typesupport_fastrtps_c
[ 51%] Built target urg_node_msgs__rosidl_typesupport_introspection_cpp
[ 61%] Built target urg_node_msgs__rosidl_typesupport_introspection_c
[ 70%] Built target urg_node_msgs__rosidl_typesupport_c
[ 70%] Built target urg_node_msgs
[ 74%] Built target urg_node_msgs__py
[ 80%] Built target urg_node_msgs__rosidl_generator_py
[ 87%] Built target urg_node_msgs__rosidl_typesupport_introspection_c__pyext
[ 93%] Built target urg_node_msgs__rosidl_typesupport_c__pyext
[100%] Built target urg_node_msgs__rosidl_typesupport_fastrtps_c__pyext
running egg_info
writing urg_node_msgs.egg-info/PKG-INFO
writing dependency_links to urg_node_msgs.egg-info/dependency_links.txt
writing top-level names to urg_node_msgs.egg-info/top_level.txt
reading manifest file 'urg_node_msgs.egg-info/SOURCES.txt'
writing manifest file 'urg_node_msgs.egg-info/SOURCES.txt'
[100%] Built target ament_cmake_python_build_urg_node_msgs_egg
-- Install configuration: ""
-- Execute custom install script
-- Up-to-date symlink: /home/precag/Documents/ros2-ws/install/urg_node_msgs/share/ament_index/resource_index/rosidl_interfaces/urg_node_msgs
-- Up-to-date symlink: /home/precag/Documents/ros2-ws/install/urg_node_msgs/include/urg_node_msgs/urg_node_msgs/msg/detail/status__functions.h
-- Up-to-date symlink: /home/precag/Documents/ros2-ws/install/urg_node_msgs/include/urg_node_msgs/urg_node_msgs/msg/detail/status__struct.h
-- Up-to-date symlink: /home/precag/Documents/ros2-ws/install/urg_node_msgs/include/urg_node_msgs/urg_node_msgs/msg/detail/status__type_support.h
-- Up-to-date symlink: /home/precag/Documents/ros2-ws/install/urg_node_msgs/include/urg_node_msgs/urg_node_msgs/msg/rosidl_generator_c__visibility_control.h
-- Up-to-date symlink: /home/precag/Documents/ros2-ws/install/urg_node_msgs/include/urg_node_msgs/urg_node_msgs/msg/status.h
-- Up-to-date symlink: /home/precag/Documents/ros2-ws/install/urg_node_msgs/share/urg_node_msgs/environment/library_path.sh
-- Up-to-date symlink: /home/precag/Documents/ros2-ws/install/urg_node_msgs/share/urg_node_msgs/environment/library_path.dsv
-- Up-to-date symlink: /home/precag/Documents/ros2-ws/install/urg_node_msgs/include/urg_node_msgs/urg_node_msgs/msg/detail/status__rosidl_typesupport_fastrtps_c.h
-- Up-to-date symlink: /home/precag/Documents/ros2-ws/install/urg_node_msgs/include/urg_node_msgs/urg_node_msgs/msg/rosidl_typesupport_fastrtps_c__visibility_control.h
-- Up-to-date symlink: /home/precag/Documents/ros2-ws/install/urg_node_msgs/include/urg_node_msgs/urg_node_msgs/msg/detail/status__builder.hpp
-- Up-to-date symlink: /home/precag/Documents/ros2-ws/install/urg_node_msgs/include/urg_node_msgs/urg_node_msgs/msg/detail/status__struct.hpp
-- Up-to-date symlink: /home/precag/Documents/ros2-ws/install/urg_node_msgs/include/urg_node_msgs/urg_node_msgs/msg/detail/status__traits.hpp
-- Up-to-date symlink: /home/precag/Documents/ros2-ws/install/urg_node_msgs/include/urg_node_msgs/urg_node_msgs/msg/status.hpp
-- Up-to-date symlink: /home/precag/Documents/ros2-ws/install/urg_node_msgs/include/urg_node_msgs/urg_node_msgs/msg/detail/status__rosidl_typesupport_fastrtps_cpp.hpp
-- Up-to-date symlink: /home/precag/Documents/ros2-ws/install/urg_node_msgs/include/urg_node_msgs/urg_node_msgs/msg/rosidl_typesupport_fastrtps_cpp__visibility_control.h
-- Up-to-date symlink: /home/precag/Documents/ros2-ws/install/urg_node_msgs/include/urg_node_msgs/urg_node_msgs/msg/detail/status__rosidl_typesupport_introspection_c.h
-- Up-to-date symlink: /home/precag/Documents/ros2-ws/install/urg_node_msgs/include/urg_node_msgs/urg_node_msgs/msg/rosidl_typesupport_introspection_c__visibility_control.h
-- Up-to-date symlink: /home/precag/Documents/ros2-ws/install/urg_node_msgs/include/urg_node_msgs/urg_node_msgs/msg/detail/status__rosidl_typesupport_introspection_cpp.hpp
-- Up-to-date symlink: /home/precag/Documents/ros2-ws/install/urg_node_msgs/share/urg_node_msgs/environment/pythonpath.sh
-- Up-to-date symlink: /home/precag/Documents/ros2-ws/install/urg_node_msgs/share/urg_node_msgs/environment/pythonpath.dsv
-- Up-to-date symlink: /home/precag/Documents/ros2-ws/install/urg_node_msgs/local/lib/python3.10/dist-packages/urg_node_msgs-1.0.1-py3.10.egg-info/PKG-INFO
-- Up-to-date symlink: /home/precag/Documents/ros2-ws/install/urg_node_msgs/local/lib/python3.10/dist-packages/urg_node_msgs-1.0.1-py3.10.egg-info/SOURCES.txt
-- Up-to-date symlink: /home/precag/Documents/ros2-ws/install/urg_node_msgs/local/lib/python3.10/dist-packages/urg_node_msgs-1.0.1-py3.10.egg-info/dependency_links.txt
-- Up-to-date symlink: /home/precag/Documents/ros2-ws/install/urg_node_msgs/local/lib/python3.10/dist-packages/urg_node_msgs-1.0.1-py3.10.egg-info/top_level.txt
-- Up-to-date symlink: /home/precag/Documents/ros2-ws/install/urg_node_msgs/local/lib/python3.10/dist-packages/urg_node_msgs/__init__.py
-- Up-to-date symlink: /home/precag/Documents/ros2-ws/install/urg_node_msgs/local/lib/python3.10/dist-packages/urg_node_msgs/_urg_node_msgs_s.ep.rosidl_typesupport_c.c
-- Up-to-date symlink: /home/precag/Documents/ros2-ws/install/urg_node_msgs/local/lib/python3.10/dist-packages/urg_node_msgs/_urg_node_msgs_s.ep.rosidl_typesupport_fastrtps_c.c
-- Up-to-date symlink: /home/precag/Documents/ros2-ws/install/urg_node_msgs/local/lib/python3.10/dist-packages/urg_node_msgs/_urg_node_msgs_s.ep.rosidl_typesupport_introspection_c.c
-- Up-to-date symlink: /home/precag/Documents/ros2-ws/install/urg_node_msgs/local/lib/python3.10/dist-packages/urg_node_msgs/liburg_node_msgs__rosidl_generator_py.so
-- Up-to-date symlink: /home/precag/Documents/ros2-ws/install/urg_node_msgs/local/lib/python3.10/dist-packages/urg_node_msgs/msg/__init__.py
-- Up-to-date symlink: /home/precag/Documents/ros2-ws/install/urg_node_msgs/local/lib/python3.10/dist-packages/urg_node_msgs/msg/_status.py
-- Up-to-date symlink: /home/precag/Documents/ros2-ws/install/urg_node_msgs/local/lib/python3.10/dist-packages/urg_node_msgs/msg/_status_s.c
-- Up-to-date symlink: /home/precag/Documents/ros2-ws/install/urg_node_msgs/local/lib/python3.10/dist-packages/urg_node_msgs/urg_node_msgs_s__rosidl_typesupport_c.cpython-39-x86_64-linux-gnu.so
-- Up-to-date symlink: /home/precag/Documents/ros2-ws/install/urg_node_msgs/local/lib/python3.10/dist-packages/urg_node_msgs/urg_node_msgs_s__rosidl_typesupport_fastrtps_c.cpython-39-x86_64-linux-gnu.so
-- Up-to-date symlink: /home/precag/Documents/ros2-ws/install/urg_node_msgs/local/lib/python3.10/dist-packages/urg_node_msgs/urg_node_msgs_s__rosidl_typesupport_introspection_c.cpython-39-x86_64-linux-gnu.so
-- Up-to-date symlink: /home/precag/Documents/ros2-ws/install/urg_node_msgs/local/lib/python3.10/dist-packages/urg_node_msgs/urg_node_msgs_s__rosidl_typesupport_fastrtps_c.cpython-39-x86_64-linux-gnu.so
-- Up-to-date symlink: /home/precag/Documents/ros2-ws/install/urg_node_msgs/local/lib/python3.10/dist-packages/urg_node_msgs/urg_node_msgs_s__rosidl_typesupport_introspection_c.cpython-39-x86_64-linux-gnu.so
-- Up-to-date symlink: /home/precag/Documents/ros2-ws/install/urg_node_msgs/local/lib/python3.10/dist-packages/urg_node_msgs/urg_node_msgs_s__rosidl_typesupport_c.cpython-39-x86_64-linux-gnu.so
-- Up-to-date symlink: /home/precag/Documents/ros2-ws/install/urg_node_msgs/share/urg_node_msgs/msg/Status.idl
-- Up-to-date symlink: /home/precag/Documents/ros2-ws/install/urg_node_msgs/share/urg_node_msgs/msg/Status.msg
-- Up-to-date symlink: /home/precag/Documents/ros2-ws/install/urg_node_msgs/share/urg_node_msgs/mapping_rules.yaml
-- Up-to-date symlink: /home/precag/Documents/ros2-ws/install/urg_node_msgs/share/ament_index/resource_index/package_run_dependencies/urg_node_msgs
-- Up-to-date symlink: /home/precag/Documents/ros2-ws/install/urg_node_msgs/share/ament_index/resource_index/parent_prefix_path/urg_node_msgs
-- Up-to-date symlink: /home/precag/Documents/ros2-ws/install/urg_node_msgs/share/urg_node_msgs/environment/ament_prefix_path.sh
-- Up-to-date symlink: /home/precag/Documents/ros2-ws/install/urg_node_msgs/share/urg_node_msgs/environment/ament_prefix_path.dsv
-- Up-to-date symlink: /home/precag/Documents/ros2-ws/install/urg_node_msgs/share/urg_node_msgs/environment/path.sh
-- Up-to-date symlink: /home/precag/Documents/ros2-ws/install/urg_node_msgs/share/urg_node_msgs/environment/path.dsv
-- Up-to-date symlink: /home/precag/Documents/ros2-ws/install/urg_node_msgs/share/urg_node_msgs/local_setup.bash
-- Up-to-date symlink: /home/precag/Documents/ros2-ws/install/urg_node_msgs/share/urg_node_msgs/local_setup.sh
-- Up-to-date symlink: /home/precag/Documents/ros2-ws/install/urg_node_msgs/share/urg_node_msgs/local_setup.zsh
-- Up-to-date symlink: /home/precag/Documents/ros2-ws/install/urg_node_msgs/share/urg_node_msgs/local_setup.dsv
-- Symlinking: /home/precag/Documents/ros2-ws/install/urg_node_msgs/share/urg_node_msgs/package.dsv
-- Up-to-date symlink: /home/precag/Documents/ros2-ws/install/urg_node_msgs/share/ament_index/resource_index/packages/urg_node_msgs
-- Up-to-date symlink: /home/precag/Documents/ros2-ws/install/urg_node_msgs/share/urg_node_msgs/cmake/rosidl_cmake-extras.cmake
-- Up-to-date symlink: /home/precag/Documents/ros2-ws/install/urg_node_msgs/share/urg_node_msgs/cmake/ament_cmake_export_dependencies-extras.cmake
-- Up-to-date symlink: /home/precag/Documents/ros2-ws/install/urg_node_msgs/share/urg_node_msgs/cmake/ament_cmake_export_include_directories-extras.cmake
-- Up-to-date symlink: /home/precag/Documents/ros2-ws/install/urg_node_msgs/share/urg_node_msgs/cmake/ament_cmake_export_libraries-extras.cmake
-- Up-to-date symlink: /home/precag/Documents/ros2-ws/install/urg_node_msgs/share/urg_node_msgs/cmake/ament_cmake_export_targets-extras.cmake
-- Up-to-date symlink: /home/precag/Documents/ros2-ws/install/urg_node_msgs/share/urg_node_msgs/cmake/rosidl_cmake_export_typesupport_targets-extras.cmake
-- Up-to-date symlink: /home/precag/Documents/ros2-ws/install/urg_node_msgs/share/urg_node_msgs/cmake/rosidl_cmake_export_typesupport_libraries-extras.cmake
-- Up-to-date symlink: /home/precag/Documents/ros2-ws/install/urg_node_msgs/share/urg_node_msgs/cmake/urg_node_msgsConfig.cmake
-- Up-to-date symlink: /home/precag/Documents/ros2-ws/install/urg_node_msgs/share/urg_node_msgs/cmake/urg_node_msgsConfig-version.cmake
-- Up-to-date symlink: /home/precag/Documents/ros2-ws/install/urg_node_msgs/share/urg_node_msgs/package.xml
-- Up-to-date: /home/precag/Documents/ros2-ws/install/urg_node_msgs/lib/liburg_node_msgs__rosidl_generator_c.so
-- Up-to-date: /home/precag/Documents/ros2-ws/install/urg_node_msgs/lib/liburg_node_msgs__rosidl_typesupport_fastrtps_c.so
-- Up-to-date: /home/precag/Documents/ros2-ws/install/urg_node_msgs/lib/liburg_node_msgs__rosidl_typesupport_fastrtps_cpp.so
-- Up-to-date: /home/precag/Documents/ros2-ws/install/urg_node_msgs/lib/liburg_node_msgs__rosidl_typesupport_introspection_c.so
-- Up-to-date: /home/precag/Documents/ros2-ws/install/urg_node_msgs/lib/liburg_node_msgs__rosidl_typesupport_c.so
-- Up-to-date: /home/precag/Documents/ros2-ws/install/urg_node_msgs/lib/liburg_node_msgs__rosidl_typesupport_introspection_cpp.so
-- Up-to-date: /home/precag/Documents/ros2-ws/install/urg_node_msgs/lib/liburg_node_msgs__rosidl_typesupport_cpp.so
Listing '/home/precag/Documents/ros2-ws/install/urg_node_msgs/local/lib/python3.10/dist-packages/urg_node_msgs'...
Listing '/home/precag/Documents/ros2-ws/install/urg_node_msgs/local/lib/python3.10/dist-packages/urg_node_msgs/msg'...
-- Up-to-date: /home/precag/Documents/ros2-ws/install/urg_node_msgs/lib/liburg_node_msgs__rosidl_generator_py.so
-- Up-to-date: /home/precag/Documents/ros2-ws/install/urg_node_msgs/share/urg_node_msgs/cmake/export_urg_node_msgs__rosidl_generator_cExport.cmake
-- Up-to-date: /home/precag/Documents/ros2-ws/install/urg_node_msgs/share/urg_node_msgs/cmake/export_urg_node_msgs__rosidl_generator_cExport-noconfig.cmake
-- Up-to-date: /home/precag/Documents/ros2-ws/install/urg_node_msgs/share/urg_node_msgs/cmake/export_urg_node_msgs__rosidl_typesupport_fastrtps_cExport.cmake
-- Up-to-date: /home/precag/Documents/ros2-ws/install/urg_node_msgs/share/urg_node_msgs/cmake/export_urg_node_msgs__rosidl_typesupport_fastrtps_cExport-noconfig.cmake
-- Up-to-date: /home/precag/Documents/ros2-ws/install/urg_node_msgs/share/urg_node_msgs/cmake/export_urg_node_msgs__rosidl_generator_cppExport.cmake
-- Up-to-date: /home/precag/Documents/ros2-ws/install/urg_node_msgs/share/urg_node_msgs/cmake/export_urg_node_msgs__rosidl_typesupport_fastrtps_cppExport.cmake
-- Up-to-date: /home/precag/Documents/ros2-ws/install/urg_node_msgs/share/urg_node_msgs/cmake/export_urg_node_msgs__rosidl_typesupport_fastrtps_cppExport-noconfig.cmake
-- Up-to-date: /home/precag/Documents/ros2-ws/install/urg_node_msgs/share/urg_node_msgs/cmake/urg_node_msgs__rosidl_typesupport_introspection_cExport.cmake
-- Up-to-date: /home/precag/Documents/ros2-ws/install/urg_node_msgs/share/urg_node_msgs/cmake/urg_node_msgs__rosidl_typesupport_introspection_cExport-noconfig.cmake
-- Up-to-date: /home/precag/Documents/ros2-ws/install/urg_node_msgs/share/urg_node_msgs/cmake/urg_node_msgs__rosidl_typesupport_cExport.cmake
-- Up-to-date: /home/precag/Documents/ros2-ws/install/urg_node_msgs/share/urg_node_msgs/cmake/urg_node_msgs__rosidl_typesupport_cExport-noconfig.cmake
-- Up-to-date: /home/precag/Documents/ros2-ws/install/urg_node_msgs/share/urg_node_msgs/cmake/urg_node_msgs__rosidl_typesupport_introspection_cppExport.cmake
-- Up-to-date: /home/precag/Documents/ros2-ws/install/urg_node_msgs/share/urg_node_msgs/cmake/urg_node_msgs__rosidl_typesupport_introspection_cppExport-noconfig.cmake
-- Up-to-date: /home/precag/Documents/ros2-ws/install/urg_node_msgs/share/urg_node_msgs/cmake/urg_node_msgs__rosidl_typesupport_cppExport.cmake
-- Up-to-date: /home/precag/Documents/ros2-ws/install/urg_node_msgs/share/urg_node_msgs/cmake/urg_node_msgs__rosidl_typesupport_cppExport-noconfig.cmake
-- Up-to-date: /home/precag/Documents/ros2-ws/install/urg_node_msgs/share/urg_node_msgs/cmake/export_urg_node_msgs__rosidl_generator_pyExport.cmake
-- Up-to-date: /home/precag/Documents/ros2-ws/install/urg_node_msgs/share/urg_node_msgs/cmake/export_urg_node_msgs__rosidl_generator_pyExport-noconfig.cmake
