[ 28%] Built target laser_proc_node
[ 71%] Built target laser_proc
[100%] Built target laser_proc_component
-- Install configuration: ""
-- Execute custom install script
-- Up-to-date symlink: /home/precag/Documents/ros2-ws/install/laser_proc/lib/laser_proc/laser_proc_node
-- Up-to-date symlink: /home/precag/Documents/ros2-ws/install/laser_proc/lib/liblaser_proc.so
-- Up-to-date symlink: /home/precag/Documents/ros2-ws/install/laser_proc/lib/liblaser_proc_component.so
-- Up-to-date symlink: /home/precag/Documents/ros2-ws/install/laser_proc/include/laser_proc/laser_proc.hpp
-- Up-to-date symlink: /home/precag/Documents/ros2-ws/install/laser_proc/include/laser_proc/laser_proc_component.hpp
-- Up-to-date symlink: /home/precag/Documents/ros2-ws/install/laser_proc/include/laser_proc/laser_publisher.hpp
-- Up-to-date symlink: /home/precag/Documents/ros2-ws/install/laser_proc/include/laser_proc/visibility_control.hpp
-- Up-to-date symlink: /home/precag/Documents/ros2-ws/install/laser_proc/share/laser_proc/environment/library_path.sh
-- Up-to-date symlink: /home/precag/Documents/ros2-ws/install/laser_proc/share/laser_proc/environment/library_path.dsv
-- Up-to-date symlink: /home/precag/Documents/ros2-ws/install/laser_proc/share/ament_index/resource_index/package_run_dependencies/laser_proc
-- Up-to-date symlink: /home/precag/Documents/ros2-ws/install/laser_proc/share/ament_index/resource_index/parent_prefix_path/laser_proc
-- Up-to-date symlink: /home/precag/Documents/ros2-ws/install/laser_proc/share/laser_proc/environment/ament_prefix_path.sh
-- Up-to-date symlink: /home/precag/Documents/ros2-ws/install/laser_proc/share/laser_proc/environment/ament_prefix_path.dsv
-- Up-to-date symlink: /home/precag/Documents/ros2-ws/install/laser_proc/share/laser_proc/environment/path.sh
-- Up-to-date symlink: /home/precag/Documents/ros2-ws/install/laser_proc/share/laser_proc/environment/path.dsv
-- Up-to-date symlink: /home/precag/Documents/ros2-ws/install/laser_proc/share/laser_proc/local_setup.bash
-- Up-to-date symlink: /home/precag/Documents/ros2-ws/install/laser_proc/share/laser_proc/local_setup.sh
-- Up-to-date symlink: /home/precag/Documents/ros2-ws/install/laser_proc/share/laser_proc/local_setup.zsh
-- Up-to-date symlink: /home/precag/Documents/ros2-ws/install/laser_proc/share/laser_proc/local_setup.dsv
-- Symlinking: /home/precag/Documents/ros2-ws/install/laser_proc/share/laser_proc/package.dsv
-- Up-to-date symlink: /home/precag/Documents/ros2-ws/install/laser_proc/share/ament_index/resource_index/packages/laser_proc
-- Up-to-date symlink: /home/precag/Documents/ros2-ws/install/laser_proc/share/ament_index/resource_index/rclcpp_components/laser_proc
-- Up-to-date symlink: /home/precag/Documents/ros2-ws/install/laser_proc/share/laser_proc/cmake/ament_cmake_export_dependencies-extras.cmake
-- Up-to-date symlink: /home/precag/Documents/ros2-ws/install/laser_proc/share/laser_proc/cmake/ament_cmake_export_include_directories-extras.cmake
-- Up-to-date symlink: /home/precag/Documents/ros2-ws/install/laser_proc/share/laser_proc/cmake/ament_cmake_export_libraries-extras.cmake
-- Up-to-date symlink: /home/precag/Documents/ros2-ws/install/laser_proc/share/laser_proc/cmake/laser_procConfig.cmake
-- Up-to-date symlink: /home/precag/Documents/ros2-ws/install/laser_proc/share/laser_proc/cmake/laser_procConfig-version.cmake
-- Up-to-date symlink: /home/precag/Documents/ros2-ws/install/laser_proc/share/laser_proc/package.xml
