[0.063s] Invoking command in '/home/precag/Documents/ros2-ws/build/urg_node': AMENT_PREFIX_PATH=/home/precag/Documents/ros2-ws/install/urg_node_msgs:/home/precag/Documents/ros2-ws/install/urg_c:/home/precag/Documents/ros2-ws/install/laser_proc:${AMENT_PREFIX_PATH} CMAKE_PREFIX_PATH=/home/precag/Documents/ros2-ws/install/urg_node_msgs:/home/precag/Documents/ros2-ws/install/urg_c:/home/precag/Documents/ros2-ws/install/laser_proc:/opt/ros/humble CONDA_PROMPT_MODIFIER=(base) LD_LIBRARY_PATH=/home/precag/Documents/ros2-ws/install/urg_node_msgs/lib:/home/precag/Documents/ros2-ws/install/urg_c/lib:/home/precag/Documents/ros2-ws/install/laser_proc/lib:/usr/lib/x86_64-linux-gnu/gazebo-11/plugins:/opt/ros/humble/opt/rviz_ogre_vendor/lib:/opt/ros/humble/lib/x86_64-linux-gnu:/opt/ros/humble/lib:/usr/local/cuda/lib64 PATH=/home/precag/Documents/ros2-ws/install/urg_c/bin:${PATH} PYTHONPATH=/home/precag/Documents/ros2-ws/install/urg_node_msgs/local/lib/python3.10/dist-packages:${PYTHONPATH} /usr/bin/cmake /home/precag/Documents/ros2-ws/src/urg_node -DAMENT_CMAKE_SYMLINK_INSTALL=1 -DCMAKE_INSTALL_PREFIX=/home/precag/Documents/ros2-ws/install/urg_node
[0.074s] -- Found ament_cmake: 1.3.7 (/opt/ros/humble/share/ament_cmake/cmake)
[0.200s] -- Override CMake install command with custom implementation using symlinks instead of copying resources
[0.217s] -- Found diagnostic_updater: 3.1.2 (/opt/ros/humble/share/diagnostic_updater/cmake)
[0.246s] -- Found rosidl_generator_c: 3.1.5 (/opt/ros/humble/share/rosidl_generator_c/cmake)
[0.248s] -- Found rosidl_adapter: 3.1.5 (/opt/ros/humble/share/rosidl_adapter/cmake)
[0.254s] -- Found rosidl_generator_cpp: 3.1.5 (/opt/ros/humble/share/rosidl_generator_cpp/cmake)
[0.265s] -- Using all available rosidl_typesupport_c: rosidl_typesupport_fastrtps_c;rosidl_typesupport_introspection_c
[0.280s] -- Using all available rosidl_typesupport_cpp: rosidl_typesupport_fastrtps_cpp;rosidl_typesupport_introspection_cpp
[0.443s] -- Found rmw_implementation_cmake: 6.1.1 (/opt/ros/humble/share/rmw_implementation_cmake/cmake)
[0.444s] -- Found rmw_fastrtps_cpp: 6.2.6 (/opt/ros/humble/share/rmw_fastrtps_cpp/cmake)
[0.562s] -- Using RMW implementation 'rmw_fastrtps_cpp' as default
[0.699s] -- Found laser_proc: 1.0.2 (/home/precag/Documents/ros2-ws/install/laser_proc/share/laser_proc/cmake)
[0.824s] -- Found rclcpp_components: 16.0.8 (/opt/ros/humble/share/rclcpp_components/cmake)
[0.879s] -- Found std_srvs: 4.2.3 (/opt/ros/humble/share/std_srvs/cmake)
[0.900s] -- Found urg_c: 1.0.4001 (/home/precag/Documents/ros2-ws/install/urg_c/share/urg_c/cmake)
[0.901s] -- Found urg_node_msgs: 1.0.1 (/home/precag/Documents/ros2-ws/install/urg_node_msgs/share/urg_node_msgs/cmake)
[0.967s] -- Found ament_lint_auto: 0.12.10 (/opt/ros/humble/share/ament_lint_auto/cmake)
[1.040s] -- Added test 'cppcheck' to perform static code analysis on C / C++ code
[1.041s] -- Configured cppcheck include dirs: $<BUILD_INTERFACE:/home/precag/Documents/ros2-ws/src/urg_node/include>
[1.041s] -- Configured cppcheck exclude dirs and/or files: 
[1.044s] -- Added test 'cpplint' to check C / C++ code against the Google style
[1.044s] -- Configured cpplint exclude dirs and/or files: 
[1.044s] -- Added test 'flake8' to check Python code syntax and style conventions
[1.045s] -- Added test 'lint_cmake' to check CMake code style
[1.046s] -- Added test 'pep257' to check Python code against some of the docstring style conventions in PEP 257
[1.049s] -- Added test 'uncrustify' to check C / C++ code style
[1.049s] -- Configured uncrustify additional arguments: 
[1.050s] -- Added test 'xmllint' to check XML markup files
[1.055s] -- Configuring done
[1.107s] -- Generating done
[1.109s] -- Build files have been written to: /home/precag/Documents/ros2-ws/build/urg_node
[1.118s] Invoked command in '/home/precag/Documents/ros2-ws/build/urg_node' returned '0': AMENT_PREFIX_PATH=/home/precag/Documents/ros2-ws/install/urg_node_msgs:/home/precag/Documents/ros2-ws/install/urg_c:/home/precag/Documents/ros2-ws/install/laser_proc:${AMENT_PREFIX_PATH} CMAKE_PREFIX_PATH=/home/precag/Documents/ros2-ws/install/urg_node_msgs:/home/precag/Documents/ros2-ws/install/urg_c:/home/precag/Documents/ros2-ws/install/laser_proc:/opt/ros/humble CONDA_PROMPT_MODIFIER=(base) LD_LIBRARY_PATH=/home/precag/Documents/ros2-ws/install/urg_node_msgs/lib:/home/precag/Documents/ros2-ws/install/urg_c/lib:/home/precag/Documents/ros2-ws/install/laser_proc/lib:/usr/lib/x86_64-linux-gnu/gazebo-11/plugins:/opt/ros/humble/opt/rviz_ogre_vendor/lib:/opt/ros/humble/lib/x86_64-linux-gnu:/opt/ros/humble/lib:/usr/local/cuda/lib64 PATH=/home/precag/Documents/ros2-ws/install/urg_c/bin:${PATH} PYTHONPATH=/home/precag/Documents/ros2-ws/install/urg_node_msgs/local/lib/python3.10/dist-packages:${PYTHONPATH} /usr/bin/cmake /home/precag/Documents/ros2-ws/src/urg_node -DAMENT_CMAKE_SYMLINK_INSTALL=1 -DCMAKE_INSTALL_PREFIX=/home/precag/Documents/ros2-ws/install/urg_node
[1.121s] Invoking command in '/home/precag/Documents/ros2-ws/build/urg_node': AMENT_PREFIX_PATH=/home/precag/Documents/ros2-ws/install/urg_node_msgs:/home/precag/Documents/ros2-ws/install/urg_c:/home/precag/Documents/ros2-ws/install/laser_proc:${AMENT_PREFIX_PATH} CMAKE_PREFIX_PATH=/home/precag/Documents/ros2-ws/install/urg_node_msgs:/home/precag/Documents/ros2-ws/install/urg_c:/home/precag/Documents/ros2-ws/install/laser_proc:/opt/ros/humble CONDA_PROMPT_MODIFIER=(base) LD_LIBRARY_PATH=/home/precag/Documents/ros2-ws/install/urg_node_msgs/lib:/home/precag/Documents/ros2-ws/install/urg_c/lib:/home/precag/Documents/ros2-ws/install/laser_proc/lib:/usr/lib/x86_64-linux-gnu/gazebo-11/plugins:/opt/ros/humble/opt/rviz_ogre_vendor/lib:/opt/ros/humble/lib/x86_64-linux-gnu:/opt/ros/humble/lib:/usr/local/cuda/lib64 PATH=/home/precag/Documents/ros2-ws/install/urg_c/bin:${PATH} PYTHONPATH=/home/precag/Documents/ros2-ws/install/urg_node_msgs/local/lib/python3.10/dist-packages:${PYTHONPATH} /usr/bin/cmake --build /home/precag/Documents/ros2-ws/build/urg_node -- -j8 -l8
[1.159s] [35m[1mConsolidate compiler generated dependencies of target urg_node_driver[0m
[1.160s] [35m[1mConsolidate compiler generated dependencies of target urg_node[0m
[1.177s] [ 28%] Built target urg_node_driver
[1.181s] [ 71%] Built target urg_node
[1.192s] [35m[1mConsolidate compiler generated dependencies of target getID[0m
[1.209s] [100%] Built target getID
[1.220s] Invoked command in '/home/precag/Documents/ros2-ws/build/urg_node' returned '0': AMENT_PREFIX_PATH=/home/precag/Documents/ros2-ws/install/urg_node_msgs:/home/precag/Documents/ros2-ws/install/urg_c:/home/precag/Documents/ros2-ws/install/laser_proc:${AMENT_PREFIX_PATH} CMAKE_PREFIX_PATH=/home/precag/Documents/ros2-ws/install/urg_node_msgs:/home/precag/Documents/ros2-ws/install/urg_c:/home/precag/Documents/ros2-ws/install/laser_proc:/opt/ros/humble CONDA_PROMPT_MODIFIER=(base) LD_LIBRARY_PATH=/home/precag/Documents/ros2-ws/install/urg_node_msgs/lib:/home/precag/Documents/ros2-ws/install/urg_c/lib:/home/precag/Documents/ros2-ws/install/laser_proc/lib:/usr/lib/x86_64-linux-gnu/gazebo-11/plugins:/opt/ros/humble/opt/rviz_ogre_vendor/lib:/opt/ros/humble/lib/x86_64-linux-gnu:/opt/ros/humble/lib:/usr/local/cuda/lib64 PATH=/home/precag/Documents/ros2-ws/install/urg_c/bin:${PATH} PYTHONPATH=/home/precag/Documents/ros2-ws/install/urg_node_msgs/local/lib/python3.10/dist-packages:${PYTHONPATH} /usr/bin/cmake --build /home/precag/Documents/ros2-ws/build/urg_node -- -j8 -l8
[1.254s] Invoking command in '/home/precag/Documents/ros2-ws/build/urg_node': AMENT_PREFIX_PATH=/home/precag/Documents/ros2-ws/install/urg_node_msgs:/home/precag/Documents/ros2-ws/install/urg_c:/home/precag/Documents/ros2-ws/install/laser_proc:${AMENT_PREFIX_PATH} CMAKE_PREFIX_PATH=/home/precag/Documents/ros2-ws/install/urg_node_msgs:/home/precag/Documents/ros2-ws/install/urg_c:/home/precag/Documents/ros2-ws/install/laser_proc:/opt/ros/humble CONDA_PROMPT_MODIFIER=(base) LD_LIBRARY_PATH=/home/precag/Documents/ros2-ws/install/urg_node_msgs/lib:/home/precag/Documents/ros2-ws/install/urg_c/lib:/home/precag/Documents/ros2-ws/install/laser_proc/lib:/usr/lib/x86_64-linux-gnu/gazebo-11/plugins:/opt/ros/humble/opt/rviz_ogre_vendor/lib:/opt/ros/humble/lib/x86_64-linux-gnu:/opt/ros/humble/lib:/usr/local/cuda/lib64 PATH=/home/precag/Documents/ros2-ws/install/urg_c/bin:${PATH} PYTHONPATH=/home/precag/Documents/ros2-ws/install/urg_node_msgs/local/lib/python3.10/dist-packages:${PYTHONPATH} /usr/bin/cmake --install /home/precag/Documents/ros2-ws/build/urg_node
[1.262s] -- Install configuration: ""
[1.263s] -- Execute custom install script
[1.263s] -- Up-to-date symlink: /home/precag/Documents/ros2-ws/install/urg_node/lib/urg_node/urg_node_driver
[1.264s] -- Up-to-date symlink: /home/precag/Documents/ros2-ws/install/urg_node/lib/liburg_node.so
[1.264s] -- Up-to-date symlink: /home/precag/Documents/ros2-ws/install/urg_node/lib/urg_node/getID
[1.265s] -- Up-to-date symlink: /home/precag/Documents/ros2-ws/install/urg_node/include/urg_node/urg_c_wrapper.hpp
[1.265s] -- Up-to-date symlink: /home/precag/Documents/ros2-ws/install/urg_node/include/urg_node/urg_node.hpp
[1.265s] -- Up-to-date symlink: /home/precag/Documents/ros2-ws/install/urg_node/lib/urg_node/set_urg_ip.py
[1.266s] -- Up-to-date symlink: /home/precag/Documents/ros2-ws/install/urg_node/share/urg_node/launch/hokuyo_laser.urdf
[1.266s] -- Up-to-date symlink: /home/precag/Documents/ros2-ws/install/urg_node/share/urg_node/launch/urg_lidar.launch
[1.267s] -- Up-to-date symlink: /home/precag/Documents/ros2-ws/install/urg_node/share/urg_node/launch/urg_node_ethernet.yaml
[1.267s] -- Up-to-date symlink: /home/precag/Documents/ros2-ws/install/urg_node/share/urg_node/launch/urg_node_launch.py
[1.267s] -- Up-to-date symlink: /home/precag/Documents/ros2-ws/install/urg_node/share/urg_node/launch/urg_node_serial.yaml
[1.267s] -- Up-to-date symlink: /home/precag/Documents/ros2-ws/install/urg_node/share/urg_node/meshes/hokuyo_ust10.stl
[1.268s] -- Up-to-date symlink: /home/precag/Documents/ros2-ws/install/urg_node/share/urg_node/urdf/hokuyo_ust10.urdf.xacro
[1.268s] -- Up-to-date symlink: /home/precag/Documents/ros2-ws/install/urg_node/share/urg_node/environment/library_path.sh
[1.269s] -- Up-to-date symlink: /home/precag/Documents/ros2-ws/install/urg_node/share/urg_node/environment/library_path.dsv
[1.269s] -- Up-to-date symlink: /home/precag/Documents/ros2-ws/install/urg_node/share/ament_index/resource_index/package_run_dependencies/urg_node
[1.269s] -- Up-to-date symlink: /home/precag/Documents/ros2-ws/install/urg_node/share/ament_index/resource_index/parent_prefix_path/urg_node
[1.270s] -- Up-to-date symlink: /home/precag/Documents/ros2-ws/install/urg_node/share/urg_node/environment/ament_prefix_path.sh
[1.270s] -- Up-to-date symlink: /home/precag/Documents/ros2-ws/install/urg_node/share/urg_node/environment/ament_prefix_path.dsv
[1.270s] -- Up-to-date symlink: /home/precag/Documents/ros2-ws/install/urg_node/share/urg_node/environment/path.sh
[1.270s] -- Up-to-date symlink: /home/precag/Documents/ros2-ws/install/urg_node/share/urg_node/environment/path.dsv
[1.271s] -- Up-to-date symlink: /home/precag/Documents/ros2-ws/install/urg_node/share/urg_node/local_setup.bash
[1.271s] -- Up-to-date symlink: /home/precag/Documents/ros2-ws/install/urg_node/share/urg_node/local_setup.sh
[1.271s] -- Up-to-date symlink: /home/precag/Documents/ros2-ws/install/urg_node/share/urg_node/local_setup.zsh
[1.272s] -- Up-to-date symlink: /home/precag/Documents/ros2-ws/install/urg_node/share/urg_node/local_setup.dsv
[1.272s] -- Symlinking: /home/precag/Documents/ros2-ws/install/urg_node/share/urg_node/package.dsv
[1.280s] -- Up-to-date symlink: /home/precag/Documents/ros2-ws/install/urg_node/share/ament_index/resource_index/packages/urg_node
[1.281s] -- Up-to-date symlink: /home/precag/Documents/ros2-ws/install/urg_node/share/ament_index/resource_index/rclcpp_components/urg_node
[1.281s] -- Up-to-date symlink: /home/precag/Documents/ros2-ws/install/urg_node/share/urg_node/cmake/ament_cmake_export_dependencies-extras.cmake
[1.281s] -- Up-to-date symlink: /home/precag/Documents/ros2-ws/install/urg_node/share/urg_node/cmake/ament_cmake_export_include_directories-extras.cmake
[1.281s] -- Up-to-date symlink: /home/precag/Documents/ros2-ws/install/urg_node/share/urg_node/cmake/ament_cmake_export_libraries-extras.cmake
[1.281s] -- Up-to-date symlink: /home/precag/Documents/ros2-ws/install/urg_node/share/urg_node/cmake/urg_nodeConfig.cmake
[1.282s] -- Up-to-date symlink: /home/precag/Documents/ros2-ws/install/urg_node/share/urg_node/cmake/urg_nodeConfig-version.cmake
[1.282s] -- Up-to-date symlink: /home/precag/Documents/ros2-ws/install/urg_node/share/urg_node/package.xml
[1.284s] Invoked command in '/home/precag/Documents/ros2-ws/build/urg_node' returned '0': AMENT_PREFIX_PATH=/home/precag/Documents/ros2-ws/install/urg_node_msgs:/home/precag/Documents/ros2-ws/install/urg_c:/home/precag/Documents/ros2-ws/install/laser_proc:${AMENT_PREFIX_PATH} CMAKE_PREFIX_PATH=/home/precag/Documents/ros2-ws/install/urg_node_msgs:/home/precag/Documents/ros2-ws/install/urg_c:/home/precag/Documents/ros2-ws/install/laser_proc:/opt/ros/humble CONDA_PROMPT_MODIFIER=(base) LD_LIBRARY_PATH=/home/precag/Documents/ros2-ws/install/urg_node_msgs/lib:/home/precag/Documents/ros2-ws/install/urg_c/lib:/home/precag/Documents/ros2-ws/install/laser_proc/lib:/usr/lib/x86_64-linux-gnu/gazebo-11/plugins:/opt/ros/humble/opt/rviz_ogre_vendor/lib:/opt/ros/humble/lib/x86_64-linux-gnu:/opt/ros/humble/lib:/usr/local/cuda/lib64 PATH=/home/precag/Documents/ros2-ws/install/urg_c/bin:${PATH} PYTHONPATH=/home/precag/Documents/ros2-ws/install/urg_node_msgs/local/lib/python3.10/dist-packages:${PYTHONPATH} /usr/bin/cmake --install /home/precag/Documents/ros2-ws/build/urg_node
