[0.234s] Invoking command in '/home/precag/Documents/ros2-ws/build/urg_c': CMAKE_PREFIX_PATH=/opt/ros/humble CONDA_PROMPT_MODIFIER=(base) /usr/bin/cmake /home/precag/Documents/ros2-ws/src/urg_c -DCMAKE_INSTALL_PREFIX=/home/precag/Documents/ros2-ws/install/urg_c
[0.251s] -- Found ament_cmake: 1.3.7 (/opt/ros/humble/share/ament_cmake/cmake)
[0.465s] -- Override CMake install command with custom implementation using symlinks instead of copying resources
[0.557s] -- Configuring done
[0.604s] -- Generating done
[0.608s] -- Build files have been written to: /home/precag/Documents/ros2-ws/build/urg_c
[0.609s] Invoked command in '/home/precag/Documents/ros2-ws/build/urg_c' returned '0': CMAKE_PREFIX_PATH=/opt/ros/humble CONDA_PROMPT_MODIFIER=(base) /usr/bin/cmake /home/precag/Documents/ros2-ws/src/urg_c -DCMAKE_INSTALL_PREFIX=/home/precag/Documents/ros2-ws/install/urg_c
[0.610s] Invoking command in '/home/precag/Documents/ros2-ws/build/urg_c': CMAKE_PREFIX_PATH=/opt/ros/humble CONDA_PROMPT_MODIFIER=(base) /usr/bin/cmake --build /home/precag/Documents/ros2-ws/build/urg_c -- -j8 -l8
[0.664s] [35m[1mConsolidate compiler generated dependencies of target urg_c[0m
[0.701s] [ 29%] Built target urg_c
[0.721s] [35m[1mConsolidate compiler generated dependencies of target open_urg_sensor[0m
[0.746s] [ 35%] Built target open_urg_sensor
[0.792s] [35m[1mConsolidate compiler generated dependencies of target get_distance_intensity[0m
[0.792s] [35m[1mConsolidate compiler generated dependencies of target get_distance[0m
[0.792s] [35m[1mConsolidate compiler generated dependencies of target find_port[0m
[0.793s] [35m[1mConsolidate compiler generated dependencies of target calculate_xy[0m
[0.797s] [35m[1mConsolidate compiler generated dependencies of target angle_convert_test[0m
[0.808s] [35m[1mConsolidate compiler generated dependencies of target reboot_test[0m
[0.808s] [35m[1mConsolidate compiler generated dependencies of target get_multiecho_intensity[0m
[0.808s] [35m[1mConsolidate compiler generated dependencies of target get_multiecho[0m
[0.865s] [ 41%] Built target get_distance_intensity
[0.870s] [ 47%] Built target calculate_xy
[0.893s] [ 58%] Built target find_port
[0.893s] [ 58%] Built target get_distance
[0.893s] [ 64%] Built target get_multiecho_intensity
[0.893s] [ 70%] Built target angle_convert_test
[0.898s] [ 76%] Built target get_multiecho
[0.913s] [35m[1mConsolidate compiler generated dependencies of target sensor_parameter[0m
[0.914s] [35m[1mConsolidate compiler generated dependencies of target timeout_test[0m
[0.914s] [ 82%] Built target reboot_test
[0.922s] [35m[1mConsolidate compiler generated dependencies of target sync_time_stamp[0m
[0.940s] [ 88%] Built target timeout_test
[0.944s] [ 94%] Built target sensor_parameter
[0.946s] [100%] Built target sync_time_stamp
[1.006s] Invoked command in '/home/precag/Documents/ros2-ws/build/urg_c' returned '0': CMAKE_PREFIX_PATH=/opt/ros/humble CONDA_PROMPT_MODIFIER=(base) /usr/bin/cmake --build /home/precag/Documents/ros2-ws/build/urg_c -- -j8 -l8
[1.250s] Invoking command in '/home/precag/Documents/ros2-ws/build/urg_c': CMAKE_PREFIX_PATH=/opt/ros/humble CONDA_PROMPT_MODIFIER=(base) /usr/bin/cmake --install /home/precag/Documents/ros2-ws/build/urg_c
[1.265s] -- Install configuration: ""
[1.266s] -- Execute custom install script
[1.266s] -- Up-to-date symlink: /home/precag/Documents/ros2-ws/install/urg_c/lib/liburg_c.so
[1.266s] -- Up-to-date symlink: /home/precag/Documents/ros2-ws/install/urg_c/lib/libopen_urg_sensor.a
[1.266s] -- Up-to-date symlink: /home/precag/Documents/ros2-ws/install/urg_c/bin/angle_convert_test
[1.267s] -- Up-to-date symlink: /home/precag/Documents/ros2-ws/install/urg_c/bin/calculate_xy
[1.267s] -- Up-to-date symlink: /home/precag/Documents/ros2-ws/install/urg_c/bin/find_port
[1.268s] -- Up-to-date symlink: /home/precag/Documents/ros2-ws/install/urg_c/bin/get_distance
[1.268s] -- Up-to-date symlink: /home/precag/Documents/ros2-ws/install/urg_c/bin/get_distance_intensity
[1.268s] -- Up-to-date symlink: /home/precag/Documents/ros2-ws/install/urg_c/bin/get_multiecho
[1.268s] -- Up-to-date symlink: /home/precag/Documents/ros2-ws/install/urg_c/bin/get_multiecho_intensity
[1.268s] -- Up-to-date symlink: /home/precag/Documents/ros2-ws/install/urg_c/bin/reboot_test
[1.269s] -- Up-to-date symlink: /home/precag/Documents/ros2-ws/install/urg_c/bin/sensor_parameter
[1.269s] -- Up-to-date symlink: /home/precag/Documents/ros2-ws/install/urg_c/bin/sync_time_stamp
[1.269s] -- Up-to-date symlink: /home/precag/Documents/ros2-ws/install/urg_c/bin/timeout_test
[1.269s] -- Up-to-date symlink: /home/precag/Documents/ros2-ws/install/urg_c/include/urg_c/urg_connection.h
[1.270s] -- Up-to-date symlink: /home/precag/Documents/ros2-ws/install/urg_c/include/urg_c/urg_debug.h
[1.270s] -- Up-to-date symlink: /home/precag/Documents/ros2-ws/install/urg_c/include/urg_c/urg_detect_os.h
[1.270s] -- Up-to-date symlink: /home/precag/Documents/ros2-ws/install/urg_c/include/urg_c/urg_errno.h
[1.270s] -- Up-to-date symlink: /home/precag/Documents/ros2-ws/install/urg_c/include/urg_c/urg_ring_buffer.h
[1.271s] -- Up-to-date symlink: /home/precag/Documents/ros2-ws/install/urg_c/include/urg_c/urg_sensor.h
[1.271s] -- Up-to-date symlink: /home/precag/Documents/ros2-ws/install/urg_c/include/urg_c/urg_serial.h
[1.271s] -- Up-to-date symlink: /home/precag/Documents/ros2-ws/install/urg_c/include/urg_c/urg_serial_utils.h
[1.271s] -- Up-to-date symlink: /home/precag/Documents/ros2-ws/install/urg_c/include/urg_c/urg_tcpclient.h
[1.272s] -- Up-to-date symlink: /home/precag/Documents/ros2-ws/install/urg_c/include/urg_c/urg_time.h
[1.272s] -- Up-to-date symlink: /home/precag/Documents/ros2-ws/install/urg_c/include/urg_c/urg_utils.h
[1.272s] -- Up-to-date symlink: /home/precag/Documents/ros2-ws/install/urg_c/share/urg_c/environment/library_path.sh
[1.272s] -- Up-to-date symlink: /home/precag/Documents/ros2-ws/install/urg_c/share/urg_c/environment/library_path.dsv
[1.272s] -- Up-to-date symlink: /home/precag/Documents/ros2-ws/install/urg_c/share/ament_index/resource_index/package_run_dependencies/urg_c
[1.272s] -- Up-to-date symlink: /home/precag/Documents/ros2-ws/install/urg_c/share/ament_index/resource_index/parent_prefix_path/urg_c
[1.272s] -- Up-to-date symlink: /home/precag/Documents/ros2-ws/install/urg_c/share/urg_c/environment/ament_prefix_path.sh
[1.273s] -- Up-to-date symlink: /home/precag/Documents/ros2-ws/install/urg_c/share/urg_c/environment/ament_prefix_path.dsv
[1.273s] -- Up-to-date symlink: /home/precag/Documents/ros2-ws/install/urg_c/share/urg_c/environment/path.sh
[1.273s] -- Up-to-date symlink: /home/precag/Documents/ros2-ws/install/urg_c/share/urg_c/environment/path.dsv
[1.273s] -- Up-to-date symlink: /home/precag/Documents/ros2-ws/install/urg_c/share/urg_c/local_setup.bash
[1.273s] -- Up-to-date symlink: /home/precag/Documents/ros2-ws/install/urg_c/share/urg_c/local_setup.sh
[1.274s] -- Up-to-date symlink: /home/precag/Documents/ros2-ws/install/urg_c/share/urg_c/local_setup.zsh
[1.274s] -- Up-to-date symlink: /home/precag/Documents/ros2-ws/install/urg_c/share/urg_c/local_setup.dsv
[1.274s] -- Symlinking: /home/precag/Documents/ros2-ws/install/urg_c/share/urg_c/package.dsv
[1.287s] -- Up-to-date symlink: /home/precag/Documents/ros2-ws/install/urg_c/share/ament_index/resource_index/packages/urg_c
[1.288s] -- Up-to-date symlink: /home/precag/Documents/ros2-ws/install/urg_c/share/urg_c/cmake/ament_cmake_export_include_directories-extras.cmake
[1.294s] -- Up-to-date symlink: /home/precag/Documents/ros2-ws/install/urg_c/share/urg_c/cmake/ament_cmake_export_libraries-extras.cmake
[1.295s] -- Up-to-date symlink: /home/precag/Documents/ros2-ws/install/urg_c/share/urg_c/cmake/urg_cConfig.cmake
[1.296s] -- Up-to-date symlink: /home/precag/Documents/ros2-ws/install/urg_c/share/urg_c/cmake/urg_cConfig-version.cmake
[1.296s] -- Up-to-date symlink: /home/precag/Documents/ros2-ws/install/urg_c/share/urg_c/package.xml
[1.297s] Invoked command in '/home/precag/Documents/ros2-ws/build/urg_c' returned '0': CMAKE_PREFIX_PATH=/opt/ros/humble CONDA_PROMPT_MODIFIER=(base) /usr/bin/cmake --install /home/precag/Documents/ros2-ws/build/urg_c
