[3.335s] DEBUG:colcon:Command line arguments: ['/home/precag/anaconda3/bin/colcon', 'build']
[3.335s] DEBUG:colcon:Parsed command line arguments: Namespace(log_base=None, log_level=None, verb_name='build', build_base='build', install_base='install', merge_install=False, symlink_install=False, test_result_base=None, continue_on_error=False, executor='parallel', parallel_workers=8, event_handlers=None, ignore_user_meta=False, metas=['./colcon.meta'], base_paths=['.'], packages_ignore=None, packages_ignore_regex=None, paths=None, packages_up_to=None, packages_up_to_regex=None, packages_above=None, packages_above_and_dependencies=None, packages_above_depth=None, packages_select_by_dep=None, packages_skip_by_dep=None, packages_skip_up_to=None, packages_select_build_failed=False, packages_skip_build_finished=False, packages_select_test_failures=False, packages_skip_test_passed=False, packages_select=None, packages_skip=None, packages_select_regex=None, packages_skip_regex=None, packages_start=None, packages_end=None, cmake_args=None, cmake_target=None, cmake_target_skip_unavailable=False, cmake_clean_cache=False, cmake_clean_first=False, cmake_force_configure=False, ament_cmake_args=None, catkin_cmake_args=None, catkin_skip_building_tests=False, verb_parser=<colcon_defaults.argument_parser.defaults.DefaultArgumentsDecorator object at 0x7faa194150a0>, verb_extension=<colcon_core.verb.build.BuildVerb object at 0x7faa195f1cd0>, main=<bound method BuildVerb.main of <colcon_core.verb.build.BuildVerb object at 0x7faa195f1cd0>>)
[3.447s] Level 1:colcon.colcon_core.package_discovery:discover_packages(colcon_meta) check parameters
[3.447s] Level 1:colcon.colcon_core.package_discovery:discover_packages(recursive) check parameters
[3.447s] Level 1:colcon.colcon_core.package_discovery:discover_packages(ignore) check parameters
[3.447s] Level 1:colcon.colcon_core.package_discovery:discover_packages(path) check parameters
[3.447s] Level 1:colcon.colcon_core.package_discovery:discover_packages(colcon_meta) discover
[3.447s] Level 1:colcon.colcon_core.package_discovery:discover_packages(recursive) discover
[3.447s] INFO:colcon.colcon_core.package_discovery:Crawling recursively for packages in '/home/precag/Documents/ros2-ws'
[3.448s] Level 1:colcon.colcon_core.package_identification:_identify(.) by extensions ['ignore', 'ignore_ament_install']
[3.448s] Level 1:colcon.colcon_core.package_identification:_identify(.) by extension 'ignore'
[3.448s] Level 1:colcon.colcon_core.package_identification:_identify(.) by extension 'ignore_ament_install'
[3.448s] Level 1:colcon.colcon_core.package_identification:_identify(.) by extensions ['colcon_pkg']
[3.448s] Level 1:colcon.colcon_core.package_identification:_identify(.) by extension 'colcon_pkg'
[3.448s] Level 1:colcon.colcon_core.package_identification:_identify(.) by extensions ['colcon_meta']
[3.448s] Level 1:colcon.colcon_core.package_identification:_identify(.) by extension 'colcon_meta'
[3.448s] Level 1:colcon.colcon_core.package_identification:_identify(.) by extensions ['ros']
[3.448s] Level 1:colcon.colcon_core.package_identification:_identify(.) by extension 'ros'
[3.464s] Level 1:colcon.colcon_core.package_identification:_identify(.) by extensions ['cmake', 'python']
[3.464s] Level 1:colcon.colcon_core.package_identification:_identify(.) by extension 'cmake'
[3.464s] Level 1:colcon.colcon_core.package_identification:_identify(.) by extension 'python'
[3.464s] Level 1:colcon.colcon_core.package_identification:_identify(.) by extensions ['python_setup_py']
[3.464s] Level 1:colcon.colcon_core.package_identification:_identify(.) by extension 'python_setup_py'
[3.465s] Level 1:colcon.colcon_core.package_identification:_identify(build) by extensions ['ignore', 'ignore_ament_install']
[3.465s] Level 1:colcon.colcon_core.package_identification:_identify(build) by extension 'ignore'
[3.465s] Level 1:colcon.colcon_core.package_identification:_identify(build) ignored
[3.465s] Level 1:colcon.colcon_core.package_identification:_identify(install) by extensions ['ignore', 'ignore_ament_install']
[3.465s] Level 1:colcon.colcon_core.package_identification:_identify(install) by extension 'ignore'
[3.465s] Level 1:colcon.colcon_core.package_identification:_identify(install) ignored
[3.465s] Level 1:colcon.colcon_core.package_identification:_identify(log) by extensions ['ignore', 'ignore_ament_install']
[3.465s] Level 1:colcon.colcon_core.package_identification:_identify(log) by extension 'ignore'
[3.465s] Level 1:colcon.colcon_core.package_identification:_identify(log) ignored
[3.465s] Level 1:colcon.colcon_core.package_identification:_identify(rosbag2_2024_02_21-16_19_12) by extensions ['ignore', 'ignore_ament_install']
[3.465s] Level 1:colcon.colcon_core.package_identification:_identify(rosbag2_2024_02_21-16_19_12) by extension 'ignore'
[3.465s] Level 1:colcon.colcon_core.package_identification:_identify(rosbag2_2024_02_21-16_19_12) by extension 'ignore_ament_install'
[3.465s] Level 1:colcon.colcon_core.package_identification:_identify(rosbag2_2024_02_21-16_19_12) by extensions ['colcon_pkg']
[3.465s] Level 1:colcon.colcon_core.package_identification:_identify(rosbag2_2024_02_21-16_19_12) by extension 'colcon_pkg'
[3.466s] Level 1:colcon.colcon_core.package_identification:_identify(rosbag2_2024_02_21-16_19_12) by extensions ['colcon_meta']
[3.466s] Level 1:colcon.colcon_core.package_identification:_identify(rosbag2_2024_02_21-16_19_12) by extension 'colcon_meta'
[3.466s] Level 1:colcon.colcon_core.package_identification:_identify(rosbag2_2024_02_21-16_19_12) by extensions ['ros']
[3.466s] Level 1:colcon.colcon_core.package_identification:_identify(rosbag2_2024_02_21-16_19_12) by extension 'ros'
[3.466s] Level 1:colcon.colcon_core.package_identification:_identify(rosbag2_2024_02_21-16_19_12) by extensions ['cmake', 'python']
[3.466s] Level 1:colcon.colcon_core.package_identification:_identify(rosbag2_2024_02_21-16_19_12) by extension 'cmake'
[3.466s] Level 1:colcon.colcon_core.package_identification:_identify(rosbag2_2024_02_21-16_19_12) by extension 'python'
[3.466s] Level 1:colcon.colcon_core.package_identification:_identify(rosbag2_2024_02_21-16_19_12) by extensions ['python_setup_py']
[3.466s] Level 1:colcon.colcon_core.package_identification:_identify(rosbag2_2024_02_21-16_19_12) by extension 'python_setup_py'
[3.466s] Level 1:colcon.colcon_core.package_identification:_identify(rosbag2_2024_02_21-16_20_44) by extensions ['ignore', 'ignore_ament_install']
[3.466s] Level 1:colcon.colcon_core.package_identification:_identify(rosbag2_2024_02_21-16_20_44) by extension 'ignore'
[3.466s] Level 1:colcon.colcon_core.package_identification:_identify(rosbag2_2024_02_21-16_20_44) by extension 'ignore_ament_install'
[3.466s] Level 1:colcon.colcon_core.package_identification:_identify(rosbag2_2024_02_21-16_20_44) by extensions ['colcon_pkg']
[3.466s] Level 1:colcon.colcon_core.package_identification:_identify(rosbag2_2024_02_21-16_20_44) by extension 'colcon_pkg'
[3.466s] Level 1:colcon.colcon_core.package_identification:_identify(rosbag2_2024_02_21-16_20_44) by extensions ['colcon_meta']
[3.466s] Level 1:colcon.colcon_core.package_identification:_identify(rosbag2_2024_02_21-16_20_44) by extension 'colcon_meta'
[3.466s] Level 1:colcon.colcon_core.package_identification:_identify(rosbag2_2024_02_21-16_20_44) by extensions ['ros']
[3.466s] Level 1:colcon.colcon_core.package_identification:_identify(rosbag2_2024_02_21-16_20_44) by extension 'ros'
[3.466s] Level 1:colcon.colcon_core.package_identification:_identify(rosbag2_2024_02_21-16_20_44) by extensions ['cmake', 'python']
[3.466s] Level 1:colcon.colcon_core.package_identification:_identify(rosbag2_2024_02_21-16_20_44) by extension 'cmake'
[3.466s] Level 1:colcon.colcon_core.package_identification:_identify(rosbag2_2024_02_21-16_20_44) by extension 'python'
[3.466s] Level 1:colcon.colcon_core.package_identification:_identify(rosbag2_2024_02_21-16_20_44) by extensions ['python_setup_py']
[3.466s] Level 1:colcon.colcon_core.package_identification:_identify(rosbag2_2024_02_21-16_20_44) by extension 'python_setup_py'
[3.467s] Level 1:colcon.colcon_core.package_identification:_identify(src) by extensions ['ignore', 'ignore_ament_install']
[3.467s] Level 1:colcon.colcon_core.package_identification:_identify(src) by extension 'ignore'
[3.467s] Level 1:colcon.colcon_core.package_identification:_identify(src) by extension 'ignore_ament_install'
[3.467s] Level 1:colcon.colcon_core.package_identification:_identify(src) by extensions ['colcon_pkg']
[3.467s] Level 1:colcon.colcon_core.package_identification:_identify(src) by extension 'colcon_pkg'
[3.467s] Level 1:colcon.colcon_core.package_identification:_identify(src) by extensions ['colcon_meta']
[3.467s] Level 1:colcon.colcon_core.package_identification:_identify(src) by extension 'colcon_meta'
[3.467s] Level 1:colcon.colcon_core.package_identification:_identify(src) by extensions ['ros']
[3.467s] Level 1:colcon.colcon_core.package_identification:_identify(src) by extension 'ros'
[3.467s] Level 1:colcon.colcon_core.package_identification:_identify(src) by extensions ['cmake', 'python']
[3.467s] Level 1:colcon.colcon_core.package_identification:_identify(src) by extension 'cmake'
[3.467s] Level 1:colcon.colcon_core.package_identification:_identify(src) by extension 'python'
[3.467s] Level 1:colcon.colcon_core.package_identification:_identify(src) by extensions ['python_setup_py']
[3.467s] Level 1:colcon.colcon_core.package_identification:_identify(src) by extension 'python_setup_py'
[3.467s] Level 1:colcon.colcon_core.package_identification:_identify(src/laser_proc) by extensions ['ignore', 'ignore_ament_install']
[3.467s] Level 1:colcon.colcon_core.package_identification:_identify(src/laser_proc) by extension 'ignore'
[3.467s] Level 1:colcon.colcon_core.package_identification:_identify(src/laser_proc) by extension 'ignore_ament_install'
[3.467s] Level 1:colcon.colcon_core.package_identification:_identify(src/laser_proc) by extensions ['colcon_pkg']
[3.467s] Level 1:colcon.colcon_core.package_identification:_identify(src/laser_proc) by extension 'colcon_pkg'
[3.467s] Level 1:colcon.colcon_core.package_identification:_identify(src/laser_proc) by extensions ['colcon_meta']
[3.468s] Level 1:colcon.colcon_core.package_identification:_identify(src/laser_proc) by extension 'colcon_meta'
[3.468s] Level 1:colcon.colcon_core.package_identification:_identify(src/laser_proc) by extensions ['ros']
[3.468s] Level 1:colcon.colcon_core.package_identification:_identify(src/laser_proc) by extension 'ros'
[3.470s] DEBUG:colcon.colcon_core.package_identification:Package 'src/laser_proc' with type 'ros.ament_cmake' and name 'laser_proc'
[3.470s] Level 1:colcon.colcon_core.package_identification:_identify(src/lidar_cartographer) by extensions ['ignore', 'ignore_ament_install']
[3.470s] Level 1:colcon.colcon_core.package_identification:_identify(src/lidar_cartographer) by extension 'ignore'
[3.470s] Level 1:colcon.colcon_core.package_identification:_identify(src/lidar_cartographer) by extension 'ignore_ament_install'
[3.470s] Level 1:colcon.colcon_core.package_identification:_identify(src/lidar_cartographer) by extensions ['colcon_pkg']
[3.470s] Level 1:colcon.colcon_core.package_identification:_identify(src/lidar_cartographer) by extension 'colcon_pkg'
[3.470s] Level 1:colcon.colcon_core.package_identification:_identify(src/lidar_cartographer) by extensions ['colcon_meta']
[3.470s] Level 1:colcon.colcon_core.package_identification:_identify(src/lidar_cartographer) by extension 'colcon_meta'
[3.470s] Level 1:colcon.colcon_core.package_identification:_identify(src/lidar_cartographer) by extensions ['ros']
[3.470s] Level 1:colcon.colcon_core.package_identification:_identify(src/lidar_cartographer) by extension 'ros'
[3.471s] DEBUG:colcon.colcon_core.package_identification:Package 'src/lidar_cartographer' with type 'ros.ament_cmake' and name 'lidar_cartographer'
[3.471s] Level 1:colcon.colcon_core.package_identification:_identify(src/rtabmap) by extensions ['ignore', 'ignore_ament_install']
[3.471s] Level 1:colcon.colcon_core.package_identification:_identify(src/rtabmap) by extension 'ignore'
[3.471s] Level 1:colcon.colcon_core.package_identification:_identify(src/rtabmap) by extension 'ignore_ament_install'
[3.471s] Level 1:colcon.colcon_core.package_identification:_identify(src/rtabmap) by extensions ['colcon_pkg']
[3.471s] Level 1:colcon.colcon_core.package_identification:_identify(src/rtabmap) by extension 'colcon_pkg'
[3.471s] Level 1:colcon.colcon_core.package_identification:_identify(src/rtabmap) by extensions ['colcon_meta']
[3.471s] Level 1:colcon.colcon_core.package_identification:_identify(src/rtabmap) by extension 'colcon_meta'
[3.471s] Level 1:colcon.colcon_core.package_identification:_identify(src/rtabmap) by extensions ['ros']
[3.471s] Level 1:colcon.colcon_core.package_identification:_identify(src/rtabmap) by extension 'ros'
[3.472s] DEBUG:colcon.colcon_core.package_identification:Package 'src/rtabmap' with type 'ros.cmake' and name 'rtabmap'
[3.472s] Level 1:colcon.colcon_core.package_identification:_identify(src/urg_c) by extensions ['ignore', 'ignore_ament_install']
[3.472s] Level 1:colcon.colcon_core.package_identification:_identify(src/urg_c) by extension 'ignore'
[3.473s] Level 1:colcon.colcon_core.package_identification:_identify(src/urg_c) by extension 'ignore_ament_install'
[3.473s] Level 1:colcon.colcon_core.package_identification:_identify(src/urg_c) by extensions ['colcon_pkg']
[3.473s] Level 1:colcon.colcon_core.package_identification:_identify(src/urg_c) by extension 'colcon_pkg'
[3.473s] Level 1:colcon.colcon_core.package_identification:_identify(src/urg_c) by extensions ['colcon_meta']
[3.473s] Level 1:colcon.colcon_core.package_identification:_identify(src/urg_c) by extension 'colcon_meta'
[3.473s] Level 1:colcon.colcon_core.package_identification:_identify(src/urg_c) by extensions ['ros']
[3.473s] Level 1:colcon.colcon_core.package_identification:_identify(src/urg_c) by extension 'ros'
[3.473s] DEBUG:colcon.colcon_core.package_identification:Package 'src/urg_c' with type 'ros.ament_cmake' and name 'urg_c'
[3.474s] Level 1:colcon.colcon_core.package_identification:_identify(src/urg_node) by extensions ['ignore', 'ignore_ament_install']
[3.474s] Level 1:colcon.colcon_core.package_identification:_identify(src/urg_node) by extension 'ignore'
[3.474s] Level 1:colcon.colcon_core.package_identification:_identify(src/urg_node) by extension 'ignore_ament_install'
[3.474s] Level 1:colcon.colcon_core.package_identification:_identify(src/urg_node) by extensions ['colcon_pkg']
[3.474s] Level 1:colcon.colcon_core.package_identification:_identify(src/urg_node) by extension 'colcon_pkg'
[3.474s] Level 1:colcon.colcon_core.package_identification:_identify(src/urg_node) by extensions ['colcon_meta']
[3.474s] Level 1:colcon.colcon_core.package_identification:_identify(src/urg_node) by extension 'colcon_meta'
[3.474s] Level 1:colcon.colcon_core.package_identification:_identify(src/urg_node) by extensions ['ros']
[3.474s] Level 1:colcon.colcon_core.package_identification:_identify(src/urg_node) by extension 'ros'
[3.475s] DEBUG:colcon.colcon_core.package_identification:Package 'src/urg_node' with type 'ros.ament_cmake' and name 'urg_node'
[3.475s] Level 1:colcon.colcon_core.package_identification:_identify(src/urg_node_msgs) by extensions ['ignore', 'ignore_ament_install']
[3.475s] Level 1:colcon.colcon_core.package_identification:_identify(src/urg_node_msgs) by extension 'ignore'
[3.475s] Level 1:colcon.colcon_core.package_identification:_identify(src/urg_node_msgs) by extension 'ignore_ament_install'
[3.475s] Level 1:colcon.colcon_core.package_identification:_identify(src/urg_node_msgs) by extensions ['colcon_pkg']
[3.475s] Level 1:colcon.colcon_core.package_identification:_identify(src/urg_node_msgs) by extension 'colcon_pkg'
[3.475s] Level 1:colcon.colcon_core.package_identification:_identify(src/urg_node_msgs) by extensions ['colcon_meta']
[3.475s] Level 1:colcon.colcon_core.package_identification:_identify(src/urg_node_msgs) by extension 'colcon_meta'
[3.476s] Level 1:colcon.colcon_core.package_identification:_identify(src/urg_node_msgs) by extensions ['ros']
[3.476s] Level 1:colcon.colcon_core.package_identification:_identify(src/urg_node_msgs) by extension 'ros'
[3.476s] DEBUG:colcon.colcon_core.package_identification:Package 'src/urg_node_msgs' with type 'ros.ament_cmake' and name 'urg_node_msgs'
[3.476s] Level 1:colcon.colcon_core.package_discovery:discover_packages(recursive) using defaults
[3.476s] Level 1:colcon.colcon_core.package_discovery:discover_packages(ignore) discover
[3.476s] Level 1:colcon.colcon_core.package_discovery:discover_packages(ignore) using defaults
[3.476s] Level 1:colcon.colcon_core.package_discovery:discover_packages(path) discover
[3.476s] Level 1:colcon.colcon_core.package_discovery:discover_packages(path) using defaults
[3.556s] Level 5:colcon.colcon_core.verb:set package 'laser_proc' build argument 'cmake_args' from command line to 'None'
[3.556s] Level 5:colcon.colcon_core.verb:set package 'laser_proc' build argument 'cmake_target' from command line to 'None'
[3.557s] Level 5:colcon.colcon_core.verb:set package 'laser_proc' build argument 'cmake_target_skip_unavailable' from command line to 'False'
[3.557s] Level 5:colcon.colcon_core.verb:set package 'laser_proc' build argument 'cmake_clean_cache' from command line to 'False'
[3.557s] Level 5:colcon.colcon_core.verb:set package 'laser_proc' build argument 'cmake_clean_first' from command line to 'False'
[3.557s] Level 5:colcon.colcon_core.verb:set package 'laser_proc' build argument 'cmake_force_configure' from command line to 'False'
[3.557s] Level 5:colcon.colcon_core.verb:set package 'laser_proc' build argument 'ament_cmake_args' from command line to 'None'
[3.557s] Level 5:colcon.colcon_core.verb:set package 'laser_proc' build argument 'catkin_cmake_args' from command line to 'None'
[3.557s] Level 5:colcon.colcon_core.verb:set package 'laser_proc' build argument 'catkin_skip_building_tests' from command line to 'False'
[3.557s] DEBUG:colcon.colcon_core.verb:Building package 'laser_proc' with the following arguments: {'ament_cmake_args': None, 'build_base': '/home/precag/Documents/ros2-ws/build/laser_proc', 'catkin_cmake_args': None, 'catkin_skip_building_tests': False, 'cmake_args': None, 'cmake_clean_cache': False, 'cmake_clean_first': False, 'cmake_force_configure': False, 'cmake_target': None, 'cmake_target_skip_unavailable': False, 'install_base': '/home/precag/Documents/ros2-ws/install/laser_proc', 'merge_install': False, 'path': '/home/precag/Documents/ros2-ws/src/laser_proc', 'symlink_install': False, 'test_result_base': None}
[3.573s] Level 5:colcon.colcon_core.verb:set package 'lidar_cartographer' build argument 'cmake_args' from command line to 'None'
[3.573s] Level 5:colcon.colcon_core.verb:set package 'lidar_cartographer' build argument 'cmake_target' from command line to 'None'
[3.573s] Level 5:colcon.colcon_core.verb:set package 'lidar_cartographer' build argument 'cmake_target_skip_unavailable' from command line to 'False'
[3.573s] Level 5:colcon.colcon_core.verb:set package 'lidar_cartographer' build argument 'cmake_clean_cache' from command line to 'False'
[3.573s] Level 5:colcon.colcon_core.verb:set package 'lidar_cartographer' build argument 'cmake_clean_first' from command line to 'False'
[3.573s] Level 5:colcon.colcon_core.verb:set package 'lidar_cartographer' build argument 'cmake_force_configure' from command line to 'False'
[3.573s] Level 5:colcon.colcon_core.verb:set package 'lidar_cartographer' build argument 'ament_cmake_args' from command line to 'None'
[3.573s] Level 5:colcon.colcon_core.verb:set package 'lidar_cartographer' build argument 'catkin_cmake_args' from command line to 'None'
[3.573s] Level 5:colcon.colcon_core.verb:set package 'lidar_cartographer' build argument 'catkin_skip_building_tests' from command line to 'False'
[3.573s] DEBUG:colcon.colcon_core.verb:Building package 'lidar_cartographer' with the following arguments: {'ament_cmake_args': None, 'build_base': '/home/precag/Documents/ros2-ws/build/lidar_cartographer', 'catkin_cmake_args': None, 'catkin_skip_building_tests': False, 'cmake_args': None, 'cmake_clean_cache': False, 'cmake_clean_first': False, 'cmake_force_configure': False, 'cmake_target': None, 'cmake_target_skip_unavailable': False, 'install_base': '/home/precag/Documents/ros2-ws/install/lidar_cartographer', 'merge_install': False, 'path': '/home/precag/Documents/ros2-ws/src/lidar_cartographer', 'symlink_install': False, 'test_result_base': None}
[3.592s] Level 5:colcon.colcon_core.verb:set package 'rtabmap' build argument 'cmake_args' from command line to 'None'
[3.592s] Level 5:colcon.colcon_core.verb:set package 'rtabmap' build argument 'cmake_target' from command line to 'None'
[3.592s] Level 5:colcon.colcon_core.verb:set package 'rtabmap' build argument 'cmake_target_skip_unavailable' from command line to 'False'
[3.592s] Level 5:colcon.colcon_core.verb:set package 'rtabmap' build argument 'cmake_clean_cache' from command line to 'False'
[3.593s] Level 5:colcon.colcon_core.verb:set package 'rtabmap' build argument 'cmake_clean_first' from command line to 'False'
[3.593s] Level 5:colcon.colcon_core.verb:set package 'rtabmap' build argument 'cmake_force_configure' from command line to 'False'
[3.593s] Level 5:colcon.colcon_core.verb:set package 'rtabmap' build argument 'ament_cmake_args' from command line to 'None'
[3.593s] Level 5:colcon.colcon_core.verb:set package 'rtabmap' build argument 'catkin_cmake_args' from command line to 'None'
[3.593s] Level 5:colcon.colcon_core.verb:set package 'rtabmap' build argument 'catkin_skip_building_tests' from command line to 'False'
[3.593s] DEBUG:colcon.colcon_core.verb:Building package 'rtabmap' with the following arguments: {'ament_cmake_args': None, 'build_base': '/home/precag/Documents/ros2-ws/build/rtabmap', 'catkin_cmake_args': None, 'catkin_skip_building_tests': False, 'cmake_args': None, 'cmake_clean_cache': False, 'cmake_clean_first': False, 'cmake_force_configure': False, 'cmake_target': None, 'cmake_target_skip_unavailable': False, 'install_base': '/home/precag/Documents/ros2-ws/install/rtabmap', 'merge_install': False, 'path': '/home/precag/Documents/ros2-ws/src/rtabmap', 'symlink_install': False, 'test_result_base': None}
[3.608s] Level 5:colcon.colcon_core.verb:set package 'urg_c' build argument 'cmake_args' from command line to 'None'
[3.608s] Level 5:colcon.colcon_core.verb:set package 'urg_c' build argument 'cmake_target' from command line to 'None'
[3.608s] Level 5:colcon.colcon_core.verb:set package 'urg_c' build argument 'cmake_target_skip_unavailable' from command line to 'False'
[3.608s] Level 5:colcon.colcon_core.verb:set package 'urg_c' build argument 'cmake_clean_cache' from command line to 'False'
[3.608s] Level 5:colcon.colcon_core.verb:set package 'urg_c' build argument 'cmake_clean_first' from command line to 'False'
[3.608s] Level 5:colcon.colcon_core.verb:set package 'urg_c' build argument 'cmake_force_configure' from command line to 'False'
[3.608s] Level 5:colcon.colcon_core.verb:set package 'urg_c' build argument 'ament_cmake_args' from command line to 'None'
[3.608s] Level 5:colcon.colcon_core.verb:set package 'urg_c' build argument 'catkin_cmake_args' from command line to 'None'
[3.608s] Level 5:colcon.colcon_core.verb:set package 'urg_c' build argument 'catkin_skip_building_tests' from command line to 'False'
[3.608s] DEBUG:colcon.colcon_core.verb:Building package 'urg_c' with the following arguments: {'ament_cmake_args': None, 'build_base': '/home/precag/Documents/ros2-ws/build/urg_c', 'catkin_cmake_args': None, 'catkin_skip_building_tests': False, 'cmake_args': None, 'cmake_clean_cache': False, 'cmake_clean_first': False, 'cmake_force_configure': False, 'cmake_target': None, 'cmake_target_skip_unavailable': False, 'install_base': '/home/precag/Documents/ros2-ws/install/urg_c', 'merge_install': False, 'path': '/home/precag/Documents/ros2-ws/src/urg_c', 'symlink_install': False, 'test_result_base': None}
[3.623s] Level 5:colcon.colcon_core.verb:set package 'urg_node_msgs' build argument 'cmake_args' from command line to 'None'
[3.623s] Level 5:colcon.colcon_core.verb:set package 'urg_node_msgs' build argument 'cmake_target' from command line to 'None'
[3.623s] Level 5:colcon.colcon_core.verb:set package 'urg_node_msgs' build argument 'cmake_target_skip_unavailable' from command line to 'False'
[3.623s] Level 5:colcon.colcon_core.verb:set package 'urg_node_msgs' build argument 'cmake_clean_cache' from command line to 'False'
[3.623s] Level 5:colcon.colcon_core.verb:set package 'urg_node_msgs' build argument 'cmake_clean_first' from command line to 'False'
[3.623s] Level 5:colcon.colcon_core.verb:set package 'urg_node_msgs' build argument 'cmake_force_configure' from command line to 'False'
[3.623s] Level 5:colcon.colcon_core.verb:set package 'urg_node_msgs' build argument 'ament_cmake_args' from command line to 'None'
[3.623s] Level 5:colcon.colcon_core.verb:set package 'urg_node_msgs' build argument 'catkin_cmake_args' from command line to 'None'
[3.623s] Level 5:colcon.colcon_core.verb:set package 'urg_node_msgs' build argument 'catkin_skip_building_tests' from command line to 'False'
[3.623s] DEBUG:colcon.colcon_core.verb:Building package 'urg_node_msgs' with the following arguments: {'ament_cmake_args': None, 'build_base': '/home/precag/Documents/ros2-ws/build/urg_node_msgs', 'catkin_cmake_args': None, 'catkin_skip_building_tests': False, 'cmake_args': None, 'cmake_clean_cache': False, 'cmake_clean_first': False, 'cmake_force_configure': False, 'cmake_target': None, 'cmake_target_skip_unavailable': False, 'install_base': '/home/precag/Documents/ros2-ws/install/urg_node_msgs', 'merge_install': False, 'path': '/home/precag/Documents/ros2-ws/src/urg_node_msgs', 'symlink_install': False, 'test_result_base': None}
[3.638s] Level 5:colcon.colcon_core.verb:set package 'urg_node' build argument 'cmake_args' from command line to 'None'
[3.638s] Level 5:colcon.colcon_core.verb:set package 'urg_node' build argument 'cmake_target' from command line to 'None'
[3.638s] Level 5:colcon.colcon_core.verb:set package 'urg_node' build argument 'cmake_target_skip_unavailable' from command line to 'False'
[3.638s] Level 5:colcon.colcon_core.verb:set package 'urg_node' build argument 'cmake_clean_cache' from command line to 'False'
[3.638s] Level 5:colcon.colcon_core.verb:set package 'urg_node' build argument 'cmake_clean_first' from command line to 'False'
[3.638s] Level 5:colcon.colcon_core.verb:set package 'urg_node' build argument 'cmake_force_configure' from command line to 'False'
[3.638s] Level 5:colcon.colcon_core.verb:set package 'urg_node' build argument 'ament_cmake_args' from command line to 'None'
[3.638s] Level 5:colcon.colcon_core.verb:set package 'urg_node' build argument 'catkin_cmake_args' from command line to 'None'
[3.638s] Level 5:colcon.colcon_core.verb:set package 'urg_node' build argument 'catkin_skip_building_tests' from command line to 'False'
[3.639s] DEBUG:colcon.colcon_core.verb:Building package 'urg_node' with the following arguments: {'ament_cmake_args': None, 'build_base': '/home/precag/Documents/ros2-ws/build/urg_node', 'catkin_cmake_args': None, 'catkin_skip_building_tests': False, 'cmake_args': None, 'cmake_clean_cache': False, 'cmake_clean_first': False, 'cmake_force_configure': False, 'cmake_target': None, 'cmake_target_skip_unavailable': False, 'install_base': '/home/precag/Documents/ros2-ws/install/urg_node', 'merge_install': False, 'path': '/home/precag/Documents/ros2-ws/src/urg_node', 'symlink_install': False, 'test_result_base': None}
[3.653s] INFO:colcon.colcon_core.executor:Executing jobs using 'parallel' executor
[3.668s] DEBUG:colcon.colcon_parallel_executor.executor.parallel:run_until_complete
[3.669s] INFO:colcon.colcon_ros.task.ament_cmake.build:Building ROS package in '/home/precag/Documents/ros2-ws/src/laser_proc' with build type 'ament_cmake'
[3.669s] INFO:colcon.colcon_cmake.task.cmake.build:Building CMake package in '/home/precag/Documents/ros2-ws/src/laser_proc'
[3.686s] INFO:colcon.colcon_core.plugin_system:Skipping extension 'colcon_core.shell.bat': Not used on non-Windows systems
[3.686s] INFO:colcon.colcon_core.shell:Skip shell extension 'powershell' for command environment: Not usable outside of PowerShell
[3.686s] DEBUG:colcon.colcon_core.shell:Skip shell extension 'dsv' for command environment
[3.721s] INFO:colcon.colcon_ros.task.ament_cmake.build:Building ROS package in '/home/precag/Documents/ros2-ws/src/urg_c' with build type 'ament_cmake'
[3.721s] INFO:colcon.colcon_cmake.task.cmake.build:Building CMake package in '/home/precag/Documents/ros2-ws/src/urg_c'
[3.737s] INFO:colcon.colcon_core.shell:Skip shell extension 'powershell' for command environment: Not usable outside of PowerShell
[3.737s] DEBUG:colcon.colcon_core.shell:Skip shell extension 'dsv' for command environment
[3.771s] INFO:colcon.colcon_ros.task.ament_cmake.build:Building ROS package in '/home/precag/Documents/ros2-ws/src/urg_node_msgs' with build type 'ament_cmake'
[3.771s] INFO:colcon.colcon_cmake.task.cmake.build:Building CMake package in '/home/precag/Documents/ros2-ws/src/urg_node_msgs'
[3.793s] INFO:colcon.colcon_core.shell:Skip shell extension 'powershell' for command environment: Not usable outside of PowerShell
[3.794s] DEBUG:colcon.colcon_core.shell:Skip shell extension 'dsv' for command environment
[3.828s] INFO:colcon.colcon_ros.task.ament_cmake.build:Building ROS package in '/home/precag/Documents/ros2-ws/src/lidar_cartographer' with build type 'ament_cmake'
[3.828s] INFO:colcon.colcon_cmake.task.cmake.build:Building CMake package in '/home/precag/Documents/ros2-ws/src/lidar_cartographer'
[3.845s] INFO:colcon.colcon_core.shell:Skip shell extension 'powershell' for command environment: Not usable outside of PowerShell
[3.845s] DEBUG:colcon.colcon_core.shell:Skip shell extension 'dsv' for command environment
[3.880s] INFO:colcon.colcon_ros.task.cmake.build:Building ROS package in '/home/precag/Documents/ros2-ws/src/rtabmap' with build type 'cmake'
[3.880s] INFO:colcon.colcon_cmake.task.cmake.build:Building CMake package in '/home/precag/Documents/ros2-ws/src/rtabmap'
[3.898s] INFO:colcon.colcon_core.shell:Skip shell extension 'powershell' for command environment: Not usable outside of PowerShell
[3.898s] DEBUG:colcon.colcon_core.shell:Skip shell extension 'dsv' for command environment
[3.939s] DEBUG:colcon.colcon_core.event_handler.log_command:Invoking command in '/home/precag/Documents/ros2-ws/build/laser_proc': CMAKE_PREFIX_PATH=/opt/ros/humble CONDA_PROMPT_MODIFIER=(base) /usr/bin/cmake --build /home/precag/Documents/ros2-ws/build/laser_proc -- -j8 -l8
[3.944s] DEBUG:colcon.colcon_core.event_handler.log_command:Invoking command in '/home/precag/Documents/ros2-ws/build/urg_c': CMAKE_PREFIX_PATH=/opt/ros/humble CONDA_PROMPT_MODIFIER=(base) /usr/bin/cmake --build /home/precag/Documents/ros2-ws/build/urg_c -- -j8 -l8
[3.948s] DEBUG:colcon.colcon_core.event_handler.log_command:Invoking command in '/home/precag/Documents/ros2-ws/build/urg_node_msgs': CMAKE_PREFIX_PATH=/opt/ros/humble CONDA_PROMPT_MODIFIER=(base) /usr/bin/cmake --build /home/precag/Documents/ros2-ws/build/urg_node_msgs -- -j8 -l8
[3.954s] DEBUG:colcon.colcon_core.event_handler.log_command:Invoking command in '/home/precag/Documents/ros2-ws/build/lidar_cartographer': CMAKE_PREFIX_PATH=/opt/ros/humble CONDA_PROMPT_MODIFIER=(base) /usr/bin/cmake --build /home/precag/Documents/ros2-ws/build/lidar_cartographer -- -j8 -l8
[3.960s] DEBUG:colcon.colcon_core.event_handler.log_command:Invoking command in '/home/precag/Documents/ros2-ws/build/rtabmap': CMAKE_PREFIX_PATH=/opt/ros/humble CONDA_PROMPT_MODIFIER=(base) /usr/bin/cmake --build /home/precag/Documents/ros2-ws/build/rtabmap -- -j8 -l8
[4.012s] DEBUG:colcon.colcon_core.event_handler.log_command:Invoked command in '/home/precag/Documents/ros2-ws/build/lidar_cartographer' returned '0': CMAKE_PREFIX_PATH=/opt/ros/humble CONDA_PROMPT_MODIFIER=(base) /usr/bin/cmake --build /home/precag/Documents/ros2-ws/build/lidar_cartographer -- -j8 -l8
[4.100s] DEBUG:colcon.colcon_core.event_handler.log_command:Invoking command in '/home/precag/Documents/ros2-ws/build/lidar_cartographer': CMAKE_PREFIX_PATH=/opt/ros/humble CONDA_PROMPT_MODIFIER=(base) /usr/bin/cmake --install /home/precag/Documents/ros2-ws/build/lidar_cartographer
[4.110s] DEBUG:colcon.colcon_core.event_handler.log_command:Invoked command in '/home/precag/Documents/ros2-ws/build/laser_proc' returned '0': CMAKE_PREFIX_PATH=/opt/ros/humble CONDA_PROMPT_MODIFIER=(base) /usr/bin/cmake --build /home/precag/Documents/ros2-ws/build/laser_proc -- -j8 -l8
[4.141s] Level 1:colcon.colcon_core.environment:create_environment_scripts_only(lidar_cartographer)
[4.143s] DEBUG:colcon.colcon_core.event_handler.log_command:Invoked command in '/home/precag/Documents/ros2-ws/build/lidar_cartographer' returned '0': CMAKE_PREFIX_PATH=/opt/ros/humble CONDA_PROMPT_MODIFIER=(base) /usr/bin/cmake --install /home/precag/Documents/ros2-ws/build/lidar_cartographer
[4.180s] Level 1:colcon.colcon_core.environment:checking '/home/precag/Documents/ros2-ws/install/lidar_cartographer' for CMake module files
[4.181s] Level 1:colcon.colcon_core.environment:checking '/home/precag/Documents/ros2-ws/install/lidar_cartographer' for CMake config files
[4.182s] Level 1:colcon.colcon_core.shell:create_environment_hook('lidar_cartographer', 'cmake_prefix_path')
[4.207s] INFO:colcon.colcon_core.shell:Creating environment hook '/home/precag/Documents/ros2-ws/install/lidar_cartographer/share/lidar_cartographer/hook/cmake_prefix_path.ps1'
[4.208s] INFO:colcon.colcon_core.shell:Creating environment descriptor '/home/precag/Documents/ros2-ws/install/lidar_cartographer/share/lidar_cartographer/hook/cmake_prefix_path.dsv'
[4.208s] INFO:colcon.colcon_core.shell:Creating environment hook '/home/precag/Documents/ros2-ws/install/lidar_cartographer/share/lidar_cartographer/hook/cmake_prefix_path.sh'
[4.209s] Level 1:colcon.colcon_core.environment:checking '/home/precag/Documents/ros2-ws/install/lidar_cartographer/bin'
[4.209s] Level 1:colcon.colcon_core.environment:checking '/home/precag/Documents/ros2-ws/install/lidar_cartographer/lib/pkgconfig/lidar_cartographer.pc'
[4.211s] Level 1:colcon.colcon_core.environment:checking '/home/precag/Documents/ros2-ws/install/lidar_cartographer/lib/python3.9/site-packages'
[4.211s] Level 1:colcon.colcon_core.environment:checking '/home/precag/Documents/ros2-ws/install/lidar_cartographer/bin'
[4.234s] INFO:colcon.colcon_core.shell:Creating package script '/home/precag/Documents/ros2-ws/install/lidar_cartographer/share/lidar_cartographer/package.ps1'
[4.235s] INFO:colcon.colcon_core.shell:Creating package descriptor '/home/precag/Documents/ros2-ws/install/lidar_cartographer/share/lidar_cartographer/package.dsv'
[4.236s] INFO:colcon.colcon_core.shell:Creating package script '/home/precag/Documents/ros2-ws/install/lidar_cartographer/share/lidar_cartographer/package.sh'
[4.237s] INFO:colcon.colcon_core.shell:Creating package script '/home/precag/Documents/ros2-ws/install/lidar_cartographer/share/lidar_cartographer/package.bash'
[4.238s] INFO:colcon.colcon_core.shell:Creating package script '/home/precag/Documents/ros2-ws/install/lidar_cartographer/share/lidar_cartographer/package.zsh'
[4.239s] Level 1:colcon.colcon_core.environment:create_file_with_runtime_dependencies(/home/precag/Documents/ros2-ws/install/lidar_cartographer/share/colcon-core/packages/lidar_cartographer)
[4.249s] DEBUG:colcon.colcon_core.event_handler.log_command:Invoking command in '/home/precag/Documents/ros2-ws/build/laser_proc': CMAKE_PREFIX_PATH=/opt/ros/humble CONDA_PROMPT_MODIFIER=(base) /usr/bin/cmake --install /home/precag/Documents/ros2-ws/build/laser_proc
[4.255s] DEBUG:colcon.colcon_core.event_handler.log_command:Invoked command in '/home/precag/Documents/ros2-ws/build/urg_c' returned '0': CMAKE_PREFIX_PATH=/opt/ros/humble CONDA_PROMPT_MODIFIER=(base) /usr/bin/cmake --build /home/precag/Documents/ros2-ws/build/urg_c -- -j8 -l8
[4.297s] Level 1:colcon.colcon_core.environment:create_environment_scripts_only(lidar_cartographer)
[4.313s] Level 1:colcon.colcon_core.environment:checking '/home/precag/Documents/ros2-ws/install/lidar_cartographer' for CMake module files
[4.314s] Level 1:colcon.colcon_core.environment:checking '/home/precag/Documents/ros2-ws/install/lidar_cartographer' for CMake config files
[4.314s] Level 1:colcon.colcon_core.shell:create_environment_hook('lidar_cartographer', 'cmake_prefix_path')
[4.331s] INFO:colcon.colcon_core.shell:Creating environment hook '/home/precag/Documents/ros2-ws/install/lidar_cartographer/share/lidar_cartographer/hook/cmake_prefix_path.ps1'
[4.332s] INFO:colcon.colcon_core.shell:Creating environment descriptor '/home/precag/Documents/ros2-ws/install/lidar_cartographer/share/lidar_cartographer/hook/cmake_prefix_path.dsv'
[4.332s] INFO:colcon.colcon_core.shell:Creating environment hook '/home/precag/Documents/ros2-ws/install/lidar_cartographer/share/lidar_cartographer/hook/cmake_prefix_path.sh'
[4.332s] Level 1:colcon.colcon_core.environment:checking '/home/precag/Documents/ros2-ws/install/lidar_cartographer/bin'
[4.332s] Level 1:colcon.colcon_core.environment:checking '/home/precag/Documents/ros2-ws/install/lidar_cartographer/lib/pkgconfig/lidar_cartographer.pc'
[4.333s] Level 1:colcon.colcon_core.environment:checking '/home/precag/Documents/ros2-ws/install/lidar_cartographer/lib/python3.9/site-packages'
[4.333s] Level 1:colcon.colcon_core.environment:checking '/home/precag/Documents/ros2-ws/install/lidar_cartographer/bin'
[4.349s] INFO:colcon.colcon_core.shell:Creating package script '/home/precag/Documents/ros2-ws/install/lidar_cartographer/share/lidar_cartographer/package.ps1'
[4.350s] INFO:colcon.colcon_core.shell:Creating package descriptor '/home/precag/Documents/ros2-ws/install/lidar_cartographer/share/lidar_cartographer/package.dsv'
[4.350s] INFO:colcon.colcon_core.shell:Creating package script '/home/precag/Documents/ros2-ws/install/lidar_cartographer/share/lidar_cartographer/package.sh'
[4.350s] INFO:colcon.colcon_core.shell:Creating package script '/home/precag/Documents/ros2-ws/install/lidar_cartographer/share/lidar_cartographer/package.bash'
[4.351s] INFO:colcon.colcon_core.shell:Creating package script '/home/precag/Documents/ros2-ws/install/lidar_cartographer/share/lidar_cartographer/package.zsh'
[4.351s] Level 1:colcon.colcon_core.environment:create_file_with_runtime_dependencies(/home/precag/Documents/ros2-ws/install/lidar_cartographer/share/colcon-core/packages/lidar_cartographer)
[4.355s] Level 1:colcon.colcon_core.environment:create_environment_scripts_only(laser_proc)
[4.359s] DEBUG:colcon.colcon_core.event_handler.log_command:Invoking command in '/home/precag/Documents/ros2-ws/build/urg_c': CMAKE_PREFIX_PATH=/opt/ros/humble CONDA_PROMPT_MODIFIER=(base) /usr/bin/cmake --install /home/precag/Documents/ros2-ws/build/urg_c
[4.360s] DEBUG:colcon.colcon_core.event_handler.log_command:Invoked command in '/home/precag/Documents/ros2-ws/build/laser_proc' returned '0': CMAKE_PREFIX_PATH=/opt/ros/humble CONDA_PROMPT_MODIFIER=(base) /usr/bin/cmake --install /home/precag/Documents/ros2-ws/build/laser_proc
[4.388s] Level 1:colcon.colcon_core.environment:checking '/home/precag/Documents/ros2-ws/install/laser_proc' for CMake module files
[4.388s] Level 1:colcon.colcon_core.environment:checking '/home/precag/Documents/ros2-ws/install/laser_proc' for CMake config files
[4.389s] Level 1:colcon.colcon_core.shell:create_environment_hook('laser_proc', 'cmake_prefix_path')
[4.405s] INFO:colcon.colcon_core.shell:Creating environment hook '/home/precag/Documents/ros2-ws/install/laser_proc/share/laser_proc/hook/cmake_prefix_path.ps1'
[4.405s] INFO:colcon.colcon_core.shell:Creating environment descriptor '/home/precag/Documents/ros2-ws/install/laser_proc/share/laser_proc/hook/cmake_prefix_path.dsv'
[4.406s] INFO:colcon.colcon_core.shell:Creating environment hook '/home/precag/Documents/ros2-ws/install/laser_proc/share/laser_proc/hook/cmake_prefix_path.sh'
[4.406s] Level 1:colcon.colcon_core.environment:checking '/home/precag/Documents/ros2-ws/install/laser_proc/lib'
[4.406s] Level 1:colcon.colcon_core.shell:create_environment_hook('laser_proc', 'ld_library_path_lib')
[4.434s] INFO:colcon.colcon_core.shell:Creating environment hook '/home/precag/Documents/ros2-ws/install/laser_proc/share/laser_proc/hook/ld_library_path_lib.ps1'
[4.435s] INFO:colcon.colcon_core.shell:Creating environment descriptor '/home/precag/Documents/ros2-ws/install/laser_proc/share/laser_proc/hook/ld_library_path_lib.dsv'
[4.435s] INFO:colcon.colcon_core.shell:Creating environment hook '/home/precag/Documents/ros2-ws/install/laser_proc/share/laser_proc/hook/ld_library_path_lib.sh'
[4.436s] Level 1:colcon.colcon_core.environment:checking '/home/precag/Documents/ros2-ws/install/laser_proc/bin'
[4.436s] Level 1:colcon.colcon_core.environment:checking '/home/precag/Documents/ros2-ws/install/laser_proc/lib/pkgconfig/laser_proc.pc'
[4.437s] Level 1:colcon.colcon_core.environment:checking '/home/precag/Documents/ros2-ws/install/laser_proc/lib/python3.9/site-packages'
[4.437s] Level 1:colcon.colcon_core.environment:checking '/home/precag/Documents/ros2-ws/install/laser_proc/bin'
[4.478s] INFO:colcon.colcon_core.shell:Creating package script '/home/precag/Documents/ros2-ws/install/laser_proc/share/laser_proc/package.ps1'
[4.479s] INFO:colcon.colcon_core.shell:Creating package descriptor '/home/precag/Documents/ros2-ws/install/laser_proc/share/laser_proc/package.dsv'
[4.480s] INFO:colcon.colcon_core.shell:Creating package script '/home/precag/Documents/ros2-ws/install/laser_proc/share/laser_proc/package.sh'
[4.481s] INFO:colcon.colcon_core.shell:Creating package script '/home/precag/Documents/ros2-ws/install/laser_proc/share/laser_proc/package.bash'
[4.481s] INFO:colcon.colcon_core.shell:Creating package script '/home/precag/Documents/ros2-ws/install/laser_proc/share/laser_proc/package.zsh'
[4.482s] Level 1:colcon.colcon_core.environment:create_file_with_runtime_dependencies(/home/precag/Documents/ros2-ws/install/laser_proc/share/colcon-core/packages/laser_proc)
[4.508s] Level 1:colcon.colcon_core.environment:create_environment_scripts_only(urg_c)
[4.526s] DEBUG:colcon.colcon_core.event_handler.log_command:Invoked command in '/home/precag/Documents/ros2-ws/build/urg_c' returned '0': CMAKE_PREFIX_PATH=/opt/ros/humble CONDA_PROMPT_MODIFIER=(base) /usr/bin/cmake --install /home/precag/Documents/ros2-ws/build/urg_c
[4.544s] Level 1:colcon.colcon_core.environment:checking '/home/precag/Documents/ros2-ws/install/urg_c' for CMake module files
[4.546s] Level 1:colcon.colcon_core.environment:checking '/home/precag/Documents/ros2-ws/install/urg_c' for CMake config files
[4.547s] Level 1:colcon.colcon_core.shell:create_environment_hook('urg_c', 'cmake_prefix_path')
[4.576s] INFO:colcon.colcon_core.shell:Creating environment hook '/home/precag/Documents/ros2-ws/install/urg_c/share/urg_c/hook/cmake_prefix_path.ps1'
[4.577s] INFO:colcon.colcon_core.shell:Creating environment descriptor '/home/precag/Documents/ros2-ws/install/urg_c/share/urg_c/hook/cmake_prefix_path.dsv'
[4.577s] INFO:colcon.colcon_core.shell:Creating environment hook '/home/precag/Documents/ros2-ws/install/urg_c/share/urg_c/hook/cmake_prefix_path.sh'
[4.578s] Level 1:colcon.colcon_core.environment:checking '/home/precag/Documents/ros2-ws/install/urg_c/lib'
[4.578s] Level 1:colcon.colcon_core.shell:create_environment_hook('urg_c', 'ld_library_path_lib')
[4.595s] INFO:colcon.colcon_core.shell:Creating environment hook '/home/precag/Documents/ros2-ws/install/urg_c/share/urg_c/hook/ld_library_path_lib.ps1'
[4.596s] INFO:colcon.colcon_core.shell:Creating environment descriptor '/home/precag/Documents/ros2-ws/install/urg_c/share/urg_c/hook/ld_library_path_lib.dsv'
[4.596s] INFO:colcon.colcon_core.shell:Creating environment hook '/home/precag/Documents/ros2-ws/install/urg_c/share/urg_c/hook/ld_library_path_lib.sh'
[4.597s] Level 1:colcon.colcon_core.environment:checking '/home/precag/Documents/ros2-ws/install/urg_c/bin'
[4.597s] Level 1:colcon.colcon_core.shell:create_environment_hook('urg_c', 'path')
[4.613s] INFO:colcon.colcon_core.shell:Creating environment hook '/home/precag/Documents/ros2-ws/install/urg_c/share/urg_c/hook/path.ps1'
[4.613s] INFO:colcon.colcon_core.shell:Creating environment descriptor '/home/precag/Documents/ros2-ws/install/urg_c/share/urg_c/hook/path.dsv'
[4.614s] INFO:colcon.colcon_core.shell:Creating environment hook '/home/precag/Documents/ros2-ws/install/urg_c/share/urg_c/hook/path.sh'
[4.614s] Level 1:colcon.colcon_core.environment:checking '/home/precag/Documents/ros2-ws/install/urg_c/lib/pkgconfig/urg_c.pc'
[4.615s] Level 1:colcon.colcon_core.environment:checking '/home/precag/Documents/ros2-ws/install/urg_c/lib/python3.9/site-packages'
[4.615s] Level 1:colcon.colcon_core.environment:checking '/home/precag/Documents/ros2-ws/install/urg_c/bin'
[4.615s] Level 1:colcon.colcon_core.shell:create_environment_hook('urg_c', 'pythonscriptspath')
[4.631s] INFO:colcon.colcon_core.shell:Creating environment hook '/home/precag/Documents/ros2-ws/install/urg_c/share/urg_c/hook/pythonscriptspath.ps1'
[4.631s] INFO:colcon.colcon_core.shell:Creating environment descriptor '/home/precag/Documents/ros2-ws/install/urg_c/share/urg_c/hook/pythonscriptspath.dsv'
[4.632s] INFO:colcon.colcon_core.shell:Creating environment hook '/home/precag/Documents/ros2-ws/install/urg_c/share/urg_c/hook/pythonscriptspath.sh'
[4.651s] INFO:colcon.colcon_core.shell:Creating package script '/home/precag/Documents/ros2-ws/install/urg_c/share/urg_c/package.ps1'
[4.653s] INFO:colcon.colcon_core.shell:Creating package descriptor '/home/precag/Documents/ros2-ws/install/urg_c/share/urg_c/package.dsv'
[4.653s] INFO:colcon.colcon_core.shell:Creating package script '/home/precag/Documents/ros2-ws/install/urg_c/share/urg_c/package.sh'
[4.654s] INFO:colcon.colcon_core.shell:Creating package script '/home/precag/Documents/ros2-ws/install/urg_c/share/urg_c/package.bash'
[4.655s] INFO:colcon.colcon_core.shell:Creating package script '/home/precag/Documents/ros2-ws/install/urg_c/share/urg_c/package.zsh'
[4.655s] Level 1:colcon.colcon_core.environment:create_file_with_runtime_dependencies(/home/precag/Documents/ros2-ws/install/urg_c/share/colcon-core/packages/urg_c)
[4.695s] Level 1:colcon.colcon_core.environment:create_environment_scripts_only(laser_proc)
[4.728s] Level 1:colcon.colcon_core.environment:checking '/home/precag/Documents/ros2-ws/install/laser_proc' for CMake module files
[4.729s] Level 1:colcon.colcon_core.environment:checking '/home/precag/Documents/ros2-ws/install/laser_proc' for CMake config files
[4.730s] Level 1:colcon.colcon_core.shell:create_environment_hook('laser_proc', 'cmake_prefix_path')
[4.788s] INFO:colcon.colcon_core.shell:Creating environment hook '/home/precag/Documents/ros2-ws/install/laser_proc/share/laser_proc/hook/cmake_prefix_path.ps1'
[4.789s] INFO:colcon.colcon_core.shell:Creating environment descriptor '/home/precag/Documents/ros2-ws/install/laser_proc/share/laser_proc/hook/cmake_prefix_path.dsv'
[4.790s] INFO:colcon.colcon_core.shell:Creating environment hook '/home/precag/Documents/ros2-ws/install/laser_proc/share/laser_proc/hook/cmake_prefix_path.sh'
[4.791s] Level 1:colcon.colcon_core.environment:checking '/home/precag/Documents/ros2-ws/install/laser_proc/lib'
[4.791s] Level 1:colcon.colcon_core.shell:create_environment_hook('laser_proc', 'ld_library_path_lib')
[4.815s] INFO:colcon.colcon_core.shell:Creating environment hook '/home/precag/Documents/ros2-ws/install/laser_proc/share/laser_proc/hook/ld_library_path_lib.ps1'
[4.815s] INFO:colcon.colcon_core.shell:Creating environment descriptor '/home/precag/Documents/ros2-ws/install/laser_proc/share/laser_proc/hook/ld_library_path_lib.dsv'
[4.815s] INFO:colcon.colcon_core.shell:Creating environment hook '/home/precag/Documents/ros2-ws/install/laser_proc/share/laser_proc/hook/ld_library_path_lib.sh'
[4.816s] Level 1:colcon.colcon_core.environment:checking '/home/precag/Documents/ros2-ws/install/laser_proc/bin'
[4.816s] Level 1:colcon.colcon_core.environment:checking '/home/precag/Documents/ros2-ws/install/laser_proc/lib/pkgconfig/laser_proc.pc'
[4.816s] Level 1:colcon.colcon_core.environment:checking '/home/precag/Documents/ros2-ws/install/laser_proc/lib/python3.9/site-packages'
[4.817s] Level 1:colcon.colcon_core.environment:checking '/home/precag/Documents/ros2-ws/install/laser_proc/bin'
[4.840s] INFO:colcon.colcon_core.shell:Creating package script '/home/precag/Documents/ros2-ws/install/laser_proc/share/laser_proc/package.ps1'
[4.841s] INFO:colcon.colcon_core.shell:Creating package descriptor '/home/precag/Documents/ros2-ws/install/laser_proc/share/laser_proc/package.dsv'
[4.841s] INFO:colcon.colcon_core.shell:Creating package script '/home/precag/Documents/ros2-ws/install/laser_proc/share/laser_proc/package.sh'
[4.842s] INFO:colcon.colcon_core.shell:Creating package script '/home/precag/Documents/ros2-ws/install/laser_proc/share/laser_proc/package.bash'
[4.842s] INFO:colcon.colcon_core.shell:Creating package script '/home/precag/Documents/ros2-ws/install/laser_proc/share/laser_proc/package.zsh'
[4.843s] Level 1:colcon.colcon_core.environment:create_file_with_runtime_dependencies(/home/precag/Documents/ros2-ws/install/laser_proc/share/colcon-core/packages/laser_proc)
[4.851s] DEBUG:colcon.colcon_core.event_handler.log_command:Invoked command in '/home/precag/Documents/ros2-ws/build/urg_node_msgs' returned '0': CMAKE_PREFIX_PATH=/opt/ros/humble CONDA_PROMPT_MODIFIER=(base) /usr/bin/cmake --build /home/precag/Documents/ros2-ws/build/urg_node_msgs -- -j8 -l8
[4.872s] Level 1:colcon.colcon_core.environment:create_environment_scripts_only(urg_c)
[4.890s] Level 1:colcon.colcon_core.environment:checking '/home/precag/Documents/ros2-ws/install/urg_c' for CMake module files
[4.891s] Level 1:colcon.colcon_core.environment:checking '/home/precag/Documents/ros2-ws/install/urg_c' for CMake config files
[4.891s] Level 1:colcon.colcon_core.shell:create_environment_hook('urg_c', 'cmake_prefix_path')
[4.908s] INFO:colcon.colcon_core.shell:Creating environment hook '/home/precag/Documents/ros2-ws/install/urg_c/share/urg_c/hook/cmake_prefix_path.ps1'
[4.908s] INFO:colcon.colcon_core.shell:Creating environment descriptor '/home/precag/Documents/ros2-ws/install/urg_c/share/urg_c/hook/cmake_prefix_path.dsv'
[4.909s] INFO:colcon.colcon_core.shell:Creating environment hook '/home/precag/Documents/ros2-ws/install/urg_c/share/urg_c/hook/cmake_prefix_path.sh'
[4.909s] Level 1:colcon.colcon_core.environment:checking '/home/precag/Documents/ros2-ws/install/urg_c/lib'
[4.909s] Level 1:colcon.colcon_core.shell:create_environment_hook('urg_c', 'ld_library_path_lib')
[4.925s] INFO:colcon.colcon_core.shell:Creating environment hook '/home/precag/Documents/ros2-ws/install/urg_c/share/urg_c/hook/ld_library_path_lib.ps1'
[4.925s] INFO:colcon.colcon_core.shell:Creating environment descriptor '/home/precag/Documents/ros2-ws/install/urg_c/share/urg_c/hook/ld_library_path_lib.dsv'
[4.926s] INFO:colcon.colcon_core.shell:Creating environment hook '/home/precag/Documents/ros2-ws/install/urg_c/share/urg_c/hook/ld_library_path_lib.sh'
[4.926s] Level 1:colcon.colcon_core.environment:checking '/home/precag/Documents/ros2-ws/install/urg_c/bin'
[4.926s] Level 1:colcon.colcon_core.shell:create_environment_hook('urg_c', 'path')
[4.942s] INFO:colcon.colcon_core.shell:Creating environment hook '/home/precag/Documents/ros2-ws/install/urg_c/share/urg_c/hook/path.ps1'
[4.942s] INFO:colcon.colcon_core.shell:Creating environment descriptor '/home/precag/Documents/ros2-ws/install/urg_c/share/urg_c/hook/path.dsv'
[4.942s] INFO:colcon.colcon_core.shell:Creating environment hook '/home/precag/Documents/ros2-ws/install/urg_c/share/urg_c/hook/path.sh'
[4.943s] Level 1:colcon.colcon_core.environment:checking '/home/precag/Documents/ros2-ws/install/urg_c/lib/pkgconfig/urg_c.pc'
[4.943s] Level 1:colcon.colcon_core.environment:checking '/home/precag/Documents/ros2-ws/install/urg_c/lib/python3.9/site-packages'
[4.943s] Level 1:colcon.colcon_core.environment:checking '/home/precag/Documents/ros2-ws/install/urg_c/bin'
[4.943s] Level 1:colcon.colcon_core.shell:create_environment_hook('urg_c', 'pythonscriptspath')
[4.959s] INFO:colcon.colcon_core.shell:Creating environment hook '/home/precag/Documents/ros2-ws/install/urg_c/share/urg_c/hook/pythonscriptspath.ps1'
[4.960s] INFO:colcon.colcon_core.shell:Creating environment descriptor '/home/precag/Documents/ros2-ws/install/urg_c/share/urg_c/hook/pythonscriptspath.dsv'
[4.960s] INFO:colcon.colcon_core.shell:Creating environment hook '/home/precag/Documents/ros2-ws/install/urg_c/share/urg_c/hook/pythonscriptspath.sh'
[4.981s] INFO:colcon.colcon_core.shell:Creating package script '/home/precag/Documents/ros2-ws/install/urg_c/share/urg_c/package.ps1'
[4.982s] INFO:colcon.colcon_core.shell:Creating package descriptor '/home/precag/Documents/ros2-ws/install/urg_c/share/urg_c/package.dsv'
[4.982s] INFO:colcon.colcon_core.shell:Creating package script '/home/precag/Documents/ros2-ws/install/urg_c/share/urg_c/package.sh'
[4.983s] INFO:colcon.colcon_core.shell:Creating package script '/home/precag/Documents/ros2-ws/install/urg_c/share/urg_c/package.bash'
[4.983s] INFO:colcon.colcon_core.shell:Creating package script '/home/precag/Documents/ros2-ws/install/urg_c/share/urg_c/package.zsh'
[4.984s] Level 1:colcon.colcon_core.environment:create_file_with_runtime_dependencies(/home/precag/Documents/ros2-ws/install/urg_c/share/colcon-core/packages/urg_c)
[4.988s] DEBUG:colcon.colcon_core.event_handler.log_command:Invoking command in '/home/precag/Documents/ros2-ws/build/urg_node_msgs': CMAKE_PREFIX_PATH=/opt/ros/humble CONDA_PROMPT_MODIFIER=(base) /usr/bin/cmake --install /home/precag/Documents/ros2-ws/build/urg_node_msgs
[4.989s] DEBUG:colcon.colcon_core.event_handler.log_command:Invoked command in '/home/precag/Documents/ros2-ws/build/rtabmap' returned '0': CMAKE_PREFIX_PATH=/opt/ros/humble CONDA_PROMPT_MODIFIER=(base) /usr/bin/cmake --build /home/precag/Documents/ros2-ws/build/rtabmap -- -j8 -l8
[5.043s] DEBUG:colcon.colcon_core.event_handler.log_command:Invoking command in '/home/precag/Documents/ros2-ws/build/rtabmap': CMAKE_PREFIX_PATH=/opt/ros/humble CONDA_PROMPT_MODIFIER=(base) /usr/bin/cmake --install /home/precag/Documents/ros2-ws/build/rtabmap
[5.063s] Level 1:colcon.colcon_core.environment:create_environment_scripts_only(urg_node_msgs)
[5.102s] DEBUG:colcon.colcon_core.event_handler.log_command:Invoked command in '/home/precag/Documents/ros2-ws/build/urg_node_msgs' returned '0': CMAKE_PREFIX_PATH=/opt/ros/humble CONDA_PROMPT_MODIFIER=(base) /usr/bin/cmake --install /home/precag/Documents/ros2-ws/build/urg_node_msgs
[5.111s] Level 1:colcon.colcon_core.environment:checking '/home/precag/Documents/ros2-ws/install/urg_node_msgs' for CMake module files
[5.111s] Level 1:colcon.colcon_core.environment:checking '/home/precag/Documents/ros2-ws/install/urg_node_msgs' for CMake config files
[5.112s] Level 1:colcon.colcon_core.shell:create_environment_hook('urg_node_msgs', 'cmake_prefix_path')
[5.128s] INFO:colcon.colcon_core.shell:Creating environment hook '/home/precag/Documents/ros2-ws/install/urg_node_msgs/share/urg_node_msgs/hook/cmake_prefix_path.ps1'
[5.129s] INFO:colcon.colcon_core.shell:Creating environment descriptor '/home/precag/Documents/ros2-ws/install/urg_node_msgs/share/urg_node_msgs/hook/cmake_prefix_path.dsv'
[5.129s] INFO:colcon.colcon_core.shell:Creating environment hook '/home/precag/Documents/ros2-ws/install/urg_node_msgs/share/urg_node_msgs/hook/cmake_prefix_path.sh'
[5.130s] Level 1:colcon.colcon_core.environment:checking '/home/precag/Documents/ros2-ws/install/urg_node_msgs/lib'
[5.130s] Level 1:colcon.colcon_core.shell:create_environment_hook('urg_node_msgs', 'ld_library_path_lib')
[5.146s] INFO:colcon.colcon_core.shell:Creating environment hook '/home/precag/Documents/ros2-ws/install/urg_node_msgs/share/urg_node_msgs/hook/ld_library_path_lib.ps1'
[5.146s] INFO:colcon.colcon_core.shell:Creating environment descriptor '/home/precag/Documents/ros2-ws/install/urg_node_msgs/share/urg_node_msgs/hook/ld_library_path_lib.dsv'
[5.147s] INFO:colcon.colcon_core.shell:Creating environment hook '/home/precag/Documents/ros2-ws/install/urg_node_msgs/share/urg_node_msgs/hook/ld_library_path_lib.sh'
[5.147s] Level 1:colcon.colcon_core.environment:checking '/home/precag/Documents/ros2-ws/install/urg_node_msgs/bin'
[5.147s] Level 1:colcon.colcon_core.environment:checking '/home/precag/Documents/ros2-ws/install/urg_node_msgs/lib/pkgconfig/urg_node_msgs.pc'
[5.147s] Level 1:colcon.colcon_core.environment:checking '/home/precag/Documents/ros2-ws/install/urg_node_msgs/lib/python3.9/site-packages'
[5.148s] Level 1:colcon.colcon_core.environment:checking '/home/precag/Documents/ros2-ws/install/urg_node_msgs/bin'
[5.164s] INFO:colcon.colcon_core.shell:Creating package script '/home/precag/Documents/ros2-ws/install/urg_node_msgs/share/urg_node_msgs/package.ps1'
[5.164s] INFO:colcon.colcon_core.shell:Creating package descriptor '/home/precag/Documents/ros2-ws/install/urg_node_msgs/share/urg_node_msgs/package.dsv'
[5.165s] INFO:colcon.colcon_core.shell:Creating package script '/home/precag/Documents/ros2-ws/install/urg_node_msgs/share/urg_node_msgs/package.sh'
[5.165s] INFO:colcon.colcon_core.shell:Creating package script '/home/precag/Documents/ros2-ws/install/urg_node_msgs/share/urg_node_msgs/package.bash'
[5.166s] INFO:colcon.colcon_core.shell:Creating package script '/home/precag/Documents/ros2-ws/install/urg_node_msgs/share/urg_node_msgs/package.zsh'
[5.177s] Level 1:colcon.colcon_core.environment:create_file_with_runtime_dependencies(/home/precag/Documents/ros2-ws/install/urg_node_msgs/share/colcon-core/packages/urg_node_msgs)
[5.193s] DEBUG:colcon.colcon_core.event_handler.log_command:Invoked command in '/home/precag/Documents/ros2-ws/build/rtabmap' returned '0': CMAKE_PREFIX_PATH=/opt/ros/humble CONDA_PROMPT_MODIFIER=(base) /usr/bin/cmake --install /home/precag/Documents/ros2-ws/build/rtabmap
[5.243s] Level 1:colcon.colcon_core.shell:create_environment_hook('rtabmap', 'pkg_config_path')
[5.260s] INFO:colcon.colcon_core.shell:Creating environment hook '/home/precag/Documents/ros2-ws/install/rtabmap/share/rtabmap/hook/pkg_config_path.ps1'
[5.260s] INFO:colcon.colcon_core.shell:Creating environment descriptor '/home/precag/Documents/ros2-ws/install/rtabmap/share/rtabmap/hook/pkg_config_path.dsv'
[5.261s] INFO:colcon.colcon_core.shell:Creating environment hook '/home/precag/Documents/ros2-ws/install/rtabmap/share/rtabmap/hook/pkg_config_path.sh'
[5.264s] Level 1:colcon.colcon_core.shell:create_environment_hook('rtabmap', 'pkg_config_path_multiarch')
[5.281s] INFO:colcon.colcon_core.shell:Creating environment hook '/home/precag/Documents/ros2-ws/install/rtabmap/share/rtabmap/hook/pkg_config_path_multiarch.ps1'
[5.282s] INFO:colcon.colcon_core.shell:Creating environment descriptor '/home/precag/Documents/ros2-ws/install/rtabmap/share/rtabmap/hook/pkg_config_path_multiarch.dsv'
[5.282s] INFO:colcon.colcon_core.shell:Creating environment hook '/home/precag/Documents/ros2-ws/install/rtabmap/share/rtabmap/hook/pkg_config_path_multiarch.sh'
[5.282s] Level 1:colcon.colcon_core.environment:create_environment_scripts_only(rtabmap)
[5.298s] Level 1:colcon.colcon_core.environment:checking '/home/precag/Documents/ros2-ws/install/rtabmap' for CMake module files
[5.299s] Level 1:colcon.colcon_core.environment:checking '/home/precag/Documents/ros2-ws/install/rtabmap' for CMake config files
[5.299s] Level 1:colcon.colcon_core.shell:create_environment_hook('rtabmap', 'cmake_prefix_path')
[5.314s] INFO:colcon.colcon_core.shell:Creating environment hook '/home/precag/Documents/ros2-ws/install/rtabmap/share/rtabmap/hook/cmake_prefix_path.ps1'
[5.315s] INFO:colcon.colcon_core.shell:Creating environment descriptor '/home/precag/Documents/ros2-ws/install/rtabmap/share/rtabmap/hook/cmake_prefix_path.dsv'
[5.315s] INFO:colcon.colcon_core.shell:Creating environment hook '/home/precag/Documents/ros2-ws/install/rtabmap/share/rtabmap/hook/cmake_prefix_path.sh'
[5.316s] Level 1:colcon.colcon_core.environment:checking '/home/precag/Documents/ros2-ws/install/rtabmap/lib'
[5.316s] Level 1:colcon.colcon_core.shell:create_environment_hook('rtabmap', 'ld_library_path_lib')
[5.331s] INFO:colcon.colcon_core.shell:Creating environment hook '/home/precag/Documents/ros2-ws/install/rtabmap/share/rtabmap/hook/ld_library_path_lib.ps1'
[5.332s] INFO:colcon.colcon_core.shell:Creating environment descriptor '/home/precag/Documents/ros2-ws/install/rtabmap/share/rtabmap/hook/ld_library_path_lib.dsv'
[5.332s] INFO:colcon.colcon_core.shell:Creating environment hook '/home/precag/Documents/ros2-ws/install/rtabmap/share/rtabmap/hook/ld_library_path_lib.sh'
[5.332s] Level 1:colcon.colcon_core.environment:checking '/home/precag/Documents/ros2-ws/install/rtabmap/bin'
[5.332s] Level 1:colcon.colcon_core.shell:create_environment_hook('rtabmap', 'path')
[5.348s] INFO:colcon.colcon_core.shell:Creating environment hook '/home/precag/Documents/ros2-ws/install/rtabmap/share/rtabmap/hook/path.ps1'
[5.348s] INFO:colcon.colcon_core.shell:Creating environment descriptor '/home/precag/Documents/ros2-ws/install/rtabmap/share/rtabmap/hook/path.dsv'
[5.349s] INFO:colcon.colcon_core.shell:Creating environment hook '/home/precag/Documents/ros2-ws/install/rtabmap/share/rtabmap/hook/path.sh'
[5.349s] Level 1:colcon.colcon_core.environment:checking '/home/precag/Documents/ros2-ws/install/rtabmap/lib/pkgconfig/rtabmap.pc'
[5.349s] Level 1:colcon.colcon_core.environment:checking '/home/precag/Documents/ros2-ws/install/rtabmap/lib/python3.9/site-packages'
[5.350s] Level 1:colcon.colcon_core.environment:checking '/home/precag/Documents/ros2-ws/install/rtabmap/bin'
[5.350s] Level 1:colcon.colcon_core.shell:create_environment_hook('rtabmap', 'pythonscriptspath')
[5.365s] INFO:colcon.colcon_core.shell:Creating environment hook '/home/precag/Documents/ros2-ws/install/rtabmap/share/rtabmap/hook/pythonscriptspath.ps1'
[5.365s] INFO:colcon.colcon_core.shell:Creating environment descriptor '/home/precag/Documents/ros2-ws/install/rtabmap/share/rtabmap/hook/pythonscriptspath.dsv'
[5.366s] INFO:colcon.colcon_core.shell:Creating environment hook '/home/precag/Documents/ros2-ws/install/rtabmap/share/rtabmap/hook/pythonscriptspath.sh'
[5.382s] INFO:colcon.colcon_core.shell:Creating package script '/home/precag/Documents/ros2-ws/install/rtabmap/share/rtabmap/package.ps1'
[5.382s] INFO:colcon.colcon_core.shell:Creating package descriptor '/home/precag/Documents/ros2-ws/install/rtabmap/share/rtabmap/package.dsv'
[5.383s] INFO:colcon.colcon_core.shell:Creating package script '/home/precag/Documents/ros2-ws/install/rtabmap/share/rtabmap/package.sh'
[5.384s] INFO:colcon.colcon_core.shell:Creating package script '/home/precag/Documents/ros2-ws/install/rtabmap/share/rtabmap/package.bash'
[5.384s] INFO:colcon.colcon_core.shell:Creating package script '/home/precag/Documents/ros2-ws/install/rtabmap/share/rtabmap/package.zsh'
[5.384s] Level 1:colcon.colcon_core.environment:create_file_with_runtime_dependencies(/home/precag/Documents/ros2-ws/install/rtabmap/share/colcon-core/packages/rtabmap)
[5.402s] Level 1:colcon.colcon_core.environment:create_environment_scripts_only(urg_node_msgs)
[5.417s] Level 1:colcon.colcon_core.environment:checking '/home/precag/Documents/ros2-ws/install/urg_node_msgs' for CMake module files
[5.418s] Level 1:colcon.colcon_core.environment:checking '/home/precag/Documents/ros2-ws/install/urg_node_msgs' for CMake config files
[5.418s] Level 1:colcon.colcon_core.shell:create_environment_hook('urg_node_msgs', 'cmake_prefix_path')
[5.434s] INFO:colcon.colcon_core.shell:Creating environment hook '/home/precag/Documents/ros2-ws/install/urg_node_msgs/share/urg_node_msgs/hook/cmake_prefix_path.ps1'
[5.434s] INFO:colcon.colcon_core.shell:Creating environment descriptor '/home/precag/Documents/ros2-ws/install/urg_node_msgs/share/urg_node_msgs/hook/cmake_prefix_path.dsv'
[5.434s] INFO:colcon.colcon_core.shell:Creating environment hook '/home/precag/Documents/ros2-ws/install/urg_node_msgs/share/urg_node_msgs/hook/cmake_prefix_path.sh'
[5.435s] Level 1:colcon.colcon_core.environment:checking '/home/precag/Documents/ros2-ws/install/urg_node_msgs/lib'
[5.435s] Level 1:colcon.colcon_core.shell:create_environment_hook('urg_node_msgs', 'ld_library_path_lib')
[5.451s] INFO:colcon.colcon_core.shell:Creating environment hook '/home/precag/Documents/ros2-ws/install/urg_node_msgs/share/urg_node_msgs/hook/ld_library_path_lib.ps1'
[5.451s] INFO:colcon.colcon_core.shell:Creating environment descriptor '/home/precag/Documents/ros2-ws/install/urg_node_msgs/share/urg_node_msgs/hook/ld_library_path_lib.dsv'
[5.451s] INFO:colcon.colcon_core.shell:Creating environment hook '/home/precag/Documents/ros2-ws/install/urg_node_msgs/share/urg_node_msgs/hook/ld_library_path_lib.sh'
[5.452s] Level 1:colcon.colcon_core.environment:checking '/home/precag/Documents/ros2-ws/install/urg_node_msgs/bin'
[5.452s] Level 1:colcon.colcon_core.environment:checking '/home/precag/Documents/ros2-ws/install/urg_node_msgs/lib/pkgconfig/urg_node_msgs.pc'
[5.452s] Level 1:colcon.colcon_core.environment:checking '/home/precag/Documents/ros2-ws/install/urg_node_msgs/lib/python3.9/site-packages'
[5.453s] Level 1:colcon.colcon_core.environment:checking '/home/precag/Documents/ros2-ws/install/urg_node_msgs/bin'
[5.468s] INFO:colcon.colcon_core.shell:Creating package script '/home/precag/Documents/ros2-ws/install/urg_node_msgs/share/urg_node_msgs/package.ps1'
[5.468s] INFO:colcon.colcon_core.shell:Creating package descriptor '/home/precag/Documents/ros2-ws/install/urg_node_msgs/share/urg_node_msgs/package.dsv'
[5.469s] INFO:colcon.colcon_core.shell:Creating package script '/home/precag/Documents/ros2-ws/install/urg_node_msgs/share/urg_node_msgs/package.sh'
[5.469s] INFO:colcon.colcon_core.shell:Creating package script '/home/precag/Documents/ros2-ws/install/urg_node_msgs/share/urg_node_msgs/package.bash'
[5.470s] INFO:colcon.colcon_core.shell:Creating package script '/home/precag/Documents/ros2-ws/install/urg_node_msgs/share/urg_node_msgs/package.zsh'
[5.470s] Level 1:colcon.colcon_core.environment:create_file_with_runtime_dependencies(/home/precag/Documents/ros2-ws/install/urg_node_msgs/share/colcon-core/packages/urg_node_msgs)
[5.470s] INFO:colcon.colcon_ros.task.ament_cmake.build:Building ROS package in '/home/precag/Documents/ros2-ws/src/urg_node' with build type 'ament_cmake'
[5.471s] INFO:colcon.colcon_cmake.task.cmake.build:Building CMake package in '/home/precag/Documents/ros2-ws/src/urg_node'
[5.488s] INFO:colcon.colcon_core.shell:Skip shell extension 'powershell' for command environment: Not usable outside of PowerShell
[5.488s] DEBUG:colcon.colcon_core.shell:Skip shell extension 'dsv' for command environment
[5.539s] DEBUG:colcon.colcon_core.event_handler.log_command:Invoking command in '/home/precag/Documents/ros2-ws/build/urg_node': AMENT_PREFIX_PATH=/home/precag/Documents/ros2-ws/install/urg_node_msgs:/home/precag/Documents/ros2-ws/install/urg_c:/home/precag/Documents/ros2-ws/install/laser_proc:${AMENT_PREFIX_PATH} CMAKE_PREFIX_PATH=/home/precag/Documents/ros2-ws/install/urg_node_msgs:/home/precag/Documents/ros2-ws/install/urg_c:/home/precag/Documents/ros2-ws/install/laser_proc:/opt/ros/humble CONDA_PROMPT_MODIFIER=(base) LD_LIBRARY_PATH=/home/precag/Documents/ros2-ws/install/urg_node_msgs/lib:/home/precag/Documents/ros2-ws/install/urg_c/lib:/home/precag/Documents/ros2-ws/install/laser_proc/lib:/usr/lib/x86_64-linux-gnu/gazebo-11/plugins:/opt/ros/humble/opt/rviz_ogre_vendor/lib:/opt/ros/humble/lib/x86_64-linux-gnu:/opt/ros/humble/lib:/usr/local/cuda/lib64 PATH=/home/precag/Documents/ros2-ws/install/urg_c/bin:${PATH} PYTHONPATH=/home/precag/Documents/ros2-ws/install/urg_node_msgs/local/lib/python3.10/dist-packages:${PYTHONPATH} /usr/bin/cmake --build /home/precag/Documents/ros2-ws/build/urg_node -- -j8 -l8
[5.637s] DEBUG:colcon.colcon_core.event_handler.log_command:Invoked command in '/home/precag/Documents/ros2-ws/build/urg_node' returned '0': AMENT_PREFIX_PATH=/home/precag/Documents/ros2-ws/install/urg_node_msgs:/home/precag/Documents/ros2-ws/install/urg_c:/home/precag/Documents/ros2-ws/install/laser_proc:${AMENT_PREFIX_PATH} CMAKE_PREFIX_PATH=/home/precag/Documents/ros2-ws/install/urg_node_msgs:/home/precag/Documents/ros2-ws/install/urg_c:/home/precag/Documents/ros2-ws/install/laser_proc:/opt/ros/humble CONDA_PROMPT_MODIFIER=(base) LD_LIBRARY_PATH=/home/precag/Documents/ros2-ws/install/urg_node_msgs/lib:/home/precag/Documents/ros2-ws/install/urg_c/lib:/home/precag/Documents/ros2-ws/install/laser_proc/lib:/usr/lib/x86_64-linux-gnu/gazebo-11/plugins:/opt/ros/humble/opt/rviz_ogre_vendor/lib:/opt/ros/humble/lib/x86_64-linux-gnu:/opt/ros/humble/lib:/usr/local/cuda/lib64 PATH=/home/precag/Documents/ros2-ws/install/urg_c/bin:${PATH} PYTHONPATH=/home/precag/Documents/ros2-ws/install/urg_node_msgs/local/lib/python3.10/dist-packages:${PYTHONPATH} /usr/bin/cmake --build /home/precag/Documents/ros2-ws/build/urg_node -- -j8 -l8
[5.672s] DEBUG:colcon.colcon_core.event_handler.log_command:Invoking command in '/home/precag/Documents/ros2-ws/build/urg_node': AMENT_PREFIX_PATH=/home/precag/Documents/ros2-ws/install/urg_node_msgs:/home/precag/Documents/ros2-ws/install/urg_c:/home/precag/Documents/ros2-ws/install/laser_proc:${AMENT_PREFIX_PATH} CMAKE_PREFIX_PATH=/home/precag/Documents/ros2-ws/install/urg_node_msgs:/home/precag/Documents/ros2-ws/install/urg_c:/home/precag/Documents/ros2-ws/install/laser_proc:/opt/ros/humble CONDA_PROMPT_MODIFIER=(base) LD_LIBRARY_PATH=/home/precag/Documents/ros2-ws/install/urg_node_msgs/lib:/home/precag/Documents/ros2-ws/install/urg_c/lib:/home/precag/Documents/ros2-ws/install/laser_proc/lib:/usr/lib/x86_64-linux-gnu/gazebo-11/plugins:/opt/ros/humble/opt/rviz_ogre_vendor/lib:/opt/ros/humble/lib/x86_64-linux-gnu:/opt/ros/humble/lib:/usr/local/cuda/lib64 PATH=/home/precag/Documents/ros2-ws/install/urg_c/bin:${PATH} PYTHONPATH=/home/precag/Documents/ros2-ws/install/urg_node_msgs/local/lib/python3.10/dist-packages:${PYTHONPATH} /usr/bin/cmake --install /home/precag/Documents/ros2-ws/build/urg_node
[5.694s] Level 1:colcon.colcon_core.environment:create_environment_scripts_only(urg_node)
[5.695s] DEBUG:colcon.colcon_core.event_handler.log_command:Invoked command in '/home/precag/Documents/ros2-ws/build/urg_node' returned '0': AMENT_PREFIX_PATH=/home/precag/Documents/ros2-ws/install/urg_node_msgs:/home/precag/Documents/ros2-ws/install/urg_c:/home/precag/Documents/ros2-ws/install/laser_proc:${AMENT_PREFIX_PATH} CMAKE_PREFIX_PATH=/home/precag/Documents/ros2-ws/install/urg_node_msgs:/home/precag/Documents/ros2-ws/install/urg_c:/home/precag/Documents/ros2-ws/install/laser_proc:/opt/ros/humble CONDA_PROMPT_MODIFIER=(base) LD_LIBRARY_PATH=/home/precag/Documents/ros2-ws/install/urg_node_msgs/lib:/home/precag/Documents/ros2-ws/install/urg_c/lib:/home/precag/Documents/ros2-ws/install/laser_proc/lib:/usr/lib/x86_64-linux-gnu/gazebo-11/plugins:/opt/ros/humble/opt/rviz_ogre_vendor/lib:/opt/ros/humble/lib/x86_64-linux-gnu:/opt/ros/humble/lib:/usr/local/cuda/lib64 PATH=/home/precag/Documents/ros2-ws/install/urg_c/bin:${PATH} PYTHONPATH=/home/precag/Documents/ros2-ws/install/urg_node_msgs/local/lib/python3.10/dist-packages:${PYTHONPATH} /usr/bin/cmake --install /home/precag/Documents/ros2-ws/build/urg_node
[5.725s] Level 1:colcon.colcon_core.environment:checking '/home/precag/Documents/ros2-ws/install/urg_node' for CMake module files
[5.726s] Level 1:colcon.colcon_core.environment:checking '/home/precag/Documents/ros2-ws/install/urg_node' for CMake config files
[5.727s] Level 1:colcon.colcon_core.shell:create_environment_hook('urg_node', 'cmake_prefix_path')
[5.746s] INFO:colcon.colcon_core.shell:Creating environment hook '/home/precag/Documents/ros2-ws/install/urg_node/share/urg_node/hook/cmake_prefix_path.ps1'
[5.746s] INFO:colcon.colcon_core.shell:Creating environment descriptor '/home/precag/Documents/ros2-ws/install/urg_node/share/urg_node/hook/cmake_prefix_path.dsv'
[5.747s] INFO:colcon.colcon_core.shell:Creating environment hook '/home/precag/Documents/ros2-ws/install/urg_node/share/urg_node/hook/cmake_prefix_path.sh'
[5.747s] Level 1:colcon.colcon_core.environment:checking '/home/precag/Documents/ros2-ws/install/urg_node/lib'
[5.747s] Level 1:colcon.colcon_core.shell:create_environment_hook('urg_node', 'ld_library_path_lib')
[5.763s] INFO:colcon.colcon_core.shell:Creating environment hook '/home/precag/Documents/ros2-ws/install/urg_node/share/urg_node/hook/ld_library_path_lib.ps1'
[5.763s] INFO:colcon.colcon_core.shell:Creating environment descriptor '/home/precag/Documents/ros2-ws/install/urg_node/share/urg_node/hook/ld_library_path_lib.dsv'
[5.763s] INFO:colcon.colcon_core.shell:Creating environment hook '/home/precag/Documents/ros2-ws/install/urg_node/share/urg_node/hook/ld_library_path_lib.sh'
[5.764s] Level 1:colcon.colcon_core.environment:checking '/home/precag/Documents/ros2-ws/install/urg_node/bin'
[5.764s] Level 1:colcon.colcon_core.environment:checking '/home/precag/Documents/ros2-ws/install/urg_node/lib/pkgconfig/urg_node.pc'
[5.764s] Level 1:colcon.colcon_core.environment:checking '/home/precag/Documents/ros2-ws/install/urg_node/lib/python3.9/site-packages'
[5.765s] Level 1:colcon.colcon_core.environment:checking '/home/precag/Documents/ros2-ws/install/urg_node/bin'
[5.781s] INFO:colcon.colcon_core.shell:Creating package script '/home/precag/Documents/ros2-ws/install/urg_node/share/urg_node/package.ps1'
[5.782s] INFO:colcon.colcon_core.shell:Creating package descriptor '/home/precag/Documents/ros2-ws/install/urg_node/share/urg_node/package.dsv'
[5.782s] INFO:colcon.colcon_core.shell:Creating package script '/home/precag/Documents/ros2-ws/install/urg_node/share/urg_node/package.sh'
[5.783s] INFO:colcon.colcon_core.shell:Creating package script '/home/precag/Documents/ros2-ws/install/urg_node/share/urg_node/package.bash'
[5.783s] INFO:colcon.colcon_core.shell:Creating package script '/home/precag/Documents/ros2-ws/install/urg_node/share/urg_node/package.zsh'
[5.784s] Level 1:colcon.colcon_core.environment:create_file_with_runtime_dependencies(/home/precag/Documents/ros2-ws/install/urg_node/share/colcon-core/packages/urg_node)
[5.837s] Level 1:colcon.colcon_core.environment:create_environment_scripts_only(urg_node)
[5.855s] Level 1:colcon.colcon_core.environment:checking '/home/precag/Documents/ros2-ws/install/urg_node' for CMake module files
[5.855s] Level 1:colcon.colcon_core.environment:checking '/home/precag/Documents/ros2-ws/install/urg_node' for CMake config files
[5.856s] Level 1:colcon.colcon_core.shell:create_environment_hook('urg_node', 'cmake_prefix_path')
[5.872s] INFO:colcon.colcon_core.shell:Creating environment hook '/home/precag/Documents/ros2-ws/install/urg_node/share/urg_node/hook/cmake_prefix_path.ps1'
[5.872s] INFO:colcon.colcon_core.shell:Creating environment descriptor '/home/precag/Documents/ros2-ws/install/urg_node/share/urg_node/hook/cmake_prefix_path.dsv'
[5.872s] INFO:colcon.colcon_core.shell:Creating environment hook '/home/precag/Documents/ros2-ws/install/urg_node/share/urg_node/hook/cmake_prefix_path.sh'
[5.873s] Level 1:colcon.colcon_core.environment:checking '/home/precag/Documents/ros2-ws/install/urg_node/lib'
[5.873s] Level 1:colcon.colcon_core.shell:create_environment_hook('urg_node', 'ld_library_path_lib')
[5.889s] INFO:colcon.colcon_core.shell:Creating environment hook '/home/precag/Documents/ros2-ws/install/urg_node/share/urg_node/hook/ld_library_path_lib.ps1'
[5.890s] INFO:colcon.colcon_core.shell:Creating environment descriptor '/home/precag/Documents/ros2-ws/install/urg_node/share/urg_node/hook/ld_library_path_lib.dsv'
[5.890s] INFO:colcon.colcon_core.shell:Creating environment hook '/home/precag/Documents/ros2-ws/install/urg_node/share/urg_node/hook/ld_library_path_lib.sh'
[5.891s] Level 1:colcon.colcon_core.environment:checking '/home/precag/Documents/ros2-ws/install/urg_node/bin'
[5.891s] Level 1:colcon.colcon_core.environment:checking '/home/precag/Documents/ros2-ws/install/urg_node/lib/pkgconfig/urg_node.pc'
[5.891s] Level 1:colcon.colcon_core.environment:checking '/home/precag/Documents/ros2-ws/install/urg_node/lib/python3.9/site-packages'
[5.892s] Level 1:colcon.colcon_core.environment:checking '/home/precag/Documents/ros2-ws/install/urg_node/bin'
[5.913s] INFO:colcon.colcon_core.shell:Creating package script '/home/precag/Documents/ros2-ws/install/urg_node/share/urg_node/package.ps1'
[5.914s] INFO:colcon.colcon_core.shell:Creating package descriptor '/home/precag/Documents/ros2-ws/install/urg_node/share/urg_node/package.dsv'
[5.914s] INFO:colcon.colcon_core.shell:Creating package script '/home/precag/Documents/ros2-ws/install/urg_node/share/urg_node/package.sh'
[5.915s] INFO:colcon.colcon_core.shell:Creating package script '/home/precag/Documents/ros2-ws/install/urg_node/share/urg_node/package.bash'
[5.915s] INFO:colcon.colcon_core.shell:Creating package script '/home/precag/Documents/ros2-ws/install/urg_node/share/urg_node/package.zsh'
[5.915s] Level 1:colcon.colcon_core.environment:create_file_with_runtime_dependencies(/home/precag/Documents/ros2-ws/install/urg_node/share/colcon-core/packages/urg_node)
[5.916s] DEBUG:colcon.colcon_parallel_executor.executor.parallel:closing loop
[5.916s] DEBUG:colcon.colcon_parallel_executor.executor.parallel:loop closed
[5.916s] DEBUG:colcon.colcon_parallel_executor.executor.parallel:run_until_complete finished with '0'
[5.916s] DEBUG:colcon.colcon_core.event_reactor:joining thread
[5.935s] INFO:colcon.colcon_core.plugin_system:Skipping extension 'colcon_notification.desktop_notification.notify2': 'notify2' not found
[5.935s] INFO:colcon.colcon_core.plugin_system:Skipping extension 'colcon_notification.desktop_notification.terminal_notifier': Not used on non-Darwin systems
[5.935s] INFO:colcon.colcon_core.plugin_system:Skipping extension 'colcon_notification.desktop_notification.win32': Not used on non-Windows systems
[5.935s] INFO:colcon.colcon_notification.desktop_notification:Sending desktop notification using 'notify_send'
[5.957s] DEBUG:colcon.colcon_core.event_reactor:joined thread
[5.976s] INFO:colcon.colcon_core.shell:Creating prefix script '/home/precag/Documents/ros2-ws/install/local_setup.ps1'
[5.977s] INFO:colcon.colcon_core.shell:Creating prefix util module '/home/precag/Documents/ros2-ws/install/_local_setup_util_ps1.py'
[5.979s] INFO:colcon.colcon_core.shell:Creating prefix chain script '/home/precag/Documents/ros2-ws/install/setup.ps1'
[5.997s] INFO:colcon.colcon_core.shell:Creating prefix script '/home/precag/Documents/ros2-ws/install/local_setup.sh'
[5.997s] INFO:colcon.colcon_core.shell:Creating prefix util module '/home/precag/Documents/ros2-ws/install/_local_setup_util_sh.py'
[5.998s] INFO:colcon.colcon_core.shell:Creating prefix chain script '/home/precag/Documents/ros2-ws/install/setup.sh'
[6.023s] INFO:colcon.colcon_core.shell:Creating prefix script '/home/precag/Documents/ros2-ws/install/local_setup.bash'
[6.023s] INFO:colcon.colcon_core.shell:Creating prefix chain script '/home/precag/Documents/ros2-ws/install/setup.bash'
[6.051s] INFO:colcon.colcon_core.shell:Creating prefix script '/home/precag/Documents/ros2-ws/install/local_setup.zsh'
[6.051s] INFO:colcon.colcon_core.shell:Creating prefix chain script '/home/precag/Documents/ros2-ws/install/setup.zsh'
