[0.388s] Invoking command in '/home/precag/Documents/ros2-ws/build/urg_node': AMENT_PREFIX_PATH=/home/precag/Documents/ros2-ws/install/urg_node_msgs:/home/precag/Documents/ros2-ws/install/urg_c:/home/precag/Documents/ros2-ws/install/laser_proc:${AMENT_PREFIX_PATH} CMAKE_PREFIX_PATH=/home/precag/Documents/ros2-ws/install/urg_node_msgs:/home/precag/Documents/ros2-ws/install/urg_c:/home/precag/Documents/ros2-ws/install/laser_proc:/opt/ros/humble CONDA_PROMPT_MODIFIER=(base) LD_LIBRARY_PATH=/home/precag/Documents/ros2-ws/install/urg_node_msgs/lib:/home/precag/Documents/ros2-ws/install/urg_c/lib:/home/precag/Documents/ros2-ws/install/laser_proc/lib:/usr/lib/x86_64-linux-gnu/gazebo-11/plugins:/opt/ros/humble/opt/rviz_ogre_vendor/lib:/opt/ros/humble/lib/x86_64-linux-gnu:/opt/ros/humble/lib:/usr/local/cuda/lib64 PATH=/home/precag/Documents/ros2-ws/install/urg_c/bin:${PATH} PYTHONPATH=/home/precag/Documents/ros2-ws/install/urg_node_msgs/local/lib/python3.10/dist-packages:${PYTHONPATH} /usr/bin/cmake /home/precag/Documents/ros2-ws/src/urg_node -DAMENT_CMAKE_SYMLINK_INSTALL=1 -DCMAKE_INSTALL_PREFIX=/home/precag/Documents/ros2-ws/install/urg_node
[0.681s] -- The C compiler identification is GNU 11.4.0
[0.926s] -- The CXX compiler identification is GNU 11.4.0
[0.959s] -- Detecting C compiler ABI info
[1.333s] -- Detecting C compiler ABI info - done
[1.362s] -- Check for working C compiler: /usr/bin/cc - skipped
[1.363s] -- Detecting C compile features
[1.363s] -- Detecting C compile features - done
[1.369s] -- Detecting CXX compiler ABI info
[1.763s] -- Detecting CXX compiler ABI info - done
[1.796s] -- Check for working CXX compiler: /usr/bin/c++ - skipped
[1.796s] -- Detecting CXX compile features
[1.797s] -- Detecting CXX compile features - done
[1.830s] -- Found ament_cmake: 1.3.7 (/opt/ros/humble/share/ament_cmake/cmake)
[2.694s] -- Found Python3: /usr/bin/python3.10 (found version "3.10.12") found components: Interpreter 
[2.971s] -- Override CMake install command with custom implementation using symlinks instead of copying resources
[3.137s] -- Found Boost: /usr/lib/x86_64-linux-gnu/cmake/Boost-1.74.0/BoostConfig.cmake (found version "1.74.0")  
[3.142s] -- Found diagnostic_updater: 3.1.2 (/opt/ros/humble/share/diagnostic_updater/cmake)
[3.350s] -- Found rosidl_generator_c: 3.1.5 (/opt/ros/humble/share/rosidl_generator_c/cmake)
[3.373s] -- Found rosidl_adapter: 3.1.5 (/opt/ros/humble/share/rosidl_adapter/cmake)
[3.405s] -- Found rosidl_generator_cpp: 3.1.5 (/opt/ros/humble/share/rosidl_generator_cpp/cmake)
[3.457s] -- Using all available rosidl_typesupport_c: rosidl_typesupport_fastrtps_c;rosidl_typesupport_introspection_c
[3.534s] -- Using all available rosidl_typesupport_cpp: rosidl_typesupport_fastrtps_cpp;rosidl_typesupport_introspection_cpp
[4.121s] -- Found rmw_implementation_cmake: 6.1.1 (/opt/ros/humble/share/rmw_implementation_cmake/cmake)
[4.134s] -- Found rmw_fastrtps_cpp: 6.2.6 (/opt/ros/humble/share/rmw_fastrtps_cpp/cmake)
[4.503s] -- Found OpenSSL: /usr/lib/x86_64-linux-gnu/libcrypto.so (found version "3.0.2")  
[4.613s] -- Found FastRTPS: /opt/ros/humble/include  
[4.781s] -- Using RMW implementation 'rmw_fastrtps_cpp' as default
[4.820s] -- Looking for pthread.h
[5.237s] -- Looking for pthread.h - found
[5.237s] -- Performing Test CMAKE_HAVE_LIBC_PTHREAD
[5.635s] -- Performing Test CMAKE_HAVE_LIBC_PTHREAD - Success
[5.637s] -- Found Threads: TRUE  
[6.192s] -- Found laser_proc: 1.0.2 (/home/precag/Documents/ros2-ws/install/laser_proc/share/laser_proc/cmake)
[6.673s] -- Found rclcpp_components: 16.0.8 (/opt/ros/humble/share/rclcpp_components/cmake)
[6.849s] -- Found std_srvs: 4.2.3 (/opt/ros/humble/share/std_srvs/cmake)
[6.911s] -- Found urg_c: 1.0.4001 (/home/precag/Documents/ros2-ws/install/urg_c/share/urg_c/cmake)
[6.915s] -- Found urg_node_msgs: 1.0.1 (/home/precag/Documents/ros2-ws/install/urg_node_msgs/share/urg_node_msgs/cmake)
[7.078s] -- Found ament_lint_auto: 0.12.10 (/opt/ros/humble/share/ament_lint_auto/cmake)
[7.425s] -- Added test 'cppcheck' to perform static code analysis on C / C++ code
[7.425s] -- Configured cppcheck include dirs: $<BUILD_INTERFACE:/home/precag/Documents/ros2-ws/src/urg_node/include>
[7.425s] -- Configured cppcheck exclude dirs and/or files: 
[7.435s] -- Added test 'cpplint' to check C / C++ code against the Google style
[7.436s] -- Configured cpplint exclude dirs and/or files: 
[7.441s] -- Added test 'flake8' to check Python code syntax and style conventions
[7.453s] -- Added test 'lint_cmake' to check CMake code style
[7.462s] -- Added test 'pep257' to check Python code against some of the docstring style conventions in PEP 257
[7.462s] -- Added test 'uncrustify' to check C / C++ code style
[7.462s] -- Configured uncrustify additional arguments: 
[7.481s] -- Added test 'xmllint' to check XML markup files
[7.481s] -- Configuring done
[7.602s] -- Generating done
[7.617s] -- Build files have been written to: /home/precag/Documents/ros2-ws/build/urg_node
[7.701s] Invoked command in '/home/precag/Documents/ros2-ws/build/urg_node' returned '0': AMENT_PREFIX_PATH=/home/precag/Documents/ros2-ws/install/urg_node_msgs:/home/precag/Documents/ros2-ws/install/urg_c:/home/precag/Documents/ros2-ws/install/laser_proc:${AMENT_PREFIX_PATH} CMAKE_PREFIX_PATH=/home/precag/Documents/ros2-ws/install/urg_node_msgs:/home/precag/Documents/ros2-ws/install/urg_c:/home/precag/Documents/ros2-ws/install/laser_proc:/opt/ros/humble CONDA_PROMPT_MODIFIER=(base) LD_LIBRARY_PATH=/home/precag/Documents/ros2-ws/install/urg_node_msgs/lib:/home/precag/Documents/ros2-ws/install/urg_c/lib:/home/precag/Documents/ros2-ws/install/laser_proc/lib:/usr/lib/x86_64-linux-gnu/gazebo-11/plugins:/opt/ros/humble/opt/rviz_ogre_vendor/lib:/opt/ros/humble/lib/x86_64-linux-gnu:/opt/ros/humble/lib:/usr/local/cuda/lib64 PATH=/home/precag/Documents/ros2-ws/install/urg_c/bin:${PATH} PYTHONPATH=/home/precag/Documents/ros2-ws/install/urg_node_msgs/local/lib/python3.10/dist-packages:${PYTHONPATH} /usr/bin/cmake /home/precag/Documents/ros2-ws/src/urg_node -DAMENT_CMAKE_SYMLINK_INSTALL=1 -DCMAKE_INSTALL_PREFIX=/home/precag/Documents/ros2-ws/install/urg_node
[7.703s] Invoking command in '/home/precag/Documents/ros2-ws/build/urg_node': AMENT_PREFIX_PATH=/home/precag/Documents/ros2-ws/install/urg_node_msgs:/home/precag/Documents/ros2-ws/install/urg_c:/home/precag/Documents/ros2-ws/install/laser_proc:${AMENT_PREFIX_PATH} CMAKE_PREFIX_PATH=/home/precag/Documents/ros2-ws/install/urg_node_msgs:/home/precag/Documents/ros2-ws/install/urg_c:/home/precag/Documents/ros2-ws/install/laser_proc:/opt/ros/humble CONDA_PROMPT_MODIFIER=(base) LD_LIBRARY_PATH=/home/precag/Documents/ros2-ws/install/urg_node_msgs/lib:/home/precag/Documents/ros2-ws/install/urg_c/lib:/home/precag/Documents/ros2-ws/install/laser_proc/lib:/usr/lib/x86_64-linux-gnu/gazebo-11/plugins:/opt/ros/humble/opt/rviz_ogre_vendor/lib:/opt/ros/humble/lib/x86_64-linux-gnu:/opt/ros/humble/lib:/usr/local/cuda/lib64 PATH=/home/precag/Documents/ros2-ws/install/urg_c/bin:${PATH} PYTHONPATH=/home/precag/Documents/ros2-ws/install/urg_node_msgs/local/lib/python3.10/dist-packages:${PYTHONPATH} /usr/bin/cmake --build /home/precag/Documents/ros2-ws/build/urg_node -- -j8 -l8
[7.951s] [ 14%] [32mBuilding CXX object CMakeFiles/urg_node.dir/src/urg_c_wrapper.cpp.o[0m
[7.960s] [ 28%] [32mBuilding CXX object CMakeFiles/urg_node_driver.dir/rclcpp_components/node_main_urg_node_driver.cpp.o[0m
[7.963s] [ 42%] [32mBuilding CXX object CMakeFiles/urg_node.dir/src/urg_node.cpp.o[0m
[14.810s] [ 57%] [32m[1mLinking CXX executable urg_node_driver[0m
[15.312s] [ 57%] Built target urg_node_driver
[23.205s] [ 71%] [32m[1mLinking CXX shared library liburg_node.so[0m
[24.729s] [ 71%] Built target urg_node
[24.863s] [ 85%] [32mBuilding CXX object CMakeFiles/getID.dir/src/get_id.cpp.o[0m
[30.998s] [100%] [32m[1mLinking CXX executable getID[0m
[31.624s] [100%] Built target getID
[31.655s] Invoked command in '/home/precag/Documents/ros2-ws/build/urg_node' returned '0': AMENT_PREFIX_PATH=/home/precag/Documents/ros2-ws/install/urg_node_msgs:/home/precag/Documents/ros2-ws/install/urg_c:/home/precag/Documents/ros2-ws/install/laser_proc:${AMENT_PREFIX_PATH} CMAKE_PREFIX_PATH=/home/precag/Documents/ros2-ws/install/urg_node_msgs:/home/precag/Documents/ros2-ws/install/urg_c:/home/precag/Documents/ros2-ws/install/laser_proc:/opt/ros/humble CONDA_PROMPT_MODIFIER=(base) LD_LIBRARY_PATH=/home/precag/Documents/ros2-ws/install/urg_node_msgs/lib:/home/precag/Documents/ros2-ws/install/urg_c/lib:/home/precag/Documents/ros2-ws/install/laser_proc/lib:/usr/lib/x86_64-linux-gnu/gazebo-11/plugins:/opt/ros/humble/opt/rviz_ogre_vendor/lib:/opt/ros/humble/lib/x86_64-linux-gnu:/opt/ros/humble/lib:/usr/local/cuda/lib64 PATH=/home/precag/Documents/ros2-ws/install/urg_c/bin:${PATH} PYTHONPATH=/home/precag/Documents/ros2-ws/install/urg_node_msgs/local/lib/python3.10/dist-packages:${PYTHONPATH} /usr/bin/cmake --build /home/precag/Documents/ros2-ws/build/urg_node -- -j8 -l8
[32.159s] Invoking command in '/home/precag/Documents/ros2-ws/build/urg_node': AMENT_PREFIX_PATH=/home/precag/Documents/ros2-ws/install/urg_node_msgs:/home/precag/Documents/ros2-ws/install/urg_c:/home/precag/Documents/ros2-ws/install/laser_proc:${AMENT_PREFIX_PATH} CMAKE_PREFIX_PATH=/home/precag/Documents/ros2-ws/install/urg_node_msgs:/home/precag/Documents/ros2-ws/install/urg_c:/home/precag/Documents/ros2-ws/install/laser_proc:/opt/ros/humble CONDA_PROMPT_MODIFIER=(base) LD_LIBRARY_PATH=/home/precag/Documents/ros2-ws/install/urg_node_msgs/lib:/home/precag/Documents/ros2-ws/install/urg_c/lib:/home/precag/Documents/ros2-ws/install/laser_proc/lib:/usr/lib/x86_64-linux-gnu/gazebo-11/plugins:/opt/ros/humble/opt/rviz_ogre_vendor/lib:/opt/ros/humble/lib/x86_64-linux-gnu:/opt/ros/humble/lib:/usr/local/cuda/lib64 PATH=/home/precag/Documents/ros2-ws/install/urg_c/bin:${PATH} PYTHONPATH=/home/precag/Documents/ros2-ws/install/urg_node_msgs/local/lib/python3.10/dist-packages:${PYTHONPATH} /usr/bin/cmake --install /home/precag/Documents/ros2-ws/build/urg_node
[32.193s] -- Install configuration: ""
[32.194s] -- Execute custom install script
[32.194s] -- Symlinking: /home/precag/Documents/ros2-ws/install/urg_node/lib/urg_node/urg_node_driver
[32.235s] -- Symlinking: /home/precag/Documents/ros2-ws/install/urg_node/lib/liburg_node.so
[32.274s] -- Symlinking: /home/precag/Documents/ros2-ws/install/urg_node/lib/urg_node/getID
[32.300s] -- Symlinking: /home/precag/Documents/ros2-ws/install/urg_node/include/urg_node/urg_c_wrapper.hpp
[32.335s] -- Symlinking: /home/precag/Documents/ros2-ws/install/urg_node/include/urg_node/urg_node.hpp
[32.373s] -- Symlinking: /home/precag/Documents/ros2-ws/install/urg_node/lib/urg_node/set_urg_ip.py
[32.416s] -- Symlinking: /home/precag/Documents/ros2-ws/install/urg_node/share/urg_node/launch/hokuyo_laser.urdf
[32.452s] -- Symlinking: /home/precag/Documents/ros2-ws/install/urg_node/share/urg_node/launch/urg_lidar.launch
[32.494s] -- Symlinking: /home/precag/Documents/ros2-ws/install/urg_node/share/urg_node/launch/urg_node_ethernet.yaml
[32.531s] -- Symlinking: /home/precag/Documents/ros2-ws/install/urg_node/share/urg_node/launch/urg_node_launch.py
[32.553s] -- Symlinking: /home/precag/Documents/ros2-ws/install/urg_node/share/urg_node/launch/urg_node_serial.yaml
[32.601s] -- Symlinking: /home/precag/Documents/ros2-ws/install/urg_node/share/urg_node/meshes/hokuyo_ust10.stl
[32.635s] -- Symlinking: /home/precag/Documents/ros2-ws/install/urg_node/share/urg_node/urdf/hokuyo_ust10.urdf.xacro
[32.663s] -- Symlinking: /home/precag/Documents/ros2-ws/install/urg_node/share/urg_node/environment/library_path.sh
[32.700s] -- Symlinking: /home/precag/Documents/ros2-ws/install/urg_node/share/urg_node/environment/library_path.dsv
[32.742s] -- Symlinking: /home/precag/Documents/ros2-ws/install/urg_node/share/ament_index/resource_index/package_run_dependencies/urg_node
[32.774s] -- Symlinking: /home/precag/Documents/ros2-ws/install/urg_node/share/ament_index/resource_index/parent_prefix_path/urg_node
[32.810s] -- Symlinking: /home/precag/Documents/ros2-ws/install/urg_node/share/urg_node/environment/ament_prefix_path.sh
[32.840s] -- Symlinking: /home/precag/Documents/ros2-ws/install/urg_node/share/urg_node/environment/ament_prefix_path.dsv
[32.869s] -- Symlinking: /home/precag/Documents/ros2-ws/install/urg_node/share/urg_node/environment/path.sh
[32.906s] -- Symlinking: /home/precag/Documents/ros2-ws/install/urg_node/share/urg_node/environment/path.dsv
[32.946s] -- Symlinking: /home/precag/Documents/ros2-ws/install/urg_node/share/urg_node/local_setup.bash
[32.971s] -- Symlinking: /home/precag/Documents/ros2-ws/install/urg_node/share/urg_node/local_setup.sh
[32.999s] -- Symlinking: /home/precag/Documents/ros2-ws/install/urg_node/share/urg_node/local_setup.zsh
[33.023s] -- Symlinking: /home/precag/Documents/ros2-ws/install/urg_node/share/urg_node/local_setup.dsv
[33.054s] -- Symlinking: /home/precag/Documents/ros2-ws/install/urg_node/share/urg_node/package.dsv
[33.075s] -- Symlinking: /home/precag/Documents/ros2-ws/install/urg_node/share/ament_index/resource_index/packages/urg_node
[33.109s] -- Symlinking: /home/precag/Documents/ros2-ws/install/urg_node/share/ament_index/resource_index/rclcpp_components/urg_node
[33.138s] -- Symlinking: /home/precag/Documents/ros2-ws/install/urg_node/share/urg_node/cmake/ament_cmake_export_dependencies-extras.cmake
[33.157s] -- Symlinking: /home/precag/Documents/ros2-ws/install/urg_node/share/urg_node/cmake/ament_cmake_export_include_directories-extras.cmake
[33.176s] -- Symlinking: /home/precag/Documents/ros2-ws/install/urg_node/share/urg_node/cmake/ament_cmake_export_libraries-extras.cmake
[33.193s] -- Symlinking: /home/precag/Documents/ros2-ws/install/urg_node/share/urg_node/cmake/urg_nodeConfig.cmake
[33.232s] -- Symlinking: /home/precag/Documents/ros2-ws/install/urg_node/share/urg_node/cmake/urg_nodeConfig-version.cmake
[33.251s] -- Symlinking: /home/precag/Documents/ros2-ws/install/urg_node/share/urg_node/package.xml
[33.277s] Invoked command in '/home/precag/Documents/ros2-ws/build/urg_node' returned '0': AMENT_PREFIX_PATH=/home/precag/Documents/ros2-ws/install/urg_node_msgs:/home/precag/Documents/ros2-ws/install/urg_c:/home/precag/Documents/ros2-ws/install/laser_proc:${AMENT_PREFIX_PATH} CMAKE_PREFIX_PATH=/home/precag/Documents/ros2-ws/install/urg_node_msgs:/home/precag/Documents/ros2-ws/install/urg_c:/home/precag/Documents/ros2-ws/install/laser_proc:/opt/ros/humble CONDA_PROMPT_MODIFIER=(base) LD_LIBRARY_PATH=/home/precag/Documents/ros2-ws/install/urg_node_msgs/lib:/home/precag/Documents/ros2-ws/install/urg_c/lib:/home/precag/Documents/ros2-ws/install/laser_proc/lib:/usr/lib/x86_64-linux-gnu/gazebo-11/plugins:/opt/ros/humble/opt/rviz_ogre_vendor/lib:/opt/ros/humble/lib/x86_64-linux-gnu:/opt/ros/humble/lib:/usr/local/cuda/lib64 PATH=/home/precag/Documents/ros2-ws/install/urg_c/bin:${PATH} PYTHONPATH=/home/precag/Documents/ros2-ws/install/urg_node_msgs/local/lib/python3.10/dist-packages:${PYTHONPATH} /usr/bin/cmake --install /home/precag/Documents/ros2-ws/build/urg_node
