[0.128s] Invoking command in '/home/precag/Documents/ros2-ws/build/lidar_cartographer': CMAKE_PREFIX_PATH=/opt/ros/humble CONDA_PROMPT_MODIFIER=(base) /usr/bin/cmake /home/precag/Documents/ros2-ws/src/lidar_cartographer -DCMAKE_INSTALL_PREFIX=/home/precag/Documents/ros2-ws/install/lidar_cartographer
[0.210s] -- The C compiler identification is GNU 11.4.0
[0.293s] -- The CXX compiler identification is GNU 11.4.0
[0.306s] -- Detecting C compiler ABI info
[0.393s] -- Detecting C compiler ABI info - done
[0.406s] -- Check for working C compiler: /usr/bin/cc - skipped
[0.406s] -- Detecting C compile features
[0.407s] -- Detecting C compile features - done
[0.412s] -- Detecting CXX compiler ABI info
[0.507s] -- Detecting CXX compiler ABI info - done
[0.518s] -- Check for working CXX compiler: /usr/bin/c++ - skipped
[0.518s] -- Detecting CXX compile features
[0.527s] -- Detecting CXX compile features - done
[0.556s] -- Found ament_cmake: 1.3.7 (/opt/ros/humble/share/ament_cmake/cmake)
[0.926s] -- Found Python3: /usr/bin/python3.10 (found version "3.10.12") found components: Interpreter 
[1.063s] -- Found ament_lint_auto: 0.12.10 (/opt/ros/humble/share/ament_lint_auto/cmake)
[1.189s] -- Added test 'flake8' to check Python code syntax and style conventions
[1.190s] -- Added test 'lint_cmake' to check CMake code style
[1.192s] -- Added test 'pep257' to check Python code against some of the docstring style conventions in PEP 257
[1.194s] -- Added test 'xmllint' to check XML markup files
[1.196s] -- Configuring done
[1.200s] -- Generating done
[1.201s] -- Build files have been written to: /home/precag/Documents/ros2-ws/build/lidar_cartographer
[1.361s] Invoked command in '/home/precag/Documents/ros2-ws/build/lidar_cartographer' returned '0': CMAKE_PREFIX_PATH=/opt/ros/humble CONDA_PROMPT_MODIFIER=(base) /usr/bin/cmake /home/precag/Documents/ros2-ws/src/lidar_cartographer -DCMAKE_INSTALL_PREFIX=/home/precag/Documents/ros2-ws/install/lidar_cartographer
[1.362s] Invoking command in '/home/precag/Documents/ros2-ws/build/lidar_cartographer': CMAKE_PREFIX_PATH=/opt/ros/humble CONDA_PROMPT_MODIFIER=(base) /usr/bin/cmake --build /home/precag/Documents/ros2-ws/build/lidar_cartographer -- -j8 -l8
[1.435s] Invoked command in '/home/precag/Documents/ros2-ws/build/lidar_cartographer' returned '0': CMAKE_PREFIX_PATH=/opt/ros/humble CONDA_PROMPT_MODIFIER=(base) /usr/bin/cmake --build /home/precag/Documents/ros2-ws/build/lidar_cartographer -- -j8 -l8
[1.459s] Invoking command in '/home/precag/Documents/ros2-ws/build/lidar_cartographer': CMAKE_PREFIX_PATH=/opt/ros/humble CONDA_PROMPT_MODIFIER=(base) /usr/bin/cmake --install /home/precag/Documents/ros2-ws/build/lidar_cartographer
[1.472s] -- Install configuration: ""
[1.472s] -- Installing: /home/precag/Documents/ros2-ws/install/lidar_cartographer/share/lidar_cartographer/config
[1.473s] -- Installing: /home/precag/Documents/ros2-ws/install/lidar_cartographer/share/lidar_cartographer/config/cartographer_2d.lua
[1.473s] -- Installing: /home/precag/Documents/ros2-ws/install/lidar_cartographer/share/lidar_cartographer/launch
[1.473s] -- Installing: /home/precag/Documents/ros2-ws/install/lidar_cartographer/share/lidar_cartographer/launch/cartographer.launch.py
[1.473s] -- Installing: /home/precag/Documents/ros2-ws/install/lidar_cartographer/share/ament_index/resource_index/package_run_dependencies/lidar_cartographer
[1.474s] -- Installing: /home/precag/Documents/ros2-ws/install/lidar_cartographer/share/ament_index/resource_index/parent_prefix_path/lidar_cartographer
[1.474s] -- Installing: /home/precag/Documents/ros2-ws/install/lidar_cartographer/share/lidar_cartographer/environment/ament_prefix_path.sh
[1.474s] -- Installing: /home/precag/Documents/ros2-ws/install/lidar_cartographer/share/lidar_cartographer/environment/ament_prefix_path.dsv
[1.474s] -- Installing: /home/precag/Documents/ros2-ws/install/lidar_cartographer/share/lidar_cartographer/environment/path.sh
[1.474s] -- Installing: /home/precag/Documents/ros2-ws/install/lidar_cartographer/share/lidar_cartographer/environment/path.dsv
[1.475s] -- Installing: /home/precag/Documents/ros2-ws/install/lidar_cartographer/share/lidar_cartographer/local_setup.bash
[1.475s] -- Installing: /home/precag/Documents/ros2-ws/install/lidar_cartographer/share/lidar_cartographer/local_setup.sh
[1.475s] -- Installing: /home/precag/Documents/ros2-ws/install/lidar_cartographer/share/lidar_cartographer/local_setup.zsh
[1.475s] -- Installing: /home/precag/Documents/ros2-ws/install/lidar_cartographer/share/lidar_cartographer/local_setup.dsv
[1.475s] -- Installing: /home/precag/Documents/ros2-ws/install/lidar_cartographer/share/lidar_cartographer/package.dsv
[1.475s] -- Installing: /home/precag/Documents/ros2-ws/install/lidar_cartographer/share/ament_index/resource_index/packages/lidar_cartographer
[1.475s] -- Installing: /home/precag/Documents/ros2-ws/install/lidar_cartographer/share/lidar_cartographer/cmake/lidar_cartographerConfig.cmake
[1.476s] -- Installing: /home/precag/Documents/ros2-ws/install/lidar_cartographer/share/lidar_cartographer/cmake/lidar_cartographerConfig-version.cmake
[1.476s] -- Installing: /home/precag/Documents/ros2-ws/install/lidar_cartographer/share/lidar_cartographer/package.xml
[1.836s] Invoked command in '/home/precag/Documents/ros2-ws/build/lidar_cartographer' returned '0': CMAKE_PREFIX_PATH=/opt/ros/humble CONDA_PROMPT_MODIFIER=(base) /usr/bin/cmake --install /home/precag/Documents/ros2-ws/build/lidar_cartographer
